SBep14_c100-I
./tmp/sound.wav -> ./tmp/tmp.plp 
SBep14_c103-N
./tmp/sound.wav -> ./tmp/tmp.plp 
SBep14_c106-N
./tmp/sound.wav -> ./tmp/tmp.plp 
SBep14_c11-I
./tmp/sound.wav -> ./tmp/tmp.plp 
SBep14_c111-N
./tmp/sound.wav -> ./tmp/tmp.plp 
SBep14_c112-N
./tmp/sound.wav -> ./tmp/tmp.plp 
SBep14_c119-I
./tmp/sound.wav -> ./tmp/tmp.plp 
SBep14_c120-I
./tmp/sound.wav -> ./tmp/tmp.plp 
SBep14_c124-N
./tmp/sound.wav -> ./tmp/tmp.plp 
SBep14_c129-I
./tmp/sound.wav -> ./tmp/tmp.plp 
SBep14_c13-I
./tmp/sound.wav -> ./tmp/tmp.plp 
SBep14_c132-I
./tmp/sound.wav -> ./tmp/tmp.plp 
SBep14_c134-I
./tmp/sound.wav -> ./tmp/tmp.plp 
SBep14_c138-I
./tmp/sound.wav -> ./tmp/tmp.plp 
SBep14_c140-I
./tmp/sound.wav -> ./tmp/tmp.plp 
SBep14_c142-I
./tmp/sound.wav -> ./tmp/tmp.plp 
SBep14_c143-I
./tmp/sound.wav -> ./tmp/tmp.plp 
SBep14_c145-N
./tmp/sound.wav -> ./tmp/tmp.plp 
SBep14_c147-N
./tmp/sound.wav -> ./tmp/tmp.plp 
SBep14_c149-N
./tmp/sound.wav -> ./tmp/tmp.plp 
SBep14_c151-I
./tmp/sound.wav -> ./tmp/tmp.plp 
SBep14_c154-N
./tmp/sound.wav -> ./tmp/tmp.plp 
SBep14_c158-N
./tmp/sound.wav -> ./tmp/tmp.plp 
SBep14_c16-I
./tmp/sound.wav -> ./tmp/tmp.plp 
SBep14_c160-I
./tmp/sound.wav -> ./tmp/tmp.plp 
SBep14_c172-N
./tmp/sound.wav -> ./tmp/tmp.plp 
SBep14_c177-N
./tmp/sound.wav -> ./tmp/tmp.plp 
SBep14_c18-N
./tmp/sound.wav -> ./tmp/tmp.plp 
SBep14_c184-I
./tmp/sound.wav -> ./tmp/tmp.plp 
SBep14_c188-I
./tmp/sound.wav -> ./tmp/tmp.plp 
SBep14_c189-I
./tmp/sound.wav -> ./tmp/tmp.plp 
SBep14_c193-I
./tmp/sound.wav -> ./tmp/tmp.plp 
SBep14_c199-I
./tmp/sound.wav -> ./tmp/tmp.plp 
SBep14_c20-N
./tmp/sound.wav -> ./tmp/tmp.plp 
SBep14_c201-N
./tmp/sound.wav -> ./tmp/tmp.plp 
SBep14_c204-N
./tmp/sound.wav -> ./tmp/tmp.plp 
SBep14_c206-I
./tmp/sound.wav -> ./tmp/tmp.plp 
SBep14_c209-I
./tmp/sound.wav -> ./tmp/tmp.plp 
SBep14_c211-N
./tmp/sound.wav -> ./tmp/tmp.plp 
SBep14_c212-N
./tmp/sound.wav -> ./tmp/tmp.plp 
SBep14_c213-N
./tmp/sound.wav -> ./tmp/tmp.plp 
SBep14_c224-I
./tmp/sound.wav -> ./tmp/tmp.plp 
SBep14_c226-N
./tmp/sound.wav -> ./tmp/tmp.plp 
SBep14_c234-N
./tmp/sound.wav -> ./tmp/tmp.plp 
SBep14_c238-N
./tmp/sound.wav -> ./tmp/tmp.plp 
SBep14_c239-N
./tmp/sound.wav -> ./tmp/tmp.plp 
SBep14_c240-N
./tmp/sound.wav -> ./tmp/tmp.plp 
SBep14_c242-I
./tmp/sound.wav -> ./tmp/tmp.plp 
SBep14_c245-I
./tmp/sound.wav -> ./tmp/tmp.plp 
SBep14_c246-I
./tmp/sound.wav -> ./tmp/tmp.plp 
SBep14_c247-N
./tmp/sound.wav -> ./tmp/tmp.plp 
SBep14_c248-N
./tmp/sound.wav -> ./tmp/tmp.plp 
SBep14_c249-N
./tmp/sound.wav -> ./tmp/tmp.plp 
SBep14_c250-N
./tmp/sound.wav -> ./tmp/tmp.plp 
SBep14_c254-N
./tmp/sound.wav -> ./tmp/tmp.plp 
SBep14_c259-N
./tmp/sound.wav -> ./tmp/tmp.plp 
SBep14_c260-N
./tmp/sound.wav -> ./tmp/tmp.plp 
SBep14_c261-N
./tmp/sound.wav -> ./tmp/tmp.plp 
SBep14_c262-N
./tmp/sound.wav -> ./tmp/tmp.plp 
SBep14_c263-N
./tmp/sound.wav -> ./tmp/tmp.plp 
SBep14_c268-N
./tmp/sound.wav -> ./tmp/tmp.plp 
SBep14_c27-I
./tmp/sound.wav -> ./tmp/tmp.plp 
SBep14_c275-I
./tmp/sound.wav -> ./tmp/tmp.plp 
SBep14_c277-N
./tmp/sound.wav -> ./tmp/tmp.plp 
SBep14_c28-N
./tmp/sound.wav -> ./tmp/tmp.plp 
SBep14_c288-I
./tmp/sound.wav -> ./tmp/tmp.plp 
SBep14_c291-I
./tmp/sound.wav -> ./tmp/tmp.plp 
SBep14_c295-I
./tmp/sound.wav -> ./tmp/tmp.plp 
SBep14_c302-N
./tmp/sound.wav -> ./tmp/tmp.plp 
SBep14_c308-N
./tmp/sound.wav -> ./tmp/tmp.plp 
SBep14_c311-I
./tmp/sound.wav -> ./tmp/tmp.plp 
SBep14_c313-I
./tmp/sound.wav -> ./tmp/tmp.plp 
SBep14_c315-N
./tmp/sound.wav -> ./tmp/tmp.plp 
SBep14_c324-I
./tmp/sound.wav -> ./tmp/tmp.plp 
SBep14_c326-I
./tmp/sound.wav -> ./tmp/tmp.plp 
SBep14_c332-I
./tmp/sound.wav -> ./tmp/tmp.plp 
SBep14_c336-I
./tmp/sound.wav -> ./tmp/tmp.plp 
SBep14_c338-I
./tmp/sound.wav -> ./tmp/tmp.plp 
SBep14_c340-N
./tmp/sound.wav -> ./tmp/tmp.plp 
SBep14_c341-N
./tmp/sound.wav -> ./tmp/tmp.plp 
SBep14_c343-N
./tmp/sound.wav -> ./tmp/tmp.plp 
SBep14_c347-N
./tmp/sound.wav -> ./tmp/tmp.plp 
SBep14_c349-N
./tmp/sound.wav -> ./tmp/tmp.plp 
SBep14_c351-N
./tmp/sound.wav -> ./tmp/tmp.plp 
SBep14_c352-I
./tmp/sound.wav -> ./tmp/tmp.plp 
SBep14_c354-I
./tmp/sound.wav -> ./tmp/tmp.plp 
SBep14_c357-I
./tmp/sound.wav -> ./tmp/tmp.plp 
SBep14_c359-N
./tmp/sound.wav -> ./tmp/tmp.plp 
SBep14_c36-N
./tmp/sound.wav -> ./tmp/tmp.plp 
SBep14_c361-N
./tmp/sound.wav -> ./tmp/tmp.plp 
SBep14_c365-N
./tmp/sound.wav -> ./tmp/tmp.plp 
SBep14_c366-N
./tmp/sound.wav -> ./tmp/tmp.plp 
SBep14_c370-I
./tmp/sound.wav -> ./tmp/tmp.plp 
SBep14_c372-I
./tmp/sound.wav -> ./tmp/tmp.plp 
SBep14_c374-N
./tmp/sound.wav -> ./tmp/tmp.plp 
SBep14_c379-I
./tmp/sound.wav -> ./tmp/tmp.plp 
SBep14_c383-I
./tmp/sound.wav -> ./tmp/tmp.plp 
SBep14_c39-N
./tmp/sound.wav -> ./tmp/tmp.plp 
SBep14_c418-I
./tmp/sound.wav -> ./tmp/tmp.plp 
SBep14_c419-I
./tmp/sound.wav -> ./tmp/tmp.plp 
SBep14_c421-I
./tmp/sound.wav -> ./tmp/tmp.plp 
SBep14_c43-I
./tmp/sound.wav -> ./tmp/tmp.plp 
SBep14_c430-N
./tmp/sound.wav -> ./tmp/tmp.plp 
SBep14_c431-N
./tmp/sound.wav -> ./tmp/tmp.plp 
SBep14_c448-I
./tmp/sound.wav -> ./tmp/tmp.plp 
SBep14_c449-I
./tmp/sound.wav -> ./tmp/tmp.plp 
SBep14_c452-I
./tmp/sound.wav -> ./tmp/tmp.plp 
SBep14_c459-I
./tmp/sound.wav -> ./tmp/tmp.plp 
SBep14_c46-N
./tmp/sound.wav -> ./tmp/tmp.plp 
SBep14_c461-I
./tmp/sound.wav -> ./tmp/tmp.plp 
SBep14_c484-I
./tmp/sound.wav -> ./tmp/tmp.plp 
SBep14_c497-I
./tmp/sound.wav -> ./tmp/tmp.plp 
SBep14_c499-I
./tmp/sound.wav -> ./tmp/tmp.plp 
SBep14_c502-N
./tmp/sound.wav -> ./tmp/tmp.plp 
SBep14_c503-N
./tmp/sound.wav -> ./tmp/tmp.plp 
SBep14_c505-N
./tmp/sound.wav -> ./tmp/tmp.plp 
SBep14_c506-N
./tmp/sound.wav -> ./tmp/tmp.plp 
SBep14_c507-N
./tmp/sound.wav -> ./tmp/tmp.plp 
SBep14_c514-I
./tmp/sound.wav -> ./tmp/tmp.plp 
SBep14_c529-I
./tmp/sound.wav -> ./tmp/tmp.plp 
SBep14_c53-I
./tmp/sound.wav -> ./tmp/tmp.plp 
SBep14_c531-I
./tmp/sound.wav -> ./tmp/tmp.plp 
SBep14_c538-I
./tmp/sound.wav -> ./tmp/tmp.plp 
SBep14_c551-N
./tmp/sound.wav -> ./tmp/tmp.plp 
SBep14_c552-N
./tmp/sound.wav -> ./tmp/tmp.plp 
SBep14_c556-N
./tmp/sound.wav -> ./tmp/tmp.plp 
SBep14_c560-I
./tmp/sound.wav -> ./tmp/tmp.plp 
SBep14_c563-I
./tmp/sound.wav -> ./tmp/tmp.plp 
SBep14_c571-I
./tmp/sound.wav -> ./tmp/tmp.plp 
SBep14_c582-N
./tmp/sound.wav -> ./tmp/tmp.plp 
SBep14_c584-N
./tmp/sound.wav -> ./tmp/tmp.plp 
SBep14_c592-I
./tmp/sound.wav -> ./tmp/tmp.plp 
SBep14_c593-N
./tmp/sound.wav -> ./tmp/tmp.plp 
SBep14_c594-N
./tmp/sound.wav -> ./tmp/tmp.plp 
SBep14_c602-N
./tmp/sound.wav -> ./tmp/tmp.plp 
SBep14_c603-N
./tmp/sound.wav -> ./tmp/tmp.plp 
SBep14_c606-N
./tmp/sound.wav -> ./tmp/tmp.plp 
SBep14_c607-I
./tmp/sound.wav -> ./tmp/tmp.plp 
SBep14_c621-N
./tmp/sound.wav -> ./tmp/tmp.plp 
SBep14_c624-N
./tmp/sound.wav -> ./tmp/tmp.plp 
SBep14_c636-N
./tmp/sound.wav -> ./tmp/tmp.plp 
SBep14_c645-I
./tmp/sound.wav -> ./tmp/tmp.plp 
SBep14_c657-N
./tmp/sound.wav -> ./tmp/tmp.plp 
SBep14_c66-I
./tmp/sound.wav -> ./tmp/tmp.plp 
SBep14_c666-N
./tmp/sound.wav -> ./tmp/tmp.plp 
SBep14_c667-N
./tmp/sound.wav -> ./tmp/tmp.plp 
SBep14_c67-I
./tmp/sound.wav -> ./tmp/tmp.plp 
SBep14_c672-I
./tmp/sound.wav -> ./tmp/tmp.plp 
SBep14_c675-I
./tmp/sound.wav -> ./tmp/tmp.plp 
SBep14_c676-N
./tmp/sound.wav -> ./tmp/tmp.plp 
SBep14_c679-I
./tmp/sound.wav -> ./tmp/tmp.plp 
SBep14_c68-I
./tmp/sound.wav -> ./tmp/tmp.plp 
SBep14_c681-I
./tmp/sound.wav -> ./tmp/tmp.plp 
SBep14_c682-I
./tmp/sound.wav -> ./tmp/tmp.plp 
SBep14_c689-N
./tmp/sound.wav -> ./tmp/tmp.plp 
SBep14_c694-I
./tmp/sound.wav -> ./tmp/tmp.plp 
SBep14_c697-I
./tmp/sound.wav -> ./tmp/tmp.plp 
SBep14_c7-I
./tmp/sound.wav -> ./tmp/tmp.plp 
SBep14_c708-I
./tmp/sound.wav -> ./tmp/tmp.plp 
SBep14_c72-I
./tmp/sound.wav -> ./tmp/tmp.plp 
SBep14_c728-I
./tmp/sound.wav -> ./tmp/tmp.plp 
SBep14_c729-I
./tmp/sound.wav -> ./tmp/tmp.plp 
SBep14_c737-I
./tmp/sound.wav -> ./tmp/tmp.plp 
SBep14_c76-I
./tmp/sound.wav -> ./tmp/tmp.plp 
SBep14_d1-I
./tmp/sound.wav -> ./tmp/tmp.plp 
SBep14_d10-I
./tmp/sound.wav -> ./tmp/tmp.plp 
SBep14_d101-N
./tmp/sound.wav -> ./tmp/tmp.plp 
SBep14_d104-I
./tmp/sound.wav -> ./tmp/tmp.plp 
SBep14_d105-I
./tmp/sound.wav -> ./tmp/tmp.plp 
SBep14_d107-I
./tmp/sound.wav -> ./tmp/tmp.plp 
SBep14_d109-I
./tmp/sound.wav -> ./tmp/tmp.plp 
SBep14_d110-N
./tmp/sound.wav -> ./tmp/tmp.plp 
SBep14_d115-I
./tmp/sound.wav -> ./tmp/tmp.plp 
SBep14_d12-I
./tmp/sound.wav -> ./tmp/tmp.plp 
SBep14_d123-N
./tmp/sound.wav -> ./tmp/tmp.plp 
SBep14_d125-I
./tmp/sound.wav -> ./tmp/tmp.plp 
SBep14_d127-I
./tmp/sound.wav -> ./tmp/tmp.plp 
SBep14_d131-I
./tmp/sound.wav -> ./tmp/tmp.plp 
SBep14_d133-I
./tmp/sound.wav -> ./tmp/tmp.plp 
SBep14_d135-N
./tmp/sound.wav -> ./tmp/tmp.plp 
SBep14_d139-I
./tmp/sound.wav -> ./tmp/tmp.plp 
SBep14_d141-I
./tmp/sound.wav -> ./tmp/tmp.plp 
SBep14_d15-I
./tmp/sound.wav -> ./tmp/tmp.plp 
SBep14_d150-I
./tmp/sound.wav -> ./tmp/tmp.plp 
SBep14_d153-I
./tmp/sound.wav -> ./tmp/tmp.plp 
SBep14_d155-I
./tmp/sound.wav -> ./tmp/tmp.plp 
SBep14_d157-I
./tmp/sound.wav -> ./tmp/tmp.plp 
SBep14_d159-I
./tmp/sound.wav -> ./tmp/tmp.plp 
SBep14_d163-N
./tmp/sound.wav -> ./tmp/tmp.plp 
SBep14_d165-I
./tmp/sound.wav -> ./tmp/tmp.plp 
SBep14_d168-I
./tmp/sound.wav -> ./tmp/tmp.plp 
SBep14_d170-I
./tmp/sound.wav -> ./tmp/tmp.plp 
SBep14_d174-I
./tmp/sound.wav -> ./tmp/tmp.plp 
SBep14_d176-I
./tmp/sound.wav -> ./tmp/tmp.plp 
SBep14_d187-I
./tmp/sound.wav -> ./tmp/tmp.plp 
SBep14_d196-I
./tmp/sound.wav -> ./tmp/tmp.plp 
SBep14_d198-I
./tmp/sound.wav -> ./tmp/tmp.plp 
SBep14_d205-I
./tmp/sound.wav -> ./tmp/tmp.plp 
SBep14_d210-I
./tmp/sound.wav -> ./tmp/tmp.plp 
SBep14_d214-I
./tmp/sound.wav -> ./tmp/tmp.plp 
SBep14_d215-I
./tmp/sound.wav -> ./tmp/tmp.plp 
SBep14_d216-N
./tmp/sound.wav -> ./tmp/tmp.plp 
SBep14_d217-I
./tmp/sound.wav -> ./tmp/tmp.plp 
SBep14_d22-N
./tmp/sound.wav -> ./tmp/tmp.plp 
SBep14_d23-I
./tmp/sound.wav -> ./tmp/tmp.plp 
SBep14_d230-I
./tmp/sound.wav -> ./tmp/tmp.plp 
SBep14_d232-I
./tmp/sound.wav -> ./tmp/tmp.plp 
SBep14_d235-I
./tmp/sound.wav -> ./tmp/tmp.plp 
SBep14_d237-I
./tmp/sound.wav -> ./tmp/tmp.plp 
SBep14_d24-I
./tmp/sound.wav -> ./tmp/tmp.plp 
SBep14_d244-I
./tmp/sound.wav -> ./tmp/tmp.plp 
SBep14_d256-I
./tmp/sound.wav -> ./tmp/tmp.plp 
SBep14_d257-I
./tmp/sound.wav -> ./tmp/tmp.plp 
SBep14_d272-N
./tmp/sound.wav -> ./tmp/tmp.plp 
SBep14_d276-I
./tmp/sound.wav -> ./tmp/tmp.plp 
SBep14_d281-I
./tmp/sound.wav -> ./tmp/tmp.plp 
SBep14_d289-I
./tmp/sound.wav -> ./tmp/tmp.plp 
SBep14_d290-I
./tmp/sound.wav -> ./tmp/tmp.plp 
SBep14_d294-I
./tmp/sound.wav -> ./tmp/tmp.plp 
SBep14_d298-I
./tmp/sound.wav -> ./tmp/tmp.plp 
SBep14_d3-I
./tmp/sound.wav -> ./tmp/tmp.plp 
SBep14_d300-I
./tmp/sound.wav -> ./tmp/tmp.plp 
  ERROR [+6550]  LoadHTKList: Label Name Expected
 FATAL ERROR - Terminating program HVite
Traceback (most recent call last):
  File "/Users/helengent/Desktop/Irony-Recognition/AcousticFeatureExtraction/preProcessing/ASR/lib/Penn/align.py", line 318, in <module>
    writeTextGrid(outfile, readAlignedMLF(output_mlf, SR, float(wave_start)))
  File "/Users/helengent/Desktop/Irony-Recognition/AcousticFeatureExtraction/preProcessing/ASR/lib/Penn/align.py", line 137, in readAlignedMLF
    raise ValueError("Alignment did not complete succesfully.")
ValueError: Alignment did not complete succesfully.
SBep14_d305-N
./tmp/sound.wav -> ./tmp/tmp.plp 
SBep14_d307-I
./tmp/sound.wav -> ./tmp/tmp.plp 
SBep14_d310-I
./tmp/sound.wav -> ./tmp/tmp.plp 
SBep14_d314-I
./tmp/sound.wav -> ./tmp/tmp.plp 
SBep14_d317-I
./tmp/sound.wav -> ./tmp/tmp.plp 
SBep14_d323-I
./tmp/sound.wav -> ./tmp/tmp.plp 
SBep14_d325-I
./tmp/sound.wav -> ./tmp/tmp.plp 
SBep14_d329-N
./tmp/sound.wav -> ./tmp/tmp.plp 
SBep14_d333-I
./tmp/sound.wav -> ./tmp/tmp.plp 
SBep14_d337-I
./tmp/sound.wav -> ./tmp/tmp.plp 
SBep14_d339-I
./tmp/sound.wav -> ./tmp/tmp.plp 
SBep14_d34-I
./tmp/sound.wav -> ./tmp/tmp.plp 
SBep14_d346-I
./tmp/sound.wav -> ./tmp/tmp.plp 
SBep14_d350-N
./tmp/sound.wav -> ./tmp/tmp.plp 
SBep14_d355-I
./tmp/sound.wav -> ./tmp/tmp.plp 
SBep14_d364-I
./tmp/sound.wav -> ./tmp/tmp.plp 
SBep14_d367-I
./tmp/sound.wav -> ./tmp/tmp.plp 
SBep14_d369-I
./tmp/sound.wav -> ./tmp/tmp.plp 
SBep14_d371-I
./tmp/sound.wav -> ./tmp/tmp.plp 
SBep14_d373-I
./tmp/sound.wav -> ./tmp/tmp.plp 
SBep14_d378-I
./tmp/sound.wav -> ./tmp/tmp.plp 
SBep14_d381-I
./tmp/sound.wav -> ./tmp/tmp.plp 
SBep14_d389-I
./tmp/sound.wav -> ./tmp/tmp.plp 
SBep14_d394-N
./tmp/sound.wav -> ./tmp/tmp.plp 
SBep14_d395-N
./tmp/sound.wav -> ./tmp/tmp.plp 
SBep14_d396-I
./tmp/sound.wav -> ./tmp/tmp.plp 
SBep14_d398-I
./tmp/sound.wav -> ./tmp/tmp.plp 
SBep14_d399-I
./tmp/sound.wav -> ./tmp/tmp.plp 
SBep14_d40-N
./tmp/sound.wav -> ./tmp/tmp.plp 
SBep14_d412-N
./tmp/sound.wav -> ./tmp/tmp.plp 
SBep14_d413-I
./tmp/sound.wav -> ./tmp/tmp.plp 
SBep14_d415-I
./tmp/sound.wav -> ./tmp/tmp.plp 
SBep14_d416-I
./tmp/sound.wav -> ./tmp/tmp.plp 
SBep14_d417-I
./tmp/sound.wav -> ./tmp/tmp.plp 
SBep14_d420-I
./tmp/sound.wav -> ./tmp/tmp.plp 
SBep14_d422-I
./tmp/sound.wav -> ./tmp/tmp.plp 
SBep14_d433-N
./tmp/sound.wav -> ./tmp/tmp.plp 
SBep14_d436-I
./tmp/sound.wav -> ./tmp/tmp.plp 
SBep14_d438-I
./tmp/sound.wav -> ./tmp/tmp.plp 
SBep14_d439-I
./tmp/sound.wav -> ./tmp/tmp.plp 
SBep14_d440-N
./tmp/sound.wav -> ./tmp/tmp.plp 
SBep14_d442-N
./tmp/sound.wav -> ./tmp/tmp.plp 
SBep14_d45-I
./tmp/sound.wav -> ./tmp/tmp.plp 
SBep14_d453-N
./tmp/sound.wav -> ./tmp/tmp.plp 
SBep14_d463-I
./tmp/sound.wav -> ./tmp/tmp.plp 
SBep14_d464-I
./tmp/sound.wav -> ./tmp/tmp.plp 
SBep14_d470-N
./tmp/sound.wav -> ./tmp/tmp.plp 
SBep14_d472-N
./tmp/sound.wav -> ./tmp/tmp.plp 
SBep14_d474-N
./tmp/sound.wav -> ./tmp/tmp.plp 
SBep14_d479-I
./tmp/sound.wav -> ./tmp/tmp.plp 
SBep14_d482-I
./tmp/sound.wav -> ./tmp/tmp.plp 
SBep14_d483-I
./tmp/sound.wav -> ./tmp/tmp.plp 
SBep14_d486-I
./tmp/sound.wav -> ./tmp/tmp.plp 
SBep14_d492-N
./tmp/sound.wav -> ./tmp/tmp.plp 
SBep14_d498-I
./tmp/sound.wav -> ./tmp/tmp.plp 
SBep14_d50-I
./tmp/sound.wav -> ./tmp/tmp.plp 
SBep14_d500-I
./tmp/sound.wav -> ./tmp/tmp.plp 
SBep14_d51-I
./tmp/sound.wav -> ./tmp/tmp.plp 
SBep14_d516-I
./tmp/sound.wav -> ./tmp/tmp.plp 
SBep14_d519-I
./tmp/sound.wav -> ./tmp/tmp.plp 
SBep14_d52-N
./tmp/sound.wav -> ./tmp/tmp.plp 
SBep14_d527-I
./tmp/sound.wav -> ./tmp/tmp.plp 
SBep14_d530-I
./tmp/sound.wav -> ./tmp/tmp.plp 
SBep14_d532-I
./tmp/sound.wav -> ./tmp/tmp.plp 
SBep14_d533-N
./tmp/sound.wav -> ./tmp/tmp.plp 
SBep14_d534-N
./tmp/sound.wav -> ./tmp/tmp.plp 
SBep14_d535-N
./tmp/sound.wav -> ./tmp/tmp.plp 
SBep14_d539-N
./tmp/sound.wav -> ./tmp/tmp.plp 
SBep14_d54-I
./tmp/sound.wav -> ./tmp/tmp.plp 
SBep14_d546-I
./tmp/sound.wav -> ./tmp/tmp.plp 
SBep14_d557-N
./tmp/sound.wav -> ./tmp/tmp.plp 
SBep14_d558-I
./tmp/sound.wav -> ./tmp/tmp.plp 
SBep14_d559-I
./tmp/sound.wav -> ./tmp/tmp.plp 
SBep14_d561-I
./tmp/sound.wav -> ./tmp/tmp.plp 
SBep14_d569-I
./tmp/sound.wav -> ./tmp/tmp.plp 
SBep14_d570-I
./tmp/sound.wav -> ./tmp/tmp.plp 
SBep14_d572-I
./tmp/sound.wav -> ./tmp/tmp.plp 
SBep14_d573-I
./tmp/sound.wav -> ./tmp/tmp.plp 
SBep14_d58-I
./tmp/sound.wav -> ./tmp/tmp.plp 
SBep14_d585-I
./tmp/sound.wav -> ./tmp/tmp.plp 
SBep14_d587-N
./tmp/sound.wav -> ./tmp/tmp.plp 
SBep14_d590-I
./tmp/sound.wav -> ./tmp/tmp.plp 
SBep14_d595-I
./tmp/sound.wav -> ./tmp/tmp.plp 
SBep14_d596-I
./tmp/sound.wav -> ./tmp/tmp.plp 
SBep14_d601-N
./tmp/sound.wav -> ./tmp/tmp.plp 
SBep14_d610-N
./tmp/sound.wav -> ./tmp/tmp.plp 
SBep14_d612-I
./tmp/sound.wav -> ./tmp/tmp.plp 
SBep14_d614-I
./tmp/sound.wav -> ./tmp/tmp.plp 
SBep14_d617-I
./tmp/sound.wav -> ./tmp/tmp.plp 
SBep14_d625-I
./tmp/sound.wav -> ./tmp/tmp.plp 
SBep14_d63-I
./tmp/sound.wav -> ./tmp/tmp.plp 
SBep14_d630-I
./tmp/sound.wav -> ./tmp/tmp.plp 
SBep14_d633-N
./tmp/sound.wav -> ./tmp/tmp.plp 
SBep14_d638-I
./tmp/sound.wav -> ./tmp/tmp.plp 
SBep14_d639-I
./tmp/sound.wav -> ./tmp/tmp.plp 
SBep14_d640-I
./tmp/sound.wav -> ./tmp/tmp.plp 
SBep14_d642-N
./tmp/sound.wav -> ./tmp/tmp.plp 
SBep14_d646-I
./tmp/sound.wav -> ./tmp/tmp.plp 
SBep14_d647-I
./tmp/sound.wav -> ./tmp/tmp.plp 
SBep14_d648-N
./tmp/sound.wav -> ./tmp/tmp.plp 
SBep14_d654-I
./tmp/sound.wav -> ./tmp/tmp.plp 
SBep14_d656-I
./tmp/sound.wav -> ./tmp/tmp.plp 
SBep14_d658-N
./tmp/sound.wav -> ./tmp/tmp.plp 
SBep14_d663-N
./tmp/sound.wav -> ./tmp/tmp.plp 
SBep14_d664-N
./tmp/sound.wav -> ./tmp/tmp.plp 
SBep14_d665-N
./tmp/sound.wav -> ./tmp/tmp.plp 
SBep14_d670-I
./tmp/sound.wav -> ./tmp/tmp.plp 
SBep14_d673-I
./tmp/sound.wav -> ./tmp/tmp.plp 
SBep14_d674-I
./tmp/sound.wav -> ./tmp/tmp.plp 
SBep14_d680-I
./tmp/sound.wav -> ./tmp/tmp.plp 
SBep14_d684-I
./tmp/sound.wav -> ./tmp/tmp.plp 
SBep14_d691-I
./tmp/sound.wav -> ./tmp/tmp.plp 
SBep14_d693-I
./tmp/sound.wav -> ./tmp/tmp.plp 
SBep14_d695-I
./tmp/sound.wav -> ./tmp/tmp.plp 
SBep14_d696-I
./tmp/sound.wav -> ./tmp/tmp.plp 
SBep14_d701-N
./tmp/sound.wav -> ./tmp/tmp.plp 
SBep14_d702-N
./tmp/sound.wav -> ./tmp/tmp.plp 
SBep14_d707-I
./tmp/sound.wav -> ./tmp/tmp.plp 
SBep14_d709-I
./tmp/sound.wav -> ./tmp/tmp.plp 
SBep14_d71-I
./tmp/sound.wav -> ./tmp/tmp.plp 
SBep14_d711-I
./tmp/sound.wav -> ./tmp/tmp.plp 
SBep14_d718-I
./tmp/sound.wav -> ./tmp/tmp.plp 
SBep14_d719-I
./tmp/sound.wav -> ./tmp/tmp.plp 
SBep14_d721-I
./tmp/sound.wav -> ./tmp/tmp.plp 
SBep14_d723-N
./tmp/sound.wav -> ./tmp/tmp.plp 
SBep14_d725-I
./tmp/sound.wav -> ./tmp/tmp.plp 
SBep14_d726-I
./tmp/sound.wav -> ./tmp/tmp.plp 
SBep14_d731-N
./tmp/sound.wav -> ./tmp/tmp.plp 
SBep14_d732-N
./tmp/sound.wav -> ./tmp/tmp.plp 
SBep14_d74-I
./tmp/sound.wav -> ./tmp/tmp.plp 
SBep14_d82-N
./tmp/sound.wav -> ./tmp/tmp.plp 
SBep14_d86-I
./tmp/sound.wav -> ./tmp/tmp.plp 
SBep14_d88-I
./tmp/sound.wav -> ./tmp/tmp.plp 
  ERROR [+6550]  LoadHTKList: Label Name Expected
 FATAL ERROR - Terminating program HVite
Traceback (most recent call last):
  File "/Users/helengent/Desktop/Irony-Recognition/AcousticFeatureExtraction/preProcessing/ASR/lib/Penn/align.py", line 318, in <module>
    writeTextGrid(outfile, readAlignedMLF(output_mlf, SR, float(wave_start)))
  File "/Users/helengent/Desktop/Irony-Recognition/AcousticFeatureExtraction/preProcessing/ASR/lib/Penn/align.py", line 137, in readAlignedMLF
    raise ValueError("Alignment did not complete succesfully.")
ValueError: Alignment did not complete succesfully.
SBep14_d90-I
./tmp/sound.wav -> ./tmp/tmp.plp 
SBep14_d94-I
./tmp/sound.wav -> ./tmp/tmp.plp 
SBep14_d98-I
./tmp/sound.wav -> ./tmp/tmp.plp 
SBep14_k128-I
./tmp/sound.wav -> ./tmp/tmp.plp 
SBep14_k161-N
./tmp/sound.wav -> ./tmp/tmp.plp 
SBep14_k178-I
./tmp/sound.wav -> ./tmp/tmp.plp 
SBep14_k181-N
./tmp/sound.wav -> ./tmp/tmp.plp 
SBep14_k183-N
./tmp/sound.wav -> ./tmp/tmp.plp 
SBep14_k225-I
./tmp/sound.wav -> ./tmp/tmp.plp 
SBep14_k229-I
./tmp/sound.wav -> ./tmp/tmp.plp 
SBep14_k231-I
./tmp/sound.wav -> ./tmp/tmp.plp 
SBep14_k264-N
./tmp/sound.wav -> ./tmp/tmp.plp 
SBep14_k280-N
./tmp/sound.wav -> ./tmp/tmp.plp 
SBep14_k282-I
./tmp/sound.wav -> ./tmp/tmp.plp 
SBep14_k284-N
./tmp/sound.wav -> ./tmp/tmp.plp 
SBep14_k286-N
./tmp/sound.wav -> ./tmp/tmp.plp 
SBep14_k293-I
./tmp/sound.wav -> ./tmp/tmp.plp 
SBep14_k297-I
./tmp/sound.wav -> ./tmp/tmp.plp 
SBep14_k299-I
./tmp/sound.wav -> ./tmp/tmp.plp 
SBep14_k309-I
./tmp/sound.wav -> ./tmp/tmp.plp 
SBep14_k312-I
./tmp/sound.wav -> ./tmp/tmp.plp 
SBep14_k322-I
./tmp/sound.wav -> ./tmp/tmp.plp 
SBep14_k33-N
./tmp/sound.wav -> ./tmp/tmp.plp 
SBep14_k330-N
./tmp/sound.wav -> ./tmp/tmp.plp 
SBep14_k335-I
./tmp/sound.wav -> ./tmp/tmp.plp 
SBep14_k353-I
./tmp/sound.wav -> ./tmp/tmp.plp 
SBep14_k356-I
./tmp/sound.wav -> ./tmp/tmp.plp 
SBep14_k377-N
./tmp/sound.wav -> ./tmp/tmp.plp 
SBep14_k38-I
./tmp/sound.wav -> ./tmp/tmp.plp 
SBep14_k382-I
./tmp/sound.wav -> ./tmp/tmp.plp 
SBep14_k404-N
./tmp/sound.wav -> ./tmp/tmp.plp 
SBep14_k410-I
./tmp/sound.wav -> ./tmp/tmp.plp 
SBep14_k414-I
./tmp/sound.wav -> ./tmp/tmp.plp 
SBep14_k424-N
./tmp/sound.wav -> ./tmp/tmp.plp 
SBep14_k428-N
./tmp/sound.wav -> ./tmp/tmp.plp 
SBep14_k429-N
./tmp/sound.wav -> ./tmp/tmp.plp 
SBep14_k44-I
./tmp/sound.wav -> ./tmp/tmp.plp 
SBep14_k441-N
./tmp/sound.wav -> ./tmp/tmp.plp 
SBep14_k445-I
./tmp/sound.wav -> ./tmp/tmp.plp 
SBep14_k447-N
./tmp/sound.wav -> ./tmp/tmp.plp 
SBep14_k451-I
./tmp/sound.wav -> ./tmp/tmp.plp 
SBep14_k455-N
./tmp/sound.wav -> ./tmp/tmp.plp 
SBep14_k456-N
./tmp/sound.wav -> ./tmp/tmp.plp 
SBep14_k457-I
./tmp/sound.wav -> ./tmp/tmp.plp 
SBep14_k462-I
./tmp/sound.wav -> ./tmp/tmp.plp 
SBep14_k465-I
./tmp/sound.wav -> ./tmp/tmp.plp 
SBep14_k476-N
./tmp/sound.wav -> ./tmp/tmp.plp 
SBep14_k477-N
./tmp/sound.wav -> ./tmp/tmp.plp 
SBep14_k485-I
./tmp/sound.wav -> ./tmp/tmp.plp 
SBep14_k490-N
./tmp/sound.wav -> ./tmp/tmp.plp 
SBep14_k493-N
./tmp/sound.wav -> ./tmp/tmp.plp 
SBep14_k495-N
./tmp/sound.wav -> ./tmp/tmp.plp 
SBep14_k513-N
./tmp/sound.wav -> ./tmp/tmp.plp 
SBep14_k515-I
./tmp/sound.wav -> ./tmp/tmp.plp 
SBep14_k517-I
./tmp/sound.wav -> ./tmp/tmp.plp 
SBep14_k518-I
./tmp/sound.wav -> ./tmp/tmp.plp 
SBep14_k528-I
./tmp/sound.wav -> ./tmp/tmp.plp 
SBep14_k536-N
./tmp/sound.wav -> ./tmp/tmp.plp 
SBep14_k544-N
./tmp/sound.wav -> ./tmp/tmp.plp 
SBep14_k550-N
./tmp/sound.wav -> ./tmp/tmp.plp 
SBep14_k562-I
./tmp/sound.wav -> ./tmp/tmp.plp 
SBep14_k565-N
./tmp/sound.wav -> ./tmp/tmp.plp 
SBep14_k568-N
./tmp/sound.wav -> ./tmp/tmp.plp 
SBep14_k574-I
./tmp/sound.wav -> ./tmp/tmp.plp 
SBep14_k59-I
./tmp/sound.wav -> ./tmp/tmp.plp 
SBep14_k591-I
./tmp/sound.wav -> ./tmp/tmp.plp 
SBep14_k597-I
./tmp/sound.wav -> ./tmp/tmp.plp 
SBep14_k60-I
./tmp/sound.wav -> ./tmp/tmp.plp 
SBep14_k61-I
./tmp/sound.wav -> ./tmp/tmp.plp 
SBep14_k613-I
./tmp/sound.wav -> ./tmp/tmp.plp 
SBep14_k615-I
./tmp/sound.wav -> ./tmp/tmp.plp 
SBep14_k628-I
./tmp/sound.wav -> ./tmp/tmp.plp 
SBep14_k637-I
./tmp/sound.wav -> ./tmp/tmp.plp 
SBep14_k64-N
./tmp/sound.wav -> ./tmp/tmp.plp 
SBep14_k650-N
./tmp/sound.wav -> ./tmp/tmp.plp 
SBep14_k671-I
./tmp/sound.wav -> ./tmp/tmp.plp 
SBep14_k683-I
./tmp/sound.wav -> ./tmp/tmp.plp 
SBep14_k688-I
./tmp/sound.wav -> ./tmp/tmp.plp 
SBep14_k690-I
./tmp/sound.wav -> ./tmp/tmp.plp 
SBep14_k692-I
./tmp/sound.wav -> ./tmp/tmp.plp 
SBep14_k699-N
./tmp/sound.wav -> ./tmp/tmp.plp 
SBep14_k714-N
./tmp/sound.wav -> ./tmp/tmp.plp 
SBep14_k716-I
./tmp/sound.wav -> ./tmp/tmp.plp 
SBep14_k717-I
./tmp/sound.wav -> ./tmp/tmp.plp 
SBep14_k720-I
./tmp/sound.wav -> ./tmp/tmp.plp 
SBep14_k727-I
./tmp/sound.wav -> ./tmp/tmp.plp 
SBep14_k730-I
./tmp/sound.wav -> ./tmp/tmp.plp 
SBep14_k743-I
./tmp/sound.wav -> ./tmp/tmp.plp 
SBep14_k80-N
./tmp/sound.wav -> ./tmp/tmp.plp 
SBep14_k81-N
./tmp/sound.wav -> ./tmp/tmp.plp 
SBep14_k83-N
./tmp/sound.wav -> ./tmp/tmp.plp 
SBep14_k87-I
./tmp/sound.wav -> ./tmp/tmp.plp 
SBep14_k95-I
./tmp/sound.wav -> ./tmp/tmp.plp 
SBep14_k99-I
./tmp/sound.wav -> ./tmp/tmp.plp 
SBep19_c102-I
./tmp/sound.wav -> ./tmp/tmp.plp 
SBep19_c105-I
./tmp/sound.wav -> ./tmp/tmp.plp 
SBep19_c107-I
./tmp/sound.wav -> ./tmp/tmp.plp 
SBep19_c110-N
./tmp/sound.wav -> ./tmp/tmp.plp 
SBep19_c119-N
./tmp/sound.wav -> ./tmp/tmp.plp 
SBep19_c12-N
./tmp/sound.wav -> ./tmp/tmp.plp 
SBep19_c124-I
./tmp/sound.wav -> ./tmp/tmp.plp 
SBep19_c126-N
./tmp/sound.wav -> ./tmp/tmp.plp 
SBep19_c135-N
./tmp/sound.wav -> ./tmp/tmp.plp 
SBep19_c146-N
./tmp/sound.wav -> ./tmp/tmp.plp 
SBep19_c158-N
./tmp/sound.wav -> ./tmp/tmp.plp 
SBep19_c165-N
./tmp/sound.wav -> ./tmp/tmp.plp 
SBep19_c168-I
./tmp/sound.wav -> ./tmp/tmp.plp 
SBep19_c181-N
./tmp/sound.wav -> ./tmp/tmp.plp 
SBep19_c184-I
./tmp/sound.wav -> ./tmp/tmp.plp 
SBep19_c186-I
./tmp/sound.wav -> ./tmp/tmp.plp 
SBep19_c193-I
./tmp/sound.wav -> ./tmp/tmp.plp 
SBep19_c199-N
./tmp/sound.wav -> ./tmp/tmp.plp 
SBep19_c2-N
./tmp/sound.wav -> ./tmp/tmp.plp 
SBep19_c20-N
./tmp/sound.wav -> ./tmp/tmp.plp 
SBep19_c202-I
./tmp/sound.wav -> ./tmp/tmp.plp 
SBep19_c204-I
./tmp/sound.wav -> ./tmp/tmp.plp 
SBep19_c211-I
./tmp/sound.wav -> ./tmp/tmp.plp 
SBep19_c212-I
./tmp/sound.wav -> ./tmp/tmp.plp 
SBep19_c214-I
./tmp/sound.wav -> ./tmp/tmp.plp 
SBep19_c223-I
./tmp/sound.wav -> ./tmp/tmp.plp 
SBep19_c231-I
./tmp/sound.wav -> ./tmp/tmp.plp 
SBep19_c233-I
./tmp/sound.wav -> ./tmp/tmp.plp 
SBep19_c242-I
./tmp/sound.wav -> ./tmp/tmp.plp 
SBep19_c244-I
./tmp/sound.wav -> ./tmp/tmp.plp 
SBep19_c247-N
./tmp/sound.wav -> ./tmp/tmp.plp 
SBep19_c249-N
./tmp/sound.wav -> ./tmp/tmp.plp 
SBep19_c250-N
./tmp/sound.wav -> ./tmp/tmp.plp 
SBep19_c252-N
./tmp/sound.wav -> ./tmp/tmp.plp 
SBep19_c255-I
./tmp/sound.wav -> ./tmp/tmp.plp 
SBep19_c258-I
./tmp/sound.wav -> ./tmp/tmp.plp 
SBep19_c26-N
./tmp/sound.wav -> ./tmp/tmp.plp 
SBep19_c261-N
./tmp/sound.wav -> ./tmp/tmp.plp 
SBep19_c262-I
./tmp/sound.wav -> ./tmp/tmp.plp 
SBep19_c263-I
./tmp/sound.wav -> ./tmp/tmp.plp 
SBep19_c267-I
./tmp/sound.wav -> ./tmp/tmp.plp 
SBep19_c273-I
./tmp/sound.wav -> ./tmp/tmp.plp 
SBep19_c275-I
./tmp/sound.wav -> ./tmp/tmp.plp 
SBep19_c277-I
./tmp/sound.wav -> ./tmp/tmp.plp 
SBep19_c278-I
./tmp/sound.wav -> ./tmp/tmp.plp 
SBep19_c279-I
./tmp/sound.wav -> ./tmp/tmp.plp 
SBep19_c28-N
./tmp/sound.wav -> ./tmp/tmp.plp 
SBep19_c280-I
./tmp/sound.wav -> ./tmp/tmp.plp 
SBep19_c282-I
./tmp/sound.wav -> ./tmp/tmp.plp 
SBep19_c284-I
./tmp/sound.wav -> ./tmp/tmp.plp 
SBep19_c286-I
./tmp/sound.wav -> ./tmp/tmp.plp 
SBep19_c288-I
./tmp/sound.wav -> ./tmp/tmp.plp 
SBep19_c296-I
./tmp/sound.wav -> ./tmp/tmp.plp 
SBep19_c30-N
./tmp/sound.wav -> ./tmp/tmp.plp 
SBep19_c310-I
./tmp/sound.wav -> ./tmp/tmp.plp 
SBep19_c311-N
./tmp/sound.wav -> ./tmp/tmp.plp 
SBep19_c315-I
./tmp/sound.wav -> ./tmp/tmp.plp 
SBep19_c318-I
./tmp/sound.wav -> ./tmp/tmp.plp 
SBep19_c32-I
./tmp/sound.wav -> ./tmp/tmp.plp 
SBep19_c320-I
./tmp/sound.wav -> ./tmp/tmp.plp 
SBep19_c323-I
./tmp/sound.wav -> ./tmp/tmp.plp 
SBep19_c325-I
./tmp/sound.wav -> ./tmp/tmp.plp 
SBep19_c327-I
./tmp/sound.wav -> ./tmp/tmp.plp 
SBep19_c335-N
./tmp/sound.wav -> ./tmp/tmp.plp 
SBep19_c336-N
./tmp/sound.wav -> ./tmp/tmp.plp 
SBep19_c341-N
./tmp/sound.wav -> ./tmp/tmp.plp 
SBep19_c343-N
./tmp/sound.wav -> ./tmp/tmp.plp 
SBep19_c345-N
./tmp/sound.wav -> ./tmp/tmp.plp 
SBep19_c35-I
./tmp/sound.wav -> ./tmp/tmp.plp 
SBep19_c350-I
./tmp/sound.wav -> ./tmp/tmp.plp 
SBep19_c352-I
./tmp/sound.wav -> ./tmp/tmp.plp 
SBep19_c356-N
./tmp/sound.wav -> ./tmp/tmp.plp 
SBep19_c358-N
./tmp/sound.wav -> ./tmp/tmp.plp 
SBep19_c365-I
./tmp/sound.wav -> ./tmp/tmp.plp 
SBep19_c367-I
./tmp/sound.wav -> ./tmp/tmp.plp 
SBep19_c370-I
./tmp/sound.wav -> ./tmp/tmp.plp 
SBep19_c372-N
./tmp/sound.wav -> ./tmp/tmp.plp 
SBep19_c383-N
./tmp/sound.wav -> ./tmp/tmp.plp 
SBep19_c389-N
./tmp/sound.wav -> ./tmp/tmp.plp 
SBep19_c4-N
./tmp/sound.wav -> ./tmp/tmp.plp 
SBep19_c403-N
./tmp/sound.wav -> ./tmp/tmp.plp 
SBep19_c408-N
./tmp/sound.wav -> ./tmp/tmp.plp 
  ERROR [+8220]  LatticeFromLabels: Word ROUND not defined in dictionary
 FATAL ERROR - Terminating program HVite
Traceback (most recent call last):
  File "/Users/helengent/Desktop/Irony-Recognition/AcousticFeatureExtraction/preProcessing/ASR/lib/Penn/align.py", line 318, in <module>
    writeTextGrid(outfile, readAlignedMLF(output_mlf, SR, float(wave_start)))
  File "/Users/helengent/Desktop/Irony-Recognition/AcousticFeatureExtraction/preProcessing/ASR/lib/Penn/align.py", line 137, in readAlignedMLF
    raise ValueError("Alignment did not complete succesfully.")
ValueError: Alignment did not complete succesfully.
SBep19_c410-N
./tmp/sound.wav -> ./tmp/tmp.plp 
SBep19_c412-N
./tmp/sound.wav -> ./tmp/tmp.plp 
SBep19_c415-N
./tmp/sound.wav -> ./tmp/tmp.plp 
SBep19_c416-N
./tmp/sound.wav -> ./tmp/tmp.plp 
SBep19_c417-N
./tmp/sound.wav -> ./tmp/tmp.plp 
SBep19_c418-N
./tmp/sound.wav -> ./tmp/tmp.plp 
SBep19_c421-N
./tmp/sound.wav -> ./tmp/tmp.plp 
SBep19_c423-I
./tmp/sound.wav -> ./tmp/tmp.plp 
SBep19_c432-N
./tmp/sound.wav -> ./tmp/tmp.plp 
SBep19_c433-N
./tmp/sound.wav -> ./tmp/tmp.plp 
SBep19_c434-I
./tmp/sound.wav -> ./tmp/tmp.plp 
SBep19_c436-I
./tmp/sound.wav -> ./tmp/tmp.plp 
SBep19_c438-I
./tmp/sound.wav -> ./tmp/tmp.plp 
SBep19_c440-I
./tmp/sound.wav -> ./tmp/tmp.plp 
SBep19_c442-I
./tmp/sound.wav -> ./tmp/tmp.plp 
SBep19_c443-I
./tmp/sound.wav -> ./tmp/tmp.plp 
SBep19_c445-N
./tmp/sound.wav -> ./tmp/tmp.plp 
SBep19_c447-I
./tmp/sound.wav -> ./tmp/tmp.plp 
SBep19_c449-I
./tmp/sound.wav -> ./tmp/tmp.plp 
SBep19_c45-I
./tmp/sound.wav -> ./tmp/tmp.plp 
SBep19_c452-N
./tmp/sound.wav -> ./tmp/tmp.plp 
SBep19_c455-N
./tmp/sound.wav -> ./tmp/tmp.plp 
SBep19_c457-I
./tmp/sound.wav -> ./tmp/tmp.plp 
SBep19_c459-N
./tmp/sound.wav -> ./tmp/tmp.plp 
SBep19_c461-I
./tmp/sound.wav -> ./tmp/tmp.plp 
SBep19_c463-I
./tmp/sound.wav -> ./tmp/tmp.plp 
SBep19_c465-N
./tmp/sound.wav -> ./tmp/tmp.plp 
SBep19_c466-N
./tmp/sound.wav -> ./tmp/tmp.plp 
SBep19_c469-N
./tmp/sound.wav -> ./tmp/tmp.plp 
SBep19_c47-I
./tmp/sound.wav -> ./tmp/tmp.plp 
SBep19_c472-I
./tmp/sound.wav -> ./tmp/tmp.plp 
SBep19_c473-I
./tmp/sound.wav -> ./tmp/tmp.plp 
SBep19_c48-N
./tmp/sound.wav -> ./tmp/tmp.plp 
SBep19_c481-I
./tmp/sound.wav -> ./tmp/tmp.plp 
SBep19_c486-I
./tmp/sound.wav -> ./tmp/tmp.plp 
SBep19_c489-I
./tmp/sound.wav -> ./tmp/tmp.plp 
SBep19_c491-I
./tmp/sound.wav -> ./tmp/tmp.plp 
SBep19_c493-I
./tmp/sound.wav -> ./tmp/tmp.plp 
SBep19_c495-I
./tmp/sound.wav -> ./tmp/tmp.plp 
SBep19_c497-I
./tmp/sound.wav -> ./tmp/tmp.plp 
SBep19_c499-I
./tmp/sound.wav -> ./tmp/tmp.plp 
SBep19_c500-I
./tmp/sound.wav -> ./tmp/tmp.plp 
SBep19_c502-I
./tmp/sound.wav -> ./tmp/tmp.plp 
SBep19_c507-N
./tmp/sound.wav -> ./tmp/tmp.plp 
SBep19_c509-I
./tmp/sound.wav -> ./tmp/tmp.plp 
SBep19_c512-I
./tmp/sound.wav -> ./tmp/tmp.plp 
SBep19_c517-I
./tmp/sound.wav -> ./tmp/tmp.plp 
SBep19_c521-N
./tmp/sound.wav -> ./tmp/tmp.plp 
SBep19_c523-N
./tmp/sound.wav -> ./tmp/tmp.plp 
SBep19_c526-N
./tmp/sound.wav -> ./tmp/tmp.plp 
SBep19_c532-I
./tmp/sound.wav -> ./tmp/tmp.plp 
SBep19_c533-N
./tmp/sound.wav -> ./tmp/tmp.plp 
SBep19_c536-N
./tmp/sound.wav -> ./tmp/tmp.plp 
SBep19_c539-I
./tmp/sound.wav -> ./tmp/tmp.plp 
SBep19_c54-I
./tmp/sound.wav -> ./tmp/tmp.plp 
SBep19_c540-I
./tmp/sound.wav -> ./tmp/tmp.plp 
SBep19_c544-I
./tmp/sound.wav -> ./tmp/tmp.plp 
SBep19_c57-I
./tmp/sound.wav -> ./tmp/tmp.plp 
SBep19_c59-I
./tmp/sound.wav -> ./tmp/tmp.plp 
SBep19_c66-I
./tmp/sound.wav -> ./tmp/tmp.plp 
SBep19_c68-I
./tmp/sound.wav -> ./tmp/tmp.plp 
SBep19_c70-I
./tmp/sound.wav -> ./tmp/tmp.plp 
SBep19_c72-I
./tmp/sound.wav -> ./tmp/tmp.plp 
SBep19_c76-N
./tmp/sound.wav -> ./tmp/tmp.plp 
SBep19_c80-I
./tmp/sound.wav -> ./tmp/tmp.plp 
SBep19_c82-I
./tmp/sound.wav -> ./tmp/tmp.plp 
SBep19_c84-I
./tmp/sound.wav -> ./tmp/tmp.plp 
SBep19_c86-I
./tmp/sound.wav -> ./tmp/tmp.plp 
SBep19_c88-I
./tmp/sound.wav -> ./tmp/tmp.plp 
SBep19_c91-I
./tmp/sound.wav -> ./tmp/tmp.plp 
SBep19_c99-N
./tmp/sound.wav -> ./tmp/tmp.plp 
SBep19_d101-N
./tmp/sound.wav -> ./tmp/tmp.plp 
SBep19_d106-I
./tmp/sound.wav -> ./tmp/tmp.plp 
SBep19_d108-I
./tmp/sound.wav -> ./tmp/tmp.plp 
SBep19_d109-I
./tmp/sound.wav -> ./tmp/tmp.plp 
SBep19_d11-N
./tmp/sound.wav -> ./tmp/tmp.plp 
SBep19_d112-N
./tmp/sound.wav -> ./tmp/tmp.plp 
SBep19_d114-N
./tmp/sound.wav -> ./tmp/tmp.plp 
SBep19_d117-I
./tmp/sound.wav -> ./tmp/tmp.plp 
SBep19_d118-I
./tmp/sound.wav -> ./tmp/tmp.plp 
SBep19_d121-I
./tmp/sound.wav -> ./tmp/tmp.plp 
SBep19_d123-I
./tmp/sound.wav -> ./tmp/tmp.plp 
SBep19_d125-N
./tmp/sound.wav -> ./tmp/tmp.plp 
SBep19_d127-I
./tmp/sound.wav -> ./tmp/tmp.plp 
SBep19_d128-I
./tmp/sound.wav -> ./tmp/tmp.plp 
SBep19_d13-N
./tmp/sound.wav -> ./tmp/tmp.plp 
SBep19_d145-N
./tmp/sound.wav -> ./tmp/tmp.plp 
SBep19_d149-N
./tmp/sound.wav -> ./tmp/tmp.plp 
SBep19_d151-N
./tmp/sound.wav -> ./tmp/tmp.plp 
SBep19_d152-N
./tmp/sound.wav -> ./tmp/tmp.plp 
SBep19_d156-N
./tmp/sound.wav -> ./tmp/tmp.plp 
SBep19_d159-N
./tmp/sound.wav -> ./tmp/tmp.plp 
SBep19_d161-N
./tmp/sound.wav -> ./tmp/tmp.plp 
SBep19_d163-I
./tmp/sound.wav -> ./tmp/tmp.plp 
SBep19_d169-I
./tmp/sound.wav -> ./tmp/tmp.plp 
SBep19_d170-N
./tmp/sound.wav -> ./tmp/tmp.plp 
SBep19_d177-N
./tmp/sound.wav -> ./tmp/tmp.plp 
SBep19_d180-I
./tmp/sound.wav -> ./tmp/tmp.plp 
SBep19_d182-I
./tmp/sound.wav -> ./tmp/tmp.plp 
SBep19_d183-I
./tmp/sound.wav -> ./tmp/tmp.plp 
SBep19_d187-I
./tmp/sound.wav -> ./tmp/tmp.plp 
SBep19_d188-N
./tmp/sound.wav -> ./tmp/tmp.plp 
SBep19_d194-I
./tmp/sound.wav -> ./tmp/tmp.plp 
SBep19_d198-N
./tmp/sound.wav -> ./tmp/tmp.plp 
SBep19_d201-I
./tmp/sound.wav -> ./tmp/tmp.plp 
SBep19_d203-I
./tmp/sound.wav -> ./tmp/tmp.plp 
SBep19_d206-N
./tmp/sound.wav -> ./tmp/tmp.plp 
SBep19_d209-I
./tmp/sound.wav -> ./tmp/tmp.plp 
SBep19_d21-N
./tmp/sound.wav -> ./tmp/tmp.plp 
SBep19_d210-I
./tmp/sound.wav -> ./tmp/tmp.plp 
SBep19_d213-I
./tmp/sound.wav -> ./tmp/tmp.plp 
SBep19_d215-I
./tmp/sound.wav -> ./tmp/tmp.plp 
SBep19_d216-I
./tmp/sound.wav -> ./tmp/tmp.plp 
SBep19_d219-I
./tmp/sound.wav -> ./tmp/tmp.plp 
SBep19_d221-I
./tmp/sound.wav -> ./tmp/tmp.plp 
SBep19_d224-I
./tmp/sound.wav -> ./tmp/tmp.plp 
SBep19_d226-N
./tmp/sound.wav -> ./tmp/tmp.plp 
SBep19_d227-N
./tmp/sound.wav -> ./tmp/tmp.plp 
SBep19_d228-N
./tmp/sound.wav -> ./tmp/tmp.plp 
SBep19_d230-N
./tmp/sound.wav -> ./tmp/tmp.plp 
SBep19_d232-I
./tmp/sound.wav -> ./tmp/tmp.plp 
SBep19_d237-N
./tmp/sound.wav -> ./tmp/tmp.plp 
SBep19_d238-N
./tmp/sound.wav -> ./tmp/tmp.plp 
SBep19_d239-N
./tmp/sound.wav -> ./tmp/tmp.plp 
SBep19_d24-N
./tmp/sound.wav -> ./tmp/tmp.plp 
SBep19_d243-I
./tmp/sound.wav -> ./tmp/tmp.plp 
SBep19_d248-N
./tmp/sound.wav -> ./tmp/tmp.plp 
SBep19_d25-N
./tmp/sound.wav -> ./tmp/tmp.plp 
SBep19_d253-I
./tmp/sound.wav -> ./tmp/tmp.plp 
SBep19_d254-I
./tmp/sound.wav -> ./tmp/tmp.plp 
SBep19_d257-I
./tmp/sound.wav -> ./tmp/tmp.plp 
SBep19_d259-I
./tmp/sound.wav -> ./tmp/tmp.plp 
SBep19_d260-I
./tmp/sound.wav -> ./tmp/tmp.plp 
SBep19_d264-I
./tmp/sound.wav -> ./tmp/tmp.plp 
SBep19_d265-I
./tmp/sound.wav -> ./tmp/tmp.plp 
SBep19_d266-I
./tmp/sound.wav -> ./tmp/tmp.plp 
SBep19_d268-I
./tmp/sound.wav -> ./tmp/tmp.plp 
SBep19_d274-I
./tmp/sound.wav -> ./tmp/tmp.plp 
SBep19_d276-I
./tmp/sound.wav -> ./tmp/tmp.plp 
SBep19_d281-I
./tmp/sound.wav -> ./tmp/tmp.plp 
SBep19_d283-I
./tmp/sound.wav -> ./tmp/tmp.plp 
SBep19_d287-I
./tmp/sound.wav -> ./tmp/tmp.plp 
SBep19_d289-I
./tmp/sound.wav -> ./tmp/tmp.plp 
SBep19_d297-I
./tmp/sound.wav -> ./tmp/tmp.plp 
SBep19_d298-N
./tmp/sound.wav -> ./tmp/tmp.plp 
SBep19_d3-N
./tmp/sound.wav -> ./tmp/tmp.plp 
SBep19_d301-I
./tmp/sound.wav -> ./tmp/tmp.plp 
SBep19_d303-N
./tmp/sound.wav -> ./tmp/tmp.plp 
SBep19_d304-N
./tmp/sound.wav -> ./tmp/tmp.plp 
SBep19_d31-I
./tmp/sound.wav -> ./tmp/tmp.plp 
SBep19_d313-N
./tmp/sound.wav -> ./tmp/tmp.plp 
SBep19_d316-I
./tmp/sound.wav -> ./tmp/tmp.plp 
SBep19_d319-I
./tmp/sound.wav -> ./tmp/tmp.plp 
SBep19_d324-I
./tmp/sound.wav -> ./tmp/tmp.plp 
SBep19_d326-I
./tmp/sound.wav -> ./tmp/tmp.plp 
SBep19_d33-I
./tmp/sound.wav -> ./tmp/tmp.plp 
SBep19_d332-I
./tmp/sound.wav -> ./tmp/tmp.plp 
SBep19_d339-N
./tmp/sound.wav -> ./tmp/tmp.plp 
SBep19_d348-I
./tmp/sound.wav -> ./tmp/tmp.plp 
SBep19_d349-I
./tmp/sound.wav -> ./tmp/tmp.plp 
SBep19_d351-I
./tmp/sound.wav -> ./tmp/tmp.plp 
SBep19_d353-I
./tmp/sound.wav -> ./tmp/tmp.plp 
SBep19_d357-N
./tmp/sound.wav -> ./tmp/tmp.plp 
SBep19_d366-I
./tmp/sound.wav -> ./tmp/tmp.plp 
SBep19_d368-I
./tmp/sound.wav -> ./tmp/tmp.plp 
SBep19_d369-I
./tmp/sound.wav -> ./tmp/tmp.plp 
SBep19_d373-N
./tmp/sound.wav -> ./tmp/tmp.plp 
SBep19_d374-N
./tmp/sound.wav -> ./tmp/tmp.plp 
SBep19_d377-I
./tmp/sound.wav -> ./tmp/tmp.plp 
SBep19_d380-N
./tmp/sound.wav -> ./tmp/tmp.plp 
SBep19_d381-N
./tmp/sound.wav -> ./tmp/tmp.plp 
SBep19_d382-N
./tmp/sound.wav -> ./tmp/tmp.plp 
SBep19_d391-I
./tmp/sound.wav -> ./tmp/tmp.plp 
SBep19_d392-I
./tmp/sound.wav -> ./tmp/tmp.plp 
SBep19_d397-N
./tmp/sound.wav -> ./tmp/tmp.plp 
SBep19_d406-I
./tmp/sound.wav -> ./tmp/tmp.plp 
SBep19_d41-I
./tmp/sound.wav -> ./tmp/tmp.plp 
SBep19_d411-N
./tmp/sound.wav -> ./tmp/tmp.plp 
SBep19_d42-I
./tmp/sound.wav -> ./tmp/tmp.plp 
SBep19_d422-I
./tmp/sound.wav -> ./tmp/tmp.plp 
SBep19_d437-I
./tmp/sound.wav -> ./tmp/tmp.plp 
SBep19_d439-I
./tmp/sound.wav -> ./tmp/tmp.plp 
SBep19_d44-I
./tmp/sound.wav -> ./tmp/tmp.plp 
SBep19_d441-I
./tmp/sound.wav -> ./tmp/tmp.plp 
SBep19_d444-I
./tmp/sound.wav -> ./tmp/tmp.plp 
SBep19_d446-I
./tmp/sound.wav -> ./tmp/tmp.plp 
SBep19_d448-I
./tmp/sound.wav -> ./tmp/tmp.plp 
SBep19_d450-I
./tmp/sound.wav -> ./tmp/tmp.plp 
SBep19_d456-I
./tmp/sound.wav -> ./tmp/tmp.plp 
SBep19_d458-I
./tmp/sound.wav -> ./tmp/tmp.plp 
SBep19_d46-I
./tmp/sound.wav -> ./tmp/tmp.plp 
SBep19_d462-I
./tmp/sound.wav -> ./tmp/tmp.plp 
SBep19_d467-N
./tmp/sound.wav -> ./tmp/tmp.plp 
SBep19_d474-I
./tmp/sound.wav -> ./tmp/tmp.plp 
SBep19_d484-I
./tmp/sound.wav -> ./tmp/tmp.plp 
SBep19_d488-I
./tmp/sound.wav -> ./tmp/tmp.plp 
SBep19_d490-I
./tmp/sound.wav -> ./tmp/tmp.plp 
SBep19_d492-I
./tmp/sound.wav -> ./tmp/tmp.plp 
SBep19_d494-I
./tmp/sound.wav -> ./tmp/tmp.plp 
SBep19_d496-I
./tmp/sound.wav -> ./tmp/tmp.plp 
SBep19_d498-I
./tmp/sound.wav -> ./tmp/tmp.plp 
SBep19_d5-N
./tmp/sound.wav -> ./tmp/tmp.plp 
SBep19_d501-I
./tmp/sound.wav -> ./tmp/tmp.plp 
SBep19_d503-I
./tmp/sound.wav -> ./tmp/tmp.plp 
SBep19_d51-N
./tmp/sound.wav -> ./tmp/tmp.plp 
SBep19_d510-N
./tmp/sound.wav -> ./tmp/tmp.plp 
SBep19_d511-I
./tmp/sound.wav -> ./tmp/tmp.plp 
SBep19_d513-I
./tmp/sound.wav -> ./tmp/tmp.plp 
SBep19_d515-I
./tmp/sound.wav -> ./tmp/tmp.plp 
SBep19_d516-I
./tmp/sound.wav -> ./tmp/tmp.plp 
SBep19_d518-I
./tmp/sound.wav -> ./tmp/tmp.plp 
SBep19_d527-I
./tmp/sound.wav -> ./tmp/tmp.plp 
SBep19_d528-I
./tmp/sound.wav -> ./tmp/tmp.plp 
SBep19_d530-I
./tmp/sound.wav -> ./tmp/tmp.plp 
SBep19_d531-I
./tmp/sound.wav -> ./tmp/tmp.plp 
SBep19_d537-N
./tmp/sound.wav -> ./tmp/tmp.plp 
SBep19_d538-I
./tmp/sound.wav -> ./tmp/tmp.plp 
SBep19_d541-I
./tmp/sound.wav -> ./tmp/tmp.plp 
SBep19_d542-I
./tmp/sound.wav -> ./tmp/tmp.plp 
SBep19_d543-I
./tmp/sound.wav -> ./tmp/tmp.plp 
SBep19_d545-I
./tmp/sound.wav -> ./tmp/tmp.plp 
SBep19_d546-N
./tmp/sound.wav -> ./tmp/tmp.plp 
SBep19_d55-I
./tmp/sound.wav -> ./tmp/tmp.plp 
SBep19_d56-I
./tmp/sound.wav -> ./tmp/tmp.plp 
SBep19_d58-I
./tmp/sound.wav -> ./tmp/tmp.plp 
SBep19_d60-I
./tmp/sound.wav -> ./tmp/tmp.plp 
SBep19_d61-I
./tmp/sound.wav -> ./tmp/tmp.plp 
SBep19_d62-I
./tmp/sound.wav -> ./tmp/tmp.plp 
SBep19_d63-I
./tmp/sound.wav -> ./tmp/tmp.plp 
SBep19_d64-I
./tmp/sound.wav -> ./tmp/tmp.plp 
SBep19_d65-I
./tmp/sound.wav -> ./tmp/tmp.plp 
SBep19_d67-I
./tmp/sound.wav -> ./tmp/tmp.plp 
SBep19_d69-I
./tmp/sound.wav -> ./tmp/tmp.plp 
SBep19_d71-I
./tmp/sound.wav -> ./tmp/tmp.plp 
SBep19_d73-I
./tmp/sound.wav -> ./tmp/tmp.plp 
SBep19_d8-N
./tmp/sound.wav -> ./tmp/tmp.plp 
SBep19_d81-I
./tmp/sound.wav -> ./tmp/tmp.plp 
SBep19_d83-I
./tmp/sound.wav -> ./tmp/tmp.plp 
SBep19_d85-I
./tmp/sound.wav -> ./tmp/tmp.plp 
SBep19_d87-I
./tmp/sound.wav -> ./tmp/tmp.plp 
SBep19_d89-I
./tmp/sound.wav -> ./tmp/tmp.plp 
SBep19_d9-N
./tmp/sound.wav -> ./tmp/tmp.plp 
SBep19_d90-I
./tmp/sound.wav -> ./tmp/tmp.plp 
SBep19_d97-N
./tmp/sound.wav -> ./tmp/tmp.plp 
SBep4_c1014-I
./tmp/sound.wav -> ./tmp/tmp.plp 
SBep4_c1015-I
./tmp/sound.wav -> ./tmp/tmp.plp 
SBep4_c1017-I
./tmp/sound.wav -> ./tmp/tmp.plp 
SBep4_c1023-N
./tmp/sound.wav -> ./tmp/tmp.plp 
SBep4_c1027-N
./tmp/sound.wav -> ./tmp/tmp.plp 
SBep4_c1029-I
./tmp/sound.wav -> ./tmp/tmp.plp 
SBep4_c1032-N
./tmp/sound.wav -> ./tmp/tmp.plp 
SBep4_c1044-N
./tmp/sound.wav -> ./tmp/tmp.plp 
SBep4_c1049-N
./tmp/sound.wav -> ./tmp/tmp.plp 
SBep4_c1056-N
./tmp/sound.wav -> ./tmp/tmp.plp 
SBep4_c1062-I
./tmp/sound.wav -> ./tmp/tmp.plp 
SBep4_c1070-N
./tmp/sound.wav -> ./tmp/tmp.plp 
SBep4_c1071-N
./tmp/sound.wav -> ./tmp/tmp.plp 
SBep4_c1076-N
./tmp/sound.wav -> ./tmp/tmp.plp 
SBep4_c1077-N
./tmp/sound.wav -> ./tmp/tmp.plp 
SBep4_c1085-N
./tmp/sound.wav -> ./tmp/tmp.plp 
SBep4_c1086-N
./tmp/sound.wav -> ./tmp/tmp.plp 
SBep4_c1089-N
./tmp/sound.wav -> ./tmp/tmp.plp 
  ERROR [+6550]  LoadHTKList: Label Name Expected
 FATAL ERROR - Terminating program HVite
Traceback (most recent call last):
  File "/Users/helengent/Desktop/Irony-Recognition/AcousticFeatureExtraction/preProcessing/ASR/lib/Penn/align.py", line 318, in <module>
    writeTextGrid(outfile, readAlignedMLF(output_mlf, SR, float(wave_start)))
  File "/Users/helengent/Desktop/Irony-Recognition/AcousticFeatureExtraction/preProcessing/ASR/lib/Penn/align.py", line 137, in readAlignedMLF
    raise ValueError("Alignment did not complete succesfully.")
ValueError: Alignment did not complete succesfully.
SBep4_c1090-N
./tmp/sound.wav -> ./tmp/tmp.plp 
SBep4_c11-N
./tmp/sound.wav -> ./tmp/tmp.plp 
SBep4_c110-N
./tmp/sound.wav -> ./tmp/tmp.plp 
SBep4_c1104-N
./tmp/sound.wav -> ./tmp/tmp.plp 
SBep4_c1106-N
./tmp/sound.wav -> ./tmp/tmp.plp 
SBep4_c1107-N
./tmp/sound.wav -> ./tmp/tmp.plp 
SBep4_c1109-N
./tmp/sound.wav -> ./tmp/tmp.plp 
SBep4_c111-N
./tmp/sound.wav -> ./tmp/tmp.plp 
SBep4_c1124-N
./tmp/sound.wav -> ./tmp/tmp.plp 
SBep4_c1126-N
./tmp/sound.wav -> ./tmp/tmp.plp 
SBep4_c1128-N
./tmp/sound.wav -> ./tmp/tmp.plp 
SBep4_c113-N
./tmp/sound.wav -> ./tmp/tmp.plp 
SBep4_c1143-N
./tmp/sound.wav -> ./tmp/tmp.plp 
SBep4_c115-N
./tmp/sound.wav -> ./tmp/tmp.plp 
SBep4_c1154-N
./tmp/sound.wav -> ./tmp/tmp.plp 
SBep4_c1157-I
./tmp/sound.wav -> ./tmp/tmp.plp 
SBep4_c1159-N
./tmp/sound.wav -> ./tmp/tmp.plp 
SBep4_c1171-N
./tmp/sound.wav -> ./tmp/tmp.plp 
SBep4_c1175-N
./tmp/sound.wav -> ./tmp/tmp.plp 
SBep4_c1194-N
./tmp/sound.wav -> ./tmp/tmp.plp 
SBep4_c120-N
./tmp/sound.wav -> ./tmp/tmp.plp 
SBep4_c1202-N
./tmp/sound.wav -> ./tmp/tmp.plp 
SBep4_c1208-N
./tmp/sound.wav -> ./tmp/tmp.plp 
SBep4_c1209-N
./tmp/sound.wav -> ./tmp/tmp.plp 
SBep4_c1215-N
./tmp/sound.wav -> ./tmp/tmp.plp 
SBep4_c1218-N
./tmp/sound.wav -> ./tmp/tmp.plp 
SBep4_c1224-N
./tmp/sound.wav -> ./tmp/tmp.plp 
SBep4_c1228-N
./tmp/sound.wav -> ./tmp/tmp.plp 
SBep4_c1231-N
./tmp/sound.wav -> ./tmp/tmp.plp 
SBep4_c1233-N
./tmp/sound.wav -> ./tmp/tmp.plp 
SBep4_c1234-N
./tmp/sound.wav -> ./tmp/tmp.plp 
SBep4_c1241-N
./tmp/sound.wav -> ./tmp/tmp.plp 
SBep4_c1244-I
./tmp/sound.wav -> ./tmp/tmp.plp 
SBep4_c1249-N
./tmp/sound.wav -> ./tmp/tmp.plp 
SBep4_c1254-N
./tmp/sound.wav -> ./tmp/tmp.plp 
SBep4_c1257-N
./tmp/sound.wav -> ./tmp/tmp.plp 
SBep4_c128-N
./tmp/sound.wav -> ./tmp/tmp.plp 
SBep4_c144-I
./tmp/sound.wav -> ./tmp/tmp.plp 
SBep4_c156-N
./tmp/sound.wav -> ./tmp/tmp.plp 
SBep4_c158-N
./tmp/sound.wav -> ./tmp/tmp.plp 
SBep4_c159-N
./tmp/sound.wav -> ./tmp/tmp.plp 
SBep4_c16-N
./tmp/sound.wav -> ./tmp/tmp.plp 
SBep4_c160-N
./tmp/sound.wav -> ./tmp/tmp.plp 
SBep4_c162-N
./tmp/sound.wav -> ./tmp/tmp.plp 
SBep4_c164-I
./tmp/sound.wav -> ./tmp/tmp.plp 
SBep4_c165-I
./tmp/sound.wav -> ./tmp/tmp.plp 
SBep4_c173-I
./tmp/sound.wav -> ./tmp/tmp.plp 
SBep4_c179-N
./tmp/sound.wav -> ./tmp/tmp.plp 
SBep4_c182-N
./tmp/sound.wav -> ./tmp/tmp.plp 
SBep4_c183-N
./tmp/sound.wav -> ./tmp/tmp.plp 
SBep4_c186-I
./tmp/sound.wav -> ./tmp/tmp.plp 
SBep4_c187-N
./tmp/sound.wav -> ./tmp/tmp.plp 
SBep4_c197-I
./tmp/sound.wav -> ./tmp/tmp.plp 
SBep4_c199-I
./tmp/sound.wav -> ./tmp/tmp.plp 
SBep4_c201-N
./tmp/sound.wav -> ./tmp/tmp.plp 
SBep4_c202-N
./tmp/sound.wav -> ./tmp/tmp.plp 
SBep4_c203-N
./tmp/sound.wav -> ./tmp/tmp.plp 
SBep4_c206-N
./tmp/sound.wav -> ./tmp/tmp.plp 
SBep4_c209-I
./tmp/sound.wav -> ./tmp/tmp.plp 
SBep4_c211-N
./tmp/sound.wav -> ./tmp/tmp.plp 
SBep4_c213-N
./tmp/sound.wav -> ./tmp/tmp.plp 
SBep4_c218-N
./tmp/sound.wav -> ./tmp/tmp.plp 
SBep4_c224-N
./tmp/sound.wav -> ./tmp/tmp.plp 
SBep4_c225-N
./tmp/sound.wav -> ./tmp/tmp.plp 
SBep4_c228-N
./tmp/sound.wav -> ./tmp/tmp.plp 
SBep4_c245-N
./tmp/sound.wav -> ./tmp/tmp.plp 
SBep4_c256-I
./tmp/sound.wav -> ./tmp/tmp.plp 
SBep4_c259-I
./tmp/sound.wav -> ./tmp/tmp.plp 
SBep4_c262-N
./tmp/sound.wav -> ./tmp/tmp.plp 
SBep4_c269-I
./tmp/sound.wav -> ./tmp/tmp.plp 
SBep4_c286-N
./tmp/sound.wav -> ./tmp/tmp.plp 
SBep4_c294-N
./tmp/sound.wav -> ./tmp/tmp.plp 
SBep4_c30-I
./tmp/sound.wav -> ./tmp/tmp.plp 
SBep4_c310-N
./tmp/sound.wav -> ./tmp/tmp.plp 
SBep4_c314-N
./tmp/sound.wav -> ./tmp/tmp.plp 
SBep4_c317-N
./tmp/sound.wav -> ./tmp/tmp.plp 
SBep4_c319-N
./tmp/sound.wav -> ./tmp/tmp.plp 
SBep4_c32-I
./tmp/sound.wav -> ./tmp/tmp.plp 
SBep4_c325-N
./tmp/sound.wav -> ./tmp/tmp.plp 
SBep4_c328-N
./tmp/sound.wav -> ./tmp/tmp.plp 
SBep4_c332-N
./tmp/sound.wav -> ./tmp/tmp.plp 
SBep4_c340-I
./tmp/sound.wav -> ./tmp/tmp.plp 
SBep4_c350-N
./tmp/sound.wav -> ./tmp/tmp.plp 
SBep4_c355-I
./tmp/sound.wav -> ./tmp/tmp.plp 
SBep4_c358-N
./tmp/sound.wav -> ./tmp/tmp.plp 
SBep4_c360-N
./tmp/sound.wav -> ./tmp/tmp.plp 
SBep4_c363-I
./tmp/sound.wav -> ./tmp/tmp.plp 
SBep4_c366-I
./tmp/sound.wav -> ./tmp/tmp.plp 
SBep4_c368-I
./tmp/sound.wav -> ./tmp/tmp.plp 
SBep4_c370-N
./tmp/sound.wav -> ./tmp/tmp.plp 
SBep4_c378-N
./tmp/sound.wav -> ./tmp/tmp.plp 
SBep4_c396-N
./tmp/sound.wav -> ./tmp/tmp.plp 
SBep4_c402-N
./tmp/sound.wav -> ./tmp/tmp.plp 
SBep4_c41-I
./tmp/sound.wav -> ./tmp/tmp.plp 
SBep4_c420-N
./tmp/sound.wav -> ./tmp/tmp.plp 
SBep4_c473-N
./tmp/sound.wav -> ./tmp/tmp.plp 
SBep4_c485-N
./tmp/sound.wav -> ./tmp/tmp.plp 
SBep4_c493-I
./tmp/sound.wav -> ./tmp/tmp.plp 
SBep4_c509-N
./tmp/sound.wav -> ./tmp/tmp.plp 
SBep4_c511-N
./tmp/sound.wav -> ./tmp/tmp.plp 
SBep4_c512-N
./tmp/sound.wav -> ./tmp/tmp.plp 
SBep4_c531-N
./tmp/sound.wav -> ./tmp/tmp.plp 
SBep4_c543-N
./tmp/sound.wav -> ./tmp/tmp.plp 
SBep4_c548-N
./tmp/sound.wav -> ./tmp/tmp.plp 
SBep4_c55-N
./tmp/sound.wav -> ./tmp/tmp.plp 
SBep4_c550-N
./tmp/sound.wav -> ./tmp/tmp.plp 
SBep4_c556-N
./tmp/sound.wav -> ./tmp/tmp.plp 
SBep4_c562-N
./tmp/sound.wav -> ./tmp/tmp.plp 
SBep4_c571-N
./tmp/sound.wav -> ./tmp/tmp.plp 
SBep4_c572-N
./tmp/sound.wav -> ./tmp/tmp.plp 
SBep4_c583-N
./tmp/sound.wav -> ./tmp/tmp.plp 
SBep4_c587-N
./tmp/sound.wav -> ./tmp/tmp.plp 
SBep4_c590-N
./tmp/sound.wav -> ./tmp/tmp.plp 
SBep4_c594-N
./tmp/sound.wav -> ./tmp/tmp.plp 
SBep4_c597-N
./tmp/sound.wav -> ./tmp/tmp.plp 
SBep4_c598-N
./tmp/sound.wav -> ./tmp/tmp.plp 
  ERROR [+6550]  LoadHTKList: Label Name Expected
 FATAL ERROR - Terminating program HVite
Traceback (most recent call last):
  File "/Users/helengent/Desktop/Irony-Recognition/AcousticFeatureExtraction/preProcessing/ASR/lib/Penn/align.py", line 318, in <module>
    writeTextGrid(outfile, readAlignedMLF(output_mlf, SR, float(wave_start)))
  File "/Users/helengent/Desktop/Irony-Recognition/AcousticFeatureExtraction/preProcessing/ASR/lib/Penn/align.py", line 137, in readAlignedMLF
    raise ValueError("Alignment did not complete succesfully.")
ValueError: Alignment did not complete succesfully.
SBep4_c603-N
./tmp/sound.wav -> ./tmp/tmp.plp 
SBep4_c638-N
./tmp/sound.wav -> ./tmp/tmp.plp 
SBep4_c650-N
./tmp/sound.wav -> ./tmp/tmp.plp 
SBep4_c661-N
./tmp/sound.wav -> ./tmp/tmp.plp 
SBep4_c669-N
./tmp/sound.wav -> ./tmp/tmp.plp 
  ERROR [+6550]  LoadHTKList: Label Name Expected
 FATAL ERROR - Terminating program HVite
Traceback (most recent call last):
  File "/Users/helengent/Desktop/Irony-Recognition/AcousticFeatureExtraction/preProcessing/ASR/lib/Penn/align.py", line 318, in <module>
    writeTextGrid(outfile, readAlignedMLF(output_mlf, SR, float(wave_start)))
  File "/Users/helengent/Desktop/Irony-Recognition/AcousticFeatureExtraction/preProcessing/ASR/lib/Penn/align.py", line 137, in readAlignedMLF
    raise ValueError("Alignment did not complete succesfully.")
ValueError: Alignment did not complete succesfully.
SBep4_c676-N
./tmp/sound.wav -> ./tmp/tmp.plp 
SBep4_c677-N
./tmp/sound.wav -> ./tmp/tmp.plp 
SBep4_c679-N
./tmp/sound.wav -> ./tmp/tmp.plp 
SBep4_c684-N
./tmp/sound.wav -> ./tmp/tmp.plp 
SBep4_c686-N
./tmp/sound.wav -> ./tmp/tmp.plp 
SBep4_c693-N
./tmp/sound.wav -> ./tmp/tmp.plp 
SBep4_c7-N
./tmp/sound.wav -> ./tmp/tmp.plp 
SBep4_c701-N
./tmp/sound.wav -> ./tmp/tmp.plp 
SBep4_c708-N
./tmp/sound.wav -> ./tmp/tmp.plp 
SBep4_c720-I
./tmp/sound.wav -> ./tmp/tmp.plp 
SBep4_c724-N
./tmp/sound.wav -> ./tmp/tmp.plp 
SBep4_c728-N
./tmp/sound.wav -> ./tmp/tmp.plp 
SBep4_c733-I
./tmp/sound.wav -> ./tmp/tmp.plp 
SBep4_c760-N
./tmp/sound.wav -> ./tmp/tmp.plp 
SBep4_c775-N
./tmp/sound.wav -> ./tmp/tmp.plp 
SBep4_c779-I
./tmp/sound.wav -> ./tmp/tmp.plp 
SBep4_c780-N
./tmp/sound.wav -> ./tmp/tmp.plp 
SBep4_c781-N
./tmp/sound.wav -> ./tmp/tmp.plp 
SBep4_c783-N
./tmp/sound.wav -> ./tmp/tmp.plp 
SBep4_c786-N
./tmp/sound.wav -> ./tmp/tmp.plp 
SBep4_c806-N
./tmp/sound.wav -> ./tmp/tmp.plp 
SBep4_c808-N
./tmp/sound.wav -> ./tmp/tmp.plp 
SBep4_c81-N
./tmp/sound.wav -> ./tmp/tmp.plp 
SBep4_c814-N
./tmp/sound.wav -> ./tmp/tmp.plp 
SBep4_c82-N
./tmp/sound.wav -> ./tmp/tmp.plp 
SBep4_c824-N
./tmp/sound.wav -> ./tmp/tmp.plp 
SBep4_c832-N
./tmp/sound.wav -> ./tmp/tmp.plp 
SBep4_c835-I
./tmp/sound.wav -> ./tmp/tmp.plp 
SBep4_c838-I
./tmp/sound.wav -> ./tmp/tmp.plp 
SBep4_c854-N
./tmp/sound.wav -> ./tmp/tmp.plp 
SBep4_c856-N
./tmp/sound.wav -> ./tmp/tmp.plp 
SBep4_c858-N
./tmp/sound.wav -> ./tmp/tmp.plp 
SBep4_c859-N
./tmp/sound.wav -> ./tmp/tmp.plp 
SBep4_c863-N
./tmp/sound.wav -> ./tmp/tmp.plp 
SBep4_c872-N
./tmp/sound.wav -> ./tmp/tmp.plp 
SBep4_c879-I
./tmp/sound.wav -> ./tmp/tmp.plp 
SBep4_c883-N
./tmp/sound.wav -> ./tmp/tmp.plp 
SBep4_c884-N
./tmp/sound.wav -> ./tmp/tmp.plp 
SBep4_c886-N
./tmp/sound.wav -> ./tmp/tmp.plp 
SBep4_c896-I
./tmp/sound.wav -> ./tmp/tmp.plp 
  ERROR [+6550]  LoadHTKList: Label Name Expected
 FATAL ERROR - Terminating program HVite
Traceback (most recent call last):
  File "/Users/helengent/Desktop/Irony-Recognition/AcousticFeatureExtraction/preProcessing/ASR/lib/Penn/align.py", line 318, in <module>
    writeTextGrid(outfile, readAlignedMLF(output_mlf, SR, float(wave_start)))
  File "/Users/helengent/Desktop/Irony-Recognition/AcousticFeatureExtraction/preProcessing/ASR/lib/Penn/align.py", line 137, in readAlignedMLF
    raise ValueError("Alignment did not complete succesfully.")
ValueError: Alignment did not complete succesfully.
SBep4_c899-I
./tmp/sound.wav -> ./tmp/tmp.plp 
SBep4_c914-N
./tmp/sound.wav -> ./tmp/tmp.plp 
SBep4_c918-N
./tmp/sound.wav -> ./tmp/tmp.plp 
SBep4_c94-N
./tmp/sound.wav -> ./tmp/tmp.plp 
SBep4_c949-N
./tmp/sound.wav -> ./tmp/tmp.plp 
SBep4_c955-N
./tmp/sound.wav -> ./tmp/tmp.plp 
SBep4_c961-N
./tmp/sound.wav -> ./tmp/tmp.plp 
SBep4_c963-N
./tmp/sound.wav -> ./tmp/tmp.plp 
SBep4_c964-N
./tmp/sound.wav -> ./tmp/tmp.plp 
SBep4_c968-N
./tmp/sound.wav -> ./tmp/tmp.plp 
SBep4_c978-N
./tmp/sound.wav -> ./tmp/tmp.plp 
SBep4_c981-N
./tmp/sound.wav -> ./tmp/tmp.plp 
SBep4_c986-N
./tmp/sound.wav -> ./tmp/tmp.plp 
SBep4_c990-N
./tmp/sound.wav -> ./tmp/tmp.plp 
SBep4_d100-N
./tmp/sound.wav -> ./tmp/tmp.plp 
SBep4_d1006-N
./tmp/sound.wav -> ./tmp/tmp.plp 
SBep4_d1007-N
./tmp/sound.wav -> ./tmp/tmp.plp 
SBep4_d1016-I
./tmp/sound.wav -> ./tmp/tmp.plp 
SBep4_d1022-N
./tmp/sound.wav -> ./tmp/tmp.plp 
SBep4_d1024-N
./tmp/sound.wav -> ./tmp/tmp.plp 
SBep4_d1028-N
./tmp/sound.wav -> ./tmp/tmp.plp 
SBep4_d1034-I
./tmp/sound.wav -> ./tmp/tmp.plp 
SBep4_d1036-I
./tmp/sound.wav -> ./tmp/tmp.plp 
SBep4_d1039-N
./tmp/sound.wav -> ./tmp/tmp.plp 
SBep4_d1054-N
./tmp/sound.wav -> ./tmp/tmp.plp 
SBep4_d1057-N
./tmp/sound.wav -> ./tmp/tmp.plp 
SBep4_d1059-I
./tmp/sound.wav -> ./tmp/tmp.plp 
SBep4_d1066-N
./tmp/sound.wav -> ./tmp/tmp.plp 
SBep4_d1075-N
./tmp/sound.wav -> ./tmp/tmp.plp 
SBep4_d1080-N
./tmp/sound.wav -> ./tmp/tmp.plp 
  ERROR [+6550]  LoadHTKList: Label Name Expected
 FATAL ERROR - Terminating program HVite
Traceback (most recent call last):
  File "/Users/helengent/Desktop/Irony-Recognition/AcousticFeatureExtraction/preProcessing/ASR/lib/Penn/align.py", line 318, in <module>
    writeTextGrid(outfile, readAlignedMLF(output_mlf, SR, float(wave_start)))
  File "/Users/helengent/Desktop/Irony-Recognition/AcousticFeatureExtraction/preProcessing/ASR/lib/Penn/align.py", line 137, in readAlignedMLF
    raise ValueError("Alignment did not complete succesfully.")
ValueError: Alignment did not complete succesfully.
SBep4_d1091-N
./tmp/sound.wav -> ./tmp/tmp.plp 
SBep4_d1095-N
./tmp/sound.wav -> ./tmp/tmp.plp 
SBep4_d1100-N
./tmp/sound.wav -> ./tmp/tmp.plp 
SBep4_d1101-N
./tmp/sound.wav -> ./tmp/tmp.plp 
SBep4_d1102-N
./tmp/sound.wav -> ./tmp/tmp.plp 
SBep4_d1115-I
./tmp/sound.wav -> ./tmp/tmp.plp 
SBep4_d1119-N
./tmp/sound.wav -> ./tmp/tmp.plp 
SBep4_d1129-N
./tmp/sound.wav -> ./tmp/tmp.plp 
SBep4_d1130-N
./tmp/sound.wav -> ./tmp/tmp.plp 
SBep4_d1131-N
./tmp/sound.wav -> ./tmp/tmp.plp 
SBep4_d1135-I
./tmp/sound.wav -> ./tmp/tmp.plp 
SBep4_d1140-N
./tmp/sound.wav -> ./tmp/tmp.plp 
SBep4_d1152-N
./tmp/sound.wav -> ./tmp/tmp.plp 
SBep4_d1155-N
./tmp/sound.wav -> ./tmp/tmp.plp 
SBep4_d1158-I
./tmp/sound.wav -> ./tmp/tmp.plp 
SBep4_d1177-I
./tmp/sound.wav -> ./tmp/tmp.plp 
SBep4_d1178-I
./tmp/sound.wav -> ./tmp/tmp.plp 
SBep4_d118-N
./tmp/sound.wav -> ./tmp/tmp.plp 
SBep4_d1180-I
./tmp/sound.wav -> ./tmp/tmp.plp 
SBep4_d1184-N
./tmp/sound.wav -> ./tmp/tmp.plp 
SBep4_d1186-I
./tmp/sound.wav -> ./tmp/tmp.plp 
SBep4_d1200-I
./tmp/sound.wav -> ./tmp/tmp.plp 
SBep4_d1217-N
./tmp/sound.wav -> ./tmp/tmp.plp 
  ERROR [+6550]  LoadHTKList: Label Name Expected
 FATAL ERROR - Terminating program HVite
Traceback (most recent call last):
  File "/Users/helengent/Desktop/Irony-Recognition/AcousticFeatureExtraction/preProcessing/ASR/lib/Penn/align.py", line 318, in <module>
    writeTextGrid(outfile, readAlignedMLF(output_mlf, SR, float(wave_start)))
  File "/Users/helengent/Desktop/Irony-Recognition/AcousticFeatureExtraction/preProcessing/ASR/lib/Penn/align.py", line 137, in readAlignedMLF
    raise ValueError("Alignment did not complete succesfully.")
ValueError: Alignment did not complete succesfully.
SBep4_d1227-N
./tmp/sound.wav -> ./tmp/tmp.plp 
SBep4_d1229-N
./tmp/sound.wav -> ./tmp/tmp.plp 
SBep4_d1232-N
./tmp/sound.wav -> ./tmp/tmp.plp 
SBep4_d1235-N
./tmp/sound.wav -> ./tmp/tmp.plp 
SBep4_d1242-N
./tmp/sound.wav -> ./tmp/tmp.plp 
SBep4_d125-N
./tmp/sound.wav -> ./tmp/tmp.plp 
SBep4_d1250-N
./tmp/sound.wav -> ./tmp/tmp.plp 
SBep4_d1251-N
./tmp/sound.wav -> ./tmp/tmp.plp 
SBep4_d126-N
./tmp/sound.wav -> ./tmp/tmp.plp 
SBep4_d127-N
./tmp/sound.wav -> ./tmp/tmp.plp 
SBep4_d133-N
./tmp/sound.wav -> ./tmp/tmp.plp 
SBep4_d143-I
./tmp/sound.wav -> ./tmp/tmp.plp 
SBep4_d152-I
./tmp/sound.wav -> ./tmp/tmp.plp 
SBep4_d155-N
./tmp/sound.wav -> ./tmp/tmp.plp 
SBep4_d161-N
./tmp/sound.wav -> ./tmp/tmp.plp 
SBep4_d163-I
./tmp/sound.wav -> ./tmp/tmp.plp 
SBep4_d166-I
./tmp/sound.wav -> ./tmp/tmp.plp 
SBep4_d174-I
./tmp/sound.wav -> ./tmp/tmp.plp 
SBep4_d176-I
./tmp/sound.wav -> ./tmp/tmp.plp 
SBep4_d178-N
./tmp/sound.wav -> ./tmp/tmp.plp 
SBep4_d18-N
./tmp/sound.wav -> ./tmp/tmp.plp 
SBep4_d180-N
./tmp/sound.wav -> ./tmp/tmp.plp 
SBep4_d184-I
./tmp/sound.wav -> ./tmp/tmp.plp 
SBep4_d194-I
./tmp/sound.wav -> ./tmp/tmp.plp 
SBep4_d198-I
./tmp/sound.wav -> ./tmp/tmp.plp 
SBep4_d2-N
./tmp/sound.wav -> ./tmp/tmp.plp 
SBep4_d207-I
./tmp/sound.wav -> ./tmp/tmp.plp 
SBep4_d210-I
./tmp/sound.wav -> ./tmp/tmp.plp 
SBep4_d214-N
./tmp/sound.wav -> ./tmp/tmp.plp 
SBep4_d233-I
./tmp/sound.wav -> ./tmp/tmp.plp 
SBep4_d234-I
./tmp/sound.wav -> ./tmp/tmp.plp 
SBep4_d238-N
./tmp/sound.wav -> ./tmp/tmp.plp 
SBep4_d24-I
./tmp/sound.wav -> ./tmp/tmp.plp 
SBep4_d240-N
./tmp/sound.wav -> ./tmp/tmp.plp 
SBep4_d241-N
./tmp/sound.wav -> ./tmp/tmp.plp 
SBep4_d252-I
./tmp/sound.wav -> ./tmp/tmp.plp 
SBep4_d255-I
./tmp/sound.wav -> ./tmp/tmp.plp 
SBep4_d258-I
./tmp/sound.wav -> ./tmp/tmp.plp 
SBep4_d26-I
./tmp/sound.wav -> ./tmp/tmp.plp 
SBep4_d263-N
./tmp/sound.wav -> ./tmp/tmp.plp 
SBep4_d264-N
./tmp/sound.wav -> ./tmp/tmp.plp 
SBep4_d271-I
./tmp/sound.wav -> ./tmp/tmp.plp 
SBep4_d274-I
./tmp/sound.wav -> ./tmp/tmp.plp 
SBep4_d279-N
./tmp/sound.wav -> ./tmp/tmp.plp 
SBep4_d28-I
./tmp/sound.wav -> ./tmp/tmp.plp 
SBep4_d29-I
./tmp/sound.wav -> ./tmp/tmp.plp 
SBep4_d3-N
./tmp/sound.wav -> ./tmp/tmp.plp 
SBep4_d305-N
./tmp/sound.wav -> ./tmp/tmp.plp 
SBep4_d31-I
./tmp/sound.wav -> ./tmp/tmp.plp 
SBep4_d313-N
./tmp/sound.wav -> ./tmp/tmp.plp 
SBep4_d315-N
./tmp/sound.wav -> ./tmp/tmp.plp 
SBep4_d326-N
./tmp/sound.wav -> ./tmp/tmp.plp 
SBep4_d327-N
./tmp/sound.wav -> ./tmp/tmp.plp 
SBep4_d335-N
./tmp/sound.wav -> ./tmp/tmp.plp 
SBep4_d337-I
./tmp/sound.wav -> ./tmp/tmp.plp 
SBep4_d341-I
./tmp/sound.wav -> ./tmp/tmp.plp 
SBep4_d342-I
./tmp/sound.wav -> ./tmp/tmp.plp 
SBep4_d343-I
./tmp/sound.wav -> ./tmp/tmp.plp 
SBep4_d356-I
./tmp/sound.wav -> ./tmp/tmp.plp 
SBep4_d364-I
./tmp/sound.wav -> ./tmp/tmp.plp 
SBep4_d37-I
./tmp/sound.wav -> ./tmp/tmp.plp 
SBep4_d38-I
./tmp/sound.wav -> ./tmp/tmp.plp 
SBep4_d386-N
./tmp/sound.wav -> ./tmp/tmp.plp 
SBep4_d387-N
./tmp/sound.wav -> ./tmp/tmp.plp 
SBep4_d397-N
./tmp/sound.wav -> ./tmp/tmp.plp 
SBep4_d406-N
./tmp/sound.wav -> ./tmp/tmp.plp 
SBep4_d414-N
./tmp/sound.wav -> ./tmp/tmp.plp 
SBep4_d42-I
./tmp/sound.wav -> ./tmp/tmp.plp 
SBep4_d423-I
./tmp/sound.wav -> ./tmp/tmp.plp 
SBep4_d424-N
./tmp/sound.wav -> ./tmp/tmp.plp 
SBep4_d427-N
./tmp/sound.wav -> ./tmp/tmp.plp 
SBep4_d429-N
./tmp/sound.wav -> ./tmp/tmp.plp 
SBep4_d430-N
./tmp/sound.wav -> ./tmp/tmp.plp 
SBep4_d432-I
./tmp/sound.wav -> ./tmp/tmp.plp 
SBep4_d437-N
./tmp/sound.wav -> ./tmp/tmp.plp 
SBep4_d444-N
./tmp/sound.wav -> ./tmp/tmp.plp 
SBep4_d447-N
./tmp/sound.wav -> ./tmp/tmp.plp 
SBep4_d45-N
./tmp/sound.wav -> ./tmp/tmp.plp 
SBep4_d460-N
./tmp/sound.wav -> ./tmp/tmp.plp 
SBep4_d463-N
./tmp/sound.wav -> ./tmp/tmp.plp 
SBep4_d466-N
./tmp/sound.wav -> ./tmp/tmp.plp 
SBep4_d474-N
./tmp/sound.wav -> ./tmp/tmp.plp 
SBep4_d479-N
./tmp/sound.wav -> ./tmp/tmp.plp 
SBep4_d486-N
./tmp/sound.wav -> ./tmp/tmp.plp 
SBep4_d494-I
./tmp/sound.wav -> ./tmp/tmp.plp 
SBep4_d496-I
./tmp/sound.wav -> ./tmp/tmp.plp 
SBep4_d500-N
./tmp/sound.wav -> ./tmp/tmp.plp 
SBep4_d502-N
./tmp/sound.wav -> ./tmp/tmp.plp 
SBep4_d523-N
./tmp/sound.wav -> ./tmp/tmp.plp 
SBep4_d526-N
./tmp/sound.wav -> ./tmp/tmp.plp 
SBep4_d530-N
./tmp/sound.wav -> ./tmp/tmp.plp 
SBep4_d535-N
./tmp/sound.wav -> ./tmp/tmp.plp 
SBep4_d537-N
./tmp/sound.wav -> ./tmp/tmp.plp 
SBep4_d539-N
./tmp/sound.wav -> ./tmp/tmp.plp 
SBep4_d542-N
./tmp/sound.wav -> ./tmp/tmp.plp 
SBep4_d56-N
./tmp/sound.wav -> ./tmp/tmp.plp 
SBep4_d563-I
./tmp/sound.wav -> ./tmp/tmp.plp 
SBep4_d564-I
./tmp/sound.wav -> ./tmp/tmp.plp 
SBep4_d575-N
./tmp/sound.wav -> ./tmp/tmp.plp 
SBep4_d577-N
./tmp/sound.wav -> ./tmp/tmp.plp 
SBep4_d584-N
./tmp/sound.wav -> ./tmp/tmp.plp 
SBep4_d589-N
./tmp/sound.wav -> ./tmp/tmp.plp 
SBep4_d591-N
./tmp/sound.wav -> ./tmp/tmp.plp 
SBep4_d592-N
./tmp/sound.wav -> ./tmp/tmp.plp 
SBep4_d596-N
./tmp/sound.wav -> ./tmp/tmp.plp 
SBep4_d602-N
./tmp/sound.wav -> ./tmp/tmp.plp 
SBep4_d61-I
./tmp/sound.wav -> ./tmp/tmp.plp 
SBep4_d613-N
./tmp/sound.wav -> ./tmp/tmp.plp 
SBep4_d615-N
./tmp/sound.wav -> ./tmp/tmp.plp 
SBep4_d619-N
./tmp/sound.wav -> ./tmp/tmp.plp 
SBep4_d62-I
./tmp/sound.wav -> ./tmp/tmp.plp 
SBep4_d623-N
./tmp/sound.wav -> ./tmp/tmp.plp 
SBep4_d632-N
./tmp/sound.wav -> ./tmp/tmp.plp 
SBep4_d64-I
./tmp/sound.wav -> ./tmp/tmp.plp 
SBep4_d645-I
./tmp/sound.wav -> ./tmp/tmp.plp 
SBep4_d647-I
./tmp/sound.wav -> ./tmp/tmp.plp 
SBep4_d649-N
./tmp/sound.wav -> ./tmp/tmp.plp 
SBep4_d654-I
./tmp/sound.wav -> ./tmp/tmp.plp 
SBep4_d655-I
./tmp/sound.wav -> ./tmp/tmp.plp 
SBep4_d656-I
./tmp/sound.wav -> ./tmp/tmp.plp 
SBep4_d664-N
./tmp/sound.wav -> ./tmp/tmp.plp 
SBep4_d666-N
./tmp/sound.wav -> ./tmp/tmp.plp 
SBep4_d673-I
./tmp/sound.wav -> ./tmp/tmp.plp 
SBep4_d675-N
./tmp/sound.wav -> ./tmp/tmp.plp 
SBep4_d678-I
./tmp/sound.wav -> ./tmp/tmp.plp 
SBep4_d681-N
./tmp/sound.wav -> ./tmp/tmp.plp 
SBep4_d691-N
./tmp/sound.wav -> ./tmp/tmp.plp 
SBep4_d696-N
./tmp/sound.wav -> ./tmp/tmp.plp 
SBep4_d704-N
./tmp/sound.wav -> ./tmp/tmp.plp 
SBep4_d709-N
./tmp/sound.wav -> ./tmp/tmp.plp 
SBep4_d713-N
./tmp/sound.wav -> ./tmp/tmp.plp 
SBep4_d716-I
./tmp/sound.wav -> ./tmp/tmp.plp 
SBep4_d731-N
./tmp/sound.wav -> ./tmp/tmp.plp 
SBep4_d738-N
./tmp/sound.wav -> ./tmp/tmp.plp 
SBep4_d743-N
./tmp/sound.wav -> ./tmp/tmp.plp 
SBep4_d745-N
./tmp/sound.wav -> ./tmp/tmp.plp 
SBep4_d750-I
./tmp/sound.wav -> ./tmp/tmp.plp 
SBep4_d763-N
./tmp/sound.wav -> ./tmp/tmp.plp 
SBep4_d77-I
./tmp/sound.wav -> ./tmp/tmp.plp 
SBep4_d770-N
./tmp/sound.wav -> ./tmp/tmp.plp 
SBep4_d774-N
./tmp/sound.wav -> ./tmp/tmp.plp 
SBep4_d79-I
./tmp/sound.wav -> ./tmp/tmp.plp 
SBep4_d796-N
./tmp/sound.wav -> ./tmp/tmp.plp 
SBep4_d797-N
./tmp/sound.wav -> ./tmp/tmp.plp 
SBep4_d811-N
./tmp/sound.wav -> ./tmp/tmp.plp 
SBep4_d823-N
./tmp/sound.wav -> ./tmp/tmp.plp 
SBep4_d827-N
./tmp/sound.wav -> ./tmp/tmp.plp 
SBep4_d829-N
./tmp/sound.wav -> ./tmp/tmp.plp 
SBep4_d834-I
./tmp/sound.wav -> ./tmp/tmp.plp 
SBep4_d836-I
./tmp/sound.wav -> ./tmp/tmp.plp 
SBep4_d837-I
./tmp/sound.wav -> ./tmp/tmp.plp 
SBep4_d839-I
./tmp/sound.wav -> ./tmp/tmp.plp 
SBep4_d840-N
./tmp/sound.wav -> ./tmp/tmp.plp 
SBep4_d843-N
./tmp/sound.wav -> ./tmp/tmp.plp 
SBep4_d845-N
./tmp/sound.wav -> ./tmp/tmp.plp 
SBep4_d849-N
./tmp/sound.wav -> ./tmp/tmp.plp 
SBep4_d855-N
./tmp/sound.wav -> ./tmp/tmp.plp 
SBep4_d857-N
./tmp/sound.wav -> ./tmp/tmp.plp 
SBep4_d865-N
./tmp/sound.wav -> ./tmp/tmp.plp 
SBep4_d876-N
./tmp/sound.wav -> ./tmp/tmp.plp 
SBep4_d877-I
./tmp/sound.wav -> ./tmp/tmp.plp 
SBep4_d878-I
./tmp/sound.wav -> ./tmp/tmp.plp 
SBep4_d885-N
./tmp/sound.wav -> ./tmp/tmp.plp 
SBep4_d892-I
./tmp/sound.wav -> ./tmp/tmp.plp 
SBep4_d897-I
./tmp/sound.wav -> ./tmp/tmp.plp 
SBep4_d901-I
./tmp/sound.wav -> ./tmp/tmp.plp 
SBep4_d907-N
./tmp/sound.wav -> ./tmp/tmp.plp 
SBep4_d91-N
./tmp/sound.wav -> ./tmp/tmp.plp 
SBep4_d913-N
./tmp/sound.wav -> ./tmp/tmp.plp 
SBep4_d919-N
./tmp/sound.wav -> ./tmp/tmp.plp 
SBep4_d921-N
./tmp/sound.wav -> ./tmp/tmp.plp 
SBep4_d922-N
./tmp/sound.wav -> ./tmp/tmp.plp 
SBep4_d927-N
./tmp/sound.wav -> ./tmp/tmp.plp 
SBep4_d93-N
./tmp/sound.wav -> ./tmp/tmp.plp 
SBep4_d933-N
./tmp/sound.wav -> ./tmp/tmp.plp 
SBep4_d934-N
./tmp/sound.wav -> ./tmp/tmp.plp 
SBep4_d941-N
./tmp/sound.wav -> ./tmp/tmp.plp 
SBep4_d948-N
./tmp/sound.wav -> ./tmp/tmp.plp 
SBep4_d95-N
./tmp/sound.wav -> ./tmp/tmp.plp 
SBep4_d956-N
./tmp/sound.wav -> ./tmp/tmp.plp 
SBep4_d962-I
./tmp/sound.wav -> ./tmp/tmp.plp 
SBep4_d965-N
./tmp/sound.wav -> ./tmp/tmp.plp 
SBep4_d967-N
./tmp/sound.wav -> ./tmp/tmp.plp 
SBep4_d97-N
./tmp/sound.wav -> ./tmp/tmp.plp 
SBep4_d972-N
./tmp/sound.wav -> ./tmp/tmp.plp 
SBep4_d98-N
./tmp/sound.wav -> ./tmp/tmp.plp 
SBep4_d989-N
./tmp/sound.wav -> ./tmp/tmp.plp 
SBep4_d993-N
./tmp/sound.wav -> ./tmp/tmp.plp 
SBep4_d996-N
./tmp/sound.wav -> ./tmp/tmp.plp 
SBep4_d997-N
./tmp/sound.wav -> ./tmp/tmp.plp 
SBep4_d999-N
./tmp/sound.wav -> ./tmp/tmp.plp 
SBep4_h107-N
./tmp/sound.wav -> ./tmp/tmp.plp 
SBep4_h1149-N
./tmp/sound.wav -> ./tmp/tmp.plp 
SBep4_h1150-N
./tmp/sound.wav -> ./tmp/tmp.plp 
SBep4_h1179-I
./tmp/sound.wav -> ./tmp/tmp.plp 
SBep4_h1240-N
./tmp/sound.wav -> ./tmp/tmp.plp 
SBep4_h1256-N
./tmp/sound.wav -> ./tmp/tmp.plp 
SBep4_h129-N
./tmp/sound.wav -> ./tmp/tmp.plp 
SBep4_h137-N
./tmp/sound.wav -> ./tmp/tmp.plp 
SBep4_h27-I
./tmp/sound.wav -> ./tmp/tmp.plp 
SBep4_h290-N
./tmp/sound.wav -> ./tmp/tmp.plp 
SBep4_h300-N
./tmp/sound.wav -> ./tmp/tmp.plp 
SBep4_h36-I
./tmp/sound.wav -> ./tmp/tmp.plp 
SBep4_h367-I
./tmp/sound.wav -> ./tmp/tmp.plp 
SBep4_h381-N
./tmp/sound.wav -> ./tmp/tmp.plp 
SBep4_h389-N
./tmp/sound.wav -> ./tmp/tmp.plp 
SBep4_h391-N
./tmp/sound.wav -> ./tmp/tmp.plp 
SBep4_h398-N
./tmp/sound.wav -> ./tmp/tmp.plp 
SBep4_h404-N
./tmp/sound.wav -> ./tmp/tmp.plp 
SBep4_h457-N
./tmp/sound.wav -> ./tmp/tmp.plp 
SBep4_h467-N
./tmp/sound.wav -> ./tmp/tmp.plp 
SBep4_h529-N
./tmp/sound.wav -> ./tmp/tmp.plp 
SBep4_h551-N
./tmp/sound.wav -> ./tmp/tmp.plp 
SBep4_h63-I
./tmp/sound.wav -> ./tmp/tmp.plp 
SBep4_h631-N
./tmp/sound.wav -> ./tmp/tmp.plp 
SBep4_h65-I
./tmp/sound.wav -> ./tmp/tmp.plp 
SBep4_h68-N
./tmp/sound.wav -> ./tmp/tmp.plp 
SBep4_h70-N
./tmp/sound.wav -> ./tmp/tmp.plp 
SBep4_h703-N
./tmp/sound.wav -> ./tmp/tmp.plp 
SBep4_h71-N
./tmp/sound.wav -> ./tmp/tmp.plp 
SBep4_h712-N
./tmp/sound.wav -> ./tmp/tmp.plp 
SBep4_h723-N
./tmp/sound.wav -> ./tmp/tmp.plp 
SBep4_h727-N
./tmp/sound.wav -> ./tmp/tmp.plp 
SBep4_h746-N
./tmp/sound.wav -> ./tmp/tmp.plp 
SBep4_h755-N
./tmp/sound.wav -> ./tmp/tmp.plp 
SBep4_h757-N
./tmp/sound.wav -> ./tmp/tmp.plp 
SBep4_h906-N
./tmp/sound.wav -> ./tmp/tmp.plp 
SBep4_h928-N
./tmp/sound.wav -> ./tmp/tmp.plp 
SBep4_h931-N
./tmp/sound.wav -> ./tmp/tmp.plp 
SBep4_h937-N
./tmp/sound.wav -> ./tmp/tmp.plp 
SBep4_h943-N
./tmp/sound.wav -> ./tmp/tmp.plp 
working on file 100/1238
working on file 200/1238
working on file 300/1238
working on file 400/1238
working on file 500/1238
working on file 600/1238
working on file 700/1238
working on file 800/1238
working on file 900/1238
working on file 1000/1238
working on file 1100/1238
working on file 1200/1238
