SBep4_c781-N
SBep14_d135-N
SBep23_c307-I
SBep3_d1258-I
SBep3_c234-N
SBep15_c82-N
SBep4_c978-N
SBep19_d392-I
SBep28_c92-N
SBep2_e368-I
SBep23_c695-I
SBep3_c664-N
SBep4_c990-N
SBep16_c123-N
SBep4_d750-I
SBep13_c114-N
SBep3_c453-I
SBep6_c909-N
SBep21_d1037-I
SBep23_d793-I
SBep21_c188-I
SBep13_c409-N
SBep21_c724-N
SBep3_c1219-N
SBep4_c173-I
SBep13_d406-N
SBep21_c1453-I
SBep15_d52-I
SBep3_d679-N
SBep6_d430-I
SBep2_d151-I
SBep2_c123-N
SBep23_o1232-N
SBep3_d988-I
SBep21_s505-I
SBep3_f113-I
SBep27_c155-I
SBep14_c311-I
SBep23_c1033-N
SBep16_c303-I
SBep6_d253-N
SBep4_c854-N
SBep23_c1125-N
SBep21_s879-N
SBep23_c844-N
SBep2_c447-I
SBep13_d783-N
SBep28_c375-N
SBep21_c168-I
SBep2_d191-N
SBep4_h931-N
SBep13_c600-N
SBep6_d752-I
SBep3_d1043-I
SBep4_d919-N
SBep3_f128-N
SBep19_c279-I
SBep2_d2-N
SBep16_d479-N
SBep6_d197-I
SBep4_d691-N
SBep14_d364-I
SBep21_d762-I
SBep16_c95-N
SBep27_t217-N
SBep3_d1226-N
SBep21_c1663-N
SBep16_c468-I
SBep3_d1208-I
SBep23_c494-N
SBep23_c1336-N
SBep4_c1257-N
SBep3_f1108-I
SBep13_c252-N
SBep27_d87-I
SBep3_f831-N
SBep19_d304-N
SBep3_d908-N
SBep21_c883-N
SBep4_d1131-N
SBep23_o1160-N
SBep21_d1480-N
SBep3_f537-N
SBep16_c4-I
SBep13_d763-I
SBep23_c1461-N
SBep3_c118-N
SBep15_c15-N
SBep16_c253-N
SBep23_o143-I
SBep4_c550-N
SBep21_d1432-I
SBep3_c16-I
SBep21_s1045-N
SBep28_d454-I
SBep2_c272-I
SBep2_d50-N
SBep15_c396-N
SBep3_d801-I
SBep3_f573-I
SBep6_j180-I
SBep21_d1422-N
SBep2_d91-N
SBep23_c1398-N
SBep3_d626-N
SBep14_d24-I
SBep21_d522-N
SBep28_d52-I
SBep2_e416-N
SBep16_d395-I
SBep6_d823-I
SBep15_c520-I
SBep2_d573-I
SBep27_d169-I
SBep2_c19-N
SBep23_c73-I
SBep13_c323-I
SBep3_d1023-I
SBep27_d270-N
SBep15_d245-I
SBep16_c405-N
SBep23_c338-N
SBep3_d451-I
SBep2_d471-I
SBep3_d1390-N
SBep6_c657-I
SBep23_o1235-N
SBep13_c454-I
SBep13_c518-N
SBep27_c7-N
SBep19_c539-I
SBep2_e61-I
SBep4_c203-N
SBep3_d938-N
SBep13_c506-N
SBep15_o629-I
SBep21_s271-I
SBep16_c120-I
SBep3_c81-I
SBep6_j343-I
SBep2_d128-N
SBep28_d730-I
SBep16_d521-I
SBep23_o319-I
SBep15_c589-I
SBep21_d1681-I
SBep4_d100-N
SBep16_d274-I
SBep21_d388-I
SBep3_d1361-I
SBep4_c110-N
SBep3_c1382-N
SBep28_c162-N
SBep23_c260-N
SBep14_c277-N
SBep3_d841-I
SBep21_c287-I
SBep19_d118-I
SBep15_c373-I
SBep3_d677-I
SBep21_d1407-N
SBep13_d416-N
SBep16_d448-I
SBep14_k717-I
SBep15_o168-I
SBep16_d99-I
SBep6_j854-I
SBep4_c159-N
SBep15_d279-N
SBep19_d313-N
SBep13_d431-N
SBep3_c880-I
SBep6_c735-I
SBep16_d346-N
SBep6_j156-I
SBep27_d252-I
SBep23_c196-N
SBep15_c53-N
SBep4_d577-N
SBep2_d562-N
SBep2_d277-I
SBep3_d147-N
SBep3_d888-N
SBep16_d180-I
SBep3_d1402-I
SBep6_d445-I
SBep21_d1135-I
SBep4_d1095-N
SBep27_c373-N
SBep6_c314-I
SBep27_d490-I
SBep2_e10-N
SBep14_d533-N
SBep2_d546-N
SBep19_d33-I
SBep3_f39-I
SBep3_c325-N
SBep21_d1019-N
SBep27_c21-I
SBep21_d278-I
SBep3_c974-I
SBep3_c1063-N
SBep23_c306-I
SBep2_c274-I
SBep23_c122-I
SBep16_c325-N
SBep21_d1684-I
SBep27_d449-I
SBep19_d11-N
SBep13_d455-I
SBep4_h943-N
SBep15_o184-N
SBep21_d279-I
SBep23_d303-I
SBep3_c1299-I
SBep27_t408-I
SBep19_d13-N
SBep6_j282-I
SBep23_o939-N
SBep14_k335-I
SBep16_d6-N
SBep21_d159-I
SBep4_h457-N
SBep28_c8-N
SBep21_s1101-N
SBep23_o11-N
SBep14_d314-I
SBep23_d96-I
SBep3_f561-N
SBep14_d527-I
SBep3_d260-N
SBep2_c176-N
SBep14_d290-I
SBep2_c553-N
SBep16_c402-I
SBep21_c1156-I
SBep16_d500-I
SBep14_d381-I
SBep6_c108-I
SBep13_d141-N
SBep15_d313-N
SBep27_t438-N
SBep23_o1230-N
SBep19_d513-I
SBep23_d508-N
SBep6_d852-I
SBep2_e516-I
SBep27_c67-I
SBep21_s1379-N
SBep21_c239-N
SBep3_d729-I
SBep4_h68-N
SBep21_d272-I
SBep2_e334-I
SBep21_c793-I
SBep21_d1351-N
SBep6_d695-I
SBep3_d1322-I
SBep6_d699-N
SBep14_c120-I
SBep4_d1100-N
SBep21_c1635-I
SBep6_d734-I
SBep21_s276-I
SBep4_d836-I
SBep16_q316-N
SBep27_d432-I
SBep13_d293-N
SBep23_c1228-N
SBep3_d597-I
SBep14_k615-I
SBep23_c574-I
SBep28_u627-N
SBep6_c439-I
SBep3_d47-N
SBep21_d646-N
SBep6_d83-I
SBep16_d254-N
SBep23_c383-N
SBep19_c158-N
SBep14_c667-N
SBep28_c396-N
SBep3_c868-I
SBep4_c783-N
SBep2_e525-I
SBep3_c1308-N
SBep23_d1108-N
SBep21_d98-I
SBep6_d838-I
SBep21_c1886-I
SBep4_c16-N
SBep2_d130-N
SBep14_k683-I
SBep2_d185-I
SBep4_d423-I
SBep3_c1352-I
SBep2_c453-N
SBep21_d710-N
SBep4_d1024-N
SBep6_d291-I
SBep13_c298-N
SBep23_o403-N
SBep6_d123-I
SBep6_j478-N
SBep21_c63-I
SBep19_d351-I
SBep21_s606-N
SBep21_d1853-N
SBep3_f874-I
SBep19_c517-I
SBep3_c514-I
SBep19_c57-I
SBep19_c223-I
SBep3_d1005-I
SBep6_d775-I
SBep6_c182-I
SBep23_c663-N
SBep3_c421-N
SBep19_d198-N
SBep27_t372-N
SBep14_d718-I
SBep3_d1113-I
SBep28_c256-N
SBep28_d596-N
SBep21_c1817-N
SBep3_c1027-I
SBep19_d71-I
SBep16_c75-N
SBep23_o914-N
SBep19_d339-N
SBep6_c797-N
SBep6_d455-I
SBep21_d1097-N
SBep6_d356-I
SBep15_o578-I
SBep14_k87-I
SBep3_f1106-N
SBep16_d338-I
SBep23_o345-I
SBep4_h129-N
SBep3_c594-I
SBep14_d210-I
SBep2_e14-N
SBep21_d1391-N
SBep23_d489-N
SBep14_k382-I
SBep6_j543-I
SBep4_c1143-N
SBep21_d1338-N
SBep6_j222-I
SBep21_c1270-N
SBep19_d266-I
SBep19_d458-I
SBep28_u238-N
SBep28_c152-I
SBep3_c1004-I
SBep6_j628-N
SBep21_c1067-I
SBep21_c770-I
SBep6_d817-I
SBep21_d807-I
SBep6_d745-N
SBep23_c1279-N
SBep3_d1371-I
SBep3_d991-I
SBep27_c6-N
SBep19_d61-I
SBep21_d1962-N
SBep3_f443-N
SBep14_k441-N
SBep28_u237-N
SBep3_d1329-I
SBep6_j857-N
SBep21_c467-I
SBep16_q115-N
SBep14_d601-N
SBep3_f570-N
SBep14_d198-I
SBep19_d268-I
SBep15_c348-I
SBep23_o560-N
SBep23_c650-N
SBep14_d532-I
SBep23_c1217-N
SBep21_c1402-N
SBep4_d537-N
SBep13_c262-N
SBep28_d689-I
SBep13_d273-N
SBep19_c165-N
SBep21_d174-N
SBep6_d61-I
SBep23_o333-N
SBep21_s1491-I
SBep13_c286-N
SBep19_d108-I
SBep21_d1965-N
SBep21_d1706-I
SBep3_f1296-I
SBep2_e522-I
SBep21_s758-N
SBep6_c18-I
SBep23_c1458-N
SBep16_q149-N
SBep6_c146-N
SBep3_d967-N
SBep6_d405-I
SBep19_d381-N
SBep21_d21-I
SBep6_c243-I
SBep13_d564-N
SBep21_s529-N
SBep19_c193-I
SBep2_d309-I
SBep2_c513-N
SBep23_d1147-N
SBep2_c40-N
SBep3_c342-N
SBep21_c966-I
SBep21_c832-I
SBep21_c426-I
SBep27_d246-I
SBep2_c240-I
SBep21_s1933-I
SBep4_d91-N
SBep28_d589-I
SBep28_c70-I
SBep23_c899-N
SBep15_d468-I
SBep28_d643-I
SBep4_c856-N
SBep2_d496-N
SBep16_d104-I
SBep14_d519-I
SBep14_d54-I
SBep14_d702-N
SBep13_c22-N
SBep28_d499-N
SBep28_c605-N
SBep6_j331-I
SBep16_q114-N
SBep6_j589-I
SBep21_d608-I
SBep19_c345-N
SBep23_o927-N
SBep28_c356-N
SBep3_d1028-I
SBep16_d527-I
SBep4_d447-N
SBep23_c839-N
SBep21_c698-I
SBep6_d207-I
SBep28_c540-N
SBep3_c462-I
SBep19_d316-I
SBep14_d216-N
SBep19_c495-I
SBep4_c603-N
SBep27_d178-I
SBep19_d248-N
SBep4_d2-N
SBep6_d257-I
SBep23_o933-N
SBep15_d152-I
SBep23_c416-I
SBep2_c266-I
SBep19_c311-N
SBep23_c109-I
SBep6_j280-I
SBep23_c151-N
SBep14_d40-N
SBep16_q246-I
SBep23_o186-N
SBep13_c305-N
SBep21_s880-N
SBep3_c114-I
SBep14_c694-I
SBep4_c319-N
SBep6_j623-I
SBep21_d888-I
SBep16_c178-I
SBep3_d872-I
SBep13_d361-N
SBep3_d423-I
SBep23_c1135-N
SBep4_c638-N
SBep4_c1023-N
SBep3_c1048-N
SBep28_u278-N
SBep27_c292-I
SBep6_d113-I
SBep21_d985-N
SBep14_c505-N
SBep23_d227-I
SBep2_d540-I
SBep15_c624-I
SBep21_c824-I
SBep14_d272-N
SBep4_c509-N
SBep3_d1214-I
SBep3_d964-I
SBep6_c913-N
SBep23_d470-N
SBep23_d1349-I
SBep3_c548-I
SBep16_c401-I
SBep14_c657-N
SBep15_c241-I
SBep15_o613-N
SBep2_d323-N
SBep6_d886-N
SBep2_c57-I
SBep23_c176-N
SBep27_c40-I
SBep21_d46-I
SBep4_d619-N
SBep14_d664-N
SBep14_k490-N
SBep19_c500-I
SBep6_d198-I
SBep16_d536-N
SBep13_d740-N
SBep28_d314-N
SBep21_s1510-I
SBep2_c336-I
SBep23_c1064-N
SBep23_c967-N
SBep4_h389-N
SBep3_c771-N
SBep16_d496-I
SBep3_d255-N
SBep15_c658-I
SBep23_o1254-N
SBep3_f1145-N
SBep3_c469-I
SBep2_d463-I
SBep4_c1157-I
SBep21_d478-N
SBep2_e92-N
SBep3_c244-I
SBep4_c548-N
SBep16_c469-I
SBep3_c278-I
SBep3_f402-I
SBep21_s538-N
SBep21_d1049-I
SBep3_d784-I
SBep2_e51-N
SBep28_d104-I
SBep21_c497-I
SBep28_u723-N
SBep3_d1198-I
SBep21_d36-I
SBep23_d144-I
SBep27_c467-N
SBep23_o1264-N
SBep14_k353-I
SBep23_d1006-I
SBep21_s49-N
SBep6_j923-I
SBep23_c1299-N
SBep23_c629-N
SBep2_c342-I
SBep3_c500-N
SBep3_f103-N
SBep28_d612-N
SBep13_c277-N
SBep6_j313-I
SBep14_d422-I
SBep19_d31-I
SBep28_d664-I
SBep21_d1728-N
SBep13_c170-I
SBep16_c263-N
SBep13_d500-N
SBep23_o665-N
SBep28_d118-I
SBep4_c1218-N
SBep3_d247-I
SBep19_c417-N
SBep15_o191-I
SBep16_c481-I
SBep14_d289-I
SBep27_c505-N
SBep14_k312-I
SBep4_d965-N
SBep21_c783-I
SBep6_j359-I
SBep6_d1047-N
SBep27_c337-I
SBep27_d71-N
SBep19_c30-N
SBep13_c67-N
SBep2_d217-I
SBep27_d309-N
SBep23_o94-N
SBep4_h1150-N
SBep23_c660-N
SBep23_d1081-I
SBep3_c1298-I
SBep14_d673-I
SBep3_c695-N
SBep21_s413-I
SBep23_c770-N
SBep6_j709-I
SBep4_c209-I
SBep2_d62-I
SBep21_d220-N
SBep21_c1848-I
SBep2_d172-N
SBep23_o805-N
SBep6_d759-I
SBep4_d1115-I
SBep28_c461-N
SBep4_c590-N
SBep19_c66-I
SBep27_d383-I
SBep3_c775-N
SBep4_d563-I
SBep19_c536-N
SBep16_d296-I
SBep21_s1784-N
SBep27_d443-I
SBep6_d720-I
SBep19_d349-I
SBep2_e220-N
SBep4_h1256-N
SBep3_d692-N
SBep19_d228-N
SBep16_c90-N
SBep15_o464-N
SBep27_d104-I
SBep4_c1027-N
SBep21_c1007-I
SBep2_c455-N
SBep16_d569-I
SBep6_j204-I
SBep4_c838-I
SBep3_f1168-N
SBep14_d90-I
SBep23_c3-N
SBep3_d465-I
SBep21_c1657-N
SBep3_f1143-N
SBep3_c1255-N
SBep3_f1385-I
SBep23_c1308-N
SBep14_d256-I
SBep14_d196-I
SBep14_k727-I
SBep21_d1216-I
SBep21_c172-N
SBep16_c477-I
SBep23_c1065-I
SBep16_q146-I
SBep4_c1107-N
SBep21_s483-N
SBep23_d640-I
SBep3_c314-I
SBep15_d106-I
SBep21_s490-N
SBep3_c1368-I
SBep14_c291-I
SBep16_q152-N
SBep6_d147-N
SBep4_c317-N
SBep23_o97-I
SBep15_o110-N
SBep6_j418-I
SBep16_c419-N
SBep4_d252-I
SBep21_c568-I
SBep14_c315-N
SBep21_c1622-I
SBep21_c1463-I
SBep4_d840-N
SBep28_u528-I
SBep14_d235-I
SBep16_c509-I
SBep14_d34-I
SBep4_c572-N
SBep15_c433-I
SBep6_d450-N
SBep21_s1891-N
SBep3_c878-I
SBep3_c1041-N
SBep3_c1137-I
SBep16_c66-I
SBep3_f410-N
SBep23_d124-I
SBep21_c339-N
SBep19_d101-N
SBep21_c1947-N
SBep6_j985-I
SBep6_d555-I
SBep16_q466-N
SBep15_d235-N
SBep23_o427-N
SBep15_c196-I
SBep16_d407-N
SBep21_s1392-N
SBep4_h381-N
SBep21_d295-I
SBep23_c734-I
SBep21_c389-I
SBep23_c87-N
SBep3_d1017-I
SBep16_q199-N
SBep16_d369-I
SBep28_d216-N
SBep21_d1955-I
SBep23_c175-N
SBep6_j91-N
SBep3_d1300-N
SBep23_c1021-N
SBep3_c366-N
SBep4_d530-N
SBep16_c480-N
SBep27_c334-I
SBep16_d35-I
SBep4_d1129-N
SBep21_c1354-N
SBep6_j897-N
SBep23_d538-N
SBep15_d369-I
SBep19_d182-I
SBep21_d247-I
SBep23_c503-N
SBep27_t161-N
SBep27_c451-N
SBep3_f1116-N
SBep23_o323-N
SBep6_j122-I
SBep2_d527-N
SBep14_d394-N
SBep3_c1304-N
SBep3_f240-N
SBep16_d389-N
SBep21_s1297-N
SBep3_f1332-N
SBep28_d254-N
SBep15_d200-I
SBep19_c335-N
SBep27_d319-N
SBep27_t302-I
SBep23_d1145-N
SBep3_c748-N
SBep23_o471-N
SBep28_c225-N
SBep13_c119-N
SBep3_d993-I
SBep23_d1298-I
SBep16_q341-I
SBep3_d1305-N
SBep28_c729-N
SBep13_d429-N
SBep3_f116-N
SBep14_d398-I
SBep21_d1153-I
SBep15_d80-I
SBep4_c1070-N
SBep4_c676-N
SBep27_t417-N
SBep21_d1582-N
SBep21_s926-N
SBep27_d72-N
SBep2_d567-N
SBep21_d558-I
SBep6_c134-N
SBep28_u371-N
SBep13_c624-N
SBep4_c1090-N
SBep28_c404-N
SBep13_c117-N
SBep3_c322-N
SBep6_d281-I
SBep3_d753-N
SBep4_c1154-N
SBep2_c107-N
SBep23_d1198-I
SBep6_c13-I
SBep28_d535-I
SBep15_c394-N
SBep13_c390-N
SBep19_c473-I
SBep3_d896-I
SBep6_c545-I
SBep6_d354-I
SBep23_d1436-N
SBep28_d364-I
SBep28_c397-N
SBep3_f289-N
SBep21_c1445-I
SBep4_d774-N
SBep23_d532-I
SBep15_d454-I
SBep23_d1121-N
SBep13_c466-N
SBep28_d196-I
SBep28_c16-N
SBep15_d144-I
SBep4_d62-I
SBep23_d1451-N
SBep21_d1168-I
SBep16_c269-I
SBep19_c26-N
SBep3_d1011-N
SBep3_d91-I
SBep6_j553-I
SBep23_o384-I
SBep15_c319-N
SBep23_d568-N
SBep19_c32-I
SBep2_c139-I
SBep4_c1254-N
SBep2_c70-N
SBep6_c55-I
SBep6_d441-I
SBep28_d48-I
SBep4_h398-N
SBep21_d958-N
SBep2_d583-N
SBep28_d30-I
SBep21_d1175-I
SBep15_d253-N
SBep14_c607-I
SBep28_c458-N
SBep3_c1359-I
SBep21_d1776-N
SBep3_d1291-I
SBep23_c53-I
SBep21_s374-I
SBep23_c314-I
SBep6_d193-I
SBep15_c617-I
SBep3_c251-I
SBep16_c446-I
SBep16_q396-I
SBep2_e15-N
SBep21_s1554-N
SBep6_c848-I
SBep23_o1090-I
SBep27_d516-N
SBep19_d380-N
SBep14_k565-N
SBep27_d356-N
SBep14_d416-I
SBep3_d760-N
SBep23_d970-N
SBep4_d463-N
SBep23_d1431-N
SBep21_c144-I
SBep3_c875-I
SBep3_d1131-I
SBep3_c42-I
SBep28_d246-N
SBep3_d60-I
SBep23_d441-N
SBep23_d439-N
SBep6_j389-I
SBep6_d361-I
SBep16_d193-I
SBep6_d265-I
SBep3_d178-I
SBep19_d21-N
SBep14_c332-I
SBep4_c1071-N
SBep2_d244-I
SBep19_d444-I
SBep6_c850-I
SBep2_c606-I
SBep21_d1585-I
SBep15_o21-I
SBep16_d208-I
SBep3_d395-I
SBep14_c147-N
SBep28_d591-I
SBep6_j731-N
SBep21_c1583-N
SBep16_q170-N
SBep21_d380-I
SBep4_c677-N
SBep6_d620-N
SBep2_d265-I
SBep19_d274-I
SBep6_j443-I
SBep13_c683-N
SBep19_c472-I
SBep21_s1290-N
SBep3_c295-I
SBep23_d295-N
SBep4_d647-I
SBep21_c1288-N
SBep4_h27-I
SBep16_q377-I
SBep27_c533-N
SBep3_c248-N
SBep13_d632-N
SBep21_d907-I
SBep4_d1178-I
SBep3_c153-N
SBep27_c369-I
SBep28_u537-N
SBep14_c53-I
SBep6_d588-I
SBep6_j364-N
SBep14_c374-N
SBep19_c491-I
SBep23_d381-I
SBep2_d289-I
SBep21_s1647-I
SBep21_d784-I
SBep21_d87-I
SBep23_c1503-N
SBep14_d670-I
SBep6_d136-I
SBep4_d664-N
SBep6_d706-N
SBep19_c126-N
SBep19_d527-I
SBep28_c613-N
SBep6_d642-N
SBep2_d203-N
SBep21_s116-N
SBep2_d169-N
SBep16_d549-I
SBep3_d644-I
SBep6_c741-I
SBep21_c693-I
SBep3_f542-N
SBep3_d1309-N
SBep3_c796-N
SBep21_s734-I
SBep3_d1008-I
SBep16_d538-N
SBep2_d26-N
SBep4_d584-N
SBep13_d508-N
SBep19_d63-I
SBep16_d475-I
SBep16_d520-N
SBep3_d962-I
SBep3_d946-I
SBep4_c1159-N
SBep14_c676-N
SBep6_d885-N
SBep4_c81-N
SBep15_c11-I
SBep6_d310-I
SBep3_c1303-N
SBep14_d614-I
SBep4_d623-N
SBep3_d379-N
SBep6_d382-I
SBep23_c375-I
SBep19_d243-I
SBep3_c464-I
SBep15_o469-I
SBep4_d526-N
SBep15_d236-I
SBep4_c1049-N
SBep6_j411-I
SBep6_d655-N
SBep19_c370-I
SBep4_h404-N
SBep2_d401-I
SBep3_c1295-I
SBep3_c381-N
SBep21_s96-N
SBep2_c557-N
SBep23_o1363-N
SBep2_d521-I
SBep19_c35-I
SBep21_c1343-I
SBep28_u488-N
SBep3_f6-N
SBep16_q286-I
SBep4_c94-N
SBep19_c318-I
SBep4_d1250-N
SBep2_d578-I
SBep23_d342-I
SBep19_c262-I
SBep4_c1089-N
SBep2_d153-I
SBep23_o1162-N
SBep4_c182-N
SBep3_d763-N
SBep4_c835-I
SBep28_d581-N
SBep2_e324-N
SBep14_d707-I
SBep21_d1587-I
SBep23_c751-N
SBep13_c692-N
SBep13_d747-N
SBep21_s1584-I
SBep21_s1383-N
SBep14_d680-I
SBep14_c582-N
SBep6_j716-N
SBep27_t491-I
SBep6_d938-I
SBep2_c466-I
SBep4_d997-N
SBep16_d329-N
SBep6_c137-I
SBep21_c1712-I
SBep3_d200-I
SBep21_c156-I
SBep13_c397-N
SBep19_c465-N
SBep3_d936-I
SBep21_d835-N
SBep4_c224-N
SBep6_j496-N
SBep21_c432-N
SBep3_c1222-N
SBep28_d153-I
SBep23_c4-N
SBep13_c434-N
SBep27_c439-I
SBep23_o380-I
SBep28_c348-N
SBep21_c394-I
SBep15_o427-N
SBep27_d437-I
SBep16_d374-I
SBep6_c171-I
SBep21_d1550-I
SBep21_s1674-I
SBep6_j476-N
SBep14_c7-I
SBep6_d391-I
SBep27_t63-I
SBep14_d701-N
SBep23_o952-N
SBep19_d170-N
SBep13_c488-N
SBep6_j520-I
SBep14_d389-I
SBep23_o1516-N
SBep13_d400-N
SBep23_o1390-N
SBep14_k429-N
SBep19_c410-N
SBep16_c198-N
SBep3_d606-I
SBep19_d46-I
SBep4_c187-N
SBep6_c617-I
SBep21_d1588-I
SBep6_d395-I
SBep19_d156-N
SBep16_d414-I
SBep3_d662-N
SBep23_o1247-N
SBep28_d98-I
SBep6_c37-I
SBep2_e126-N
SBep13_c591-N
SBep3_c778-N
SBep2_c290-N
SBep13_d281-N
SBep6_j821-I
SBep21_s963-N
SBep21_d858-I
SBep4_c720-I
SBep14_d417-I
SBep16_q421-N
SBep16_d63-I
SBep28_d579-I
SBep14_d633-N
SBep19_d516-I
SBep2_e314-N
SBep21_c376-I
SBep4_c310-N
SBep16_c443-I
SBep16_d572-I
SBep14_c259-N
SBep4_d210-I
SBep23_o1444-N
SBep15_c561-N
SBep15_c442-N
SBep27_c421-N
SBep3_d698-I
SBep19_c367-I
SBep28_u91-N
SBep3_c1002-I
SBep16_c378-I
SBep21_d624-I
SBep21_d1418-I
SBep13_c314-I
SBep23_d977-N
SBep21_d1122-I
SBep16_q441-N
SBep4_c55-N
SBep21_d614-I
SBep6_c959-N
SBep2_d504-I
SBep4_c360-N
SBep21_c1176-N
SBep23_o671-N
SBep4_h551-N
SBep16_c523-N
SBep16_q353-N
SBep23_o6-N
SBep21_c186-I
SBep2_d111-I
SBep27_d256-N
SBep16_q558-N
SBep21_d1513-I
SBep23_o945-N
SBep23_o938-N
SBep21_c916-I
SBep3_d957-N
SBep14_d346-I
SBep28_d344-N
SBep21_s1938-I
SBep21_d1314-I
SBep27_d101-I
SBep4_d523-N
SBep14_c154-N
SBep3_d1052-N
SBep16_c484-I
SBep6_j818-I
SBep16_c566-N
SBep13_d234-I
SBep3_f1115-N
SBep13_c164-I
SBep14_k613-I
SBep3_d970-N
SBep27_t282-N
SBep23_o409-I
SBep27_c123-N
SBep2_e178-N
SBep27_c195-I
SBep6_d398-I
SBep19_d224-I
SBep4_h300-N
SBep6_d614-I
SBep21_c796-I
SBep3_d624-N
SBep16_d142-I
SBep6_c881-I
SBep6_d824-I
SBep13_c360-N
SBep4_d1152-N
SBep19_c82-I
SBep27_d245-I
SBep4_c262-N
SBep23_d38-I
SBep3_f1174-I
SBep6_c425-I
SBep23_d318-I
SBep3_c1223-N
SBep28_d197-I
SBep4_d1016-I
SBep3_d197-I
SBep4_h71-N
SBep28_d54-I
SBep15_d633-I
SBep16_c368-N
SBep3_f789-N
SBep6_j911-N
SBep16_q330-N
SBep28_c90-N
SBep14_c209-I
SBep16_c431-I
SBep14_d654-I
SBep6_j872-N
SBep3_d549-I
SBep21_c379-I
SBep19_d215-I
SBep21_d512-N
SBep13_d817-I
SBep23_d1057-N
SBep3_c764-I
SBep23_o207-N
SBep3_d1270-I
SBep14_c708-I
SBep6_d1057-N
SBep4_c1209-N
SBep4_d654-I
SBep23_o1275-N
SBep3_c239-N
SBep3_c35-N
SBep28_c21-N
SBep23_c1351-I
SBep14_d305-N
SBep4_c693-N
SBep19_c540-I
SBep21_d108-I
SBep3_c1264-N
SBep14_k517-I
SBep14_d163-N
SBep3_d1203-I
SBep15_o370-I
SBep28_u180-N
SBep4_c370-N
SBep21_d555-I
SBep2_d382-I
SBep4_d1200-I
SBep4_c378-N
SBep21_d1410-I
SBep15_o432-I
SBep3_d847-N
SBep21_s10-N
SBep2_c212-N
SBep16_c76-N
SBep14_d573-I
SBep28_d85-I
SBep27_c166-I
SBep3_d751-N
SBep3_c1124-N
SBep16_d82-N
SBep3_c631-N
SBep28_c687-I
SBep27_c510-N
SBep2_d36-N
SBep14_d696-I
SBep13_c300-N
SBep15_o107-I
SBep23_c1273-N
SBep3_c781-I
SBep23_d1422-N
SBep27_d485-I
SBep14_k83-N
SBep14_d378-I
SBep15_c393-N
SBep23_c1174-I
SBep4_d424-N
SBep13_c597-N
SBep2_c5-N
SBep3_c1301-N
SBep6_j792-N
SBep6_d761-I
SBep23_c889-N
SBep3_c5-N
SBep27_t498-N
SBep2_d89-I
SBep3_d478-I
SBep19_c186-I
SBep13_c185-N
SBep6_d249-I
SBep27_c3-N
SBep3_d1087-N
SBep21_s1711-N
SBep16_d442-I
SBep14_d63-I
SBep6_d424-I
SBep14_d22-N
SBep23_d66-I
SBep19_d203-I
SBep14_k183-N
SBep14_c302-N
SBep6_d299-I
SBep3_f1339-N
SBep3_d858-I
SBep3_d949-N
SBep3_d961-I
SBep21_c1957-N
SBep2_d268-N
SBep23_o1010-I
SBep19_d73-I
SBep21_c1460-N
SBep21_d1778-N
SBep28_c209-N
SBep21_c391-I
SBep6_c808-N
SBep6_d211-N
SBep3_d1084-N
SBep13_c306-N
SBep6_c459-N
SBep21_s939-N
SBep3_d1418-I
SBep2_d134-N
SBep3_c963-I
SBep3_f851-N
SBep23_d513-N
SBep28_d363-I
SBep2_d365-N
SBep21_s1849-N
SBep3_d1238-N
SBep23_c449-N
SBep21_d1731-N
SBep3_f127-N
SBep21_s25-I
SBep15_o656-I
SBep28_c81-N
SBep16_d184-N
SBep14_k477-N
SBep15_o145-I
SBep21_c1677-N
SBep6_c434-I
SBep23_c639-N
SBep4_c914-N
SBep19_c358-N
SBep19_c499-I
SBep27_c370-I
SBep2_e142-N
SBep23_c1173-N
SBep14_d585-I
SBep23_d465-N
SBep4_h529-N
SBep27_c162-N
SBep4_d1180-I
SBep23_o228-I
SBep3_c1103-N
SBep4_d1101-N
SBep3_d1006-I
SBep16_c222-N
SBep28_c399-N
SBep4_d704-N
SBep21_s1607-N
SBep3_f1025-I
SBep3_f169-N
SBep3_c1144-N
SBep4_c598-N
SBep21_d297-I
SBep3_f545-N
SBep28_d391-N
SBep16_d510-I
SBep21_s289-I
SBep23_o1216-N
SBep13_d686-N
SBep21_c416-I
SBep6_c790-N
SBep16_d102-I
SBep6_j142-I
SBep14_c361-N
SBep14_d656-I
SBep4_c964-N
SBep13_d563-N
SBep14_c341-N
SBep23_o44-I
SBep27_t146-N
SBep28_d583-N
SBep19_c352-I
SBep19_d8-N
SBep16_d425-I
SBep14_d310-I
SBep2_d529-I
SBep14_c681-I
SBep21_d692-I
SBep23_d469-N
SBep21_d1319-I
SBep2_e17-I
SBep3_d717-N
SBep16_d245-I
SBep21_s406-I
SBep4_c858-N
SBep3_d730-I
SBep21_d1070-I
SBep23_d493-N
SBep27_d234-I
SBep28_c169-N
SBep3_d678-N
SBep21_s1167-N
SBep4_d1242-N
SBep14_d337-I
SBep13_d36-N
SBep16_c339-N
SBep23_c1208-N
SBep21_c557-I
SBep14_k60-I
SBep15_c608-N
SBep3_c487-N
SBep4_d430-N
SBep2_d259-N
SBep23_d624-I
SBep23_d433-N
SBep21_c919-I
SBep13_c342-N
SBep28_u32-N
SBep28_c265-N
SBep21_c1244-I
SBep13_d606-N
SBep21_d471-I
SBep23_d1413-N
SBep2_d465-I
SBep3_c630-N
SBep23_d515-N
SBep4_d1177-I
SBep19_d177-N
SBep21_s1805-N
SBep3_d427-I
SBep27_c185-I
SBep4_d927-N
SBep23_o206-N
SBep21_d1643-I
SBep16_c427-I
SBep3_d1234-N
SBep21_d1532-N
SBep3_d19-I
SBep13_c720-N
SBep6_j396-I
SBep6_d437-I
SBep27_d284-N
SBep15_o19-N
SBep3_f445-N
SBep16_d179-I
SBep16_c12-I
SBep28_c45-N
SBep4_d18-N
SBep15_d487-I
SBep4_c179-N
SBep14_c365-N
SBep23_d1521-I
SBep6_c846-N
SBep15_d431-I
SBep3_d146-N
SBep6_d344-I
SBep21_d332-I
SBep13_c788-N
SBep19_c255-I
SBep21_c1254-N
SBep21_c1949-N
SBep14_k447-N
SBep2_d543-N
SBep14_d539-N
SBep6_d920-I
SBep14_c636-N
SBep16_c384-I
SBep23_c74-N
SBep16_q92-N
SBep23_c1030-N
SBep2_d318-I
SBep21_c499-I
SBep15_o237-I
SBep6_c336-I
SBep23_c1185-N
SBep6_j770-N
SBep2_e605-N
SBep2_c154-N
SBep14_c149-N
SBep14_c100-I
SBep14_k562-I
SBep2_c476-N
SBep16_d78-I
SBep27_c468-N
SBep15_c366-N
SBep6_j907-N
SBep2_d87-I
SBep2_e258-I
SBep21_d474-I
SBep21_c799-I
SBep13_d65-N
SBep21_c808-I
SBep15_c37-N
SBep3_d1315-N
SBep23_c1211-N
SBep23_c1302-N
SBep13_d145-I
SBep13_c413-N
SBep14_d642-N
SBep21_d590-N
SBep15_o436-N
SBep21_s1633-I
SBep4_c531-N
SBep6_j702-N
SBep6_j345-I
SBep28_d698-N
SBep15_d62-I
SBep27_c224-N
SBep4_d255-I
SBep3_c351-I
SBep3_d944-I
SBep28_c47-I
SBep16_d272-I
SBep19_d411-N
SBep6_j487-N
SBep15_c108-I
SBep21_c1377-I
SBep27_d315-N
SBep19_c107-I
SBep28_d347-I
SBep16_q167-N
SBep21_c1795-N
SBep6_d337-I
SBep3_c635-N
SBep16_q48-N
SBep23_d310-I
SBep19_d152-N
SBep3_c1007-I
SBep16_d354-N
SBep13_d415-N
SBep27_t289-I
SBep4_c679-N
SBep19_d55-I
SBep21_d1231-N
SBep23_c960-N
SBep3_c772-N
SBep3_d317-I
SBep21_d617-I
SBep3_d550-I
SBep21_d1632-I
SBep16_c387-I
SBep23_d437-N
SBep13_c499-N
SBep3_c1343-I
SBep6_j244-I
SBep2_c506-N
SBep16_c43-I
SBep4_d64-I
SBep21_c1866-I
SBep2_d280-I
SBep4_d479-N
SBep28_c260-N
SBep6_d56-I
SBep3_d810-I
SBep4_d948-N
SBep21_s71-N
SBep3_f1224-N
SBep6_d684-N
SBep27_t95-I
SBep14_k322-I
SBep16_d186-I
SBep19_d188-N
SBep4_c332-N
SBep3_d954-N
SBep4_d855-N
SBep19_c286-I
SBep14_k544-N
SBep23_d947-N
SBep3_c704-N
SBep23_c371-I
SBep14_d12-I
SBep6_d258-I
SBep21_s370-I
SBep14_d439-I
SBep21_c983-I
SBep28_u239-N
SBep28_d157-N
SBep21_d1923-I
SBep21_d386-I
SBep3_d1202-I
SBep28_d517-I
SBep21_d1818-I
SBep23_o1387-N
SBep28_c160-N
SBep3_f865-N
SBep3_d120-N
SBep4_d143-I
SBep21_s501-I
SBep28_c680-I
SBep16_d207-I
SBep14_c682-I
SBep13_d446-N
SBep6_d842-I
SBep23_o455-I
SBep15_d103-I
SBep23_o1499-I
SBep3_d140-I
SBep27_d434-I
SBep28_d263-I
SBep19_c447-I
SBep3_f74-I
SBep6_j552-I
SBep2_c325-N
SBep15_c457-I
SBep21_s1034-N
SBep4_c863-N
SBep14_d395-N
SBep3_c1101-N
SBep14_c503-N
SBep13_d684-N
SBep6_d432-I
SBep3_c641-I
SBep23_c1460-N
SBep4_c328-N
SBep28_u539-N
SBep3_d439-I
SBep4_d161-N
SBep19_c544-I
SBep13_d438-N
SBep14_k462-I
SBep21_c1333-I
SBep14_d150-I
SBep3_d82-I
SBep21_d1537-N
SBep2_c482-N
SBep14_d257-I
SBep21_c162-I
SBep3_c217-N
SBep28_c130-N
SBep3_d756-N
SBep16_d125-I
SBep21_c1843-I
SBep6_d320-N
SBep23_c579-N
SBep21_d1222-N
SBep2_e8-N
SBep16_d229-I
SBep15_c31-I
SBep23_o116-I
SBep23_d783-I
SBep6_c1033-I
SBep14_d205-I
SBep21_d502-I
SBep3_f530-N
SBep19_d510-N
SBep2_d205-N
SBep3_d1417-I
SBep3_c1024-I
SBep6_d312-I
SBep6_d581-N
SBep13_c462-N
SBep19_d531-I
SBep16_d574-I
SBep21_s586-N
SBep2_d79-I
SBep21_c1779-N
SBep16_d555-I
SBep3_f227-N
SBep27_t341-I
SBep6_j501-N
SBep4_c684-N
SBep14_d472-N
SBep6_j170-I
SBep23_d1037-N
SBep3_d1092-I
SBep14_d561-I
SBep2_c232-N
SBep14_k574-I
SBep13_d28-N
SBep4_d934-N
SBep14_d333-I
SBep6_j760-I
SBep3_d589-N
SBep6_d155-I
SBep23_c850-N
SBep16_q452-N
SBep27_t194-N
SBep16_c124-I
SBep23_o208-N
SBep4_d37-I
SBep2_d366-N
SBep21_c1337-I
SBep28_d156-I
SBep15_c563-N
SBep3_c1302-N
SBep3_d951-N
SBep14_c134-I
SBep21_d1305-I
SBep28_u332-N
SBep13_d708-N
SBep14_c66-I
SBep16_q326-N
SBep4_d133-N
SBep3_d999-N
SBep3_c65-N
SBep14_d74-I
SBep3_d1163-I
SBep2_c219-N
SBep13_c146-I
SBep2_d122-I
SBep4_c340-I
SBep4_d1229-N
SBep3_c245-N
SBep21_d1829-N
SBep15_o516-N
SBep19_c523-N
SBep4_c11-N
SBep2_c340-I
SBep15_c556-N
SBep27_d500-I
SBep4_d681-N
SBep21_c465-I
SBep13_c284-N
SBep3_c1021-I
SBep4_d885-N
SBep2_d321-N
SBep6_c215-N
SBep6_j781-N
SBep6_d217-N
SBep23_c1467-I
SBep6_j1013-N
SBep15_o204-I
SBep2_d440-I
SBep14_c737-I
SBep21_s1104-N
SBep28_d466-N
SBep16_d348-N
SBep27_c220-N
SBep6_j203-I
SBep21_s1042-N
SBep21_s280-I
SBep23_d194-N
SBep14_c46-N
SBep14_k528-I
SBep4_c562-N
SBep4_d839-I
SBep3_c882-N
SBep15_d428-I
SBep23_d1384-I
SBep15_c244-N
SBep4_d274-I
SBep3_d1054-N
SBep3_c40-I
SBep2_d548-N
SBep6_c562-N
SBep4_h1179-I
SBep3_f1059-N
SBep3_c55-I
SBep21_d169-I
SBep21_s1429-I
SBep14_d572-I
SBep3_d672-I
SBep21_c199-I
SBep28_d513-N
SBep3_d680-N
SBep16_d355-N
SBep23_c575-I
SBep21_c341-I
SBep6_j801-N
SBep23_o390-N
SBep21_d909-I
SBep13_c669-N
SBep15_d452-N
SBep2_d362-N
SBep13_c350-N
SBep3_c1293-I
SBep23_d533-N
SBep13_c43-N
SBep16_d340-I
SBep21_c701-I
SBep21_d745-I
SBep3_c601-I
SBep15_c537-I
SBep2_c523-I
SBep3_c341-N
SBep21_d1017-N
SBep19_c481-I
SBep14_k264-N
SBep3_d15-I
SBep21_d375-I
SBep27_d293-I
SBep14_d693-I
SBep28_c270-N
SBep14_d612-I
SBep13_c176-N
SBep27_d295-I
SBep6_c271-N
SBep3_c1323-I
SBep19_d474-I
SBep2_c137-I
SBep14_d440-N
SBep15_d12-I
SBep23_c1527-N
SBep16_c447-I
SBep3_f27-I
SBep15_o503-I
SBep16_d211-N
SBep27_c55-N
SBep6_d35-N
SBep6_j39-I
SBep23_d683-N
SBep28_d67-I
SBep3_c359-I
SBep21_s1098-N
SBep14_d420-I
SBep6_d914-N
SBep13_c445-N
SBep23_d22-I
SBep4_c728-N
SBep23_c528-N
SBep23_c18-I
SBep14_c452-I
SBep6_d421-I
SBep6_d53-I
SBep16_d560-N
SBep3_f485-N
SBep6_j41-I
SBep27_d236-I
SBep28_c549-N
SBep19_d187-I
SBep4_d233-I
SBep21_d191-N
SBep23_c821-N
SBep23_c127-N
SBep2_d364-N
SBep6_j117-I
SBep2_c485-N
SBep19_c434-I
SBep2_d399-N
SBep6_c649-I
SBep14_c206-I
SBep23_o701-I
SBep27_t200-I
SBep19_c244-I
SBep28_c36-I
SBep3_c640-N
SBep16_c200-N
SBep6_c357-I
SBep27_c77-N
SBep21_d1637-I
SBep23_c799-N
SBep3_f528-N
SBep14_c603-N
SBep13_d510-N
SBep4_d678-I
SBep23_d582-I
SBep19_d65-I
SBep4_d494-I
SBep23_c1485-N
SBep27_c365-I
SBep4_c1106-N
SBep14_d300-I
SBep3_c922-N
SBep6_d664-I
SBep13_d343-N
SBep2_d333-N
SBep16_d444-I
SBep14_d10-I
SBep6_d488-I
SBep21_d1568-I
SBep21_s1457-N
SBep15_o620-I
SBep3_d703-I
SBep28_d94-I
SBep14_c679-I
SBep13_d120-N
SBep13_d634-N
SBep16_d373-I
SBep4_c571-N
SBep14_c419-I
SBep3_c727-N
SBep16_c315-N
SBep6_j219-I
SBep4_h631-N
SBep2_e498-N
SBep6_j73-I
SBep28_d512-N
SBep3_d905-N
SBep6_j546-I
SBep3_d17-N
SBep2_d568-N
SBep23_o1315-N
SBep13_d55-I
SBep13_d772-N
SBep19_d90-I
SBep14_c250-N
SBep3_d145-N
SBep13_d58-N
SBep27_c12-N
SBep16_d462-N
SBep23_c910-I
SBep21_c1826-N
SBep27_d176-I
SBep23_o1092-I
SBep23_c457-N
SBep14_d139-I
SBep21_s1068-I
SBep4_d743-N
SBep23_o1165-N
SBep2_e386-I
SBep2_c587-N
SBep2_d74-N
SBep23_o1062-I
SBep13_c497-N
SBep19_d543-I
SBep13_d408-N
SBep2_d80-I
SBep6_d727-I
SBep6_j414-N
SBep3_f659-N
SBep14_k451-I
SBep2_c20-I
SBep16_q488-N
SBep6_d130-I
SBep21_d732-I
SBep28_d57-N
SBep6_d844-I
SBep3_d277-I
SBep14_d595-I
SBep15_d50-I
SBep28_u274-N
SBep16_c495-I
SBep14_d479-I
SBep16_c185-N
SBep19_d87-I
SBep2_e423-N
SBep23_d406-I
SBep2_c214-I
SBep3_f1393-N
SBep23_o1348-N
SBep19_d498-I
SBep4_c228-N
SBep21_d1598-I
SBep4_c899-I
SBep14_c621-N
SBep23_o451-N
SBep4_c1015-I
SBep14_d281-I
SBep6_d1036-I
SBep16_q428-N
SBep14_k299-I
SBep13_d760-N
SBep14_d105-I
SBep14_d276-I
SBep27_d410-I
SBep3_f263-N
SBep14_d721-I
SBep27_c367-I
SBep21_c1830-N
SBep14_c140-I
SBep23_d1424-N
SBep27_c199-I
SBep16_d551-I
SBep21_d1800-N
SBep3_c54-I
SBep2_e497-N
SBep21_d1901-N
SBep21_s774-N
SBep21_d1476-I
SBep27_c22-I
SBep15_o397-I
SBep3_c881-I
SBep21_d938-I
SBep27_c331-N
SBep2_c229-I
SBep2_c631-I
SBep3_f1029-N
SBep3_c378-N
SBep23_d1443-N
SBep3_f50-N
SBep14_c39-N
SBep4_c594-N
SBep21_s1558-N
SBep23_c595-N
SBep21_c723-N
SBep23_o852-N
SBep21_s1864-I
SBep3_d871-I
SBep6_c1018-N
SBep28_d247-N
SBep27_d494-I
SBep6_d62-I
SBep3_d1360-N
SBep3_f441-N
SBep16_d403-I
SBep2_e223-N
SBep3_f1370-I
SBep3_d1413-I
SBep28_d407-N
SBep13_d24-N
SBep6_c694-I
SBep4_d933-N
SBep3_c699-I
SBep3_c1268-N
SBep4_c115-N
SBep6_j776-I
SBep6_d43-I
SBep28_c593-I
SBep6_d262-I
SBep13_d279-N
SBep3_d25-I
SBep21_s737-I
SBep21_d1232-N
SBep21_d1936-I
SBep3_c1347-I
SBep2_d273-I
SBep14_k286-N
SBep21_d1271-N
SBep15_c88-N
SBep6_j763-I
SBep3_c702-N
SBep28_c448-N
SBep16_d412-N
SBep15_o41-I
SBep21_d1439-N
SBep23_d1419-N
SBep21_s1497-N
SBep2_d4-I
SBep21_d1822-I
SBep19_d201-I
SBep14_k59-I
SBep2_c531-I
SBep3_d215-I
SBep4_c650-N
SBep6_d939-I
SBep14_d45-I
SBep28_d337-N
SBep6_j183-I
SBep6_c1041-N
SBep3_d761-N
SBep2_c218-I
SBep14_c145-N
SBep21_d1658-I
SBep14_c571-I
SBep16_d53-I
SBep6_c308-I
SBep27_d349-N
SBep21_s403-I
SBep27_c62-I
SBep16_q61-N
SBep6_d23-I
SBep15_d660-N
SBep3_d1391-N
SBep4_d31-I
SBep23_d1341-I
SBep21_s77-N
SBep21_c101-I
SBep27_c327-I
SBep27_t83-I
SBep13_d7-I
SBep27_c11-N
SBep4_d709-N
SBep6_c431-I
SBep23_d1009-I
SBep14_c421-I
SBep15_c260-I
SBep21_s1722-N
SBep23_o61-I
SBep3_d1415-I
SBep6_c836-I
SBep15_d4-I
SBep6_d40-I
SBep27_t343-N
SBep2_d350-I
SBep21_d1673-I
SBep15_o458-I
SBep21_c1004-I
SBep27_t219-I
SBep16_q556-N
SBep19_d546-N
SBep3_d299-I
SBep4_d575-N
SBep2_c81-I
SBep23_o320-N
SBep21_c565-I
SBep6_d352-I
SBep21_c935-I
SBep19_c258-I
SBep23_o321-N
SBep16_c393-N
SBep14_k297-I
SBep3_d1237-N
SBep16_c215-I
SBep23_c76-N
SBep27_d58-N
SBep13_d2-N
SBep27_t103-I
SBep28_c46-N
SBep6_c587-N
SBep21_s862-I
SBep14_c529-I
SBep3_d458-N
SBep4_d535-N
SBep6_d634-N
SBep21_d132-N
SBep14_d237-I
SBep14_d323-I
SBep23_o1178-I
SBep21_d1308-I
SBep23_c1036-N
SBep27_c262-N
SBep23_d113-I
SBep2_e588-N
SBep27_t488-I
SBep27_c261-N
SBep4_c1044-N
SBep19_d69-I
SBep16_c288-N
SBep6_j533-N
SBep27_c515-N
SBep21_d1852-N
SBep2_e371-N
SBep6_j766-N
SBep14_k690-I
SBep6_d178-I
SBep23_c1418-N
SBep3_d211-I
SBep16_d321-N
SBep3_d879-I
SBep6_d1034-I
SBep27_t260-I
SBep6_j347-I
SBep4_c955-N
SBep3_c329-I
SBep28_c49-I
SBep6_j390-I
SBep15_c493-N
SBep13_c364-N
SBep13_c188-N
SBep14_k414-I
SBep19_c231-I
SBep14_c336-I
SBep16_c335-I
SBep21_d927-I
SBep28_d574-N
SBep6_c255-N
SBep21_s1113-N
SBep15_o540-N
SBep28_c731-I
SBep16_q197-N
SBep3_c1400-I
SBep13_d355-N
SBep19_c76-N
SBep6_d943-N
SBep14_c351-N
SBep28_c366-I
SBep14_d569-I
SBep23_c1196-N
SBep23_d67-I
SBep14_c249-N
SBep6_j388-I
SBep27_c486-N
SBep6_c307-N
SBep15_d30-I
SBep2_d369-I
SBep23_c55-I
SBep14_d371-I
SBep3_f1177-N
SBep16_d343-I
SBep21_c598-I
SBep3_d1090-I
SBep6_j296-N
SBep14_d350-N
SBep28_u496-N
SBep19_c532-I
SBep28_c460-N
SBep16_d364-N
SBep13_c603-N
SBep3_d376-I
SBep13_c676-N
SBep28_c137-N
SBep3_c1292-I
SBep14_c199-I
SBep16_c192-I
SBep6_j1038-I
SBep19_d145-N
SBep16_c25-I
SBep15_d10-I
SBep19_c105-I
SBep2_d322-N
SBep6_d201-I
SBep13_d304-N
SBep2_c489-N
SBep21_c1961-N
SBep4_d1006-N
SBep19_c315-I
SBep15_o567-N
SBep28_c164-N
SBep21_d255-N
SBep3_d541-N
SBep4_c158-N
SBep23_d1061-I
SBep4_d829-N
SBep21_c1723-I
SBep21_s346-N
SBep3_d1396-N
SBep19_d180-I
SBep3_c965-I
SBep21_d1316-I
SBep23_d120-I
SBep13_d296-N
SBep6_c916-N
SBep23_c687-N
SBep3_c917-I
SBep3_c1201-N
SBep28_c250-I
SBep13_c3-N
SBep15_d395-I
SBep28_u321-N
SBep13_d569-N
SBep4_h937-N
SBep14_c326-I
SBep19_c521-N
SBep21_d782-I
SBep19_d89-I
SBep14_c234-N
SBep28_d385-N
SBep2_e251-N
SBep21_d1253-N
SBep23_d411-I
SBep6_c355-I
SBep16_d302-I
SBep19_d528-I
SBep14_c675-I
SBep23_c1278-N
SBep13_c439-N
SBep23_o1475-I
SBep4_d460-N
SBep3_f830-N
SBep4_c511-N
SBep3_c785-I
SBep3_d684-N
SBep23_o1361-N
SBep15_d365-N
SBep23_d1079-I
SBep14_d170-I
SBep2_d155-I
SBep21_s859-I
SBep4_h755-N
SBep6_c189-I
SBep6_d358-I
SBep4_d207-I
SBep3_c1404-N
SBep4_h1149-N
SBep3_d893-N
SBep4_c211-N
SBep27_c42-I
SBep23_d1318-I
SBep23_c1276-N
SBep3_f829-N
SBep3_d385-N
SBep21_c1069-I
SBep21_s1423-N
SBep6_j410-I
SBep19_d127-I
SBep4_c1228-N
SBep3_c221-I
SBep19_d230-N
SBep19_c350-I
SBep6_j764-N
SBep3_c323-N
SBep3_c937-I
SBep4_d264-N
SBep16_c375-I
SBep14_k518-I
SBep21_d696-I
SBep6_j403-I
SBep23_c1176-N
SBep28_u615-N
SBep2_e23-N
SBep27_c380-I
SBep2_e160-N
SBep13_c283-N
SBep27_c125-N
SBep14_k80-N
SBep14_c213-N
SBep3_c20-I
SBep13_d507-N
SBep16_c10-I
SBep6_j753-I
SBep19_c28-N
SBep21_s748-I
SBep23_d541-N
SBep3_c676-N
SBep3_f1408-N
SBep14_d648-N
SBep28_c328-N
SBep4_c396-N
SBep19_d496-I
SBep15_o495-N
SBep16_c487-N
SBep23_o1097-N
SBep14_d215-I
SBep28_d393-I
SBep14_c247-N
SBep6_d246-I
SBep14_c143-I
SBep21_s231-N
SBep16_q221-N
SBep16_d236-I
SBep2_e607-N
SBep6_d518-I
SBep3_d75-I
SBep15_o582-N
SBep23_c662-N
SBep23_o1240-N
SBep6_j340-I
SBep28_d697-N
SBep13_d477-N
SBep6_c980-I
SBep2_c373-N
SBep4_d326-N
SBep13_d550-N
SBep4_d589-N
SBep16_c567-N
SBep3_c1260-N
SBep13_d728-N
SBep21_c1390-N
SBep14_k181-N
SBep19_d239-N
SBep21_d500-I
SBep19_d219-I
SBep21_s1218-I
SBep16_d84-N
SBep13_c259-N
SBep21_s1755-N
SBep19_c47-I
SBep2_c35-N
SBep21_d1303-I
SBep21_s1567-I
SBep16_c478-I
SBep16_c525-N
SBep14_c514-I
SBep14_c502-N
SBep13_c211-N
SBep14_k485-I
SBep21_d669-I
SBep2_d285-N
SBep13_d433-N
SBep23_o1345-N
SBep21_d1950-N
SBep15_d222-I
SBep4_d892-I
SBep28_u122-I
SBep21_c725-N
SBep4_d539-N
SBep27_t191-I
SBep21_d1159-N
SBep28_c449-N
SBep15_d138-I
SBep28_u435-N
SBep4_c724-N
SBep23_d1335-I
SBep23_c868-N
SBep21_c1656-I
SBep15_c232-N
SBep6_d922-I
SBep23_o1117-N
SBep4_d466-N
SBep4_d184-I
SBep2_e406-N
SBep2_e495-N
SBep16_d270-I
SBep16_q406-N
SBep6_j621-N
SBep6_d192-I
SBep13_d702-N
SBep27_d481-I
SBep23_d958-I
SBep23_d759-N
SBep27_c528-N
SBep15_d57-N
SBep28_c411-N
SBep3_c592-I
SBep15_c645-N
SBep19_d253-I
SBep2_c302-N
SBep2_e140-I
SBep4_c1126-N
SBep4_d1036-I
SBep21_c1038-I
SBep28_c154-I
SBep19_c296-I
SBep3_f432-N
SBep4_d241-N
SBep23_o1482-N
SBep21_d154-I
SBep21_d482-N
SBep21_d948-I
SBep6_d58-I
SBep6_j1059-N
SBep6_d386-I
SBep21_d1490-I
SBep3_c311-I
SBep15_o550-N
SBep21_c1503-I
SBep27_c150-N
SBep21_d365-N
SBep19_d503-I
SBep23_c948-N
SBep23_c828-N
SBep2_d72-I
SBep21_c317-I
SBep3_f1388-I
SBep21_s1293-N
SBep13_d481-N
SBep14_c193-I
SBep28_c672-N
SBep13_d503-N
SBep4_c918-N
SBep4_d28-I
SBep14_d500-I
SBep6_d624-N
SBep23_c1295-N
SBep3_d1236-I
SBep19_c184-I
SBep3_d582-I
SBep14_c212-N
SBep3_f1072-N
SBep4_c7-N
SBep19_c455-N
SBep13_d777-N
SBep23_c1529-N
SBep4_d921-N
SBep16_c74-N
SBep21_c781-I
SBep14_c13-I
SBep15_c612-N
SBep19_c486-I
SBep16_c33-N
SBep3_f1148-I
SBep27_c483-I
SBep2_d438-N
SBep6_j785-N
SBep23_o752-N
SBep19_d83-I
SBep16_d311-I
SBep19_c84-I
SBep27_c148-N
SBep6_j795-N
SBep3_f446-N
SBep19_c88-I
SBep15_d477-N
SBep23_d951-N
SBep14_c189-I
SBep21_c1597-I
SBep3_c102-N
SBep6_d1032-I
SBep16_d298-I
SBep21_c119-I
SBep16_q163-N
SBep15_d54-I
SBep13_d8-I
SBep19_d183-I
SBep23_c692-N
SBep3_f228-N
SBep16_d126-N
SBep21_s1112-N
SBep21_s147-N
SBep2_d96-N
SBep6_j550-I
SBep15_o63-I
SBep2_c491-N
SBep21_d372-I
SBep6_c477-N
SBep23_c1450-N
SBep16_q552-N
SBep27_c115-N
SBep4_c884-N
SBep27_c186-N
SBep6_c853-I
SBep23_c1452-N
SBep21_c932-I
SBep23_d923-N
SBep4_c1086-N
SBep16_q15-I
SBep3_c700-N
SBep21_s326-I
SBep3_d454-N
SBep3_c646-N
SBep15_d198-I
SBep3_c1245-N
SBep13_d750-N
SBep13_c33-N
SBep23_d419-I
SBep23_c903-N
SBep2_c264-I
SBep27_c347-I
SBep19_c432-N
SBep21_d542-N
SBep21_s1691-N
SBep19_d382-N
SBep4_d542-N
SBep27_d92-I
SBep13_d668-N
SBep21_s1234-I
SBep3_f1363-I
SBep3_c486-N
SBep27_d204-I
SBep6_j937-I
SBep14_d133-I
SBep23_o1124-N
SBep21_s610-N
SBep23_o253-N
SBep6_c132-I
SBep13_d402-N
SBep4_d342-I
SBep28_c159-N
SBep19_d391-I
SBep3_d404-I
SBep3_c346-N
SBep3_c96-I
SBep16_d532-I
SBep19_d462-I
SBep16_c347-N
SBep6_d531-I
SBep6_d508-N
SBep23_c1151-N
SBep19_d297-I
SBep3_c313-I
SBep14_k445-I
SBep23_o596-N
SBep2_c565-I
SBep16_c342-I
SBep21_c407-I
SBep23_d1432-N
SBep27_d174-I
SBep28_c611-N
SBep3_d425-I
SBep16_d304-I
SBep23_d300-N
SBep3_c1205-N
SBep2_c533-I
SBep6_j814-I
SBep2_d117-N
SBep15_c238-I
SBep23_d1473-I
SBep13_c336-N
SBep19_c389-N
SBep23_d417-I
SBep23_d453-I
SBep28_c132-N
SBep13_c709-N
SBep4_c1085-N
SBep13_c150-N
SBep27_d283-N
SBep23_c497-N
SBep4_c120-N
SBep2_c462-N
SBep21_s1035-N
SBep13_c528-N
SBep15_c335-N
SBep13_c158-N
SBep14_k455-N
SBep21_d1565-I
SBep3_c600-I
SBep3_d1111-I
SBep23_o495-N
SBep21_d1230-N
SBep23_c846-N
SBep3_d219-I
SBep23_d580-I
SBep6_c1030-I
SBep14_c324-I
SBep21_c1312-I
SBep23_o833-N
SBep14_k493-N
SBep6_c697-I
SBep4_d427-N
SBep28_d533-I
SBep3_d3-I
SBep2_d577-I
SBep4_c368-I
SBep6_d127-I
SBep2_e66-I
SBep6_d855-I
SBep19_c502-I
SBep13_d452-I
SBep21_s463-N
SBep21_d563-I
SBep16_q376-I
SBep21_d1001-I
SBep14_c594-N
SBep27_t278-N
SBep2_d165-I
SBep14_c28-N
SBep6_d755-I
SBep21_s285-I
SBep23_o382-I
SBep3_f1267-N
SBep6_j701-N
SBep3_f1254-N
SBep21_c1645-I
SBep13_d786-N
SBep21_s1569-N
SBep15_d422-I
SBep21_d1699-I
SBep4_c201-N
SBep2_c283-I
SBep23_c172-N
SBep21_s325-I
SBep3_f1257-N
SBep15_d500-I
SBep23_c1150-N
SBep3_d780-I
SBep16_c394-N
SBep3_d817-N
SBep3_d1193-I
SBep19_c168-I
SBep2_c349-I
SBep4_d878-I
SBep6_j493-N
SBep21_c1442-I
SBep3_f828-N
SBep14_d596-I
SBep14_d141-I
SBep6_c407-I
SBep3_d162-I
SBep6_c1000-N
SBep14_d610-N
SBep21_d277-I
SBep6_d185-I
SBep16_c204-N
SBep21_d1666-I
SBep23_d915-I
SBep3_c177-I
SBep3_d972-N
SBep27_c448-N
SBep19_d439-I
SBep4_d632-N
SBep21_c1823-I
SBep6_j241-I
SBep4_d811-N
SBep23_c591-I
SBep3_d1325-I
SBep3_f30-I
SBep6_d928-N
SBep19_c512-I
SBep27_d251-N
SBep13_c220-N
SBep4_h712-N
SBep6_d932-N
SBep21_s914-I
SBep21_d1577-I
SBep2_e112-N
SBep3_f1189-N
SBep16_c172-I
SBep3_c418-N
SBep28_c100-I
SBep2_c144-N
SBep2_d633-I
SBep16_d382-I
SBep23_c980-N
SBep15_d100-I
SBep4_c485-N
SBep23_d609-N
SBep21_d1827-I
SBep23_o943-N
SBep19_c110-N
SBep21_s66-N
SBep27_d364-I
SBep21_d402-I
SBep14_k424-N
SBep4_c1233-N
SBep27_c469-N
SBep14_c383-I
SBep23_c791-I
SBep21_d1944-N
SBep3_c604-I
SBep6_c532-I
SBep28_d120-I
SBep23_d931-N
SBep6_j67-N
SBep19_d3-N
SBep21_s1036-N
SBep4_c473-N
SBep19_c412-N
SBep13_c148-I
SBep23_d454-I
SBep3_c1064-N
SBep3_d812-I
SBep15_d176-I
SBep19_d353-I
SBep21_s1555-N
SBep4_d922-N
SBep28_c712-N
SBep21_d1474-I
SBep13_d106-I
SBep13_c140-N
SBep3_d629-N
SBep19_d254-I
SBep16_d227-I
SBep6_j689-N
SBep14_c263-N
SBep6_j177-I
SBep13_d648-N
SBep6_c399-I
SBep23_c646-N
SBep2_c231-N
SBep21_d109-I
SBep28_d390-N
SBep23_d900-N
SBep19_d450-I
SBep3_d133-I
SBep6_j692-N
SBep19_d518-I
SBep4_d1080-N
SBep13_d49-I
SBep27_t294-I
SBep4_d56-N
SBep16_c531-I
SBep4_c1076-N
SBep3_c1328-I
SBep23_d27-I
SBep21_c4-N
SBep2_d71-I
SBep15_o142-I
SBep6_j904-I
SBep3_f172-N
SBep21_s356-N
SBep23_c921-N
SBep3_c163-N
SBep23_d106-I
SBep3_d204-I
SBep21_c157-I
SBep4_c1194-N
SBep28_d561-I
SBep6_c383-I
SBep16_q437-N
SBep16_d24-I
SBep16_c380-I
SBep27_t184-I
SBep28_c405-N
SBep16_d45-I
SBep6_j448-I
SBep6_d983-I
SBep19_c533-N
SBep16_c195-N
SBep15_d286-N
SBep13_c258-N
SBep21_d1024-N
SBep2_e436-N
SBep3_c1112-I
SBep23_o755-N
SBep3_d291-N
SBep21_d1483-I
SBep16_q504-N
SBep28_d584-N
SBep14_d516-I
SBep6_d789-N
SBep27_d60-I
SBep23_d510-N
SBep16_c385-I
SBep13_c609-N
SBep27_d198-I
SBep6_j1035-I
SBep13_c730-N
SBep21_c1683-I
SBep28_d69-I
SBep4_d989-N
SBep6_d646-I
SBep21_s1624-N
SBep21_d923-I
SBep21_d1665-I
SBep21_d863-I
SBep3_d231-N
SBep13_c395-N
SBep4_d713-N
SBep19_c449-I
SBep21_d275-N
SBep21_c826-I
SBep19_c146-N
SBep21_s155-I
SBep16_c28-I
SBep21_d237-I
SBep19_d283-I
SBep27_t151-N
SBep3_d374-I
SBep16_d42-I
SBep21_c1905-I
SBep6_j733-N
SBep2_c421-I
SBep6_j80-I
SBep16_c482-I
SBep21_s1664-I
SBep19_c325-I
SBep3_d1100-N
SBep6_d213-N
SBep19_d169-I
SBep15_d418-I
SBep23_d1497-I
SBep27_d163-N
SBep28_c640-I
SBep28_u116-N
SBep3_d355-N
SBep6_c49-N
SBep19_d209-I
SBep6_d707-N
SBep21_d1196-N
SBep6_j279-I
SBep6_j816-I
SBep27_c456-I
SBep6_d736-I
SBep3_c1289-N
SBep21_d699-I
SBep14_d1-I
SBep21_d442-N
SBep6_c728-I
SBep3_f124-N
SBep4_c1109-N
SBep21_c1729-N
SBep28_c690-I
SBep21_c244-I
SBep6_d849-I
SBep14_d214-I
SBep16_c277-N
SBep3_c1358-I
SBep28_d413-N
SBep23_o250-N
SBep6_j636-I
SBep21_s584-N
SBep13_d261-N
SBep4_c30-I
SBep4_d1184-N
SBep3_c429-N
SBep21_s17-N
SBep4_d1075-N
SBep28_u282-N
SBep14_d109-I
SBep28_d527-I
SBep16_q550-N
SBep27_d19-I
SBep3_c71-N
SBep3_d1060-N
SBep3_c645-I
SBep13_d50-I
SBep15_o93-N
SBep19_c288-I
SBep13_d363-N
SBep6_d175-N
SBep14_d470-N
SBep3_d950-N
SBep19_c249-N
SBep16_d356-I
SBep19_c341-N
SBep19_d281-I
SBep14_k356-I
SBep28_c607-N
SBep6_d912-N
SBep27_d253-N
SBep23_c162-N
SBep4_d98-N
SBep21_d1205-N
SBep19_c86-I
SBep16_q268-I
SBep3_d1373-I
SBep28_d415-N
SBep21_c197-I
SBep14_c151-I
SBep3_c508-I
SBep21_d184-N
SBep16_q159-N
SBep6_j616-I
SBep23_c1392-I
SBep6_j841-I
SBep15_d193-I
SBep15_o311-N
SBep21_s209-N
SBep16_d426-I
SBep21_s64-I
SBep16_c67-I
SBep23_o311-I
SBep4_c986-N
SBep4_d198-I
SBep21_d198-I
SBep16_c68-I
SBep27_d254-N
SBep21_s1440-N
SBep28_c95-I
SBep21_d827-N
SBep28_u688-I
SBep2_e581-N
SBep14_d483-I
SBep6_d138-I
SBep21_c819-I
SBep3_d1070-N
SBep28_c608-N
SBep21_c1436-I
SBep3_d976-I
SBep6_d394-I
SBep27_d188-I
SBep6_j72-I
SBep14_k716-I
SBep19_d260-I
SBep14_d369-I
SBep28_c264-N
SBep19_c526-N
SBep15_o376-N
SBep2_e84-N
SBep19_d264-I
SBep21_s609-N
SBep13_d203-N
SBep28_d44-N
SBep3_d512-I
SBep21_d152-I
SBep21_d885-I
SBep6_j719-I
SBep3_d468-I
SBep4_c165-I
SBep3_f1003-I
SBep3_d833-I
SBep28_d614-N
SBep2_d82-I
SBep28_c374-N
SBep14_k515-I
SBep2_e193-N
SBep23_c746-N
SBep21_c625-I
SBep4_d414-N
SBep23_c1477-I
SBep16_q453-N
SBep2_d420-I
SBep28_d119-I
SBep19_d437-I
SBep13_d207-N
SBep4_c963-N
SBep13_c31-N
SBep13_c641-N
SBep21_c604-N
SBep21_s396-N
SBep6_c228-N
SBep6_d729-I
SBep27_t233-I
SBep27_c350-I
SBep6_c293-I
SBep6_j633-I
SBep15_d316-N
SBep21_c1304-I
SBep6_d360-I
SBep21_s532-N
SBep21_d1243-I
SBep3_d708-N
SBep19_c418-N
SBep23_c1152-N
SBep27_d201-I
SBep3_d609-I
SBep3_d1073-N
SBep14_c106-N
SBep3_f835-I
SBep21_d619-I
SBep3_d275-I
SBep21_d1639-I
SBep6_d975-N
SBep4_c1062-I
SBep3_c929-N
SBep6_d528-I
SBep4_d194-I
SBep23_c488-N
SBep23_o1088-N
SBep14_d482-I
SBep27_c458-I
SBep14_c551-N
SBep23_c677-N
SBep28_c227-N
SBep21_d1627-N
SBep15_d512-I
SBep21_d1328-I
SBep3_f1170-N
SBep23_c1043-N
SBep14_c430-N
SBep19_d374-N
SBep23_c115-I
SBep23_o357-N
SBep28_c228-N
SBep6_d266-I
SBep21_d284-I
SBep19_c45-I
SBep3_c713-N
SBep21_s1924-I
SBep21_d1562-I
SBep28_u434-N
SBep23_c817-N
SBep19_d227-N
SBep28_c65-N
SBep23_c1170-N
SBep13_d540-N
SBep28_c99-I
SBep16_d553-N
SBep6_c162-N
SBep28_d705-I
SBep21_d150-I
SBep23_d747-N
SBep15_d372-I
SBep16_c271-I
SBep23_o658-N
SBep21_c562-I
SBep21_c371-I
SBep23_d271-I
SBep23_o414-I
SBep3_c1162-I
SBep6_j525-N
SBep6_c529-I
SBep4_h753-N
SBep28_c645-I
SBep6_j971-N
SBep21_c1154-I
SBep21_c728-I
SBep21_c1339-N
SBep21_s947-I
SBep27_c441-I
SBep16_q404-I
SBep6_c353-I
SBep13_c264-N
SBep23_c757-N
SBep6_c2-N
SBep23_o1350-N
SBep14_k688-I
SBep3_c1262-N
SBep3_d330-I
SBep6_c955-N
SBep28_c284-N
SBep3_d642-I
SBep21_c1182-N
SBep19_c415-N
SBep23_o1054-N
SBep14_k495-N
SBep4_c363-I
SBep21_d1898-I
SBep21_d1956-N
SBep3_f1294-I
SBep6_j466-N
SBep21_c1327-I
SBep21_c1475-I
SBep27_d238-N
SBep21_d319-I
SBep3_c1191-N
SBep19_d97-N
SBep19_c469-N
SBep15_c600-N
SBep28_d124-I
SBep21_c411-I
SBep27_d249-N
SBep6_d71-I
SBep23_c114-I
SBep23_o123-I
SBep15_c655-I
SBep21_c806-I
SBep14_c352-I
SBep16_q344-N
SBep16_d457-I
SBep19_d237-N
SBep3_c1242-I
SBep21_d409-I
SBep23_d1520-N
SBep6_d191-I
SBep27_t385-N
SBep6_j509-N
SBep15_d657-I
SBep23_d1388-I
SBep13_d566-N
SBep21_d823-I
SBep3_c643-I
SBep23_c415-I
SBep23_o121-I
SBep6_c444-I
SBep13_d365-N
SBep6_j982-I
SBep19_c343-N
SBep21_c1114-I
SBep4_d673-I
SBep13_d353-N
SBep21_d1435-I
SBep23_c831-N
SBep16_d154-N
SBep28_u455-I
SBep4_d770-N
SBep6_c420-I
SBep21_s31-N
SBep23_c352-N
SBep2_c319-N
SBep27_d361-I
SBep3_d557-I
SBep14_d23-I
SBep21_d931-I
SBep14_d155-I
SBep21_c1443-I
SBep19_d106-I
SBep6_j641-N
SBep21_s1856-N
SBep28_c693-N
SBep6_j139-I
SBep28_d677-I
SBep15_o288-N
SBep14_c158-N
SBep21_c315-I
SBep4_c202-N
SBep13_d189-N
SBep14_d625-I
SBep23_d60-I
SBep6_d540-I
SBep16_q476-I
SBep6_d1027-I
SBep21_d1511-I
SBep3_c1081-N
SBep6_d110-I
SBep3_c575-I
SBep27_c291-I
SBep16_c119-I
SBep21_d1248-N
SBep21_s1267-N
SBep6_j475-N
SBep16_c46-N
SBep3_f1412-N
SBep3_c375-N
SBep13_c115-N
SBep3_c1069-N
SBep2_e441-I
SBep23_c659-N
SBep2_d626-I
SBep16_d79-I
SBep21_c165-I
SBep16_c470-I
SBep6_j107-N
SBep28_c248-I
SBep21_s68-N
SBep23_o972-N
SBep21_c1821-I
SBep27_d345-N
SBep21_c1420-N
SBep6_d166-N
SBep27_c226-N
SBep4_d615-N
SBep21_d321-I
SBep6_j392-I
SBep21_c1678-N
SBep21_d1816-N
SBep23_d418-I
SBep14_c645-I
SBep28_c459-N
SBep3_d1250-N
SBep23_o1195-N
SBep2_d611-N
SBep4_h746-N
SBep27_c503-I
SBep21_d422-I
SBep6_c102-N
SBep23_d904-I
SBep14_d530-I
SBep19_d121-I
SBep3_c809-I
SBep4_c41-I
SBep21_d1415-I
SBep14_d174-I
SBep2_c534-I
SBep14_d691-I
SBep14_d534-N
SBep13_c385-N
SBep13_d475-N
SBep15_o480-N
SBep3_c2-N
SBep28_c696-I
SBep19_d5-N
SBep23_o37-I
SBep23_o643-I
SBep14_c313-I
SBep14_k229-I
SBep16_c181-N
SBep23_d870-I
SBep21_s702-I
SBep4_d77-I
SBep28_d502-N
SBep2_d630-I
SBep19_c261-N
SBep6_c1058-N
SBep16_d513-I
SBep2_c188-N
SBep13_d674-N
SBep2_d109-I
SBep2_d311-N
SBep3_c420-N
SBep4_d666-N
SBep23_d1479-N
SBep6_c26-I
SBep14_k476-N
SBep21_d833-I
SBep19_c199-N
SBep15_c484-N
SBep3_f1195-I
SBep15_o304-N
SBep23_d1137-N
SBep3_d246-I
SBep6_j580-N
SBep23_d618-I
SBep21_c1592-N
SBep13_c580-N
SBep2_c308-N
SBep3_d552-I
SBep21_d303-N
SBep21_s1082-N
SBep21_c1479-N
SBep21_c327-I
SBep3_c405-I
SBep3_d1340-I
SBep14_c672-I
SBep3_c869-I
SBep21_s1456-N
SBep23_c112-I
SBep6_c485-I
SBep15_d403-N
SBep3_d898-I
SBep2_d338-I
SBep23_d1040-I
SBep4_c556-N
SBep3_d877-I
SBep21_c221-N
SBep21_d1730-N
SBep14_c728-I
SBep2_d180-N
SBep6_d371-N
SBep28_d23-I
SBep28_d585-N
SBep16_c534-N
SBep23_o130-N
SBep21_d934-I
SBep21_s392-I
SBep23_c895-N
SBep28_c174-I
SBep21_s269-I
SBep4_c259-I
SBep21_c1808-N
SBep3_c1319-I
SBep23_o739-N
SBep16_q313-N
SBep3_c422-N
SBep28_d223-I
SBep4_d97-N
SBep3_c1159-I
SBep14_c448-I
SBep6_d223-I
SBep21_c65-I
SBep21_c470-I
SBep27_c362-I
SBep4_d843-N
SBep21_d1648-I
SBep21_s1464-N
SBep21_d979-N
SBep15_o309-N
SBep15_o175-I
SBep28_u445-N
SBep6_c190-I
SBep27_d427-N
SBep23_d1201-I
SBep2_e270-I
SBep19_d515-I
SBep21_d1264-I
SBep3_c596-I
SBep23_o613-I
SBep21_c1398-I
SBep27_d118-N
SBep28_c700-N
SBep3_f173-N
SBep14_k44-I
SBep2_c295-N
SBep21_d384-I
SBep3_d348-I
SBep27_c501-I
SBep4_d174-I
SBep3_c650-I
SBep19_d368-I
SBep2_e429-N
SBep6_d834-I
SBep2_e454-N
SBep4_d24-I
SBep15_o294-N
SBep23_d163-N
SBep4_d61-I
SBep6_j898-N
SBep4_c1128-N
SBep3_c697-N
SBep3_d1330-I
SBep2_c257-N
SBep6_j680-N
SBep15_d182-N
SBep21_d1646-I
SBep6_j179-I
SBep21_d404-I
SBep19_d542-I
SBep3_f1246-N
SBep27_c15-N
SBep19_d301-I
SBep3_f547-N
SBep23_d296-N
SBep23_c847-N
SBep16_c118-I
SBep6_c216-N
SBep3_c1079-N
SBep15_d379-N
SBep21_s259-N
SBep23_d1434-I
SBep21_d1538-N
SBep21_c759-I
SBep4_c128-N
SBep21_c330-I
SBep23_o621-I
SBep21_d1634-I
SBep16_c41-I
SBep14_c239-N
SBep16_q573-I
SBep14_d355-I
SBep4_d1066-N
SBep21_c248-I
SBep3_d909-N
SBep21_d1389-N
SBep6_d14-I
SBep19_d441-I
SBep23_c422-N
SBep13_c685-N
SBep6_d385-I
SBep23_o126-I
SBep3_d414-I
SBep14_c275-I
SBep3_c318-I
SBep19_c242-I
SBep15_c76-N
SBep2_d480-N
SBep14_c366-N
SBep27_t105-I
SBep3_c1121-N
SBep21_d412-I
SBep23_d872-I
SBep21_c564-I
SBep4_d313-N
SBep28_d490-N
SBep3_d794-N
SBep23_o343-I
SBep14_k628-I
SBep23_o1374-N
SBep14_c67-I
SBep2_d492-I
SBep16_c424-I
SBep2_e249-N
SBep14_c338-I
SBep3_f122-N
SBep3_c1015-N
SBep3_d1421-I
SBep23_d1352-I
SBep3_f1110-I
SBep6_j1003-I
SBep23_d142-I
SBep16_c144-N
SBep3_f1338-N
SBep15_c466-I
SBep23_o873-I
SBep23_d1231-N
SBep13_c69-N
SBep16_d26-I
SBep6_d708-I
SBep13_c456-N
SBep28_d526-I
SBep6_d856-N
SBep6_c141-I
SBep3_f1105-N
SBep14_c172-N
SBep16_q319-N
SBep21_c1334-I
SBep19_c336-N
SBep19_c102-I
SBep23_d1114-N
SBep23_o1163-N
SBep14_d590-I
SBep16_q570-I
SBep3_f18-N
SBep21_c980-I
SBep27_d272-N
SBep15_o7-I
SBep3_f232-N
SBep23_o356-N
SBep19_d319-I
SBep19_d289-I
SBep23_d1311-I
SBep6_d38-I
SBep28_c588-N
SBep19_d332-I
SBep21_c167-I
SBep2_d532-I
SBep6_j119-I
SBep6_c527-I
SBep3_f1335-N
SBep23_o1502-N
SBep16_d352-N
SBep3_c471-N
SBep19_c466-N
SBep15_d135-N
SBep19_d494-I
SBep14_d617-I
SBep19_c457-I
SBep4_d180-N
SBep13_d463-N
SBep6_d124-I
SBep14_c606-N
SBep21_c1544-I
SBep23_c361-N
SBep2_d202-N
SBep3_c1399-I
SBep14_c224-I
SBep3_c474-N
SBep14_d438-I
SBep21_d286-I
SBep21_c660-N
SBep3_f123-N
SBep4_c1032-N
SBep27_d400-I
SBep21_d1675-I
SBep15_d640-I
SBep6_c744-I
SBep14_d123-N
SBep2_c355-N
SBep19_d42-I
SBep28_c568-N
SBep2_c73-I
SBep3_d110-I
SBep16_q233-I
SBep27_d404-I
SBep6_d303-I
SBep14_c499-I
SBep15_d295-N
SBep16_c546-N
SBep3_d41-I
SBep6_j530-N
SBep27_c33-N
SBep27_c340-I
SBep21_s1446-I
SBep21_s928-I
SBep4_d1155-N
SBep23_o796-I
SBep6_c25-N
SBep6_d54-I
SBep28_c341-N
SBep19_d467-N
SBep6_d316-I
SBep23_c652-N
SBep6_d284-I
SBep15_c5-N
SBep15_o604-N
SBep4_d564-I
SBep23_c1494-I
SBep21_s38-N
SBep21_d495-I
SBep21_d1630-N
SBep4_c583-N
SBep3_c507-I
SBep6_c746-N
SBep16_d305-N
SBep4_d502-N
SBep6_d660-I
SBep2_d250-I
SBep21_d187-I
SBep14_k231-I
SBep21_d1525-N
SBep16_c141-N
SBep23_c280-N
SBep16_q80-N
SBep21_c1473-I
SBep21_c921-I
SBep3_f525-N
SBep23_o1046-N
SBep4_d125-N
SBep6_c521-I
SBep4_d645-I
SBep14_d474-N
SBep16_d283-I
SBep16_c249-I
SBep23_c81-N
SBep28_c243-N
SBep3_d406-I
SBep23_c12-N
SBep16_d250-I
SBep6_d713-I
SBep19_d60-I
SBep21_s844-N
SBep3_f1185-N
SBep21_s1030-N
SBep3_c1288-N
SBep21_c1576-I
SBep27_d177-I
SBep21_c552-I
SBep16_d483-I
SBep23_c950-N
SBep3_d112-I
SBep19_c440-I
SBep21_d294-I
SBep4_d29-I
SBep23_c413-I
SBep19_d112-N
SBep27_d235-I
SBep14_k428-N
SBep14_d436-I
SBep2_d451-I
SBep21_d556-I
SBep15_d479-N
SBep4_h65-I
SBep28_u718-N
SBep4_d176-I
SBep27_d376-N
SBep6_j661-I
SBep3_f1123-N
SBep21_d891-I
SBep21_c1317-I
SBep28_u547-N
SBep28_u5-N
SBep28_u112-I
SBep14_k33-N
SBep23_c1408-N
SBep23_d498-I
SBep4_c82-N
SBep15_d391-I
SBep21_c1413-I
SBep6_d978-I
SBep21_d373-I
SBep14_c36-N
SBep6_j220-I
SBep4_d993-N
SBep28_c685-I
SBep2_d59-N
SBep23_d1177-I
SBep3_d671-N
SBep6_d915-N
SBep14_k81-N
SBep21_d1939-I
SBep14_k671-I
SBep23_d769-N
SBep21_c1206-N
SBep27_t100-I
SBep6_j662-I
SBep6_d76-I
SBep3_f654-N
SBep14_c204-N
SBep27_c205-I
SBep6_c48-N
SBep16_d397-I
SBep21_s1091-N
SBep21_s1472-I
SBep21_c814-I
SBep21_d1655-I
SBep13_d316-I
SBep3_f476-N
SBep2_e175-N
SBep2_d18-N
SBep14_d88-I
SBep3_c1277-N
SBep23_o231-I
SBep21_s1277-N
SBep16_d135-I
SBep16_d29-I
SBep23_o1395-I
SBep21_c1768-I
SBep27_d280-I
SBep23_d335-I
SBep2_c278-I
SBep3_c1297-I
SBep16_c472-N
SBep27_t266-N
SBep21_d1837-I
SBep28_d379-N
SBep21_c506-I
SBep28_d544-N
SBep23_d354-I
SBep3_c1374-I
SBep21_d715-I
SBep27_c173-N
SBep28_c545-N
SBep14_d732-N
SBep19_d24-N
SBep6_j88-N
SBep19_c247-N
SBep21_s1444-I
SBep13_d322-N
SBep28_d77-I
SBep21_c377-I
SBep6_d221-I
SBep13_d533-N
SBep27_d389-N
SBep4_c1029-I
SBep3_d636-N
SBep14_d71-I
SBep3_c984-I
SBep6_d1054-I
SBep4_c1056-N
SBep21_c1224-N
SBep21_c414-I
SBep6_c397-I
SBep3_f526-N
SBep3_d725-N
SBep21_d1906-I
SBep23_c340-N
SBep14_c563-I
SBep16_d379-I
SBep19_d490-I
SBep21_d691-I
SBep19_d541-I
SBep19_d422-I
SBep23_c625-N
SBep23_o407-I
SBep4_c814-N
SBep27_c232-N
SBep3_f815-N
SBep14_k61-I
SBep23_o111-I
SBep4_c183-N
SBep27_c203-I
SBep15_d180-I
SBep28_c86-I
SBep21_d1501-I
SBep4_d500-N
SBep6_c665-N
SBep14_c560-I
SBep6_j873-N
SBep27_d99-I
SBep27_t147-N
SBep6_d150-N
SBep21_s20-N
SBep15_o28-I
SBep23_o1234-N
SBep21_d1910-I
SBep3_d554-I
SBep6_j24-N
SBep2_d359-N
SBep2_d407-N
SBep14_k591-I
SBep23_d24-I
SBep2_d271-I
SBep21_d84-I
SBep2_c190-N
SBep6_j773-N
SBep21_d615-I
SBep6_j544-I
SBep27_d276-N
SBep23_d1368-N
SBep13_d804-N
SBep13_d324-I
SBep2_c239-I
SBep16_c517-I
SBep14_d647-I
SBep27_d111-I
SBep23_o702-I
SBep19_d259-I
SBep28_c351-N
SBep14_d719-I
SBep28_c699-I
SBep28_c683-I
SBep28_u273-N
SBep13_c138-N
SBep23_o50-N
SBep3_d88-N
SBep4_c733-I
SBep15_o338-N
SBep14_c18-N
SBep4_c1014-I
SBep2_e514-N
SBep21_c1661-I
SBep21_c139-I
SBep3_f543-N
SBep4_c325-N
SBep13_c657-N
SBep28_c498-N
SBep2_d335-I
SBep23_c1014-I
SBep2_c376-I
SBep27_t502-I
SBep21_c1455-I
SBep4_c358-N
SBep21_d476-N
SBep6_j125-I
SBep13_c274-N
SBep6_c227-N
SBep15_o296-N
SBep3_c241-I
SBep2_d380-N
SBep3_d1265-N
SBep28_c481-N
SBep23_c104-I
SBep28_d673-I
SBep27_d335-I
SBep4_c113-N
SBep14_c666-N
SBep3_d193-N
SBep14_c349-N
SBep13_d607-N
SBep27_t279-N
SBep16_d2-N
SBep19_c12-N
SBep3_c337-N
SBep4_d675-N
SBep3_d1136-I
SBep14_d399-I
SBep6_j438-I
SBep3_f1156-N
SBep2_c83-I
SBep6_j131-N
SBep15_d217-N
SBep4_d127-N
SBep4_c981-N
SBep4_d592-N
SBep21_c343-I
SBep21_c223-N
SBep21_d1694-I
SBep4_d1059-I
SBep3_d1357-I
SBep14_c246-I
SBep3_d352-N
SBep27_d259-I
SBep4_d474-N
SBep23_o308-N
SBep2_d618-I
SBep3_d952-N
SBep23_c716-N
SBep6_d247-I
SBep19_d257-I
SBep19_c252-N
SBep2_d329-N
SBep21_c984-N
SBep3_f1243-N
SBep3_c1134-I
SBep3_d1200-I
SBep23_c387-N
SBep27_d363-I
SBep15_c571-N
SBep3_d759-N
SBep14_d230-I
SBep23_c404-I
SBep21_c61-I
SBep15_d270-I
SBep3_f431-N
SBep3_c1274-N
SBep21_d1313-I
SBep3_d467-I
SBep2_e6-N
SBep16_d219-N
SBep19_c282-I
SBep14_d498-I
SBep27_d38-I
SBep23_o787-N
SBep3_d1231-N
SBep13_d56-I
SBep13_c427-N
SBep23_o721-N
SBep3_d806-I
SBep6_j1037-I
SBep3_c1416-I
SBep14_c538-I
SBep2_c58-N
SBep27_t482-I
SBep3_c941-N
SBep14_c372-I
SBep15_c99-I
SBep15_d459-I
SBep13_d444-N
SBep27_t61-I
SBep3_c1334-N
SBep3_c1130-I
SBep4_d397-N
SBep21_c1320-I
SBep23_c784-N
SBep4_d341-I
SBep4_d429-N
SBep23_c1213-N
SBep3_d605-I
SBep19_d406-I
SBep27_c29-N
SBep4_c949-N
SBep4_d271-I
SBep6_d542-I
SBep14_d535-N
SBep14_k650-N
SBep16_d529-I
SBep2_c590-I
SBep16_d148-I
SBep15_o628-I
SBep23_d267-N
SBep16_c492-I
SBep13_c680-N
SBep15_d268-I
SBep4_c402-N
SBep3_c466-I
SBep15_d619-I
SBep27_d433-I
SBep14_d165-I
SBep14_d646-I
SBep13_c616-N
SBep3_d377-N
SBep15_c227-N
SBep13_c584-N
SBep13_c611-N
SBep15_d358-N
SBep6_j705-N
SBep3_f820-N
SBep28_d500-N
SBep6_c157-I
SBep6_c92-N
SBep4_c883-N
SBep28_c121-I
SBep19_c356-N
SBep3_d966-N
SBep16_d86-N
SBep15_o398-N
SBep16_d332-I
SBep3_d1306-N
SBep16_c89-N
SBep2_d576-N
SBep3_d618-N
SBep3_f433-N
SBep27_d442-I
SBep23_c1222-N
SBep3_d252-I
SBep19_d366-I
SBep14_k714-N
SBep14_k404-N
SBep14_c449-I
SBep27_d43-I
SBep23_o890-N
SBep27_c106-N
SBep13_c818-I
SBep6_j782-N
SBep6_j860-N
SBep21_c1559-I
SBep16_d542-N
SBep28_u577-N
SBep19_d369-I
SBep23_c110-I
SBep21_d166-I
SBep2_d253-N
SBep13_d218-N
SBep6_c42-I
SBep19_c421-N
SBep21_d1011-N
SBep21_s1788-N
SBep27_t489-I
SBep23_c1203-N
SBep21_d1921-N
SBep28_d150-I
SBep2_e434-N
SBep27_t332-I
SBep19_d213-I
SBep21_c1162-N
SBep23_o940-N
SBep21_d1447-I
SBep28_c290-N
SBep3_f1333-N
SBep21_d202-I
SBep3_c1040-I
SBep28_d389-N
SBep21_d913-I
SBep3_d1016-I
SBep6_c116-I
SBep3_d1392-N
SBep14_d329-N
SBep27_d187-N
SBep21_d959-N
SBep28_d572-I
SBep6_c77-I
SBep15_o170-N
SBep16_d52-I
SBep3_d360-N
SBep15_d299-N
SBep3_d298-I
SBep6_j656-N
SBep6_d558-I
SBep6_c751-I
SBep4_d796-N
SBep16_c333-I
SBep19_d67-I
SBep19_d492-I
SBep4_c256-I
SBep19_d397-N
SBep23_d790-I
SBep6_d851-I
SBep3_d38-I
SBep3_d673-I
SBep4_c144-I
SBep14_k699-N
SBep2_e503-I
SBep21_d623-I
SBep2_d120-I
SBep15_d435-I
SBep6_c747-N
SBep3_c1273-N
SBep3_d236-N
SBep2_c493-I
SBep6_c572-N
SBep19_d537-N
SBep21_d1908-I
SBep16_d409-N
SBep23_d1518-N
SBep14_d639-I
SBep6_j184-I
SBep21_s937-N
SBep6_j506-N
SBep28_c674-I
SBep3_d10-I
SBep3_d683-N
SBep16_d168-N
SBep16_c503-I
SBep15_o51-I
SBep2_e418-I
SBep13_c453-I
SBep27_d273-N
SBep4_d214-N
SBep28_c518-I
SBep2_e110-I
SBep23_d789-I
SBep28_d426-I
SBep14_c295-I
SBep2_d124-I
SBep23_c1134-N
SBep6_d594-N
SBep21_d917-I
SBep21_c968-N
SBep19_d265-I
SBep2_d469-I
SBep21_d142-I
SBep21_d415-I
SBep14_k597-I
SBep14_d159-I
SBep4_c1202-N
SBep16_d64-I
SBep21_c149-I
SBep4_d178-N
SBep28_c724-N
SBep14_c242-I
SBep14_c459-I
SBep19_d373-N
SBep14_c226-N
SBep3_f1158-N
SBep21_c599-I
SBep4_d42-I
SBep14_k457-I
SBep14_k513-N
SBep4_c225-N
SBep28_c678-I
SBep6_d837-I
SBep4_c879-I
SBep14_d50-I
SBep16_q381-N
SBep4_c164-I
SBep16_c261-N
SBep3_f180-N
SBep21_d1093-N
SBep13_c558-N
SBep3_d859-I
SBep23_o229-I
SBep21_s1707-I
SBep3_f327-N
SBep3_d906-N
SBep21_s1616-N
SBep3_c558-I
SBep14_c379-I
SBep19_c214-I
SBep21_d829-I
SBep3_c989-I
SBep14_d339-I
SBep28_d620-N
SBep27_c113-I
SBep21_c1125-I
SBep21_d901-I
SBep4_c896-I
SBep28_u155-I
SBep14_k282-I
SBep16_q205-N
SBep21_d125-I
SBep19_d41-I
SBep21_c1536-N
SBep3_d1119-I
SBep6_j637-I
SBep23_c766-N
SBep19_d125-N
SBep4_d865-N
SBep21_s331-I
SBep27_d323-I
SBep15_c509-N
SBep21_d200-I
SBep3_d842-I
SBep21_s571-I
SBep3_c953-I
SBep19_d123-I
SBep21_c1246-I
SBep21_d1820-I
SBep23_c1205-N
SBep4_c1234-N
SBep16_c308-N
SBep28_c564-N
SBep13_c419-N
SBep6_j469-N
SBep2_d275-I
SBep23_c1530-N
SBep23_c616-N
SBep3_f852-N
SBep3_d638-N
SBep2_d46-I
SBep15_d172-I
SBep3_d818-N
SBep3_c438-I
SBep14_c288-I
SBep6_d510-N
SBep21_c714-I
SBep23_c1517-N
SBep3_f394-I
SBep19_c493-I
SBep3_c876-I
SBep23_o496-N
SBep14_c142-I
SBep4_d1102-N
SBep23_o71-N
SBep14_c103-N
SBep3_d350-I
SBep19_c250-N
SBep28_u22-I
SBep21_c700-I
SBep2_e536-N
SBep13_c64-N
SBep2_d431-N
SBep23_o1322-N
SBep2_d303-I
SBep23_o733-N
SBep16_c106-I
SBep16_c73-I
SBep23_d1468-N
SBep14_d711-I
SBep6_d981-I
SBep21_d992-N
SBep2_d238-I
SBep3_c1012-N
SBep21_d458-I
SBep21_c86-I
SBep2_c32-N
SBep27_t297-I
SBep19_c445-N
SBep21_d1094-N
SBep16_c164-N
SBep4_d999-N
SBep16_q150-N
SBep6_j1040-I
SBep4_d364-I
SBep2_c47-N
SBep21_d1306-N
SBep6_d173-N
SBep3_f482-N
SBep19_d357-N
SBep13_d732-N
SBep14_c602-N
SBep2_c591-I
SBep21_d216-N
SBep16_c187-I
SBep16_c512-I
SBep21_d842-N
SBep3_f819-N
SBep16_d493-I
SBep27_d460-I
SBep3_d595-I
SBep2_c544-N
SBep2_c292-N
SBep16_d301-I
SBep28_d493-N
SBep2_e63-I
SBep2_c55-I
SBep21_c305-N
SBep15_c199-I
SBep3_c948-I
SBep2_d458-N
SBep19_d62-I
SBep23_o1100-N
SBep23_o954-N
SBep27_c263-N
SBep23_o1522-N
SBep6_d663-I
SBep21_c5-N
SBep28_c686-I
SBep3_f188-N
SBep21_d569-I
SBep28_u623-N
SBep3_f620-N
SBep21_s944-N
SBep14_c201-N
SBep27_t304-I
SBep6_c1048-N
SBep15_c659-N
SBep13_c317-I
SBep15_o278-N
SBep6_c374-I
SBep3_c1313-I
SBep16_q449-I
SBep23_o316-I
SBep21_c472-I
SBep3_d721-N
SBep4_d1034-I
SBep14_d104-I
SBep16_q121-N
SBep2_d425-I
SBep4_d857-N
SBep13_d688-N
SBep23_d845-N
SBep23_c58-I
SBep4_d45-N
SBep28_c682-I
SBep23_c1414-N
SBep21_d1518-I
SBep14_k550-N
SBep15_c8-I
SBep28_c600-N
SBep16_d206-I
SBep4_d897-I
SBep15_d472-N
SBep21_s385-I
SBep23_o325-N
SBep21_d1236-I
SBep6_c591-I
SBep27_c90-N
SBep16_d85-N
SBep21_d378-I
SBep21_d1155-I
SBep19_d276-I
SBep6_c81-N
SBep14_d98-I
SBep4_c779-I
SBep19_c204-I
SBep13_d351-N
SBep3_d918-I
SBep4_d238-N
SBep23_d170-N
SBep13_c741-N
SBep3_c470-N
SBep21_d408-I
SBep28_d681-I
SBep23_c410-I
SBep21_d1161-N
SBep4_d1251-N
SBep21_d1262-I
SBep23_d43-I
SBep21_s1845-N
SBep23_c1127-N
SBep4_d95-N
SBep16_c564-N
SBep2_d45-N
SBep16_c282-I
SBep28_d414-N
SBep13_d715-N
SBep21_s1468-I
SBep21_d738-I
SBep3_c1381-N
SBep23_o429-N
SBep21_s553-I
SBep4_d1232-N
SBep28_d172-I
SBep21_c874-N
SBep3_c31-I
SBep21_s354-N
SBep16_d275-I
SBep19_c509-I
SBep19_c99-N
SBep6_d950-N
SBep3_d1155-N
SBep16_c464-N
SBep23_o397-N
SBep28_c43-N
SBep14_d153-I
SBep28_c651-N
SBep27_c381-I
SBep6_d840-N
SBep4_d1186-I
SBep6_d362-I
SBep13_d327-N
SBep14_d58-I
SBep14_k225-I
SBep14_d463-I
SBep13_c784-N
SBep4_d907-N
SBep19_d159-N
SBep28_c68-I
SBep14_c308-N
SBep3_d790-N
SBep23_c400-I
SBep4_d263-N
SBep6_d135-I
SBep21_c987-I
SBep4_d596-N
SBep23_d468-N
SBep2_d539-N
SBep3_f1178-N
SBep23_o1389-N
SBep4_c1104-N
SBep21_c1285-I
SBep14_d86-I
SBep2_c520-I
SBep6_d109-I
SBep4_c32-I
SBep28_c486-N
SBep4_d738-N
SBep28_d714-I
SBep27_c64-I
SBep3_c333-N
SBep6_d961-N
SBep19_c327-I
SBep14_k128-I
SBep13_d513-N
SBep3_f791-N
SBep6_j592-I
SBep21_s1862-N
SBep2_d133-I
SBep21_s515-N
SBep14_d244-I
SBep16_q117-N
SBep15_o471-N
SBep13_c447-N
SBep28_c446-N
SBep14_k536-N
SBep23_c867-N
SBep3_f119-N
SBep2_e163-N
SBep4_h107-N
SBep21_d560-I
SBep4_c780-N
SBep16_c191-I
SBep28_c427-N
SBep3_d1321-I
SBep3_d969-N
SBep3_d242-I
SBep23_d871-I
SBep4_d486-N
SBep13_c545-N
SBep19_c416-N
SBep23_c1277-N
SBep21_s1942-N
SBep3_c696-N
SBep3_f857-N
SBep3_c681-N
SBep4_c355-I
SBep2_d395-N
SBep16_c202-N
SBep21_c333-N
SBep6_j1028-I
SBep6_d409-I
SBep23_c91-I
SBep6_j549-I
SBep13_d210-N
SBep15_o9-I
SBep21_c1889-I
SBep16_c169-N
SBep28_c56-N
SBep6_d882-I
SBep27_c227-N
SBep4_d834-I
SBep28_d106-I
SBep23_c681-N
SBep4_c587-N
SBep6_c298-N
SBep13_c403-N
SBep6_d567-N
SBep21_d1828-N
SBep3_d926-N
SBep3_d924-N
SBep3_d440-I
SBep14_d3-I
SBep4_d996-N
SBep3_f562-N
SBep13_c151-N
SBep3_c1019-I
SBep4_d1022-N
SBep21_d1128-I
SBep16_c327-N
SBep21_d616-I
SBep21_d703-I
SBep15_c508-N
SBep21_d525-N
SBep27_t384-N
SBep2_c181-I
SBep16_q122-N
SBep23_c583-N
SBep21_d697-I
SBep4_c661-N
SBep15_c192-I
SBep19_c443-I
SBep16_d71-I
SBep16_d386-I
SBep28_d146-N
SBep28_c97-I
SBep14_k161-N
SBep13_d436-N
SBep27_t308-N
SBep6_d635-I
SBep28_c261-N
SBep19_c372-N
SBep23_d1486-N
SBep2_d138-I
SBep28_d452-I
SBep16_q134-N
SBep19_c452-N
SBep4_d79-I
SBep6_d199-I
SBep3_d803-I
SBep23_c420-N
SBep4_d1217-N
SBep14_c245-I
SBep3_c331-N
SBep28_d652-N
SBep21_d358-I
SBep3_f1013-N
SBep19_d238-N
SBep14_d101-N
SBep6_d152-I
SBep13_d461-N
SBep21_c1725-N
SBep3_d334-N
SBep4_h1240-N
SBep21_d1769-I
SBep13_c812-N
SBep3_c1037-N
SBep13_d654-N
SBep16_c130-N
SBep16_c571-I
SBep16_c287-I
SBep3_c316-I
SBep14_c68-I
SBep23_c19-I
SBep14_d107-I
SBep14_c240-N
SBep21_d1925-I
SBep19_c80-I
SBep4_h63-I
SBep21_d123-I
SBep2_d301-I
SBep28_u438-N
SBep6_j206-I
SBep19_c423-I
SBep13_d705-N
SBep16_d36-I
SBep4_d1140-N
SBep6_j233-I
SBep23_o819-N
SBep16_q297-N
SBep14_d674-I
SBep23_c1406-N
SBep21_s1763-N
SBep19_c72-I
SBep15_d528-N
SBep21_c161-I
SBep4_c186-I
SBep16_q153-N
SBep21_s353-N
SBep13_c739-N
SBep27_d326-I
SBep6_d903-I
SBep16_c299-N
SBep19_c463-I
SBep4_h290-N
SBep21_d1701-I
SBep4_h367-I
SBep14_c418-I
SBep14_c343-N
SBep6_j79-I
SBep27_d248-N
SBep14_c112-N
SBep23_o619-I
SBep3_c1403-N
SBep27_t457-I
SBep16_d491-I
SBep14_c556-N
SBep2_e570-I
SBep14_d110-N
SBep4_d1130-N
SBep3_c326-N
SBep23_d412-I
SBep15_d42-I
SBep3_d45-I
SBep15_c488-N
SBep21_d1880-I
SBep13_d205-N
SBep6_j311-I
SBep4_d1091-N
SBep3_d1240-N
SBep15_d141-I
SBep3_c986-I
SBep4_d437-N
SBep23_d741-N
SBep3_c608-I
SBep4_c859-N
SBep14_d663-N
SBep4_h928-N
SBep6_j940-N
SBep13_c432-N
SBep14_d131-I
SBep2_c483-N
SBep16_d266-I
SBep21_d831-I
SBep4_d763-N
SBep21_c1127-I
SBep28_c51-I
SBep14_c129-I
SBep15_d622-I
SBep3_d769-N
SBep14_k377-N
SBep28_c89-N
SBep23_o1391-N
SBep4_d444-N
SBep21_c706-N
SBep21_d1650-N
SBep3_d802-N
SBep2_d347-N
SBep13_d589-N
SBep19_d58-I
SBep6_j902-I
SBep23_o587-N
SBep13_c443-N
SBep4_c366-I
SBep27_d237-N
SBep6_d440-I
SBep2_e339-I
SBep21_d656-I
SBep3_d494-I
SBep21_d1378-I
SBep23_c1223-N
SBep3_d412-I
SBep14_k456-N
SBep23_d620-I
SBep23_d1128-I
SBep28_d536-I
SBep16_c501-I
SBep21_d400-N
SBep21_d634-I
SBep14_k64-N
SBep21_c1089-I
SBep23_d699-I
SBep3_c899-I
SBep15_d136-I
SBep4_d1135-I
SBep27_d487-I
SBep21_d1110-I
SBep4_c1241-N
SBep15_c251-N
SBep21_c1169-I
SBep21_d1612-N
SBep16_d408-N
SBep23_d1291-N
SBep23_d456-I
SBep13_d819-I
SBep13_c143-I
SBep14_c72-I
SBep14_d127-I
SBep21_d1857-N
SBep3_d68-N
SBep6_j315-I
SBep23_o1316-N
SBep23_o235-N
SBep19_c383-N
SBep2_d164-I
SBep21_c1932-N
SBep15_d242-N
SBep21_s324-I
SBep3_c616-N
SBep14_d157-I
SBep3_c1327-I
SBep23_d1166-I
SBep4_d343-I
SBep14_d640-I
SBep6_c50-N
SBep14_d412-N
SBep27_c109-I
SBep23_o424-N
SBep4_c269-I
SBep15_o115-I
SBep27_c107-N
SBep13_c358-N
SBep6_d294-I
SBep23_d1261-N
SBep28_d410-N
SBep27_c339-I
SBep19_c263-I
SBep28_c483-N
SBep3_d521-N
SBep2_e233-I
SBep16_d506-I
SBep21_c1566-I
SBep6_j1010-N
SBep3_d1386-I
SBep23_c1005-N
SBep28_c387-N
SBep13_c536-N
SBep2_c179-N
SBep14_c211-N
SBep13_d795-N
SBep23_d1454-N
SBep21_d763-I
SBep19_d221-I
SBep16_c23-I
SBep13_d802-N
SBep6_j627-N
SBep6_j259-I
SBep15_c437-N
SBep4_h757-N
SBep16_q96-N
SBep4_d26-I
SBep19_c70-I
SBep21_s1273-N
SBep28_d71-I
SBep6_c412-N
SBep28_c575-N
SBep4_d258-I
SBep14_c370-I
SBep15_c233-I
SBep28_u468-N
SBep28_d171-I
SBep21_s1489-N
SBep13_c574-N
SBep4_c968-N
SBep2_d230-I
SBep3_d126-I
SBep6_d973-N
SBep16_q543-N
SBep19_d545-I
SBep16_c366-N
SBep14_d684-I
SBep19_d128-I
SBep15_c404-N
SBep21_c952-N
SBep6_c777-N
SBep15_o410-N
SBep21_c1812-N
SBep21_d1233-I
SBep3_c455-N
SBep15_d625-I
SBep3_d144-N
SBep3_f712-N
SBep27_t493-I
SBep21_s666-I
SBep23_c59-I
SBep15_d26-I
SBep16_c522-N
SBep14_d726-I
SBep6_c541-I
SBep21_d905-I
SBep16_c528-I
SBep14_c43-I
SBep19_d446-I
SBep23_c986-N
SBep19_c277-I
SBep13_c780-N
SBep3_c1126-N
SBep28_d713-I
SBep23_c590-I
SBep2_d225-I
SBep15_d616-I
SBep21_c1238-N
SBep16_c336-I
SBep23_d1293-I
SBep13_d806-N
SBep28_c406-N
SBep23_o355-I
SBep28_c301-N
SBep21_s201-I
SBep21_c1039-I
SBep6_c998-N
SBep6_c647-I
SBep13_d560-N
SBep21_s1109-N
SBep23_o535-N
SBep21_d1466-I
SBep19_d348-I
SBep14_d168-I
SBep4_d823-N
SBep27_t193-N
SBep6_c517-N
SBep21_d871-I
SBep3_c897-I
SBep6_c560-N
SBep21_d1151-I
SBep21_d860-I
SBep21_c750-I
SBep3_c1216-N
SBep2_d29-N
SBep3_f58-N
SBep21_d708-N
SBep3_c1196-I
SBep21_c974-I
SBep21_c1912-I
SBep4_c1017-I
SBep2_d189-N
SBep3_c253-I
SBep19_c275-I
SBep23_c1200-N
SBep27_d168-I
SBep23_c90-N
SBep19_d85-I
SBep28_d442-N
SBep21_c607-I
SBep14_k178-I
SBep23_o251-N
SBep23_o731-N
SBep3_c804-I
SBep21_s1431-I
SBep16_c322-N
SBep21_d310-I
SBep19_c211-I
SBep23_d984-N
SBep21_c1116-I
SBep4_c543-N
SBep2_d464-I
SBep15_c315-N
SBep3_f787-N
SBep14_d187-I
SBep3_f286-N
SBep21_s260-N
SBep15_c420-I
SBep16_q111-N
SBep19_c442-I
SBep16_c98-N
SBep14_d325-I
SBep23_c1126-N
SBep23_d1354-I
SBep21_d395-I
SBep6_d693-I
SBep19_c323-I
SBep16_d361-N
SBep27_d75-I
SBep6_j630-N
SBep14_d176-I
SBep2_d227-I
SBep27_c139-N
SBep16_c276-I
SBep6_c226-N
SBep2_d594-I
SBep16_q439-N
SBep27_c175-I
SBep23_c1048-I
SBep21_s788-N
SBep21_d163-I
SBep28_u609-N
SBep27_c180-I
SBep14_k293-I
SBep15_o166-N
SBep4_d1227-N
SBep4_c1249-N
SBep28_c297-N
SBep6_j879-N
SBep4_c286-N
SBep21_s508-N
SBep6_d905-I
SBep23_d341-I
SBep2_e370-N
SBep6_c338-I
SBep2_d304-I
SBep21_c1695-I
SBep4_c314-N
SBep27_t93-I
SBep27_d271-N
SBep3_c928-N
SBep16_d210-N
SBep6_d893-N
SBep21_d1494-I
SBep28_c592-I
SBep21_d1467-I
SBep21_d246-I
SBep19_c273-I
SBep21_d1528-N
SBep3_d598-I
SBep19_c280-I
SBep14_d546-I
SBep16_c37-I
SBep28_u179-N
SBep4_d716-I
SBep23_d704-N
SBep13_d349-N
SBep16_c284-I
SBep6_c422-I
SBep3_d1389-I
SBep6_j256-I
SBep16_d314-N
SBep23_c1212-N
SBep27_t8-I
SBep3_c1044-N
SBep4_d956-N
SBep6_d400-I
SBep19_c278-I
SBep4_c669-N
SBep3_d990-I
SBep16_q156-N
SBep28_u494-N
SBep23_d233-I
SBep21_c1638-I
SBep6_d151-N
SBep28_c702-I
SBep23_o703-I
SBep27_t91-N
SBep23_c448-N
SBep23_d874-I
SBep3_d1199-I
SBep4_d327-N
SBep14_d52-N
SBep3_c12-I
SBep21_d1412-I
SBep13_c629-N
SBep27_d298-N
SBep21_c1260-I
SBep4_d337-I
SBep27_c440-I
SBep19_d51-N
SBep2_d502-N
SBep13_c601-N
SBep3_d572-I
SBep19_d456-I
SBep21_c251-N
SBep13_d768-N
SBep2_d488-N
SBep16_q445-I
SBep3_f822-N
SBep2_d343-I
SBep21_c733-N
SBep14_c177-N
SBep19_c181-N
SBep3_d493-I
SBep19_c2-N
SBep13_c321-N
SBep27_c197-I
SBep27_d281-I
SBep21_s1636-I
SBep15_c430-I
SBep21_s107-I
SBep3_d923-N
SBep6_c822-I
SBep15_d129-N
SBep19_d377-I
SBep6_c984-I
SBep27_d358-N
SBep16_q264-N
SBep15_d167-I
SBep3_d436-I
SBep3_f1409-N
SBep15_d533-N
SBep19_d232-I
SBep4_c886-N
SBep2_e108-N
SBep3_c1173-I
SBep28_c18-N
SBep2_d182-I
SBep4_c806-N
SBep3_c282-N
SBep23_o877-I
SBep15_c178-N
SBep14_d298-I
SBep27_c45-N
SBep13_c401-N
SBep6_d406-I
SBep13_d191-I
SBep28_d642-I
SBep15_c342-I
SBep21_d1887-I
SBep4_d591-N
SBep21_d1909-I
SBep3_c1218-N
SBep15_d627-I
SBep6_d402-I
SBep3_c187-N
SBep16_d474-I
SBep21_c387-I
SBep21_c642-N
SBep28_u185-N
SBep3_c398-N
SBep28_d480-N
SBep14_c262-N
SBep23_c305-N
SBep13_c202-N
SBep3_d947-I
SBep23_o1493-N
SBep6_d104-N
SBep19_d488-I
SBep3_d463-I
SBep3_f1160-I
SBep27_c329-N
SBep6_d650-I
SBep23_d118-I
SBep19_d25-N
SBep2_d437-I
SBep14_c506-N
SBep23_c1191-N
SBep14_c431-N
SBep3_c945-I
SBep15_c371-I
SBep4_d1235-N
SBep3_d522-N
SBep14_c340-N
SBep2_d352-N
SBep14_k465-I
SBep21_c1703-I
SBep23_d1139-N
SBep6_j577-N
SBep19_d44-I
SBep28_d676-I
SBep6_c31-N
SBep4_d849-N
SBep2_d317-N
SBep21_c1902-N
SBep21_s1411-I
SBep27_c210-I
SBep3_d873-I
SBep27_t209-I
SBep14_d709-I
SBep6_c295-I
SBep19_c233-I
SBep6_d1019-I
SBep21_d211-N
SBep13_c168-I
SBep14_k720-I
SBep27_c324-I
SBep4_d356-I
SBep3_c1125-N
SBep23_d386-I
SBep14_d433-N
SBep23_o1472-N
SBep28_u635-N
SBep2_c390-N
SBep21_d800-I
SBep6_j522-N
SBep28_u323-N
SBep3_c843-I
SBep13_c590-N
SBep3_c603-I
SBep23_c1053-I
SBep21_s559-I
SBep16_d433-N
SBep14_d731-N
SBep27_c296-I
SBep13_c547-N
SBep21_d550-I
SBep19_c489-I
SBep4_c1171-N
SBep4_c597-N
SBep15_d574-N
SBep3_d747-N
SBep4_d837-I
SBep4_d118-N
SBep13_c136-I
SBep21_c1166-I
SBep23_c982-N
SBep3_f437-I
SBep23_o1369-N
SBep21_s405-I
SBep4_c824-N
SBep28_d444-N
SBep23_c963-N
SBep15_d48-I
SBep23_o1085-N
SBep4_d941-N
SBep2_c403-I
SBep19_c436-I
SBep6_c714-I
SBep14_d294-I
SBep27_c402-N
SBep3_c998-N
SBep14_c354-I
SBep2_d524-I
SBep14_c254-N
SBep21_d288-I
SBep28_c610-N
SBep6_c419-N
SBep21_d469-I
SBep23_d592-I
SBep6_j370-I
SBep3_d1342-I
SBep21_c820-I
SBep2_d442-I
SBep6_d710-I
SBep2_e432-N
SBep13_c312-N
SBep6_d1001-I
SBep2_e279-N
SBep21_c593-I
SBep2_c211-N
SBep21_d1959-N
SBep6_j111-I
SBep4_d827-N
SBep16_d239-I
SBep13_d542-N
SBep13_d359-N
SBep16_d225-I
SBep21_s524-N
SBep21_c475-I
SBep13_c766-N
SBep4_d1007-N
SBep21_d344-N
SBep28_d318-N
SBep14_d486-I
SBep28_d431-I
SBep4_c872-N
SBep16_q473-N
SBep15_o113-N
SBep6_c548-I
SBep4_c1215-N
SBep28_d173-I
SBep23_c1447-N
SBep23_d1093-N
SBep2_c410-I
SBep14_c592-I
SBep23_o317-I
SBep6_c783-N
SBep21_s1040-N
SBep3_d652-I
SBep19_d9-N
SBep4_d1158-I
SBep27_c348-I
SBep2_e141-I
SBep23_c798-N
SBep19_c4-N
SBep13_c328-I
SBep4_c686-N
SBep14_c260-N
SBep2_d597-I
SBep15_d20-I
SBep19_d448-I
SBep23_c224-I
SBep23_o1083-N
SBep19_d64-I
SBep4_c206-N
SBep19_d226-N
SBep6_c20-N
SBep21_c946-N
SBep27_d336-I
SBep6_c200-I
SBep14_d317-I
SBep21_d1003-I
SBep14_d558-I
SBep16_c173-N
SBep14_d638-I
SBep21_d982-I
SBep23_c919-N
SBep14_d570-I
SBep3_d1138-I
SBep21_c670-I
SBep13_d548-N
SBep6_d341-I
SBep27_t461-N
SBep6_d205-I
SBep4_h36-I
SBep3_d504-I
SBep23_o425-N
SBep23_o1257-N
SBep19_d484-I
SBep23_d585-N
SBep28_d220-I
SBep3_d1157-N
SBep23_d75-I
SBep14_c132-I
SBep14_d695-I
SBep27_c9-I
SBep4_d845-N
SBep2_e294-N
SBep2_c490-I
SBep23_d315-I
SBep23_c1204-N
SBep28_d628-I
SBep13_d171-I
SBep4_c775-N
SBep14_c138-I
SBep13_c54-I
SBep16_d174-I
SBep15_o615-I
SBep4_d1057-N
SBep21_c1437-I
SBep28_u188-N
SBep4_c1224-N
SBep19_d109-I
SBep14_d453-N
SBep4_h467-N
SBep16_d88-I
SBep6_d979-I
SBep23_d655-N
SBep21_c1207-N
SBep19_d149-N
SBep4_h722-N
SBep28_d619-N
SBep14_c268-N
SBep4_d315-N
SBep23_d1474-I
SBep4_h723-N
SBep21_d1867-I
SBep28_d50-I
SBep14_d464-I
SBep21_d1623-I
SBep21_s993-I
SBep21_s1033-N
SBep13_c451-N
SBep6_c1011-N
SBep21_d870-I
SBep4_c197-I
SBep14_k410-I
SBep3_d821-N
SBep21_s443-N
SBep21_d1365-N
SBep3_d861-I
SBep16_q69-I
SBep21_d803-I
SBep15_d328-I
SBep6_j384-I
SBep3_c933-I
SBep16_d471-I
SBep15_d36-N
SBep21_c566-I
SBep15_d161-I
SBep14_k730-I
SBep3_d1318-I
SBep4_d962-I
SBep6_j827-N
SBep2_c245-I
SBep23_c1094-N
SBep19_c54-I
SBep21_c281-I
SBep23_c10-N
SBep19_d324-I
SBep23_d1476-N
SBep14_c27-I
SBep2_d528-N
SBep23_o1063-I
SBep23_d670-N
SBep21_s410-I
SBep14_d587-N
SBep6_c472-N
SBep14_c184-I
SBep4_c160-N
SBep14_c188-I
SBep28_d655-I
SBep15_c308-N
SBep15_d226-N
SBep21_d1022-N
SBep16_d511-I
SBep27_d338-I
SBep27_t484-I
SBep6_j809-N
SBep14_d232-I
SBep6_d306-N
SBep23_c393-N
SBep21_d1570-N
SBep14_c461-I
SBep21_c1767-I
SBep16_d32-N
SBep21_d554-I
SBep21_c99-I
SBep3_d108-I
SBep2_e221-N
SBep3_d808-I
SBep4_d656-I
SBep4_d93-N
SBep6_j835-I
SBep23_d611-I
SBep4_d335-N
SBep23_d408-I
SBep14_d658-N
SBep3_c511-I
SBep4_d240-N
SBep3_d94-I
SBep13_d789-N
SBep13_c257-N
SBep23_o392-N
SBep14_k568-N
SBep6_j154-I
SBep3_c1129-I
SBep14_c347-N
SBep13_c209-N
SBep2_e226-N
SBep2_c582-N
SBep3_f1022-I
SBep13_d585-N
SBep21_s1773-N
SBep3_f292-N
SBep14_c124-N
SBep6_j277-I
SBep21_s1458-N
SBep21_s856-I
SBep27_t258-I
SBep6_c112-I
SBep4_c218-N
SBep23_c313-I
SBep15_c596-N
SBep21_d138-I
SBep28_c644-I
SBep27_c520-N
SBep21_d1430-I
SBep21_c466-I
SBep2_c78-I
SBep2_e248-N
SBep3_c1348-I
SBep28_c467-N
SBep23_o724-N
SBep6_d261-I
SBep2_e177-N
SBep21_d1628-N
SBep3_c746-N
SBep23_c100-I
SBep3_c992-I
SBep3_d1401-I
SBep14_d115-I
SBep21_c1897-I
SBep16_d460-N
SBep16_d281-I
SBep4_d305-N
SBep3_d892-N
SBep21_c1240-N
SBep21_d479-N
SBep13_d714-N
SBep23_c1186-N
SBep6_c351-I
SBep19_d511-I
SBep23_o1314-N
SBep28_d221-I
SBep16_d362-N
SBep4_c1208-N
SBep23_o209-N
SBep3_d574-I
SBep14_c357-I
SBep6_j1002-I
SBep6_d945-N
SBep19_d538-I
SBep4_c1244-I
SBep13_d546-N
SBep3_f407-N
SBep6_d169-I
SBep28_d580-I
SBep6_d238-I
SBep21_c1434-I
SBep3_c426-I
SBep19_c202-I
SBep21_d1882-I
SBep23_d1292-I
SBep19_c408-N
SBep14_c497-I
SBep4_d913-N
SBep6_d679-N
SBep27_d371-I
SBep6_j229-N
SBep19_c48-N
SBep19_c497-I
SBep27_c79-N
SBep2_d196-N
SBep16_q292-N
SBep27_d290-I
SBep6_j240-I
SBep4_d877-I
SBep27_d231-I
SBep21_d1572-N
SBep4_d745-N
SBep4_c156-N
SBep28_c553-N
SBep19_c20-N
SBep14_k743-I
SBep13_d694-N
SBep6_c423-I
SBep23_d63-I
SBep3_d1221-N
SBep28_d412-N
SBep4_d731-N
SBep6_d140-I
SBep23_c1215-N
SBep14_d665-N
SBep3_f226-N
SBep21_d1250-I
SBep3_d283-N
SBep4_d1119-N
SBep6_c815-I
SBep2_d379-N
SBep6_j786-N
SBep13_d505-N
SBep27_d94-I
SBep19_c461-I
SBep19_d303-N
SBep13_d5-N
SBep16_c234-I
SBep2_c105-N
SBep14_d51-I
SBep6_d936-I
SBep6_j329-I
SBep21_s421-I
SBep23_d421-I
SBep2_d634-N
SBep4_d166-I
SBep3_c987-I
SBep14_k637-I
SBep21_d1846-I
SBep15_o641-I
SBep23_o932-N
SBep13_d127-N
SBep6_d1062-I
SBep16_c363-N
SBep3_c1194-N
SBep6_c721-I
SBep21_d792-I
SBep4_d126-N
SBep21_d335-I
SBep4_c111-N
SBep13_c727-N
SBep6_j103-N
SBep14_d125-I
SBep6_d483-I
SBep23_d1463-N
SBep3_c583-N
SBep3_f167-N
SBep23_o1321-I
SBep23_o119-I
SBep15_o599-N
SBep23_d1453-I
SBep28_c187-N
SBep23_o1356-I
SBep21_c578-N
SBep23_c86-N
SBep2_d592-I
SBep3_f1253-N
SBep21_c1700-I
SBep13_d428-N
SBep23_d1051-I
SBep3_d1075-N
SBep3_f435-N
SBep2_d620-I
SBep27_d66-I
SBep19_c284-I
SBep28_c201-N
SBep15_o137-I
SBep23_d540-N
SBep16_q14-I
SBep19_d206-N
SBep2_c288-I
SBep21_c1600-N
SBep21_d1009-I
SBep15_o269-I
SBep19_d163-I
SBep23_c883-N
SBep2_c402-I
SBep19_d210-I
SBep2_d389-I
SBep28_c205-N
SBep6_c638-I
SBep21_s925-N
SBep2_c572-I
SBep21_d1193-N
SBep4_d876-N
SBep28_c359-N
SBep16_c11-I
SBep15_c3-I
SBep15_c462-N
SBep23_o1049-N
SBep19_c135-N
SBep21_c1594-N
SBep15_d581-I
SBep2_d537-I
SBep6_d387-I
SBep4_d602-N
SBep23_o277-N
SBep19_c68-I
SBep21_c1405-N
SBep21_d797-I
SBep21_d492-N
SBep6_d639-I
SBep28_c636-I
SBep6_c74-I
SBep28_u123-I
SBep19_d161-N
SBep23_c688-N
SBep6_j1031-I
SBep28_u129-N
SBep4_h727-N
SBep16_c242-I
SBep28_c352-N
SBep27_d167-I
SBep2_d305-N
SBep21_d582-N
SBep15_o623-I
SBep23_c693-N
SBep23_c853-N
SBep3_c1366-I
SBep27_t98-I
SBep21_s1512-I
SBep14_d307-I
SBep4_c350-N
SBep16_c230-N
SBep6_c675-I
SBep14_d82-N
SBep3_d1369-I
SBep4_d1028-N
SBep23_o884-N
SBep19_c310-I
SBep19_d326-I
SBep3_c131-N
SBep16_c218-N
SBep2_c77-N
SBep3_c919-I
SBep2_c467-I
SBep13_d299-N
SBep6_d159-I
SBep2_c517-I
SBep27_d112-I
SBep23_d1167-I
SBep3_f1154-N
SBep3_f660-N
SBep15_o266-N
SBep14_d373-I
SBep21_d996-I
SBep14_c552-N
SBep28_d507-N
SBep16_d508-I
SBep23_c213-N
SBep13_d742-N
SBep28_d491-N
SBep6_c164-N
SBep3_d719-N
SBep6_c1-N
SBep19_d501-I
SBep4_d279-N
SBep16_q465-N
SBep19_d56-I
SBep14_k95-I
SBep2_d149-I
SBep28_d720-I
SBep3_c1094-I
SBep28_c241-N
SBep15_d654-I
SBep6_j722-I
SBep13_d383-I
SBep3_c805-I
SBep3_d726-N
SBep21_d1020-N
SBep2_e507-I
SBep21_c722-N
SBep23_o212-N
SBep21_d1644-I
SBep14_d94-I
SBep23_c862-N
SBep4_d406-N
SBep3_d814-N
SBep23_d588-N
SBep6_d890-I
SBep19_c212-I
SBep23_d767-N
SBep16_d548-N
SBep6_j648-I
SBep3_c577-I
SBep3_d72-I
SBep4_h70-N
SBep16_d518-I
SBep4_d386-N
SBep16_q526-N
SBep2_d598-I
SBep19_c124-I
SBep21_d130-I
SBep23_c125-I
SBep15_o434-I
SBep16_d285-N
SBep27_d409-I
SBep15_d577-I
SBep21_d504-I
SBep23_c682-N
SBep21_s1693-I
SBep6_d376-N
SBep28_c217-N
SBep2_e21-N
SBep21_d1603-N
SBep4_d649-N
SBep3_c300-I
SBep28_c667-I
SBep28_d473-I
SBep23_o334-N
SBep23_o391-N
SBep15_d519-N
SBep6_d1039-I
SBep23_o165-N
SBep28_c136-N
SBep23_c1012-I
SBep23_d297-N
SBep6_j158-I
SBep21_d128-I
SBep14_c484-I
SBep14_d492-N
SBep4_d155-N
SBep23_o1268-N
SBep3_c731-I
SBep27_c450-I
SBep15_d438-N
SBep21_c1061-N
SBep28_c383-N
SBep14_d559-I
SBep23_c1284-N
SBep4_d901-I
SBep14_d725-I
SBep3_c610-I
SBep27_t368-I
SBep6_c442-I
SBep3_f132-N
SBep3_c711-N
SBep16_q411-N
SBep14_d396-I
SBep13_d476-N
SBep23_d200-I
SBep16_d539-N
SBep21_c1937-I
SBep28_d665-I
SBep15_d14-N
SBep28_c402-N
SBep14_c16-I
SBep23_d1175-I
SBep6_j547-I
SBep28_c28-N
SBep28_c200-N
SBep27_c102-I
SBep13_d672-N
SBep2_c300-N
SBep4_d152-I
SBep13_c357-N
SBep27_c464-N
SBep14_c593-N
SBep28_d294-I
SBep19_c507-N
SBep16_q390-N
SBep3_c503-I
SBep14_d413-I
SBep16_q505-N
SBep4_d613-N
SBep23_d1101-N
SBep23_d1045-N
SBep3_d166-N
SBep28_c105-I
SBep4_d1039-N
SBep27_t495-I
SBep3_d904-N
SBep21_c789-N
SBep28_c395-N
SBep2_c381-I
SBep19_d81-I
SBep6_j758-I
SBep6_c446-I/home/hmgent2/.local/lib/python3.6/site-packages/numpy/core/fromnumeric.py:3373: RuntimeWarning: Mean of empty slice.
  out=out, **kwargs)
/home/hmgent2/.local/lib/python3.6/site-packages/numpy/core/_methods.py:170: RuntimeWarning: invalid value encountered in double_scalars
  ret = ret.dtype.type(ret / rcount)
/home/hmgent2/Irony-Recognition/AcousticFeatureExtraction/extractor_textDependent_new.py:365: RuntimeWarning: Mean of empty slice
  return np.nanmean(tempArray, axis = 0)
/home/hmgent2/Irony-Recognition/AcousticFeatureExtraction/preProcessing/getSpeakerSegmentalData.py:25: RuntimeWarning: Mean of empty slice
  f.write("{}\t{}\n".format(c, np.nanmean(df[c])))

SBep3_d393-I
SBep15_d72-N
SBep21_s1325-I
SBep16_d456-I
SBep27_d445-N
SBep27_c53-N
SBep6_d1004-I
SBep6_j977-I
SBep21_s1847-I
SBep14_c261-N
SBep27_d401-I
SBep15_c424-I
SBep21_d637-I
SBep2_c474-I
SBep4_d655-I
SBep21_s1926-I
SBep6_d16-I
SBep14_c20-N
SBep6_d949-N
SBep16_d183-I
SBep2_d215-I
SBep21_c153-N
SBep2_d337-I
SBep3_c321-N
SBep6_c583-N
SBep4_c493-I
SBep2_c542-N
SBep14_c238-N
SBep2_d452-I
SBep14_d723-N
SBep2_c616-N
SBep6_d608-N
SBep21_c1361-I
SBep15_c545-N
SBep3_d864-N
SBep23_c863-N
SBep6_d245-I
SBep14_c624-N
SBep21_d1708-I
SBep6_c465-N
SBep3_c111-I
SBep15_d33-I
SBep2_c433-I
SBep13_c57-I
SBep13_d679-N
SBep14_k692-I
SBep23_d511-N
SBep21_c889-I
SBep23_c1528-N
SBep3_d1310-N
SBep28_c231-N
SBep3_d576-I
SBep6_j806-N
SBep19_d194-I
SBep19_d114-N
SBep2_d198-I
SBep23_o1256-N
SBep3_d1324-I
SBep23_c512-N
SBep4_d432-I
SBep2_d519-I
SBep6_d688-I
SBep27_d192-I
SBep3_c1000-I
SBep23_o1241-N
SBep13_c442-N
SBep19_c59-I
SBep13_c722-N
SBep15_c562-N
SBep28_d35-I
SBep3_c1151-I
SBep21_c1352-N
SBep21_d473-I
SBep14_c11-I
SBep14_d217-I
SBep14_d367-I
SBep19_d216-I
SBep19_d530-I
SBep2_d116-N
SBep3_f480-N
SBep23_d545-N
SBep6_c263-I
SBep21_d1625-N
SBep27_d84-I
SBep21_d60-I
SBep2_d589-N
SBep14_d15-I
SBep2_c276-I
SBep14_d630-I
SBep3_c733-I
SBep3_c1331-N
SBep15_d150-I
SBep3_d129-N
SBep4_d496-I
SBep19_c459-N
SBep19_c267-I
SBep4_d696-N
SBep4_c786-N
SBep28_c75-N
SBep3_d1356-I
SBep23_o1119-N
SBep27_d492-I
SBep3_d1395-N
SBep23_d750-N
SBep14_d415-I
SBep21_d1414-I
SBep2_c293-I
SBep3_d651-I
SBep16_c155-N
SBep16_c490-I
SBep4_d3-N
SBep23_c1399-N
SBep15_d123-I
SBep28_c457-N
SBep23_o1343-N
SBep14_k99-I
SBep6_d1044-I
SBep2_c511-I
SBep13_d133-I
SBep14_c119-I
SBep3_c203-I
SBep13_d51-I
SBep2_e501-N
SBep2_e552-N
SBep2_d228-I
SBep28_c19-I
SBep21_c802-I
SBep3_d627-N
SBep6_c774-I
SBep28_d631-I
SBep6_d94-N
SBep6_c17-I
SBep27_c206-I
SBep4_d972-N
SBep23_o720-N
SBep4_c701-N
SBep4_c162-N
SBep21_d1471-I
SBep4_d797-N
SBep3_f134-N
SBep28_c556-N
SBep21_d1563-I
SBep28_u522-N
SBep21_d224-N
SBep3_d930-N
SBep3_d1135-I
SBep28_c551-N
SBep21_s1922-I
SBep23_c1172-N
SBep21_c1188-N
SBep27_d4-N
SBep3_f656-N
SBep21_c1709-N
SBep6_c100-N
SBep27_c110-I
SBep3_c396-I
SBep3_c607-I
SBep3_c155-N
SBep19_c320-I
SBep4_c961-N
SBep16_q165-N
SBep16_q157-N
SBep3_d36-I
SBep14_c697-I
SBep4_d1054-N
SBep27_d239-N
SBep3_d732-I
SBep6_c260-I
SBep14_c76-I
SBep27_c244-I
SBep27_d211-I
SBep6_d115-I
SBep16_d324-N
SBep16_c38-I
SBep4_c420-N
SBep23_c893-N
SBep21_s273-I
SBep14_k309-I
SBep3_f104-N
SBep28_c166-N
SBep27_d459-I
SBep4_c245-N
SBep23_d385-I
SBep2_c216-I
SBep21_d1247-I
SBep23_c1209-N
SBep28_u64-N
SBep3_c335-N
SBep6_d960-N
SBep2_d526-I
SBep3_d1307-N
SBep23_c1224-N
SBep3_c1086-N
SBep21_s1688-N
SBep23_c487-N
SBep2_d601-N
SBep3_d901-N
SBep21_d390-I
SBep4_c808-N
SBep6_c339-I
SBep23_d1307-I
SBep6_d788-N
SBep6_c491-I
SBep21_c1002-I
SBep19_d298-N
SBep6_j875-N
SBep3_c1271-N
SBep15_c467-I
SBep14_k280-N
SBep23_c891-N
SBep21_d671-I
SBep3_c1350-I
SBep23_d519-N
SBep14_c111-N
SBep15_o49-I
SBep19_c403-N
SBep3_d1414-I
SBep21_c1825-N
SBep4_c760-N
SBep23_d525-N
SBep14_d442-N
SBep28_u675-I
SBep28_u368-N
SBep21_d1793-N
SBep27_c333-I
SBep3_d186-N
SBep27_d325-I
SBep28_c24-I
SBep3_d1230-N
SBep6_j60-I
SBep15_d6-I
SBep6_j309-I
SBep3_c578-I
SBep16_q65-I
SBep23_c906-I
SBep6_j1029-I
SBep13_c521-N
SBep4_c832-N
SBep21_d1499-I
SBep21_s1786-N
SBep4_d967-N
SBep23_d1157-N
SBep19_c91-I
SBep4_c708-N
SBep6_d919-N
SBep14_c729-I
SBep2_d586-N
SBep21_s1561-I
SBep6_j68-N
SBep16_d128-N
SBep23_d1519-N
SBep3_c807-I
SBep16_c81-N
SBep16_q223-N
SBep23_d539-N
SBep2_d372-I
SBep2_e135-I
SBep13_d320-N
SBep21_d1088-N
SBep6_d393-I
SBep21_s626-I
SBep13_d213-I
SBep2_e612-N
SBep3_d977-I
SBep23_d145-I
SBep23_c636-N
SBep3_d895-N
SBep3_f845-N
SBep3_f1032-N
SBep15_d197-I
SBep28_d114-N
SBep3_d1387-I
SBep23_c117-I
SBep28_c72-N
SBep23_o599-N
SBep4_c512-N
SBep4_h391-N
SBep23_o92-N
SBep14_k284-N
SBep4_d38-I
SBep28_c7-N
SBep6_d1060-N
SBep3_c1039-I
SBep3_f64-N
SBep6_c1061-N
SBep16_c40-I
SBep21_d1357-I
SBep15_o25-I
SBep21_s1465-N
SBep4_c199-I
SBep4_c294-N
SBep15_d29-I
SBep23_d230-I
SBep21_d1844-I
SBep23_d1381-N
SBep6_j490-N
SBep13_d602-N
SBep28_c430-N
SBep27_t196-I
SBep2_c563-N
SBep13_c820-N
SBep23_d691-I
SBep3_f1042-N
SBep3_d912-N
SBep28_c716-N
SBep21_c1653-N
SBep4_c1231-N
SBep3_c29-I
SBep14_c689-N
SBep13_c1-N
SBep15_d590-N
SBep4_c1175-N
SBep16_d436-N
SBep3_d1171-I
SBep15_d344-I
SBep23_d95-I
SBep16_c310-I
SBep16_d97-I
SBep4_d234-I
SBep15_c579-N
SBep16_c494-I
SBep4_c213-N
SBep4_c1124-N
SBep28_c292-N
SBep6_j843-I
SBep19_c119-N
SBep3_d8-I
SBep28_c663-I
SBep3_c303-N
SBep28_c451-N
SBep2_c65-I
SBep19_c433-N
SBep16_q568-N
SBep15_o650-N
SBep23_c955-N
SBep21_c420-I
SBep6_d492-N
SBep16_d450-I
SBep19_c365-I
SBep6_d187-I
SBep21_d484-N
SBep14_c359-N
SBep19_d117-I
SBep14_c160-I
SBep15_d515-N
SBep2_d296-I
SBep2_d241-I
SBep21_d635-I
SBep28_c125-I
SBep6_c214-N
SBep23_d698-I
SBep14_d557-N
SBep21_d743-I
SBep13_c192-N
SBep4_d387-N
SBep3_c302-N
SBep21_d145-I
SBep14_c531-I
SBep6_d673-I
SBep3_d21-I
SBep6_d401-I
SBep15_o32-I
SBep27_d35-I
SBep6_c986-I
SBep21_c1686-N
SBep15_c132-N
SBep21_d298-I
SBep27_d179-I
SBep2_d143-I
SBep14_k330-N
SBep15_c97-N
SBep13_c678-N
SBep16_c498-N
SBep2_e103-I
SBep15_d17-I
SBep16_d365-N
SBep3_c80-I
SBep13_c267-N
SBep13_d301-N
SBep16_c72-I
SBep4_c1077-N
SBep28_c53-I
SBep15_c220-N
SBep15_d456-I
SBep23_o1462-N
SBep19_d151-N
SBep3_d602-I
SBep23_o1501-I
SBep6_d718-I
SBep16_q31-N
SBep23_o1171-N
SBep16_q20-I
SBep16_d430-I
SBep23_c1179-N
SBep19_d287-I
SBep21_c129-I
SBep19_c438-I
SBep23_c225-N
SBep23_d286-N
SBep15_c13-N
SBep14_c248-N
SBep4_d163-I
SBep14_c507-N
SBep27_d321-N
SBep14_c584-N
SBep3_c668-N
SBep15_c64-N
SBep3_d934-I
SBep21_d1888-I
SBep21_d1336-I
SBep21_d1545-I
SBep21_d40-I
SBep21_d393-I
SBep6_j778-N
SBep4_h703-N
SBep23_c661-N
SBep13_c762-N
SBep28_c649-N
SBep14_k38-I
SBep21_c1833-N
SBep6_c474-N
SBep3_d1161-I
SBep21_s1883-I
SBep21_c464-I
All processes completed in 17.0 minutes
