Best val_acc So Far: 0.796459186077118
Total elapsed time: 01h 18m 11s
Results summary
Results in ./untitled_project
Showing 10 best trials
Objective(name='val_acc', direction='max')

Trial summary
Hyperparameters:
conv_layers: 4
conv0_size: 96
pooling0_size: 9
concat_size: 300
lstm_size: 256
lstm_dropout: 0.0
recurrent_dropout: 0.25
dropout: 0.5
z1_size: 4
outActivation: sigmoid
optimizer: adam
conv1_size: 88
pooling1_size: 4
conv2_size: 248
pooling2_size: 4
conv3_size: 80
pooling3_size: 4
conv4_size: 176
pooling4_size: 9

Score: 0.796459186077118
Trial summary
Hyperparameters:
conv_layers: 4
conv0_size: 144
pooling0_size: 8
concat_size: 232
lstm_size: 48
lstm_dropout: 0.2
recurrent_dropout: 0.0
dropout: 0.05
z1_size: 30
outActivation: softmax
optimizer: adam
conv1_size: 232
pooling1_size: 5
conv2_size: 80
pooling2_size: 9
conv3_size: 168
pooling3_size: 7
conv4_size: 120
pooling4_size: 6
Score: 0.7898252725601196
Trial summary
Hyperparameters:
conv_layers: 3
conv0_size: 72
pooling0_size: 9
concat_size: 32
lstm_size: 240
lstm_dropout: 0.15000000000000002
recurrent_dropout: 0.1
dropout: 0.9
z1_size: 8
outActivation: sigmoid
optimizer: adam
conv1_size: 208
pooling1_size: 6
conv2_size: 48
pooling2_size: 5
conv3_size: 152
pooling3_size: 8
conv4_size: 232
pooling4_size: 8
Score: 0.7883492588996888
Trial summary
Hyperparameters:
conv_layers: 3
conv0_size: 248
pooling0_size: 5
concat_size: 184
lstm_size: 320
lstm_dropout: 0.5
recurrent_dropout: 0.45
dropout: 0.2
z1_size: 26
outActivation: sigmoid
optimizer: adam
conv1_size: 96
pooling1_size: 5
conv2_size: 184
pooling2_size: 5
conv3_size: 152
pooling3_size: 5
conv4_size: 96
pooling4_size: 4
Score: 0.7883438229560852
Trial summary
Hyperparameters:
conv_layers: 1
conv0_size: 40
pooling0_size: 5
concat_size: 48
lstm_size: 364
lstm_dropout: 0.05
recurrent_dropout: 0.30000000000000004
dropout: 0.65
z1_size: 10
outActivation: sigmoid
optimizer: adam
conv1_size: 64
pooling1_size: 7
conv2_size: 32
pooling2_size: 8
conv3_size: 184
pooling3_size: 5
Score: 0.7883411169052124
Trial summary
Hyperparameters:
conv_layers: 2
conv0_size: 184
pooling0_size: 8
concat_size: 264
lstm_size: 240
lstm_dropout: 0.0
recurrent_dropout: 0.0
dropout: 0.2
z1_size: 16
outActivation: softmax
optimizer: adam
conv1_size: 176
pooling1_size: 4
conv2_size: 144
pooling2_size: 6
conv3_size: 56
pooling3_size: 7
conv4_size: 112
pooling4_size: 9
Score: 0.7876139402389526
Trial summary
Hyperparameters:
conv_layers: 4
conv0_size: 256
pooling0_size: 5
concat_size: 392
lstm_size: 232
lstm_dropout: 0.35000000000000003
recurrent_dropout: 0.2
dropout: 0.45
z1_size: 14
outActivation: sigmoid
optimizer: adam
conv1_size: 264
pooling1_size: 5
conv2_size: 112
pooling2_size: 5
conv3_size: 128
pooling3_size: 6
conv4_size: 96
pooling4_size: 10
Score: 0.787608516216278
Trial summary
Hyperparameters:
conv_layers: 3
conv0_size: 64
pooling0_size: 6
concat_size: 164
lstm_size: 164
lstm_dropout: 0.05
recurrent_dropout: 0.1
dropout: 0.0
z1_size: 10
outActivation: sigmoid
optimizer: adam
conv1_size: 240
pooling1_size: 5
conv2_size: 128
pooling2_size: 9
conv3_size: 168
pooling3_size: 3
conv4_size: 216
pooling4_size: 8
Score: 0.7876058220863342
Trial summary
Hyperparameters:
conv_layers: 2
conv0_size: 56
pooling0_size: 5
concat_size: 264
lstm_size: 360
lstm_dropout: 0.05
recurrent_dropout: 0.1
dropout: 0.30000000000000004
z1_size: 12
outActivation: softmax
optimizer: adam
conv1_size: 224
pooling1_size: 10
conv2_size: 216
pooling2_size: 9
conv3_size: 248
pooling3_size: 9
conv4_size: 96
pooling4_size: 7
Score: 0.7861569285392761
Trial summary
Hyperparameters:
conv_layers: 5
conv0_size: 56
pooling0_size: 3
concat_size: 160
lstm_size: 220
lstm_dropout: 0.15000000000000002
recurrent_dropout: 0.15000000000000002
dropout: 0.1
z1_size: 12
outActivation: softmax
optimizer: adam
conv1_size: 88
pooling1_size: 6
conv2_size: 40
pooling2_size: 4
conv3_size: 144
pooling3_size: 4
conv4_size: 72
pooling4_size: 10
Score: 0.7861433863639832