Results summary
Results in ./untitled_project
Showing 10 best trials
Objective(name='val_acc', direction='max')

Trial summary
Hyperparameters:
conv_layers: 3
conv0_size: 136
pooling0_size: 4
concat_size: 360
lstm_size: 200
lstm_dropout: 0.45
recurrent_dropout: 0.35000000000000003
dropout: 0.05
z1_size: 30
outActivation: sigmoid
optimizer: adam
conv1_size: 248
pooling1_size: 9
conv2_size: 240
pooling2_size: 4
conv3_size: 168
pooling3_size: 8
conv4_size: 64
pooling4_size: 7
Score: 0.774892270565033

Trial summary
Hyperparameters:
conv_layers: 2
conv0_size: 88
pooling0_size: 4
concat_size: 224
lstm_size: 276
lstm_dropout: 0.2
recurrent_dropout: 0.5
dropout: 0.0
z1_size: 30
outActivation: sigmoid
optimizer: adam
conv1_size: 216
pooling1_size: 4
conv2_size: 200
pooling2_size: 10
conv3_size: 144
pooling3_size: 6
conv4_size: 72
pooling4_size: 7
Score: 0.7746833860874176
Trial summary
Hyperparameters:
conv_layers: 4
conv0_size: 56
pooling0_size: 5
concat_size: 84
lstm_size: 268
lstm_dropout: 0.15000000000000002
recurrent_dropout: 0.0
dropout: 0.2
z1_size: 18
outActivation: softmax
optimizer: adam
conv1_size: 240
pooling1_size: 5
conv2_size: 64
pooling2_size: 7
conv3_size: 168
pooling3_size: 8
conv4_size: 80
pooling4_size: 8
Score: 0.7728228271007538
Trial summary
Hyperparameters:
conv_layers: 3
conv0_size: 144
pooling0_size: 4
concat_size: 164
lstm_size: 52
lstm_dropout: 0.05
recurrent_dropout: 0.1
dropout: 0.8500000000000001
z1_size: 8
outActivation: sigmoid
optimizer: adam
conv1_size: 32
pooling1_size: 4
conv2_size: 200
pooling2_size: 7
conv3_size: 104
pooling3_size: 5
conv4_size: 232
pooling4_size: 4
Score: 0.7718631625175476
Trial summary
Hyperparameters:
conv_layers: 2
conv0_size: 200
pooling0_size: 4
concat_size: 348
lstm_size: 216
lstm_dropout: 0.2
recurrent_dropout: 0.2
dropout: 0.30000000000000004
z1_size: 28
outActivation: softmax
optimizer: adam
conv1_size: 184
pooling1_size: 7
conv2_size: 248
pooling2_size: 8
conv3_size: 176
pooling3_size: 5
conv4_size: 168
pooling4_size: 5
Score: 0.7718631625175476
Trial summary
Hyperparameters:
conv_layers: 4
conv0_size: 232
pooling0_size: 5
concat_size: 120
lstm_size: 280
lstm_dropout: 0.25
recurrent_dropout: 0.25
dropout: 0.25
z1_size: 14
outActivation: sigmoid
optimizer: adam
conv1_size: 24
pooling1_size: 4
conv2_size: 208
pooling2_size: 4
conv3_size: 72
pooling3_size: 4
conv4_size: 192
pooling4_size: 5
Score: 0.7712690830230713
Trial summary
Hyperparameters:
conv_layers: 2
conv0_size: 24
pooling0_size: 4
concat_size: 264
lstm_size: 248
lstm_dropout: 0.05
recurrent_dropout: 0.35000000000000003
dropout: 0.25
z1_size: 20
outActivation: sigmoid
optimizer: adam
conv1_size: 160
pooling1_size: 7
conv2_size: 56
pooling2_size: 8
conv3_size: 208
pooling3_size: 8
conv4_size: 120
pooling4_size: 6
Score: 0.771216869354248
Trial summary
Hyperparameters:
conv_layers: 2
conv0_size: 112
pooling0_size: 4
concat_size: 92
lstm_size: 92
lstm_dropout: 0.1
recurrent_dropout: 0.45
dropout: 0.15000000000000002
z1_size: 18
outActivation: sigmoid
optimizer: adam
conv1_size: 56
pooling1_size: 7
conv2_size: 120
pooling2_size: 5
conv3_size: 104
pooling3_size: 3
conv4_size: 232
pooling4_size: 9
Score: 0.771216869354248
Trial summary
Hyperparameters:
conv_layers: 3
conv0_size: 200
pooling0_size: 8
concat_size: 272
lstm_size: 116
lstm_dropout: 0.4
recurrent_dropout: 0.30000000000000004
dropout: 0.2
z1_size: 12
outActivation: softmax
optimizer: adam
conv1_size: 192
pooling1_size: 8
conv2_size: 184
pooling2_size: 6
conv3_size: 104
pooling3_size: 6
conv4_size: 168
pooling4_size: 6
Score: 0.7710863053798676
Trial summary
Hyperparameters:
conv_layers: 1
conv0_size: 264
pooling0_size: 3
concat_size: 380
lstm_size: 220
lstm_dropout: 0.15000000000000002
recurrent_dropout: 0.30000000000000004
dropout: 0.25
z1_size: 16
outActivation: softmax
optimizer: adam
conv1_size: 192
pooling1_size: 10
conv2_size: 112
pooling2_size: 5
conv3_size: 48
pooling3_size: 6
conv4_size: 208
pooling4_size: 5
Score: 0.7704922258853912
Successfully completed speaker independent hyperparameter tuning