Results summary
Results in ./untitled_project
Showing 10 best trials
Objective(name='val_acc', direction='max')

Trial summary
Hyperparameters:
conv_layers: 2
conv0_size: 120
pooling0_size: 4
concat_size: 384
lstm_size: 400
lstm_dropout: 0.0
recurrent_dropout: 0.15000000000000002
dropout: 0.55
z1_size: 8
outActivation: softmax
optimizer: adam
conv1_size: 48
pooling1_size: 7
conv2_size: 200
pooling2_size: 7
conv3_size: 72
pooling3_size: 5
conv4_size: 232
pooling4_size: 8
Score: 0.7986786365509033

Trial summary
Hyperparameters:
conv_layers: 2
conv0_size: 176
pooling0_size: 6
concat_size: 208
lstm_size: 176
lstm_dropout: 0.15000000000000002
recurrent_dropout: 0.45
dropout: 0.25
z1_size: 6
outActivation: softmax
optimizer: adam
conv1_size: 24
pooling1_size: 4
conv2_size: 232
pooling2_size: 7
conv3_size: 176
pooling3_size: 9
conv4_size: 208
pooling4_size: 5
Score: 0.7905687093734741
Trial summary
Hyperparameters:
conv_layers: 4
conv0_size: 192
pooling0_size: 5
concat_size: 324
lstm_size: 224
lstm_dropout: 0.05
recurrent_dropout: 0.45
dropout: 0.4
z1_size: 12
outActivation: softmax
optimizer: adam
conv1_size: 128
pooling1_size: 7
conv2_size: 224
pooling2_size: 4
conv3_size: 216
pooling3_size: 3
conv4_size: 264
pooling4_size: 5
Score: 0.7883628368377685
Trial summary
Hyperparameters:
conv_layers: 2
conv0_size: 120
pooling0_size: 5
concat_size: 64
lstm_size: 96
lstm_dropout: 0.1
recurrent_dropout: 0.30000000000000004
dropout: 0.15000000000000002
z1_size: 16
outActivation: sigmoid
optimizer: adam
conv1_size: 120
pooling1_size: 4
conv2_size: 176
pooling2_size: 6
conv3_size: 152
pooling3_size: 4
conv4_size: 240
pooling4_size: 10
Score: 0.7883519530296326
Trial summary
Hyperparameters:
conv_layers: 3
conv0_size: 168
pooling0_size: 6
concat_size: 360
lstm_size: 312
lstm_dropout: 0.0
recurrent_dropout: 0.45
dropout: 0.55
z1_size: 6
outActivation: softmax
optimizer: adam
conv1_size: 72
pooling1_size: 4
conv2_size: 200
pooling2_size: 5
conv3_size: 176
pooling3_size: 9
conv4_size: 264
pooling4_size: 8
Score: 0.7883411049842834
Trial summary
Hyperparameters:
conv_layers: 1
conv0_size: 200
pooling0_size: 8
concat_size: 60
lstm_size: 316
lstm_dropout: 0.1
recurrent_dropout: 0.2
dropout: 0.15000000000000002
z1_size: 4
outActivation: softmax
optimizer: adam
conv1_size: 40
pooling1_size: 8
conv2_size: 168
pooling2_size: 4
conv3_size: 80
pooling3_size: 6
conv4_size: 72
pooling4_size: 9
Score: 0.7861433744430542
Trial summary
Hyperparameters:
conv_layers: 3
conv0_size: 240
pooling0_size: 3
concat_size: 88
lstm_size: 284
lstm_dropout: 0.05
recurrent_dropout: 0.1
dropout: 0.2
z1_size: 8
outActivation: softmax
optimizer: adam
conv1_size: 96
pooling1_size: 8
conv2_size: 256
pooling2_size: 9
conv3_size: 192
pooling3_size: 6
conv4_size: 32
pooling4_size: 3
Score: 0.786135220527649
Trial summary
Hyperparameters:
conv_layers: 2
conv0_size: 256
pooling0_size: 5
concat_size: 316
lstm_size: 256
lstm_dropout: 0.2
recurrent_dropout: 0.15000000000000002
dropout: 0.35000000000000003
z1_size: 22
outActivation: softmax
optimizer: adam
conv1_size: 16
pooling1_size: 3
Score: 0.7846646428108215
Trial summary
Hyperparameters:
conv_layers: 1
conv0_size: 224
pooling0_size: 3
concat_size: 96
lstm_size: 272
lstm_dropout: 0.30000000000000004
recurrent_dropout: 0.35000000000000003
dropout: 0.5
z1_size: 6
outActivation: sigmoid
optimizer: adam
conv1_size: 176
pooling1_size: 9
conv2_size: 136
pooling2_size: 9
conv3_size: 152
pooling3_size: 4
conv4_size: 104
pooling4_size: 4
Score: 0.7839293599128723
Trial summary
Hyperparameters:
conv_layers: 2
conv0_size: 48
pooling0_size: 9
concat_size: 268
lstm_size: 132
lstm_dropout: 0.0
recurrent_dropout: 0.30000000000000004
dropout: 0.5
z1_size: 10
outActivation: softmax
optimizer: adam
conv1_size: 64
pooling1_size: 4
conv2_size: 160
pooling2_size: 7
conv3_size: 256
pooling3_size: 5
conv4_size: 256
pooling4_size: 7
Score: 0.7831886291503907
Successfully completed speaker dependent hyperparameter tuning