Results summary
Results in ./untitled_project
Showing 10 best trials
Objective(name='val_acc', direction='max')

Trial summary
Hyperparameters:
conv_layers: 1
conv0_size: 32
pooling0_size: 4
concat_size: 232
lstm_size: 156
lstm_dropout: 0.0
recurrent_dropout: 0.25
dropout: 0.05
z1_size: 30
outActivation: sigmoid
optimizer: adam
conv1_size: 208
pooling1_size: 5
conv2_size: 112
pooling2_size: 9
conv3_size: 232
pooling3_size: 6
conv4_size: 48
pooling4_size: 6
Score: 0.7913039922714233

Trial summary
Hyperparameters:
conv_layers: 3
conv0_size: 224
pooling0_size: 9
concat_size: 356
lstm_size: 232
lstm_dropout: 0.0
recurrent_dropout: 0.30000000000000004
dropout: 0.30000000000000004
z1_size: 8
outActivation: softmax
optimizer: adam
conv1_size: 224
pooling1_size: 4
conv2_size: 240
pooling2_size: 8
conv3_size: 112
pooling3_size: 6
conv4_size: 240
pooling4_size: 5
Score: 0.7883356809616089
Trial summary
Hyperparameters:
conv_layers: 2
conv0_size: 240
pooling0_size: 8
concat_size: 236
lstm_size: 68
lstm_dropout: 0.05
recurrent_dropout: 0.05
dropout: 0.30000000000000004
z1_size: 26
outActivation: sigmoid
optimizer: adam
conv1_size: 144
pooling1_size: 4
conv2_size: 32
pooling2_size: 6
conv3_size: 64
pooling3_size: 8
conv4_size: 104
pooling4_size: 4
Score: 0.7846727848052979
Trial summary
Hyperparameters:
conv_layers: 3
conv0_size: 152
pooling0_size: 5
concat_size: 264
lstm_size: 308
lstm_dropout: 0.1
recurrent_dropout: 0.35000000000000003
dropout: 0.05
z1_size: 12
outActivation: softmax
optimizer: adam
conv1_size: 56
pooling1_size: 9
conv2_size: 200
pooling2_size: 8
conv3_size: 136
pooling3_size: 7
conv4_size: 144
pooling4_size: 6
Score: 0.7832157611846924
Trial summary
Hyperparameters:
conv_layers: 4
conv0_size: 16
pooling0_size: 7
concat_size: 344
lstm_size: 344
lstm_dropout: 0.05
recurrent_dropout: 0.35000000000000003
dropout: 0.4
z1_size: 10
outActivation: softmax
optimizer: adam
conv1_size: 152
pooling1_size: 8
conv2_size: 128
pooling2_size: 10
conv3_size: 104
pooling3_size: 5
conv4_size: 200
pooling4_size: 6
Score: 0.7831994771957398
Trial summary
Hyperparameters:
conv_layers: 4
conv0_size: 192
pooling0_size: 7
concat_size: 332
lstm_size: 272
lstm_dropout: 0.0
recurrent_dropout: 0.2
dropout: 0.0
z1_size: 32
outActivation: softmax
optimizer: adam
conv1_size: 176
pooling1_size: 10
conv2_size: 104
pooling2_size: 6
conv3_size: 40
pooling3_size: 3
conv4_size: 88
pooling4_size: 4
Score: 0.7831940531730652
Trial summary
Hyperparameters:
conv_layers: 3
conv0_size: 64
pooling0_size: 4
concat_size: 228
lstm_size: 92
lstm_dropout: 0.05
recurrent_dropout: 0.4
dropout: 0.4
z1_size: 12
outActivation: softmax
optimizer: adam
conv1_size: 104
pooling1_size: 5
conv2_size: 168
pooling2_size: 7
conv3_size: 88
pooling3_size: 7
conv4_size: 56
pooling4_size: 3
Score: 0.7831750631332397
Trial summary
Hyperparameters:
conv_layers: 2
conv0_size: 32
pooling0_size: 9
concat_size: 128
lstm_size: 364
lstm_dropout: 0.05
recurrent_dropout: 0.2
dropout: 0.30000000000000004
z1_size: 10
outActivation: sigmoid
optimizer: adam
conv1_size: 24
pooling1_size: 5
conv2_size: 160
pooling2_size: 9
conv3_size: 32
pooling3_size: 10
conv4_size: 72
pooling4_size: 9
Score: 0.7824804663658143
Trial summary
Hyperparameters:
conv_layers: 2
conv0_size: 200
pooling0_size: 3
concat_size: 400
lstm_size: 336
lstm_dropout: 0.2
recurrent_dropout: 0.5
dropout: 0.1
z1_size: 14
outActivation: softmax
optimizer: adam
conv1_size: 96
pooling1_size: 10
conv2_size: 240
pooling2_size: 4
conv3_size: 72
pooling3_size: 5
conv4_size: 240
pooling4_size: 5
Score: 0.7809827446937561
Trial summary
Hyperparameters:
conv_layers: 3
conv0_size: 40
pooling0_size: 9
concat_size: 336
lstm_size: 384
lstm_dropout: 0.15000000000000002
recurrent_dropout: 0.05
dropout: 0.0
z1_size: 32
outActivation: softmax
optimizer: adam
conv1_size: 32
pooling1_size: 5
conv2_size: 168
pooling2_size: 8
conv3_size: 24
pooling3_size: 5
conv4_size: 192
pooling4_size: 4
Score: 0.7802393198013305