Best val_acc So Far: 0.7942478775978088
Total elapsed time: 01h 02m 26s
Results summary
Results in ./untitled_project
Showing 10 best trials
Objective(name='val_acc', direction='max')
Trial summary
Hyperparameters:
conv_layers: 2
conv0_size: 104
pooling0_size: 4
concat_size: 36
lstm_size: 128
lstm_dropout: 0.1
recurrent_dropout: 0.05
dropout: 0.15000000000000002
z1_size: 8
outActivation: sigmoid
optimizer: adam
conv1_size: 96
pooling1_size: 6
conv2_size: 96
pooling2_size: 6
conv3_size: 176
pooling3_size: 7
conv4_size: 192
pooling4_size: 9
Score: 0.7942478775978088

Trial summary
Hyperparameters:
conv_layers: 3
conv0_size: 192
pooling0_size: 4
concat_size: 24
lstm_size: 140
lstm_dropout: 0.05
recurrent_dropout: 0.0
dropout: 0.05
z1_size: 20
outActivation: softmax
optimizer: adam
conv1_size: 56
pooling1_size: 4
conv2_size: 88
pooling2_size: 6
conv3_size: 56
pooling3_size: 10
conv4_size: 208
pooling4_size: 10
Score: 0.7920284390449523
Trial summary
Hyperparameters:
conv_layers: 3
conv0_size: 120
pooling0_size: 6
concat_size: 368
lstm_size: 160
lstm_dropout: 0.05
recurrent_dropout: 0.1
dropout: 0.1
z1_size: 10
outActivation: softmax
optimizer: adam
conv1_size: 56
pooling1_size: 10
conv2_size: 216
pooling2_size: 4
conv3_size: 176
pooling3_size: 7
conv4_size: 248
pooling4_size: 6
Score: 0.7905659794807434
Trial summary
Hyperparameters:
conv_layers: 2
conv0_size: 192
pooling0_size: 6
concat_size: 236
lstm_size: 76
lstm_dropout: 0.0
recurrent_dropout: 0.0
dropout: 0.4
z1_size: 10
outActivation: softmax
optimizer: adam
conv1_size: 232
pooling1_size: 3
conv2_size: 208
pooling2_size: 5
conv3_size: 104
pooling3_size: 9
conv4_size: 56
pooling4_size: 10
Score: 0.7891008257865906
Trial summary
Hyperparameters:
conv_layers: 4
conv0_size: 240
pooling0_size: 10
concat_size: 280
lstm_size: 140
lstm_dropout: 0.05
recurrent_dropout: 0.25
dropout: 0.2
z1_size: 8
outActivation: sigmoid
optimizer: adam
conv1_size: 32
pooling1_size: 9
conv2_size: 120
pooling2_size: 5
conv3_size: 112
pooling3_size: 7
conv4_size: 104
pooling4_size: 5
Score: 0.789095401763916
Trial summary
Hyperparameters:
conv_layers: 3
conv0_size: 144
pooling0_size: 7
concat_size: 292
lstm_size: 320
lstm_dropout: 0.35000000000000003
recurrent_dropout: 0.15000000000000002
dropout: 0.1
z1_size: 32
outActivation: softmax
optimizer: adam
conv1_size: 88
pooling1_size: 5
conv2_size: 88
pooling2_size: 5
conv3_size: 200
pooling3_size: 8
conv4_size: 232
pooling4_size: 3
Score: 0.7883492469787597
Trial summary
Hyperparameters:
conv_layers: 2
conv0_size: 120
pooling0_size: 8
concat_size: 324
lstm_size: 36
lstm_dropout: 0.05
recurrent_dropout: 0.0
dropout: 0.25
z1_size: 26
outActivation: softmax
optimizer: adam
conv1_size: 128
pooling1_size: 6
conv2_size: 128
pooling2_size: 3
conv3_size: 208
pooling3_size: 10
conv4_size: 136
pooling4_size: 9
Score: 0.785408079624176
Trial summary
Hyperparameters:
conv_layers: 3
conv0_size: 72
pooling0_size: 3
concat_size: 164
lstm_size: 112
lstm_dropout: 0.1
recurrent_dropout: 0.30000000000000004
dropout: 0.1
z1_size: 6
outActivation: softmax
optimizer: adam
conv1_size: 104
pooling1_size: 5
conv2_size: 32
pooling2_size: 9
conv3_size: 248
pooling3_size: 6
conv4_size: 80
pooling4_size: 6
Score: 0.7853945016860961
Trial summary
Hyperparameters:
conv_layers: 1
conv0_size: 104
pooling0_size: 4
concat_size: 300
lstm_size: 368
lstm_dropout: 0.25
recurrent_dropout: 0.30000000000000004
dropout: 0.2
z1_size: 16
outActivation: sigmoid
optimizer: adam
conv1_size: 64
pooling1_size: 10
conv2_size: 144
pooling2_size: 6
conv3_size: 232
pooling3_size: 3
conv4_size: 64
pooling4_size: 6
Score: 0.7853917956352234
Trial summary
Hyperparameters:
conv_layers: 3
conv0_size: 224
pooling0_size: 8
concat_size: 40
lstm_size: 140
lstm_dropout: 0.1
recurrent_dropout: 0.25
dropout: 0.0
z1_size: 16
outActivation: sigmoid
optimizer: adam
conv1_size: 96
pooling1_size: 7
conv2_size: 200
pooling2_size: 9
conv3_size: 16
pooling3_size: 4
conv4_size: 224
pooling4_size: 9
Score: 0.7839347720146179
Successfully completed speaker dependent hyperparameter tuning