Working on file 0 of 780
Working on file 1 of 780
Working on file 2 of 780
Working on file 3 of 780
Working on file 4 of 780
Working on file 5 of 780
Working on file 6 of 780
Working on file 7 of 780
Working on file 8 of 780
Working on file 9 of 780
Working on file 10 of 780
Working on file 11 of 780
Working on file 12 of 780
Working on file 13 of 780
Working on file 14 of 780
Working on file 15 of 780
Working on file 16 of 780
Working on file 17 of 780
Working on file 18 of 780
Working on file 19 of 780
Working on file 20 of 780
Working on file 21 of 780
Working on file 22 of 780
Working on file 23 of 780
Working on file 24 of 780
Working on file 25 of 780
Working on file 26 of 780
Working on file 27 of 780
Working on file 28 of 780
Working on file 29 of 780
Working on file 30 of 780
Working on file 31 of 780
Working on file 32 of 780
Working on file 33 of 780
Working on file 34 of 780
Working on file 35 of 780
Working on file 36 of 780
Working on file 37 of 780
Working on file 38 of 780
Working on file 39 of 780
Working on file 40 of 780
Working on file 41 of 780
Working on file 42 of 780
Working on file 43 of 780
Working on file 44 of 780
Working on file 45 of 780
Working on file 46 of 780
Working on file 47 of 780
Working on file 48 of 780
Working on file 49 of 780
Working on file 50 of 780
Working on file 51 of 780
Working on file 52 of 780
Working on file 53 of 780
Working on file 54 of 780
Working on file 55 of 780
Working on file 56 of 780
Working on file 57 of 780
Working on file 58 of 780
Working on file 59 of 780
Working on file 60 of 780
Working on file 61 of 780
Working on file 62 of 780
Working on file 63 of 780
Working on file 64 of 780
Working on file 65 of 780
Working on file 66 of 780
Working on file 67 of 780
Working on file 68 of 780
Working on file 69 of 780
Working on file 70 of 780
Working on file 71 of 780
Working on file 72 of 780
Working on file 73 of 780
Working on file 74 of 780
Working on file 75 of 780
Working on file 76 of 780
Working on file 77 of 780
Working on file 78 of 780
Working on file 79 of 780
Working on file 80 of 780
Working on file 81 of 780
Working on file 82 of 780
Working on file 83 of 780
Working on file 84 of 780
Working on file 85 of 780
Working on file 86 of 780
Working on file 87 of 780
Working on file 88 of 780
Working on file 89 of 780
Working on file 90 of 780
Working on file 91 of 780
Working on file 92 of 780
Working on file 93 of 780
Working on file 94 of 780
Working on file 95 of 780
Working on file 96 of 780
Working on file 97 of 780
Working on file 98 of 780
Working on file 99 of 780
Working on file 100 of 780
Working on file 101 of 780
Working on file 102 of 780
Working on file 103 of 780
Working on file 104 of 780
Working on file 105 of 780
Working on file 106 of 780
Working on file 107 of 780
Working on file 108 of 780
Working on file 109 of 780
Working on file 110 of 780
Working on file 111 of 780
Working on file 112 of 780
Working on file 113 of 780
Working on file 114 of 780
Working on file 115 of 780
Working on file 116 of 780
Working on file 117 of 780
Working on file 118 of 780
Working on file 119 of 780
Working on file 120 of 780
Working on file 121 of 780
Working on file 122 of 780
Working on file 123 of 780
Working on file 124 of 780
Working on file 125 of 780
Working on file 126 of 780
Working on file 127 of 780
Working on file 128 of 780
Working on file 129 of 780
Working on file 130 of 780
Working on file 131 of 780
Working on file 132 of 780
Working on file 133 of 780
Working on file 134 of 780
Working on file 135 of 780
Working on file 136 of 780
Working on file 137 of 780
Working on file 138 of 780
Working on file 139 of 780
Working on file 140 of 780
Working on file 141 of 780
Working on file 142 of 780
Working on file 143 of 780
Working on file 144 of 780
Working on file 145 of 780
Working on file 146 of 780
Working on file 147 of 780
Working on file 148 of 780
Working on file 149 of 780
Working on file 150 of 780
Working on file 151 of 780
Working on file 152 of 780
Working on file 153 of 780
Working on file 154 of 780
Working on file 155 of 780
Working on file 156 of 780
Working on file 157 of 780
Working on file 158 of 780
Working on file 159 of 780
Working on file 160 of 780
Working on file 161 of 780
Working on file 162 of 780
Working on file 163 of 780
Working on file 164 of 780
Working on file 165 of 780
Working on file 166 of 780
Working on file 167 of 780
Working on file 168 of 780
Working on file 169 of 780
Working on file 170 of 780
Working on file 171 of 780
Working on file 172 of 780
Working on file 173 of 780
Working on file 174 of 780
Working on file 175 of 780
Working on file 176 of 780
Working on file 177 of 780
Working on file 178 of 780
Working on file 179 of 780
Working on file 180 of 780
Working on file 181 of 780
Working on file 182 of 780
Working on file 183 of 780
Working on file 184 of 780
Working on file 185 of 780
Working on file 186 of 780
Working on file 187 of 780
Working on file 188 of 780
Working on file 189 of 780
Working on file 190 of 780
Working on file 191 of 780
Working on file 192 of 780
Working on file 193 of 780
Working on file 194 of 780
Working on file 195 of 780
Working on file 196 of 780
Working on file 197 of 780
Working on file 198 of 780
Working on file 199 of 780
Working on file 200 of 780
Working on file 201 of 780
Working on file 202 of 780
Working on file 203 of 780
Working on file 204 of 780
Working on file 205 of 780
Working on file 206 of 780
Working on file 207 of 780
Working on file 208 of 780
Working on file 209 of 780
Working on file 210 of 780
Working on file 211 of 780
Working on file 212 of 780
Working on file 213 of 780
Working on file 214 of 780
Working on file 215 of 780
Working on file 216 of 780
Working on file 217 of 780
Working on file 218 of 780
Working on file 219 of 780
Working on file 220 of 780
Working on file 221 of 780
Working on file 222 of 780
Working on file 223 of 780
Working on file 224 of 780
Working on file 225 of 780
Working on file 226 of 780
Working on file 227 of 780
Working on file 228 of 780
Working on file 229 of 780
Working on file 230 of 780
Working on file 231 of 780
Working on file 232 of 780
Working on file 233 of 780
Working on file 234 of 780
Working on file 235 of 780
Working on file 236 of 780
Working on file 237 of 780
Working on file 238 of 780
Working on file 239 of 780
Working on file 240 of 780
Working on file 241 of 780
Working on file 242 of 780
Working on file 243 of 780
Working on file 244 of 780
Working on file 245 of 780
Working on file 246 of 780
Working on file 247 of 780
Working on file 248 of 780
Working on file 249 of 780
Working on file 250 of 780
Working on file 251 of 780
Working on file 252 of 780
Working on file 253 of 780
Working on file 254 of 780
Working on file 255 of 780
Working on file 256 of 780
Working on file 257 of 780
Working on file 258 of 780
Working on file 259 of 780
Working on file 260 of 780
Working on file 261 of 780
Working on file 262 of 780
Working on file 263 of 780
Working on file 264 of 780
Working on file 265 of 780
Working on file 266 of 780
Working on file 267 of 780
Working on file 268 of 780
Working on file 269 of 780
Working on file 270 of 780
Working on file 271 of 780
Working on file 272 of 780
Working on file 273 of 780
Working on file 274 of 780
Working on file 275 of 780
Working on file 276 of 780
Working on file 277 of 780
Working on file 278 of 780
Working on file 279 of 780
Working on file 280 of 780
Working on file 281 of 780
Working on file 282 of 780
Working on file 283 of 780
Working on file 284 of 780
Working on file 285 of 780
Working on file 286 of 780
Working on file 287 of 780
Working on file 288 of 780
Working on file 289 of 780
Working on file 290 of 780
Working on file 291 of 780
Working on file 292 of 780
Working on file 293 of 780
Working on file 294 of 780
Working on file 295 of 780
Working on file 296 of 780
Working on file 297 of 780
Working on file 298 of 780
Working on file 299 of 780
Working on file 300 of 780
Working on file 301 of 780
Working on file 302 of 780
Working on file 303 of 780
Working on file 304 of 780
Working on file 305 of 780
Working on file 306 of 780
Working on file 307 of 780
Working on file 308 of 780
Working on file 309 of 780
Working on file 310 of 780
Working on file 311 of 780
Working on file 312 of 780
Working on file 313 of 780
Working on file 314 of 780
Working on file 315 of 780
Working on file 316 of 780
Working on file 317 of 780
Working on file 318 of 780
Working on file 319 of 780
Working on file 320 of 780
Working on file 321 of 780
Working on file 322 of 780
Working on file 323 of 780
Working on file 324 of 780
Working on file 325 of 780
Working on file 326 of 780
Working on file 327 of 780
Working on file 328 of 780
Working on file 329 of 780
Working on file 330 of 780
Working on file 331 of 780
Working on file 332 of 780
Working on file 333 of 780
Working on file 334 of 780
Working on file 335 of 780
Working on file 336 of 780
Working on file 337 of 780
Working on file 338 of 780
Working on file 339 of 780
Working on file 340 of 780
Working on file 341 of 780
Working on file 342 of 780
Working on file 343 of 780
Working on file 344 of 780
Working on file 345 of 780
Working on file 346 of 780
Working on file 347 of 780
Working on file 348 of 780
Working on file 349 of 780
Working on file 350 of 780
Working on file 351 of 780
Working on file 352 of 780
Working on file 353 of 780
Working on file 354 of 780
Working on file 355 of 780
Working on file 356 of 780
Working on file 357 of 780
Working on file 358 of 780
Working on file 359 of 780
Working on file 360 of 780
Working on file 361 of 780
Working on file 362 of 780
Working on file 363 of 780
Working on file 364 of 780
Working on file 365 of 780
Working on file 366 of 780
Working on file 367 of 780
Working on file 368 of 780
Working on file 369 of 780
Working on file 370 of 780
Working on file 371 of 780
Working on file 372 of 780
Working on file 373 of 780
Working on file 374 of 780
Working on file 375 of 780
Working on file 376 of 780
Working on file 377 of 780
Working on file 378 of 780
Working on file 379 of 780
Working on file 380 of 780
Working on file 381 of 780
Working on file 382 of 780
Working on file 383 of 780
Working on file 384 of 780
Working on file 385 of 780
Working on file 386 of 780
Working on file 387 of 780
Working on file 388 of 780
Working on file 389 of 780
Working on file 390 of 780
Working on file 391 of 780
Working on file 392 of 780
Working on file 393 of 780
Working on file 394 of 780
Working on file 395 of 780
Working on file 396 of 780
Working on file 397 of 780
Working on file 398 of 780
Working on file 399 of 780
Working on file 400 of 780
Working on file 401 of 780
Working on file 402 of 780
Working on file 403 of 780
Working on file 404 of 780
Working on file 405 of 780
Working on file 406 of 780
Working on file 407 of 780
Working on file 408 of 780
Working on file 409 of 780
Working on file 410 of 780
Working on file 411 of 780
Working on file 412 of 780
Working on file 413 of 780
Working on file 414 of 780
Working on file 415 of 780
Working on file 416 of 780
Working on file 417 of 780
Working on file 418 of 780
Working on file 419 of 780
Working on file 420 of 780
Working on file 421 of 780
Working on file 422 of 780
Working on file 423 of 780
Working on file 424 of 780
Working on file 425 of 780
Working on file 426 of 780
Working on file 427 of 780
Working on file 428 of 780
Working on file 429 of 780
Working on file 430 of 780
Working on file 431 of 780
Working on file 432 of 780
Working on file 433 of 780
Working on file 434 of 780
Working on file 435 of 780
Working on file 436 of 780
Working on file 437 of 780
Working on file 438 of 780
Working on file 439 of 780
Working on file 440 of 780
Working on file 441 of 780
Working on file 442 of 780
Working on file 443 of 780
Working on file 444 of 780
Working on file 445 of 780
Working on file 446 of 780
Working on file 447 of 780
Working on file 448 of 780
Working on file 449 of 780
Working on file 450 of 780
Working on file 451 of 780
Working on file 452 of 780
Working on file 453 of 780
Working on file 454 of 780
Working on file 455 of 780
Working on file 456 of 780
Working on file 457 of 780
Working on file 458 of 780
Working on file 459 of 780
Working on file 460 of 780
Working on file 461 of 780
Working on file 462 of 780
Working on file 463 of 780
Working on file 464 of 780
Working on file 465 of 780
Working on file 466 of 780
Working on file 467 of 780
Working on file 468 of 780
Working on file 469 of 780
Working on file 470 of 780
Working on file 471 of 780
Working on file 472 of 780
Working on file 473 of 780
Working on file 474 of 780
Working on file 475 of 780
Working on file 476 of 780
Working on file 477 of 780
Working on file 478 of 780
Working on file 479 of 780
Working on file 480 of 780
Working on file 481 of 780
Working on file 482 of 780
Working on file 483 of 780
Working on file 484 of 780
Working on file 485 of 780
Working on file 486 of 780
Working on file 487 of 780
Working on file 488 of 780
Working on file 489 of 780
Working on file 490 of 780
Working on file 491 of 780
Working on file 492 of 780
Working on file 493 of 780
Working on file 494 of 780
Working on file 495 of 780
Working on file 496 of 780
Working on file 497 of 780
Working on file 498 of 780
Working on file 499 of 780
Working on file 500 of 780
Working on file 501 of 780
Working on file 502 of 780
Working on file 503 of 780
Working on file 504 of 780
Working on file 505 of 780
Working on file 506 of 780
Working on file 507 of 780
Working on file 508 of 780
Working on file 509 of 780
Working on file 510 of 780
Working on file 511 of 780
Working on file 512 of 780
Working on file 513 of 780
Working on file 514 of 780
Working on file 515 of 780
Working on file 516 of 780
Working on file 517 of 780
Working on file 518 of 780
Working on file 519 of 780
Working on file 520 of 780
Working on file 521 of 780
Working on file 522 of 780
Working on file 523 of 780
Working on file 524 of 780
Working on file 525 of 780
Working on file 526 of 780
Working on file 527 of 780
Working on file 528 of 780
Working on file 529 of 780
Working on file 530 of 780
Working on file 531 of 780
Working on file 532 of 780
Working on file 533 of 780
Working on file 534 of 780
Working on file 535 of 780
Working on file 536 of 780
Working on file 537 of 780
Working on file 538 of 780
Working on file 539 of 780
Working on file 540 of 780
Working on file 541 of 780
Working on file 542 of 780
Working on file 543 of 780
Working on file 544 of 780
Working on file 545 of 780
Working on file 546 of 780
Working on file 547 of 780
Working on file 548 of 780
Working on file 549 of 780
Working on file 550 of 780
Working on file 551 of 780
Working on file 552 of 780
Working on file 553 of 780
Working on file 554 of 780
Working on file 555 of 780
Working on file 556 of 780
Working on file 557 of 780
Working on file 558 of 780
Working on file 559 of 780
Working on file 560 of 780
Working on file 561 of 780
Working on file 562 of 780
Working on file 563 of 780
Working on file 564 of 780
Working on file 565 of 780
Working on file 566 of 780
Working on file 567 of 780
Working on file 568 of 780
Working on file 569 of 780
Working on file 570 of 780
Working on file 571 of 780
Working on file 572 of 780
Working on file 573 of 780
Working on file 574 of 780
Working on file 575 of 780
Working on file 576 of 780
Working on file 577 of 780
Working on file 578 of 780
Working on file 579 of 780
Working on file 580 of 780
Working on file 581 of 780
Working on file 582 of 780
Working on file 583 of 780
Working on file 584 of 780
Working on file 585 of 780
Working on file 586 of 780
Working on file 587 of 780
Working on file 588 of 780
Working on file 589 of 780
Working on file 590 of 780
Working on file 591 of 780
Working on file 592 of 780
Working on file 593 of 780
Working on file 594 of 780
Working on file 595 of 780
Working on file 596 of 780
Working on file 597 of 780
Working on file 598 of 780
Working on file 599 of 780
Working on file 600 of 780
Working on file 601 of 780
Working on file 602 of 780
Working on file 603 of 780
Working on file 604 of 780
Working on file 605 of 780
Working on file 606 of 780
Working on file 607 of 780
Working on file 608 of 780
Working on file 609 of 780
Working on file 610 of 780
Working on file 611 of 780
Working on file 612 of 780
Working on file 613 of 780
Working on file 614 of 780
Working on file 615 of 780
Working on file 616 of 780
Working on file 617 of 780
Working on file 618 of 780
Working on file 619 of 780
Working on file 620 of 780
Working on file 621 of 780
Working on file 622 of 780
Working on file 623 of 780
Working on file 624 of 780
Working on file 625 of 780
Working on file 626 of 780
Working on file 627 of 780
Working on file 628 of 780
Working on file 629 of 780
Working on file 630 of 780
Working on file 631 of 780
Working on file 632 of 780
Working on file 633 of 780
Working on file 634 of 780
Working on file 635 of 780
Working on file 636 of 780
Working on file 637 of 780
Working on file 638 of 780
Working on file 639 of 780
Working on file 640 of 780
Working on file 641 of 780
Working on file 642 of 780
Working on file 643 of 780
Working on file 644 of 780
Working on file 645 of 780
Working on file 646 of 780
Working on file 647 of 780
Working on file 648 of 780
Working on file 649 of 780
Working on file 650 of 780
Working on file 651 of 780
Working on file 652 of 780
Working on file 653 of 780
Working on file 654 of 780
Working on file 655 of 780
Working on file 656 of 780
Working on file 657 of 780
Working on file 658 of 780
Working on file 659 of 780
Working on file 660 of 780
Working on file 661 of 780
Working on file 662 of 780
Working on file 663 of 780
Working on file 664 of 780
Working on file 665 of 780
Working on file 666 of 780
Working on file 667 of 780
Working on file 668 of 780
Working on file 669 of 780
Working on file 670 of 780
Working on file 671 of 780
Working on file 672 of 780
Working on file 673 of 780
Working on file 674 of 780
Working on file 675 of 780
Working on file 676 of 780
Working on file 677 of 780
Working on file 678 of 780
Working on file 679 of 780
Working on file 680 of 780
Working on file 681 of 780
Working on file 682 of 780
Working on file 683 of 780
Working on file 684 of 780
Working on file 685 of 780
Working on file 686 of 780
Working on file 687 of 780
Working on file 688 of 780
Working on file 689 of 780
Working on file 690 of 780
Working on file 691 of 780
Working on file 692 of 780
Working on file 693 of 780
Working on file 694 of 780
Working on file 695 of 780
Working on file 696 of 780
Working on file 697 of 780
Working on file 698 of 780
Working on file 699 of 780
Working on file 700 of 780
Working on file 701 of 780
Working on file 702 of 780
Working on file 703 of 780
Working on file 704 of 780
Working on file 705 of 780
Working on file 706 of 780
Working on file 707 of 780
Working on file 708 of 780
Working on file 709 of 780
Working on file 710 of 780
Working on file 711 of 780
Working on file 712 of 780
Working on file 713 of 780
Working on file 714 of 780
Working on file 715 of 780
Working on file 716 of 780
Working on file 717 of 780
Working on file 718 of 780
Working on file 719 of 780
Working on file 720 of 780
Working on file 721 of 780
Working on file 722 of 780
Working on file 723 of 780
Working on file 724 of 780
Working on file 725 of 780
Working on file 726 of 780
Working on file 727 of 780
Working on file 728 of 780
Working on file 729 of 780
Working on file 730 of 780
Working on file 731 of 780
Working on file 732 of 780
Working on file 733 of 780
Working on file 734 of 780
Working on file 735 of 780
Working on file 736 of 780
Working on file 737 of 780
Working on file 738 of 780
Working on file 739 of 780
Working on file 740 of 780
Working on file 741 of 780
Working on file 742 of 780
Working on file 743 of 780
Working on file 744 of 780
Working on file 745 of 780
Working on file 746 of 780
Working on file 747 of 780
Working on file 748 of 780
Working on file 749 of 780
Working on file 750 of 780
Working on file 751 of 780
Working on file 752 of 780
Working on file 753 of 780
Working on file 754 of 780
Working on file 755 of 780
Working on file 756 of 780
Working on file 757 of 780
Working on file 758 of 780
Working on file 759 of 780
Working on file 760 of 780
Working on file 761 of 780
Working on file 762 of 780
Working on file 763 of 780
Working on file 764 of 780
Working on file 765 of 780
Working on file 766 of 780
Working on file 767 of 780
Working on file 768 of 780
Working on file 769 of 780
Working on file 770 of 780
Working on file 771 of 780
Working on file 772 of 780
Working on file 773 of 780
Working on file 774 of 780
Working on file 775 of 780
Working on file 776 of 780
Working on file 777 of 780
Working on file 778 of 780
Working on file 779 of 780
Pruning sequential data to match pruned global data
Padding sequential data to uniform length
Compiling 3D time-series data
Assembling 3D array
Saving 3D data
3D processes complete
Saving global and 2D sequential dataframes
All processes completed in 17.020797729492188 minutes
