(1, 6373)
(2, 6373)
(3, 6373)
(4, 6373)
(5, 6373)
(6, 6373)
(7, 6373)
(8, 6373)
(9, 6373)
(10, 6373)
(11, 6373)
(12, 6373)
(13, 6373)
(14, 6373)
(15, 6373)
(16, 6373)
(17, 6373)
(18, 6373)
(19, 6373)
(20, 6373)
(21, 6373)
(22, 6373)
(23, 6373)
(24, 6373)
(25, 6373)
(26, 6373)
(27, 6373)
(28, 6373)
(29, 6373)
(30, 6373)
(31, 6373)
(32, 6373)
(33, 6373)
(34, 6373)
(35, 6373)
(36, 6373)
(37, 6373)
(38, 6373)
(39, 6373)
(40, 6373)
(41, 6373)
(42, 6373)
(43, 6373)
(44, 6373)
(45, 6373)
(46, 6373)
(47, 6373)
(48, 6373)
(49, 6373)
(50, 6373)
(51, 6373)
(52, 6373)
(53, 6373)
(54, 6373)
(55, 6373)
(56, 6373)
(57, 6373)
(58, 6373)
(59, 6373)
(60, 6373)
(61, 6373)
(62, 6373)
(63, 6373)
(64, 6373)
(65, 6373)
(66, 6373)
(67, 6373)
(68, 6373)
(69, 6373)
(70, 6373)
(71, 6373)
(72, 6373)
(73, 6373)
(74, 6373)
(75, 6373)
(76, 6373)
(77, 6373)
(78, 6373)
(79, 6373)
(80, 6373)
(81, 6373)
(82, 6373)
(83, 6373)
(84, 6373)
(85, 6373)
(86, 6373)
(87, 6373)
(88, 6373)
(89, 6373)
(90, 6373)
(91, 6373)
(92, 6373)
(93, 6373)
(94, 6373)
(95, 6373)
(96, 6373)
(97, 6373)
(98, 6373)
(99, 6373)
(100, 6373)
(101, 6373)
(102, 6373)
(103, 6373)
(104, 6373)
(105, 6373)
(106, 6373)
(107, 6373)
(108, 6373)
(109, 6373)
(110, 6373)
(111, 6373)
(112, 6373)
(113, 6373)
(114, 6373)
(115, 6373)
(116, 6373)
(117, 6373)
(118, 6373)
(119, 6373)
(120, 6373)
(121, 6373)
(122, 6373)
(123, 6373)
(124, 6373)
(125, 6373)
(126, 6373)
(127, 6373)
(128, 6373)
(129, 6373)
(130, 6373)
(131, 6373)
(132, 6373)
(133, 6373)
(134, 6373)
(135, 6373)
(136, 6373)
(137, 6373)
(138, 6373)
(139, 6373)
(140, 6373)
(141, 6373)
(142, 6373)
(143, 6373)
(144, 6373)
(145, 6373)
(146, 6373)
(147, 6373)
(148, 6373)
(149, 6373)
(150, 6373)
(151, 6373)
(152, 6373)
(153, 6373)
(154, 6373)
(155, 6373)
(156, 6373)
(157, 6373)
(158, 6373)
(159, 6373)
(160, 6373)
(161, 6373)
(162, 6373)
(163, 6373)
(164, 6373)
(165, 6373)
(166, 6373)
(167, 6373)
(168, 6373)
(169, 6373)
(170, 6373)
(171, 6373)
(172, 6373)
(173, 6373)
(174, 6373)
(175, 6373)
(176, 6373)
(177, 6373)
(178, 6373)
(179, 6373)
(180, 6373)
(181, 6373)
(182, 6373)
(183, 6373)
(184, 6373)
(185, 6373)
(186, 6373)
(187, 6373)
(188, 6373)
(189, 6373)
(190, 6373)
(191, 6373)
(192, 6373)
(193, 6373)
(194, 6373)
(195, 6373)
(196, 6373)
(197, 6373)
(198, 6373)
(199, 6373)
(200, 6373)
(201, 6373)
(202, 6373)
(203, 6373)
(204, 6373)
(205, 6373)
(206, 6373)
(207, 6373)
(208, 6373)
(209, 6373)
(210, 6373)
(211, 6373)
(212, 6373)
(213, 6373)
(214, 6373)
(215, 6373)
(216, 6373)
(217, 6373)
(218, 6373)
(219, 6373)
(220, 6373)
(221, 6373)
(222, 6373)
(223, 6373)
(224, 6373)
(225, 6373)
(226, 6373)
(227, 6373)
(228, 6373)
(229, 6373)
(230, 6373)
(231, 6373)
(232, 6373)
(233, 6373)
(234, 6373)
(235, 6373)
(236, 6373)
(237, 6373)
(238, 6373)
(239, 6373)
(240, 6373)
(241, 6373)
(242, 6373)
(243, 6373)
(244, 6373)
(245, 6373)
(246, 6373)
(247, 6373)
(248, 6373)
(249, 6373)
(250, 6373)
(251, 6373)
(252, 6373)
(253, 6373)
(254, 6373)
(255, 6373)
(256, 6373)
(257, 6373)
(258, 6373)
(259, 6373)
(260, 6373)
(261, 6373)
(262, 6373)
(263, 6373)
(264, 6373)
(265, 6373)
(266, 6373)
(267, 6373)
(268, 6373)
(269, 6373)
(270, 6373)
(271, 6373)
(272, 6373)
(273, 6373)
(274, 6373)
(275, 6373)
(276, 6373)
(277, 6373)
(278, 6373)
(279, 6373)
(280, 6373)
(281, 6373)
(282, 6373)
(283, 6373)
(284, 6373)
(285, 6373)
(286, 6373)
(287, 6373)
(288, 6373)
(289, 6373)
(290, 6373)
(291, 6373)
(292, 6373)
(293, 6373)
(294, 6373)
(295, 6373)
(296, 6373)
(297, 6373)
(298, 6373)
(299, 6373)
(300, 6373)
(301, 6373)
(302, 6373)
(303, 6373)
(304, 6373)
(305, 6373)
(306, 6373)
(307, 6373)
(308, 6373)
(309, 6373)
(310, 6373)
(311, 6373)
(312, 6373)
(313, 6373)
(314, 6373)
(315, 6373)
(316, 6373)
(317, 6373)
(318, 6373)
(319, 6373)
(320, 6373)
(321, 6373)
(322, 6373)
(323, 6373)
(324, 6373)
(325, 6373)
(326, 6373)
(327, 6373)
(328, 6373)
(329, 6373)
(330, 6373)
(331, 6373)
(332, 6373)
(333, 6373)
(334, 6373)
(335, 6373)
(336, 6373)
(337, 6373)
(338, 6373)
(339, 6373)
(340, 6373)
(341, 6373)
(342, 6373)
(343, 6373)
(344, 6373)
(345, 6373)
(346, 6373)
(347, 6373)
(348, 6373)
(349, 6373)
(350, 6373)
(351, 6373)
(352, 6373)
(353, 6373)
(354, 6373)
(355, 6373)
(356, 6373)
(357, 6373)
(358, 6373)
(359, 6373)
(360, 6373)
(361, 6373)
(362, 6373)
(363, 6373)
(364, 6373)
(365, 6373)
(366, 6373)
(367, 6373)
(368, 6373)
(369, 6373)
(370, 6373)
(371, 6373)
(372, 6373)
(373, 6373)
(374, 6373)
(375, 6373)
(376, 6373)
(377, 6373)
(378, 6373)
(379, 6373)
(380, 6373)
(381, 6373)
(382, 6373)
(383, 6373)
(384, 6373)
(385, 6373)
(386, 6373)
(387, 6373)
(388, 6373)
(389, 6373)
(390, 6373)
(391, 6373)
(392, 6373)
(393, 6373)
(394, 6373)
(395, 6373)
(396, 6373)
(397, 6373)
(398, 6373)
(399, 6373)
(400, 6373)
(401, 6373)
(402, 6373)
(403, 6373)
(404, 6373)
(405, 6373)
(406, 6373)
(407, 6373)
(408, 6373)
(409, 6373)
(410, 6373)
(411, 6373)
(412, 6373)
(413, 6373)
(414, 6373)
(415, 6373)
(416, 6373)
(417, 6373)
(418, 6373)
(419, 6373)
(420, 6373)
(421, 6373)
(422, 6373)
(423, 6373)
(424, 6373)
(425, 6373)
(426, 6373)
(427, 6373)
(428, 6373)
(429, 6373)
(430, 6373)
(431, 6373)
(432, 6373)
(433, 6373)
(434, 6373)
(435, 6373)
(436, 6373)
(437, 6373)
(438, 6373)
(439, 6373)
(440, 6373)
(441, 6373)
(442, 6373)
(443, 6373)
(444, 6373)
(445, 6373)
(446, 6373)
(447, 6373)
(448, 6373)
(449, 6373)
(450, 6373)
(451, 6373)
(452, 6373)
(453, 6373)
(454, 6373)
(455, 6373)
(456, 6373)
(457, 6373)
(458, 6373)
(459, 6373)
(460, 6373)
(461, 6373)
(462, 6373)
(463, 6373)
(464, 6373)
(465, 6373)
(466, 6373)
(467, 6373)
(468, 6373)
(469, 6373)
(470, 6373)
(471, 6373)
(472, 6373)
(473, 6373)
(474, 6373)
(475, 6373)
(476, 6373)
(477, 6373)
(478, 6373)
(479, 6373)
(480, 6373)
(481, 6373)
(482, 6373)
(483, 6373)
(484, 6373)
(485, 6373)
(486, 6373)
(487, 6373)
(488, 6373)
(489, 6373)
(490, 6373)
(491, 6373)
(492, 6373)
(493, 6373)
(494, 6373)
(495, 6373)
(496, 6373)
(497, 6373)
(498, 6373)
(499, 6373)
(500, 6373)
(501, 6373)
(502, 6373)
(503, 6373)
(504, 6373)
(505, 6373)
(506, 6373)
(507, 6373)
(508, 6373)
(509, 6373)
(510, 6373)
(511, 6373)
(512, 6373)
(513, 6373)
(514, 6373)
(515, 6373)
(516, 6373)
(517, 6373)
(518, 6373)
(519, 6373)
(520, 6373)
(521, 6373)
(522, 6373)
(523, 6373)
(524, 6373)
(525, 6373)
(526, 6373)
(527, 6373)
(528, 6373)
(529, 6373)
(530, 6373)
(531, 6373)
(532, 6373)
(533, 6373)
(534, 6373)
(535, 6373)
(536, 6373)
(537, 6373)
(538, 6373)
(539, 6373)
(540, 6373)
(541, 6373)
(542, 6373)
(543, 6373)
(544, 6373)
(545, 6373)
(546, 6373)
(547, 6373)
(548, 6373)
(549, 6373)
(550, 6373)
(551, 6373)
(552, 6373)
(553, 6373)
(554, 6373)
(555, 6373)
(556, 6373)
(557, 6373)
(558, 6373)
(559, 6373)
(560, 6373)
(561, 6373)
(562, 6373)
(563, 6373)
(564, 6373)
(565, 6373)
(566, 6373)
(567, 6373)
(568, 6373)
(569, 6373)
(570, 6373)
(571, 6373)
(572, 6373)
(573, 6373)
(574, 6373)
(575, 6373)
(576, 6373)
(577, 6373)
(578, 6373)
(579, 6373)
(580, 6373)
(581, 6373)
(582, 6373)
(583, 6373)
(584, 6373)
(585, 6373)
(586, 6373)
(587, 6373)
(588, 6373)
(589, 6373)
(590, 6373)
(591, 6373)
(592, 6373)
(593, 6373)
(594, 6373)
(595, 6373)
(596, 6373)
(597, 6373)
(598, 6373)
(599, 6373)
(600, 6373)
(601, 6373)
(602, 6373)
(603, 6373)
(604, 6373)
(605, 6373)
(606, 6373)
(607, 6373)
(608, 6373)
(609, 6373)
(610, 6373)
(611, 6373)
(612, 6373)
(613, 6373)
(614, 6373)
(615, 6373)
(616, 6373)
(617, 6373)
(618, 6373)
(619, 6373)
(620, 6373)
(621, 6373)
(622, 6373)
(623, 6373)
(624, 6373)
(625, 6373)
(626, 6373)
(627, 6373)
(628, 6373)
(629, 6373)
(630, 6373)
(631, 6373)
(632, 6373)
(633, 6373)
(634, 6373)
(635, 6373)
(636, 6373)
(637, 6373)
(638, 6373)
(639, 6373)
(640, 6373)
(641, 6373)
(642, 6373)
(643, 6373)
(644, 6373)
(645, 6373)
(646, 6373)
(647, 6373)
(648, 6373)
(649, 6373)
(650, 6373)
(651, 6373)
(652, 6373)
(653, 6373)
(654, 6373)
(655, 6373)
(656, 6373)
(657, 6373)
(658, 6373)
(659, 6373)
(660, 6373)
(661, 6373)
(662, 6373)
(663, 6373)
(664, 6373)
(665, 6373)
(666, 6373)
(667, 6373)
(668, 6373)
(669, 6373)
(670, 6373)
(671, 6373)
(672, 6373)
(673, 6373)
(674, 6373)
(675, 6373)
(676, 6373)
(677, 6373)
(678, 6373)
(679, 6373)
(680, 6373)
(681, 6373)
(682, 6373)
(683, 6373)
(684, 6373)
(685, 6373)
(686, 6373)
(687, 6373)
(688, 6373)
(689, 6373)
(690, 6373)
(691, 6373)
(692, 6373)
(693, 6373)
(694, 6373)
(695, 6373)
(696, 6373)
(697, 6373)
(698, 6373)
(699, 6373)
(700, 6373)
(701, 6373)
(702, 6373)
(703, 6373)
(704, 6373)
(705, 6373)
(706, 6373)
(707, 6373)
(708, 6373)
(709, 6373)
(710, 6373)
(711, 6373)
(712, 6373)
(713, 6373)
(714, 6373)
(715, 6373)
(716, 6373)
(717, 6373)
(718, 6373)
(719, 6373)
(720, 6373)
(721, 6373)
(722, 6373)
(723, 6373)
(724, 6373)
(725, 6373)
(726, 6373)
(727, 6373)
(728, 6373)
(729, 6373)
(730, 6373)
(731, 6373)
(732, 6373)
(733, 6373)
(734, 6373)
(735, 6373)
(736, 6373)
(737, 6373)
(738, 6373)
(739, 6373)
(740, 6373)
(741, 6373)
(742, 6373)
(743, 6373)
(744, 6373)
(745, 6373)
(746, 6373)
(747, 6373)
(748, 6373)
(749, 6373)
(750, 6373)
(751, 6373)
(752, 6373)
(753, 6373)
(754, 6373)
(755, 6373)
(756, 6373)
(757, 6373)
(758, 6373)
(759, 6373)
(760, 6373)
(761, 6373)
(762, 6373)
(763, 6373)
(764, 6373)
(765, 6373)
(766, 6373)
(767, 6373)
(768, 6373)
(769, 6373)
(770, 6373)
(771, 6373)
(772, 6373)
(773, 6373)
(774, 6373)
(775, 6373)
(776, 6373)
(777, 6373)
(778, 6373)
(779, 6373)
(780, 6373)
(781, 6373)
(782, 6373)
(783, 6373)
(784, 6373)
(785, 6373)
(786, 6373)
(787, 6373)
(788, 6373)
(789, 6373)
(790, 6373)
(791, 6373)
(792, 6373)
(793, 6373)
(794, 6373)
(795, 6373)
(796, 6373)
(797, 6373)
(798, 6373)
(799, 6373)
(800, 6373)
(801, 6373)
(802, 6373)
(803, 6373)
(804, 6373)
(805, 6373)
(806, 6373)
(807, 6373)
(808, 6373)
(809, 6373)
(810, 6373)
(811, 6373)
(812, 6373)
(813, 6373)
(814, 6373)
(815, 6373)
(816, 6373)
(817, 6373)
(818, 6373)
(819, 6373)
(820, 6373)
(821, 6373)
(822, 6373)
(823, 6373)
(824, 6373)
(825, 6373)
(826, 6373)
(827, 6373)
(828, 6373)
(829, 6373)
(830, 6373)
(831, 6373)
(832, 6373)
(833, 6373)
(834, 6373)
(835, 6373)
(836, 6373)
(837, 6373)
(838, 6373)
(839, 6373)
(840, 6373)
(841, 6373)
(842, 6373)
(843, 6373)
(844, 6373)
(845, 6373)
(846, 6373)
(847, 6373)
(848, 6373)
(849, 6373)
(850, 6373)
(851, 6373)
(852, 6373)
(853, 6373)
(854, 6373)
(855, 6373)
(856, 6373)
(857, 6373)
(858, 6373)
(859, 6373)
(860, 6373)
(861, 6373)
(862, 6373)
(863, 6373)
(864, 6373)
(865, 6373)
(866, 6373)
(867, 6373)
(868, 6373)
(869, 6373)
(870, 6373)
(871, 6373)
(872, 6373)
(873, 6373)
(874, 6373)
(875, 6373)
(876, 6373)
(877, 6373)
(878, 6373)
(879, 6373)
(880, 6373)
(881, 6373)
(882, 6373)
(883, 6373)
(884, 6373)
(885, 6373)
(886, 6373)
(887, 6373)
(888, 6373)
(889, 6373)
(890, 6373)
(891, 6373)
(892, 6373)
(893, 6373)
(894, 6373)
(895, 6373)
(896, 6373)
(897, 6373)
(898, 6373)
(899, 6373)
(900, 6373)
(901, 6373)
(902, 6373)
(903, 6373)
(904, 6373)
(905, 6373)
(906, 6373)
(907, 6373)
(908, 6373)
(909, 6373)
(910, 6373)
(911, 6373)
(912, 6373)
(913, 6373)
(914, 6373)
(915, 6373)
(916, 6373)
(917, 6373)
(918, 6373)
(919, 6373)
(920, 6373)
(921, 6373)
(922, 6373)
(923, 6373)
(924, 6373)
(925, 6373)
(926, 6373)
(927, 6373)
(928, 6373)
(929, 6373)
(930, 6373)
(931, 6373)
(932, 6373)
(933, 6373)
(934, 6373)
(935, 6373)
(936, 6373)
(937, 6373)
(938, 6373)
(939, 6373)
(940, 6373)
(941, 6373)
(942, 6373)
(943, 6373)
(944, 6373)
(945, 6373)
(946, 6373)
(947, 6373)
(948, 6373)
(949, 6373)
(950, 6373)
(951, 6373)
(952, 6373)
(953, 6373)
(954, 6373)
(955, 6373)
(956, 6373)
(957, 6373)
(958, 6373)
(959, 6373)
(960, 6373)
(961, 6373)
(962, 6373)
(963, 6373)
(964, 6373)
(965, 6373)
(966, 6373)
(967, 6373)
(968, 6373)
(969, 6373)
(970, 6373)
(971, 6373)
(972, 6373)
(973, 6373)
(974, 6373)
(975, 6373)
(976, 6373)
(977, 6373)
(978, 6373)
(979, 6373)
(980, 6373)
(981, 6373)
(982, 6373)
(983, 6373)
(984, 6373)
(985, 6373)
(986, 6373)
(987, 6373)
(988, 6373)
(989, 6373)
(990, 6373)
(991, 6373)
(992, 6373)
(993, 6373)
(994, 6373)
(995, 6373)
(996, 6373)
(997, 6373)
(998, 6373)
(999, 6373)
(1000, 6373)
(1001, 6373)
(1002, 6373)
(1003, 6373)
(1004, 6373)
(1005, 6373)
(1006, 6373)
(1007, 6373)
(1008, 6373)
(1009, 6373)
(1010, 6373)
(1011, 6373)
(1012, 6373)
(1013, 6373)
(1014, 6373)
(1015, 6373)
(1016, 6373)
(1017, 6373)
(1018, 6373)
(1019, 6373)
(1020, 6373)
(1021, 6373)
(1022, 6373)
(1023, 6373)
(1024, 6373)
(1025, 6373)
(1026, 6373)
(1027, 6373)
(1028, 6373)
(1029, 6373)
(1030, 6373)
(1031, 6373)
(1032, 6373)
(1033, 6373)
(1034, 6373)
(1035, 6373)
(1036, 6373)
(1037, 6373)
(1038, 6373)
(1039, 6373)
(1040, 6373)
(1041, 6373)
(1042, 6373)
(1043, 6373)
(1044, 6373)
(1045, 6373)
(1046, 6373)
(1047, 6373)
(1048, 6373)
(1049, 6373)
(1050, 6373)
(1051, 6373)
(1052, 6373)
(1053, 6373)
(1054, 6373)
(1055, 6373)
(1056, 6373)
(1057, 6373)
(1058, 6373)
(1059, 6373)
(1060, 6373)
(1061, 6373)
(1062, 6373)
(1063, 6373)
(1064, 6373)
(1065, 6373)
(1066, 6373)
(1067, 6373)
(1068, 6373)
(1069, 6373)
(1070, 6373)
(1071, 6373)
(1072, 6373)
(1073, 6373)
(1074, 6373)
(1075, 6373)
(1076, 6373)
(1077, 6373)
(1078, 6373)
(1079, 6373)
(1080, 6373)
(1081, 6373)
(1082, 6373)
(1083, 6373)
(1084, 6373)
(1085, 6373)
(1086, 6373)
(1087, 6373)
(1088, 6373)
(1089, 6373)
(1090, 6373)
(1091, 6373)
(1092, 6373)
(1093, 6373)
(1094, 6373)
(1095, 6373)
(1096, 6373)
(1097, 6373)
(1098, 6373)
(1099, 6373)
(1100, 6373)
(1101, 6373)
(1102, 6373)
(1103, 6373)
(1104, 6373)
(1105, 6373)
(1106, 6373)
(1107, 6373)
(1108, 6373)
(1109, 6373)
(1110, 6373)
(1111, 6373)
(1112, 6373)
(1113, 6373)
(1114, 6373)
(1115, 6373)
(1116, 6373)
(1117, 6373)
(1118, 6373)
(1119, 6373)
(1120, 6373)
(1121, 6373)
(1122, 6373)
(1123, 6373)
(1124, 6373)
(1125, 6373)
(1126, 6373)
(1127, 6373)
(1128, 6373)
(1129, 6373)
(1130, 6373)
(1131, 6373)
(1132, 6373)
(1133, 6373)
(1134, 6373)
(1135, 6373)
(1136, 6373)
(1137, 6373)
(1138, 6373)
(1139, 6373)
(1140, 6373)
(1141, 6373)
(1142, 6373)
(1143, 6373)
(1144, 6373)
(1145, 6373)
(1146, 6373)
(1147, 6373)
(1148, 6373)
(1149, 6373)
(1150, 6373)
(1151, 6373)
(1152, 6373)
(1153, 6373)
(1154, 6373)
(1155, 6373)
(1156, 6373)
(1157, 6373)
(1158, 6373)
(1159, 6373)
(1160, 6373)
(1161, 6373)
(1162, 6373)
(1163, 6373)
(1164, 6373)
(1165, 6373)
(1166, 6373)
(1167, 6373)
(1168, 6373)
(1169, 6373)
(1170, 6373)
(1171, 6373)
(1172, 6373)
(1173, 6373)
(1174, 6373)
(1175, 6373)
(1176, 6373)
(1177, 6373)
(1178, 6373)
(1179, 6373)
(1180, 6373)
(1181, 6373)
(1182, 6373)
(1183, 6373)
(1184, 6373)
(1185, 6373)
(1186, 6373)
(1187, 6373)
(1188, 6373)
(1189, 6373)
(1190, 6373)
(1191, 6373)
(1192, 6373)
(1193, 6373)
(1194, 6373)
(1195, 6373)
(1196, 6373)
(1197, 6373)
(1198, 6373)
(1199, 6373)
(1200, 6373)
(1201, 6373)
(1202, 6373)
(1203, 6373)
(1204, 6373)
(1205, 6373)
(1206, 6373)
(1207, 6373)
(1208, 6373)
(1209, 6373)
(1210, 6373)
(1211, 6373)
(1212, 6373)
(1213, 6373)
(1214, 6373)
(1215, 6373)
(1216, 6373)
(1217, 6373)
(1218, 6373)
(1219, 6373)
(1220, 6373)
(1221, 6373)
(1222, 6373)
(1223, 6373)
(1224, 6373)
(1225, 6373)
(1226, 6373)
(1227, 6373)
(1228, 6373)
(1229, 6373)
(1230, 6373)
(1231, 6373)
(1232, 6373)
(1233, 6373)
(1234, 6373)
(1235, 6373)
(1236, 6373)
(1237, 6373)
(1238, 6373)
(1239, 6373)
(1240, 6373)
(1241, 6373)
(1242, 6373)
(1243, 6373)
(1244, 6373)
(1245, 6373)
(1246, 6373)
(1247, 6373)
(1248, 6373)
(1249, 6373)
(1250, 6373)
(1251, 6373)
(1252, 6373)
(1253, 6373)
(1254, 6373)
(1255, 6373)
(1256, 6373)
(1257, 6373)
(1258, 6373)
(1259, 6373)
(1260, 6373)
(1261, 6373)
(1262, 6373)
(1263, 6373)
(1264, 6373)
(1265, 6373)
(1266, 6373)
(1267, 6373)
(1268, 6373)
(1269, 6373)
(1270, 6373)
(1271, 6373)
(1272, 6373)
(1273, 6373)
(1274, 6373)
(1275, 6373)
(1276, 6373)
(1277, 6373)
(1278, 6373)
(1279, 6373)
(1280, 6373)
(1281, 6373)
(1282, 6373)
(1283, 6373)
(1284, 6373)
(1285, 6373)
(1286, 6373)
(1287, 6373)
(1288, 6373)
(1289, 6373)
(1290, 6373)
(1291, 6373)
(1292, 6373)
(1293, 6373)
(1294, 6373)
(1295, 6373)
(1296, 6373)
(1297, 6373)
(1298, 6373)
(1299, 6373)
(1300, 6373)
(1301, 6373)
(1302, 6373)
(1303, 6373)
(1304, 6373)
(1305, 6373)
(1306, 6373)
(1307, 6373)
(1308, 6373)
(1309, 6373)
(1310, 6373)
(1311, 6373)
(1312, 6373)
(1313, 6373)
(1314, 6373)
(1315, 6373)
(1316, 6373)
(1317, 6373)
(1318, 6373)
(1319, 6373)
(1320, 6373)
(1321, 6373)
(1322, 6373)
(1323, 6373)
(1324, 6373)
(1325, 6373)
(1326, 6373)
(1327, 6373)
(1328, 6373)
(1329, 6373)
(1330, 6373)
(1331, 6373)
(1332, 6373)
(1333, 6373)
(1334, 6373)
(1335, 6373)
(1336, 6373)
(1337, 6373)
(1338, 6373)
(1339, 6373)
(1340, 6373)
(1341, 6373)
(1342, 6373)
(1343, 6373)
(1344, 6373)
(1345, 6373)
(1346, 6373)
(1347, 6373)
(1348, 6373)
(1349, 6373)
(1350, 6373)
(1351, 6373)
(1352, 6373)
(1353, 6373)
(1354, 6373)
(1355, 6373)
(1356, 6373)
(1357, 6373)
(1358, 6373)
(1359, 6373)
(1360, 6373)
(1361, 6373)
(1362, 6373)
(1363, 6373)
(1364, 6373)
(1365, 6373)
(1366, 6373)
(1367, 6373)
(1368, 6373)
(1369, 6373)
(1370, 6373)
(1371, 6373)
(1372, 6373)
(1373, 6373)
(1374, 6373)
(1375, 6373)
(1376, 6373)
(1377, 6373)
(1378, 6373)
(1379, 6373)
(1380, 6373)
(1381, 6373)
(1382, 6373)
(1383, 6373)
(1384, 6373)
(1385, 6373)
(1386, 6373)
(1387, 6373)
(1388, 6373)
(1389, 6373)
(1390, 6373)
(1391, 6373)
(1392, 6373)
(1393, 6373)
(1394, 6373)
(1395, 6373)
(1396, 6373)
(1397, 6373)
(1398, 6373)
(1399, 6373)
(1400, 6373)
(1401, 6373)
(1402, 6373)
(1403, 6373)
(1404, 6373)
(1405, 6373)
(1406, 6373)
(1407, 6373)
(1408, 6373)
(1409, 6373)
(1410, 6373)
(1411, 6373)
(1412, 6373)
(1413, 6373)
(1414, 6373)
(1415, 6373)
(1416, 6373)
(1417, 6373)
(1418, 6373)
(1419, 6373)
(1420, 6373)
(1421, 6373)
(1422, 6373)
(1423, 6373)
(1424, 6373)
(1425, 6373)
(1426, 6373)
(1427, 6373)
(1428, 6373)
(1429, 6373)
(1430, 6373)
(1431, 6373)
(1432, 6373)
(1433, 6373)
(1434, 6373)
(1435, 6373)
(1436, 6373)
(1437, 6373)
(1438, 6373)
(1439, 6373)
(1440, 6373)
(1441, 6373)
(1442, 6373)
(1443, 6373)
(1444, 6373)
(1445, 6373)
(1446, 6373)
(1447, 6373)
(1448, 6373)
(1449, 6373)
(1450, 6373)
(1451, 6373)
(1452, 6373)
(1453, 6373)
(1454, 6373)
(1455, 6373)
(1456, 6373)
(1457, 6373)
(1458, 6373)
(1459, 6373)
(1460, 6373)
(1461, 6373)
(1462, 6373)
(1463, 6373)
(1464, 6373)
(1465, 6373)
(1466, 6373)
(1467, 6373)
(1468, 6373)
(1469, 6373)
(1470, 6373)
(1471, 6373)
(1472, 6373)
(1473, 6373)
(1474, 6373)
(1475, 6373)
(1476, 6373)
(1477, 6373)
(1478, 6373)
(1479, 6373)
(1480, 6373)
(1481, 6373)
(1482, 6373)
(1483, 6373)
(1484, 6373)
(1485, 6373)
(1486, 6373)
(1487, 6373)
(1488, 6373)
(1489, 6373)
(1490, 6373)
(1491, 6373)
(1492, 6373)
(1493, 6373)
(1494, 6373)
(1495, 6373)
(1496, 6373)
(1497, 6373)
(1498, 6373)
(1499, 6373)
(1500, 6373)
(1501, 6373)
(1502, 6373)
(1503, 6373)
(1504, 6373)
(1505, 6373)
(1506, 6373)
(1507, 6373)
(1508, 6373)
(1509, 6373)
(1510, 6373)
(1511, 6373)
(1512, 6373)
(1513, 6373)
(1514, 6373)
(1515, 6373)
(1516, 6373)
(1517, 6373)
(1518, 6373)
(1519, 6373)
(1520, 6373)
(1521, 6373)
(1522, 6373)
(1523, 6373)
(1524, 6373)
(1525, 6373)
(1526, 6373)
(1527, 6373)
(1528, 6373)
(1529, 6373)
(1530, 6373)
(1531, 6373)
(1532, 6373)
(1533, 6373)
(1534, 6373)
(1535, 6373)
(1536, 6373)
(1537, 6373)
(1538, 6373)
(1539, 6373)
(1540, 6373)
(1541, 6373)
(1542, 6373)
(1543, 6373)
(1544, 6373)
(1545, 6373)
(1546, 6373)
(1547, 6373)
(1548, 6373)
(1549, 6373)
(1550, 6373)
(1551, 6373)
(1552, 6373)
(1553, 6373)
(1554, 6373)
(1555, 6373)
(1556, 6373)
(1557, 6373)
(1558, 6373)
(1559, 6373)
(1560, 6373)
(1561, 6373)
(1562, 6373)
(1563, 6373)
(1564, 6373)
(1565, 6373)
(1566, 6373)
(1567, 6373)
(1568, 6373)
(1569, 6373)
(1570, 6373)
(1571, 6373)
(1572, 6373)
(1573, 6373)
(1574, 6373)
(1575, 6373)
(1576, 6373)
(1577, 6373)
(1578, 6373)
(1579, 6373)
(1580, 6373)
(1581, 6373)
(1582, 6373)
(1583, 6373)
(1584, 6373)
(1585, 6373)
(1586, 6373)
(1587, 6373)
(1588, 6373)
(1589, 6373)
(1590, 6373)
(1591, 6373)
(1592, 6373)
(1593, 6373)
(1594, 6373)
(1595, 6373)
(1596, 6373)
(1597, 6373)
(1598, 6373)
(1599, 6373)
(1600, 6373)
(1601, 6373)
(1602, 6373)
(1603, 6373)
(1604, 6373)
(1605, 6373)
(1606, 6373)
(1607, 6373)
(1608, 6373)
(1609, 6373)
(1610, 6373)
(1611, 6373)
(1612, 6373)
(1613, 6373)
(1614, 6373)
(1615, 6373)
(1616, 6373)
(1617, 6373)
(1618, 6373)
(1619, 6373)
(1620, 6373)
(1621, 6373)
(1622, 6373)
(1623, 6373)
(1624, 6373)
(1625, 6373)
(1626, 6373)
(1627, 6373)
(1628, 6373)
(1629, 6373)
(1630, 6373)
(1631, 6373)
(1632, 6373)
(1633, 6373)
(1634, 6373)
(1635, 6373)
(1636, 6373)
(1637, 6373)
(1638, 6373)
(1639, 6373)
(1640, 6373)
(1641, 6373)
(1642, 6373)
(1643, 6373)
(1644, 6373)
(1645, 6373)
(1646, 6373)
(1647, 6373)
(1648, 6373)
(1649, 6373)
(1650, 6373)
(1651, 6373)
(1652, 6373)
(1653, 6373)
(1654, 6373)
(1655, 6373)
(1656, 6373)
(1657, 6373)
(1658, 6373)
(1659, 6373)
(1660, 6373)
(1661, 6373)
(1662, 6373)
(1663, 6373)
(1664, 6373)
(1665, 6373)
(1666, 6373)
(1667, 6373)
(1668, 6373)
(1669, 6373)
(1670, 6373)
(1671, 6373)
(1672, 6373)
(1673, 6373)
(1674, 6373)
(1675, 6373)
(1676, 6373)
(1677, 6373)
(1678, 6373)
(1679, 6373)
(1680, 6373)
(1681, 6373)
(1682, 6373)
(1683, 6373)
(1684, 6373)
(1685, 6373)
(1686, 6373)
(1687, 6373)
(1688, 6373)
(1689, 6373)
(1690, 6373)
(1691, 6373)
(1692, 6373)
(1693, 6373)
(1694, 6373)
(1695, 6373)
(1696, 6373)
(1697, 6373)
(1698, 6373)
(1699, 6373)
(1700, 6373)
(1701, 6373)
(1702, 6373)
(1703, 6373)
(1704, 6373)
(1705, 6373)
(1706, 6373)
(1707, 6373)
(1708, 6373)
(1709, 6373)
(1710, 6373)
(1711, 6373)
(1712, 6373)
(1713, 6373)
(1714, 6373)
(1715, 6373)
(1716, 6373)
(1717, 6373)
(1718, 6373)
(1719, 6373)
(1720, 6373)
(1721, 6373)
(1722, 6373)
(1723, 6373)
(1724, 6373)
(1725, 6373)
(1726, 6373)
(1727, 6373)
(1728, 6373)
(1729, 6373)
(1730, 6373)
(1731, 6373)
(1732, 6373)
(1733, 6373)
(1734, 6373)
(1735, 6373)
(1736, 6373)
(1737, 6373)
(1738, 6373)
(1739, 6373)
(1740, 6373)
(1741, 6373)
(1742, 6373)
(1743, 6373)
(1744, 6373)
(1745, 6373)
(1746, 6373)
(1747, 6373)
(1748, 6373)
(1749, 6373)
(1750, 6373)
(1751, 6373)
(1752, 6373)
(1753, 6373)
(1754, 6373)
(1755, 6373)
(1756, 6373)
(1757, 6373)
(1758, 6373)
(1759, 6373)
(1760, 6373)
(1761, 6373)
(1762, 6373)
(1763, 6373)
(1764, 6373)
(1765, 6373)
(1766, 6373)
(1767, 6373)
(1768, 6373)
(1769, 6373)
(1770, 6373)
(1771, 6373)
(1772, 6373)
(1773, 6373)
(1774, 6373)
(1775, 6373)
(1776, 6373)
(1777, 6373)
(1778, 6373)
(1779, 6373)
(1780, 6373)
(1781, 6373)
(1782, 6373)
(1783, 6373)
(1784, 6373)
(1785, 6373)
(1786, 6373)
(1787, 6373)
(1788, 6373)
(1789, 6373)
(1790, 6373)
(1791, 6373)
(1792, 6373)
(1793, 6373)
(1794, 6373)
(1795, 6373)
(1796, 6373)
(1797, 6373)
(1798, 6373)
(1799, 6373)
(1800, 6373)
(1801, 6373)
(1802, 6373)
(1803, 6373)
(1804, 6373)
(1805, 6373)
(1806, 6373)
(1807, 6373)
(1808, 6373)
(1809, 6373)
(1810, 6373)
(1811, 6373)
(1812, 6373)
(1813, 6373)
(1814, 6373)
(1815, 6373)
(1816, 6373)
(1817, 6373)
(1818, 6373)
(1819, 6373)
(1820, 6373)
(1821, 6373)
(1822, 6373)
(1823, 6373)
(1824, 6373)
(1825, 6373)
(1826, 6373)
(1827, 6373)
(1828, 6373)
(1829, 6373)
(1830, 6373)
(1831, 6373)
(1832, 6373)
(1833, 6373)
(1834, 6373)
(1835, 6373)
(1836, 6373)
(1837, 6373)
(1838, 6373)
(1839, 6373)
(1840, 6373)
(1841, 6373)
(1842, 6373)
(1843, 6373)
(1844, 6373)
(1845, 6373)
(1846, 6373)
(1847, 6373)
(1848, 6373)
(1849, 6373)
(1850, 6373)
(1851, 6373)
(1852, 6373)
(1853, 6373)
(1854, 6373)
(1855, 6373)
(1856, 6373)
(1857, 6373)
(1858, 6373)
(1859, 6373)
(1860, 6373)
(1861, 6373)
(1862, 6373)
(1863, 6373)
(1864, 6373)
(1865, 6373)
(1866, 6373)
(1867, 6373)
(1868, 6373)
(1869, 6373)
(1870, 6373)
(1871, 6373)
(1872, 6373)
(1873, 6373)
(1874, 6373)
(1875, 6373)
(1876, 6373)
(1877, 6373)
(1878, 6373)
(1879, 6373)
(1880, 6373)
(1881, 6373)
(1882, 6373)
(1883, 6373)
(1884, 6373)
(1885, 6373)
(1886, 6373)
(1887, 6373)
(1888, 6373)
(1889, 6373)
(1890, 6373)
(1891, 6373)
(1892, 6373)
(1893, 6373)
(1894, 6373)
(1895, 6373)
(1896, 6373)
(1897, 6373)
(1898, 6373)
(1899, 6373)
(1900, 6373)
(1901, 6373)
(1902, 6373)
(1903, 6373)
(1904, 6373)
(1905, 6373)
(1906, 6373)
(1907, 6373)
(1908, 6373)
(1909, 6373)
(1910, 6373)
(1911, 6373)
(1912, 6373)
(1913, 6373)
(1914, 6373)
(1915, 6373)
(1916, 6373)
(1917, 6373)
(1918, 6373)
(1919, 6373)
(1920, 6373)
(1921, 6373)
(1922, 6373)
(1923, 6373)
(1924, 6373)
(1925, 6373)
(1926, 6373)
(1927, 6373)
(1928, 6373)
(1929, 6373)
(1930, 6373)
(1931, 6373)
(1932, 6373)
(1933, 6373)
(1934, 6373)
(1935, 6373)
(1936, 6373)
(1937, 6373)
(1938, 6373)
(1939, 6373)
(1940, 6373)
(1941, 6373)
(1942, 6373)
(1943, 6373)
(1944, 6373)
(1945, 6373)
(1946, 6373)
(1947, 6373)
(1948, 6373)
(1949, 6373)
(1950, 6373)
(1951, 6373)
(1952, 6373)
(1953, 6373)
(1954, 6373)
(1955, 6373)
(1956, 6373)
(1957, 6373)
(1958, 6373)
(1959, 6373)
(1960, 6373)
(1961, 6373)
(1962, 6373)
(1963, 6373)
(1964, 6373)
(1965, 6373)
(1966, 6373)
(1967, 6373)
(1968, 6373)
(1969, 6373)
(1970, 6373)
(1971, 6373)
(1972, 6373)
(1973, 6373)
(1974, 6373)
(1975, 6373)
(1976, 6373)
(1977, 6373)
(1978, 6373)
(1979, 6373)
(1980, 6373)
(1981, 6373)
(1982, 6373)
(1983, 6373)
(1984, 6373)
(1985, 6373)
(1986, 6373)
(1987, 6373)
(1988, 6373)
(1989, 6373)
(1990, 6373)
(1991, 6373)
(1992, 6373)
(1993, 6373)
(1994, 6373)
(1995, 6373)
(1996, 6373)
(1997, 6373)
(1998, 6373)
(1999, 6373)
(2000, 6373)
(2001, 6373)
(2002, 6373)
(2003, 6373)
(2004, 6373)
(2005, 6373)
(2006, 6373)
(2007, 6373)
(2008, 6373)
(2009, 6373)
(2010, 6373)
(2011, 6373)
(2012, 6373)
(2013, 6373)
(2014, 6373)
(2015, 6373)
(2016, 6373)
(2017, 6373)
(2018, 6373)
(2019, 6373)
(2020, 6373)
(2021, 6373)
(2022, 6373)
(2023, 6373)
(2024, 6373)
(2025, 6373)
(2026, 6373)
(2027, 6373)
(2028, 6373)
(2029, 6373)
(2030, 6373)
(2031, 6373)
(2032, 6373)
(2033, 6373)
(2034, 6373)
(2035, 6373)
(2036, 6373)
(2037, 6373)
(2038, 6373)
(2039, 6373)
(2040, 6373)
(2041, 6373)
(2042, 6373)
(2043, 6373)
(2044, 6373)
(2045, 6373)
(2046, 6373)
(2047, 6373)
(2048, 6373)
(2049, 6373)
(2050, 6373)
(2051, 6373)
(2052, 6373)
(2053, 6373)
(2054, 6373)
(2055, 6373)
(2056, 6373)
(2057, 6373)
(2058, 6373)
(2059, 6373)
(2060, 6373)
(2061, 6373)
(2062, 6373)
(2063, 6373)
(2064, 6373)
(2065, 6373)
(2066, 6373)
(2067, 6373)
(2068, 6373)
(2069, 6373)
(2070, 6373)
(2071, 6373)
(2072, 6373)
(2073, 6373)
(2074, 6373)
(2075, 6373)
(2076, 6373)
(2077, 6373)
(2078, 6373)
(2079, 6373)
(2080, 6373)
(2081, 6373)
(2082, 6373)
(2083, 6373)
(2084, 6373)
(2085, 6373)
(2086, 6373)
(2087, 6373)
(2088, 6373)
(2089, 6373)
(2090, 6373)
(2091, 6373)
(2092, 6373)
(2093, 6373)
(2094, 6373)
(2095, 6373)
(2096, 6373)
(2097, 6373)
(2098, 6373)
(2099, 6373)
(2100, 6373)
(2101, 6373)
(2102, 6373)
(2103, 6373)
(2104, 6373)
(2105, 6373)
(2106, 6373)
(2107, 6373)
(2108, 6373)
(2109, 6373)
(2110, 6373)
(2111, 6373)
(2112, 6373)
(2113, 6373)
(2114, 6373)
(2115, 6373)
(2116, 6373)
(2117, 6373)
(2118, 6373)
(2119, 6373)
(2120, 6373)
(2121, 6373)
(2122, 6373)
(2123, 6373)
(2124, 6373)
(2125, 6373)
(2126, 6373)
(2127, 6373)
(2128, 6373)
(2129, 6373)
(2130, 6373)
(2131, 6373)
(2132, 6373)
(2133, 6373)
(2134, 6373)
(2135, 6373)
(2136, 6373)
(2137, 6373)
(2138, 6373)
(2139, 6373)
(2140, 6373)
(2141, 6373)
(2142, 6373)
(2143, 6373)
(2144, 6373)
(2145, 6373)
(2146, 6373)
(2147, 6373)
(2148, 6373)
(2149, 6373)
(2150, 6373)
(2151, 6373)
(2152, 6373)
(2153, 6373)
(2154, 6373)
(2155, 6373)
(2156, 6373)
(2157, 6373)
(2158, 6373)
(2159, 6373)
(2160, 6373)
(2161, 6373)
(2162, 6373)
(2163, 6373)
(2164, 6373)
(2165, 6373)
(2166, 6373)
(2167, 6373)
(2168, 6373)
(2169, 6373)
(2170, 6373)
(2171, 6373)
(2172, 6373)
(2173, 6373)
(2174, 6373)
(2175, 6373)
(2176, 6373)
(2177, 6373)
(2178, 6373)
(2179, 6373)
(2180, 6373)
(2181, 6373)
(2182, 6373)
(2183, 6373)
(2184, 6373)
(2185, 6373)
(2186, 6373)
(2187, 6373)
(2188, 6373)
(2189, 6373)
(2190, 6373)
(2191, 6373)
(2192, 6373)
(2193, 6373)
(2194, 6373)
(2195, 6373)
(2196, 6373)
(2197, 6373)
(2198, 6373)
(2199, 6373)
(2200, 6373)
(2201, 6373)
(2202, 6373)
(2203, 6373)
(2204, 6373)
(2205, 6373)
(2206, 6373)
(2207, 6373)
(2208, 6373)
(2209, 6373)
(2210, 6373)
(2211, 6373)
(2212, 6373)
(2213, 6373)
(2214, 6373)
(2215, 6373)
(2216, 6373)
(2217, 6373)
(2218, 6373)
(2219, 6373)
(2220, 6373)
(2221, 6373)
(2222, 6373)
(2223, 6373)
(2224, 6373)
(2225, 6373)
(2226, 6373)
(2227, 6373)
(2228, 6373)
(2229, 6373)
(2230, 6373)
(2231, 6373)
(2232, 6373)
(2233, 6373)
(2234, 6373)
(2235, 6373)
(2236, 6373)
(2237, 6373)
(2238, 6373)
(2239, 6373)
(2240, 6373)
(2241, 6373)
(2242, 6373)
(2243, 6373)
(2244, 6373)
(2245, 6373)
(2246, 6373)
(2247, 6373)
(2248, 6373)
(2249, 6373)
(2250, 6373)
(2251, 6373)
(2252, 6373)
(2253, 6373)
(2254, 6373)
(2255, 6373)
(2256, 6373)
(2257, 6373)
(2258, 6373)
(2259, 6373)
(2260, 6373)
(2261, 6373)
(2262, 6373)
(2263, 6373)
(2264, 6373)
(2265, 6373)
(2266, 6373)
(2267, 6373)
(2268, 6373)
(2269, 6373)
(2270, 6373)
(2271, 6373)
(2272, 6373)
(2273, 6373)
(2274, 6373)
(2275, 6373)
(2276, 6373)
(2277, 6373)
(2278, 6373)
(2279, 6373)
(2280, 6373)
(2281, 6373)
(2282, 6373)
(2283, 6373)
(2284, 6373)
(2285, 6373)
(2286, 6373)
(2287, 6373)
(2288, 6373)
(2289, 6373)
(2290, 6373)
(2291, 6373)
(2292, 6373)
(2293, 6373)
(2294, 6373)
(2295, 6373)
(2296, 6373)
(2297, 6373)
(2298, 6373)
(2299, 6373)
(2300, 6373)
(2301, 6373)
(2302, 6373)
(2303, 6373)
(2304, 6373)
(2305, 6373)
(2306, 6373)
(2307, 6373)
(2308, 6373)
(2309, 6373)
(2310, 6373)
(2311, 6373)
(2312, 6373)
(2313, 6373)
(2314, 6373)
(2315, 6373)
(2316, 6373)
(2317, 6373)
(2318, 6373)
(2319, 6373)
(2320, 6373)
(2321, 6373)
(2322, 6373)
(2323, 6373)
(2324, 6373)
(2325, 6373)
(2326, 6373)
(2327, 6373)
(2328, 6373)
(2329, 6373)
(2330, 6373)
(2331, 6373)
(2332, 6373)
(2333, 6373)
(2334, 6373)
(2335, 6373)
(2336, 6373)
(2337, 6373)
(2338, 6373)
(2339, 6373)
(2340, 6373)
(2341, 6373)
(2342, 6373)
(2343, 6373)
(2344, 6373)
(2345, 6373)
(2346, 6373)
(2347, 6373)
(2348, 6373)
(2349, 6373)
(2350, 6373)
(2351, 6373)
(2352, 6373)
(2353, 6373)
(2354, 6373)
(2355, 6373)
(2356, 6373)
(2357, 6373)
(2358, 6373)
(2359, 6373)
(2360, 6373)
(2361, 6373)
(2362, 6373)
(2363, 6373)
(2364, 6373)
(2365, 6373)
(2366, 6373)
(2367, 6373)
(2368, 6373)
(2369, 6373)
(2370, 6373)
(2371, 6373)
(2372, 6373)
(2373, 6373)
(2374, 6373)
(2375, 6373)
(2376, 6373)
(2377, 6373)
(2378, 6373)
(2379, 6373)
(2380, 6373)
(2381, 6373)
(2382, 6373)
(2383, 6373)
(2384, 6373)
(2385, 6373)
(2386, 6373)
(2387, 6373)
(2388, 6373)
(2389, 6373)
(2390, 6373)
(2391, 6373)
(2392, 6373)
(2393, 6373)
(2394, 6373)
(2395, 6373)
(2396, 6373)
(2397, 6373)
(2398, 6373)
(2399, 6373)
(2400, 6373)
(2401, 6373)
(2402, 6373)
(2403, 6373)
(2404, 6373)
(2405, 6373)
(2406, 6373)
(2407, 6373)
(2408, 6373)
(2409, 6373)
(2410, 6373)
(2411, 6373)
(2412, 6373)
(2413, 6373)
(2414, 6373)
(2415, 6373)
(2416, 6373)
(2417, 6373)
(2418, 6373)
(2419, 6373)
(2420, 6373)
(2421, 6373)
(2422, 6373)
(2423, 6373)
(2424, 6373)
(2425, 6373)
(2426, 6373)
(2427, 6373)
(2428, 6373)
(2429, 6373)
(2430, 6373)
(2431, 6373)
(2432, 6373)
(2433, 6373)
(2434, 6373)
(2435, 6373)
(2436, 6373)
(2437, 6373)
(2438, 6373)
(2439, 6373)
(2440, 6373)
(2441, 6373)
(2442, 6373)
(2443, 6373)
(2444, 6373)
(2445, 6373)
(2446, 6373)
(2447, 6373)
(2448, 6373)
(2449, 6373)
(2450, 6373)
(2451, 6373)
(2452, 6373)
(2453, 6373)
(2454, 6373)
(2455, 6373)
(2456, 6373)
(2457, 6373)
(2458, 6373)
(2459, 6373)
(2460, 6373)
(2461, 6373)
(2462, 6373)
(2463, 6373)
(2464, 6373)
(2465, 6373)
(2466, 6373)
(2467, 6373)
(2468, 6373)
(2469, 6373)
(2470, 6373)
(2471, 6373)
(2472, 6373)
(2473, 6373)
(2474, 6373)
(2475, 6373)
(2476, 6373)
(2477, 6373)
(2478, 6373)
(2479, 6373)
(2480, 6373)
(2481, 6373)
(2482, 6373)
(2483, 6373)
(2484, 6373)
(2485, 6373)
(2486, 6373)
(2487, 6373)
(2488, 6373)
(2489, 6373)
(2490, 6373)
(2491, 6373)
(2492, 6373)
(2493, 6373)
(2494, 6373)
(2495, 6373)
(2496, 6373)
(2497, 6373)
(2498, 6373)
(2499, 6373)
(2500, 6373)
(2501, 6373)
(2502, 6373)
(2503, 6373)
(2504, 6373)
(2505, 6373)
(2506, 6373)
(2507, 6373)
(2508, 6373)
(2509, 6373)
(2510, 6373)
(2511, 6373)
(2512, 6373)
(2513, 6373)
(2514, 6373)
(2515, 6373)
(2516, 6373)
(2517, 6373)
(2518, 6373)
(2519, 6373)
(2520, 6373)
(2521, 6373)
(2522, 6373)
(2523, 6373)
(2524, 6373)
(2525, 6373)
(2526, 6373)
(2527, 6373)
(2528, 6373)
(2529, 6373)
(2530, 6373)
(2531, 6373)
(2532, 6373)
(2533, 6373)
(2534, 6373)
(2535, 6373)
(2536, 6373)
(2537, 6373)
(2538, 6373)
(2539, 6373)
(2540, 6373)
(2541, 6373)
(2542, 6373)
(2543, 6373)
(2544, 6373)
(2545, 6373)
(2546, 6373)
(2547, 6373)
(2548, 6373)
(2549, 6373)
(2550, 6373)
(2551, 6373)
(2552, 6373)
(2553, 6373)
(2554, 6373)
(2555, 6373)
(2556, 6373)
(2557, 6373)
(2558, 6373)
(2559, 6373)
(2560, 6373)
(2561, 6373)
(2562, 6373)
(2563, 6373)
(2564, 6373)
(2565, 6373)
(2566, 6373)
(2567, 6373)
(2568, 6373)
(2569, 6373)
(2570, 6373)
(2571, 6373)
(2572, 6373)
(2573, 6373)
(2574, 6373)
(2575, 6373)
(2576, 6373)
(2577, 6373)
(2578, 6373)
(2579, 6373)
(2580, 6373)
(2581, 6373)
(2582, 6373)
(2583, 6373)
(2584, 6373)
(2585, 6373)
(2586, 6373)
(2587, 6373)
(2588, 6373)
(2589, 6373)
(2590, 6373)
(2591, 6373)
(2592, 6373)
(2593, 6373)
(2594, 6373)
(2595, 6373)
(2596, 6373)
(2597, 6373)
(2598, 6373)
(2599, 6373)
(2600, 6373)
(2601, 6373)
(2602, 6373)
(2603, 6373)
(2604, 6373)
(2605, 6373)
(2606, 6373)
(2607, 6373)
(2608, 6373)
(2609, 6373)
(2610, 6373)
(2611, 6373)
(2612, 6373)
(2613, 6373)
(2614, 6373)
(2615, 6373)
(2616, 6373)
(2617, 6373)
(2618, 6373)
(2619, 6373)
(2620, 6373)
(2621, 6373)
(2622, 6373)
(2623, 6373)
(2624, 6373)
(2625, 6373)
(2626, 6373)
(2627, 6373)
(2628, 6373)
(2629, 6373)
(2630, 6373)
(2631, 6373)
(2632, 6373)
(2633, 6373)
(2634, 6373)
(2635, 6373)
(2636, 6373)
(2637, 6373)
(2638, 6373)
(2639, 6373)
(2640, 6373)
(2641, 6373)
(2642, 6373)
(2643, 6373)
(2644, 6373)
(2645, 6373)
(2646, 6373)
(2647, 6373)
(2648, 6373)
(2649, 6373)
(2650, 6373)
(2651, 6373)
(2652, 6373)
(2653, 6373)
(2654, 6373)
(2655, 6373)
(2656, 6373)
(2657, 6373)
(2658, 6373)
(2659, 6373)
(2660, 6373)
(2661, 6373)
(2662, 6373)
(2663, 6373)
(2664, 6373)
(2665, 6373)
(2666, 6373)
(2667, 6373)
(2668, 6373)
(2669, 6373)
(2670, 6373)
(2671, 6373)
(2672, 6373)
(2673, 6373)
(2674, 6373)
(2675, 6373)
(2676, 6373)
(2677, 6373)
(2678, 6373)
(2679, 6373)
(2680, 6373)
(2681, 6373)
(2682, 6373)
(2683, 6373)
(2684, 6373)
(2685, 6373)
(2686, 6373)
(2687, 6373)
(2688, 6373)
(2689, 6373)
(2690, 6373)
(2691, 6373)
(2692, 6373)
(2693, 6373)
(2694, 6373)
(2695, 6373)
(2696, 6373)
(2697, 6373)
(2698, 6373)
(2699, 6373)
(2700, 6373)
(2701, 6373)
(2702, 6373)
(2703, 6373)
(2704, 6373)
(2705, 6373)
(2706, 6373)
(2707, 6373)
(2708, 6373)
(2709, 6373)
(2710, 6373)
(2711, 6373)
(2712, 6373)
(2713, 6373)
(2714, 6373)
(2715, 6373)
(2716, 6373)
(2717, 6373)
(2718, 6373)
(2719, 6373)
(2720, 6373)
(2721, 6373)
(2722, 6373)
(2723, 6373)
(2724, 6373)
(2725, 6373)
(2726, 6373)
(2727, 6373)
(2728, 6373)
(2729, 6373)
(2730, 6373)
(2731, 6373)
(2732, 6373)
(2733, 6373)
(2734, 6373)
(2735, 6373)
(2736, 6373)
(2737, 6373)
(2738, 6373)
(2739, 6373)
(2740, 6373)
(2741, 6373)
(2742, 6373)
(2743, 6373)
(2744, 6373)
(2745, 6373)
(2746, 6373)
(2747, 6373)
(2748, 6373)
(2749, 6373)
(2750, 6373)
(2751, 6373)
(2752, 6373)
(2753, 6373)
(2754, 6373)
(2755, 6373)
(2756, 6373)
(2757, 6373)
(2758, 6373)
(2759, 6373)
(2760, 6373)
(2761, 6373)
(2762, 6373)
(2763, 6373)
(2764, 6373)
(2765, 6373)
(2766, 6373)
(2767, 6373)
(2768, 6373)
(2769, 6373)
(2770, 6373)
(2771, 6373)
(2772, 6373)
(2773, 6373)
(2774, 6373)
(2775, 6373)
(2776, 6373)
(2777, 6373)
(2778, 6373)
(2779, 6373)
(2780, 6373)
(2781, 6373)
(2782, 6373)
(2783, 6373)
(2784, 6373)
(2785, 6373)
(2786, 6373)
(2787, 6373)
(2788, 6373)
(2789, 6373)
(2790, 6373)
(2791, 6373)
(2792, 6373)
(2793, 6373)
(2794, 6373)
(2795, 6373)
(2796, 6373)
(2797, 6373)
(2798, 6373)
(2799, 6373)
(2800, 6373)
(2801, 6373)
(2802, 6373)
(2803, 6373)
(2804, 6373)
(2805, 6373)
(2806, 6373)
(2807, 6373)
(2808, 6373)
(2809, 6373)
(2810, 6373)
(2811, 6373)
(2812, 6373)
(2813, 6373)
(2814, 6373)
(2815, 6373)
(2816, 6373)
(2817, 6373)
(2818, 6373)
(2819, 6373)
(2820, 6373)
(2821, 6373)
(2822, 6373)
(2823, 6373)
(2824, 6373)
(2825, 6373)
(2826, 6373)
(2827, 6373)
(2828, 6373)
(2829, 6373)
(2830, 6373)
(2831, 6373)
(2832, 6373)
(2833, 6373)
(2834, 6373)
(2835, 6373)
(2836, 6373)
(2837, 6373)
(2838, 6373)
(2839, 6373)
(2840, 6373)
(2841, 6373)
(2842, 6373)
(2843, 6373)
(2844, 6373)
(2845, 6373)
(2846, 6373)
(2847, 6373)
(2848, 6373)
(2849, 6373)
(2850, 6373)
(2851, 6373)
(2852, 6373)
(2853, 6373)
(2854, 6373)
(2855, 6373)
(2856, 6373)
(2857, 6373)
(2858, 6373)
(2859, 6373)
(2860, 6373)
(2861, 6373)
(2862, 6373)
(2863, 6373)
(2864, 6373)
(2865, 6373)
(2866, 6373)
(2867, 6373)
(2868, 6373)
(2869, 6373)
(2870, 6373)
(2871, 6373)
(2872, 6373)
(2873, 6373)
(2874, 6373)
(2875, 6373)
(2876, 6373)
(2877, 6373)
(2878, 6373)
(2879, 6373)
(2880, 6373)
(2881, 6373)
(2882, 6373)
(2883, 6373)
(2884, 6373)
(2885, 6373)
(2886, 6373)
(2887, 6373)
(2888, 6373)
(2889, 6373)
(2890, 6373)
(2891, 6373)
(2892, 6373)
(2893, 6373)
(2894, 6373)
(2895, 6373)
(2896, 6373)
(2897, 6373)
(2898, 6373)
(2899, 6373)
(2900, 6373)
(2901, 6373)
(2902, 6373)
(2903, 6373)
(2904, 6373)
(2905, 6373)
(2906, 6373)
(2907, 6373)
(2908, 6373)
(2909, 6373)
(2910, 6373)
(2911, 6373)
(2912, 6373)
(2913, 6373)
(2914, 6373)
(2915, 6373)
(2916, 6373)
(2917, 6373)
(2918, 6373)
(2919, 6373)
(2920, 6373)
(2921, 6373)
(2922, 6373)
(2923, 6373)
(2924, 6373)
(2925, 6373)
(2926, 6373)
(2927, 6373)
(2928, 6373)
(2929, 6373)
(2930, 6373)
(2931, 6373)
(2932, 6373)
(2933, 6373)
(2934, 6373)
(2935, 6373)
(2936, 6373)
(2937, 6373)
(2938, 6373)
(2939, 6373)
(2940, 6373)
(2941, 6373)
(2942, 6373)
(2943, 6373)
(2944, 6373)
(2945, 6373)
(2946, 6373)
(2947, 6373)
(2948, 6373)
(2949, 6373)
(2950, 6373)
(2951, 6373)
(2952, 6373)
(2953, 6373)
(2954, 6373)
(2955, 6373)
(2956, 6373)
(2957, 6373)
(2958, 6373)
(2959, 6373)
(2960, 6373)
(2961, 6373)
(2962, 6373)
(2963, 6373)
(2964, 6373)
(2965, 6373)
(2966, 6373)
(2967, 6373)
(2968, 6373)
(2969, 6373)
(2970, 6373)
(2971, 6373)
(2972, 6373)
(2973, 6373)
(2974, 6373)
(2975, 6373)
(2976, 6373)
(2977, 6373)
(2978, 6373)
(2979, 6373)
(2980, 6373)
(2981, 6373)
(2982, 6373)
(2983, 6373)
(2984, 6373)
(2985, 6373)
(2986, 6373)
(2987, 6373)
(2988, 6373)
(2989, 6373)
(2990, 6373)
(2991, 6373)
(2992, 6373)
(2993, 6373)
(2994, 6373)
(2995, 6373)
(2996, 6373)
(2997, 6373)
(2998, 6373)
(2999, 6373)
(3000, 6373)
(3001, 6373)
(3002, 6373)
(3003, 6373)
(3004, 6373)
(3005, 6373)
(3006, 6373)
(3007, 6373)
(3008, 6373)
(3009, 6373)
(3010, 6373)
(3011, 6373)
(3012, 6373)
(3013, 6373)
(3014, 6373)
(3015, 6373)
(3016, 6373)
(3017, 6373)
(3018, 6373)
(3019, 6373)
(3020, 6373)
(3021, 6373)
(3022, 6373)
(3023, 6373)
(3024, 6373)
(3025, 6373)
(3026, 6373)
(3027, 6373)
(3028, 6373)
(3029, 6373)
(3030, 6373)
(3031, 6373)
(3032, 6373)
(3033, 6373)
(3034, 6373)
(3035, 6373)
(3036, 6373)
(3037, 6373)
(3038, 6373)
(3039, 6373)
(3040, 6373)
(3041, 6373)
(3042, 6373)
(3043, 6373)
(3044, 6373)
(3045, 6373)
(3046, 6373)
(3047, 6373)
(3048, 6373)
(3049, 6373)
(3050, 6373)
(3051, 6373)
(3052, 6373)
(3053, 6373)
(3054, 6373)
(3055, 6373)
(3056, 6373)
(3057, 6373)
(3058, 6373)
(3059, 6373)
(3060, 6373)
(3061, 6373)
(3062, 6373)
(3063, 6373)
(3064, 6373)
(3065, 6373)
(3066, 6373)
(3067, 6373)
(3068, 6373)
(3069, 6373)
(3070, 6373)
(3071, 6373)
(3072, 6373)
(3073, 6373)
(3074, 6373)
(3075, 6373)
(3076, 6373)
(3077, 6373)
(3078, 6373)
(3079, 6373)
(3080, 6373)
(3081, 6373)
(3082, 6373)
(3083, 6373)
(3084, 6373)
(3085, 6373)
(3086, 6373)
(3087, 6373)
(3088, 6373)
(3089, 6373)
(3090, 6373)
(3091, 6373)
(3092, 6373)
(3093, 6373)
(3094, 6373)
(3095, 6373)
(3096, 6373)
(3097, 6373)
(3098, 6373)
(3099, 6373)
(3100, 6373)
(3101, 6373)
(3102, 6373)
(3103, 6373)
(3104, 6373)
(3105, 6373)
(3106, 6373)
(3107, 6373)
(3108, 6373)
(3109, 6373)
(3110, 6373)
(3111, 6373)
(3112, 6373)
(3113, 6373)
(3114, 6373)
(3115, 6373)
(3116, 6373)
(3117, 6373)
(3118, 6373)
(3119, 6373)
(3120, 6373)
(3121, 6373)
(3122, 6373)
(3123, 6373)
(3124, 6373)
(3125, 6373)
(3126, 6373)
(3127, 6373)
(3128, 6373)
(3129, 6373)
(3130, 6373)
(3131, 6373)
(3132, 6373)
(3133, 6373)
(3134, 6373)
(3135, 6373)
(3136, 6373)
(3137, 6373)
(3138, 6373)
(3139, 6373)
(3140, 6373)
(3141, 6373)
(3142, 6373)
(3143, 6373)
(3144, 6373)
(3145, 6373)
(3146, 6373)
(3147, 6373)
(3148, 6373)
(3149, 6373)
(3150, 6373)
(3151, 6373)
(3152, 6373)
(3153, 6373)
(3154, 6373)
(3155, 6373)
(3156, 6373)
(3157, 6373)
(3158, 6373)
(3159, 6373)
(3160, 6373)
(3161, 6373)
(3162, 6373)
(3163, 6373)
(3164, 6373)
(3165, 6373)
(3166, 6373)
(3167, 6373)
(3168, 6373)
(3169, 6373)
(3170, 6373)
(3171, 6373)
(3172, 6373)
(3173, 6373)
(3174, 6373)
(3175, 6373)
(3176, 6373)
(3177, 6373)
(3178, 6373)
(3179, 6373)
(3180, 6373)
(3181, 6373)
(3182, 6373)
(3183, 6373)
(3184, 6373)
(3185, 6373)
(3186, 6373)
(3187, 6373)
(3188, 6373)
(3189, 6373)
(3190, 6373)
(3191, 6373)
(3192, 6373)
(3193, 6373)
(3194, 6373)
(3195, 6373)
(3196, 6373)
(3197, 6373)
(3198, 6373)
(3199, 6373)
(3200, 6373)
(3201, 6373)
(3202, 6373)
(3203, 6373)
(3204, 6373)
(3205, 6373)
(3206, 6373)
(3207, 6373)
(3208, 6373)
(3209, 6373)
(3210, 6373)
(3211, 6373)
(3212, 6373)
(3213, 6373)
(3214, 6373)
(3215, 6373)
(3216, 6373)
(3217, 6373)
(3218, 6373)
(3219, 6373)
(3220, 6373)
(3221, 6373)
(3222, 6373)
(3223, 6373)
(3224, 6373)
(3225, 6373)
(3226, 6373)
(3227, 6373)
(3228, 6373)
(3229, 6373)
(3230, 6373)
(3231, 6373)
(3232, 6373)
(3233, 6373)
(3234, 6373)
(3235, 6373)
(3236, 6373)
(3237, 6373)
(3238, 6373)
(3239, 6373)
(3240, 6373)
(3241, 6373)
(3242, 6373)
(3243, 6373)
(3244, 6373)
(3245, 6373)
(3246, 6373)
(3247, 6373)
(3248, 6373)
(3249, 6373)
(3250, 6373)
(3251, 6373)
(3252, 6373)
(3253, 6373)
(3254, 6373)
(3255, 6373)
(3256, 6373)
(3257, 6373)
(3258, 6373)
(3259, 6373)
(3260, 6373)
(3261, 6373)
(3262, 6373)
(3263, 6373)
(3264, 6373)
(3265, 6373)
(3266, 6373)
(3267, 6373)
(3268, 6373)
(3269, 6373)
(3270, 6373)
(3271, 6373)
(3272, 6373)
(3273, 6373)
(3274, 6373)
(3275, 6373)
(3276, 6373)
(3277, 6373)
(3278, 6373)
(3279, 6373)
(3280, 6373)
(3281, 6373)
(3282, 6373)
(3283, 6373)
(3284, 6373)
(3285, 6373)
(3286, 6373)
(3287, 6373)
(3288, 6373)
(3289, 6373)
(3290, 6373)
(3291, 6373)
(3292, 6373)
(3293, 6373)
(3294, 6373)
(3295, 6373)
(3296, 6373)
(3297, 6373)
(3298, 6373)
(3299, 6373)
(3300, 6373)
(3301, 6373)
(3302, 6373)
(3303, 6373)
(3304, 6373)
(3305, 6373)
(3306, 6373)
(3307, 6373)
(3308, 6373)
(3309, 6373)
(3310, 6373)
(3311, 6373)
(3312, 6373)
(3313, 6373)
(3314, 6373)
(3315, 6373)
(3316, 6373)
(3317, 6373)
(3318, 6373)
(3319, 6373)
(3320, 6373)
(3321, 6373)
(3322, 6373)
(3323, 6373)
(3324, 6373)
(3325, 6373)
(3326, 6373)
(3327, 6373)
(3328, 6373)
(3329, 6373)
(3330, 6373)
(3331, 6373)
(3332, 6373)
(3333, 6373)
(3334, 6373)
(3335, 6373)
(3336, 6373)
(3337, 6373)
(3338, 6373)
(3339, 6373)
(3340, 6373)
(3341, 6373)
(3342, 6373)
(3343, 6373)
(3344, 6373)
(3345, 6373)
(3346, 6373)
(3347, 6373)
(3348, 6373)
(3349, 6373)
(3350, 6373)
(3351, 6373)
(3352, 6373)
(3353, 6373)
(3354, 6373)
(3355, 6373)
(3356, 6373)
(3357, 6373)
(3358, 6373)
(3359, 6373)
(3360, 6373)
(3361, 6373)
(3362, 6373)
(3363, 6373)
(3364, 6373)
(3365, 6373)
(3366, 6373)
(3367, 6373)
(3368, 6373)
(3369, 6373)
(3370, 6373)
(3371, 6373)
(3372, 6373)
(3373, 6373)
(3374, 6373)
(3375, 6373)
(3376, 6373)
(3377, 6373)
(3378, 6373)
(3379, 6373)
(3380, 6373)
(3381, 6373)
(3382, 6373)
(3383, 6373)
(3384, 6373)
(3385, 6373)
(3386, 6373)
(3387, 6373)
(3388, 6373)
(3389, 6373)
(3390, 6373)
(3391, 6373)
(3392, 6373)
(3393, 6373)
(3394, 6373)
(3395, 6373)
(3396, 6373)
(3397, 6373)
(3398, 6373)
(3399, 6373)
(3400, 6373)
(3401, 6373)
(3402, 6373)
(3403, 6373)
(3404, 6373)
(3405, 6373)
(3406, 6373)
(3407, 6373)
(3408, 6373)
(3409, 6373)
(3410, 6373)
(3411, 6373)
(3412, 6373)
(3413, 6373)
(3414, 6373)
(3415, 6373)
(3416, 6373)
(3417, 6373)
(3418, 6373)
(3419, 6373)
(3420, 6373)
(3421, 6373)
(3422, 6373)
(3423, 6373)
(3424, 6373)
(3425, 6373)
(3426, 6373)
(3427, 6373)
(3428, 6373)
(3429, 6373)
(3430, 6373)
(3431, 6373)
(3432, 6373)
(3433, 6373)
(3434, 6373)
(3435, 6373)
(3436, 6373)
(3437, 6373)
(3438, 6373)
(3439, 6373)
(3440, 6373)
(3441, 6373)
(3442, 6373)
(3443, 6373)
(3444, 6373)
(3445, 6373)
(3446, 6373)
(3447, 6373)
(3448, 6373)
(3449, 6373)
(3450, 6373)
(3451, 6373)
(3452, 6373)
(3453, 6373)
(3454, 6373)
(3455, 6373)
(3456, 6373)
(3457, 6373)
(3458, 6373)
(3459, 6373)
(3460, 6373)
(3461, 6373)
(3462, 6373)
(3463, 6373)
(3464, 6373)
(3465, 6373)
(3466, 6373)
(3467, 6373)
(3468, 6373)
(3469, 6373)
(3470, 6373)
(3471, 6373)
(3472, 6373)
(3473, 6373)
(3474, 6373)
(3475, 6373)
(3476, 6373)
(3477, 6373)
(3478, 6373)
(3479, 6373)
(3480, 6373)
(3481, 6373)
(3482, 6373)
(3483, 6373)
(3484, 6373)
(3485, 6373)
(3486, 6373)
(3487, 6373)
(3488, 6373)
(3489, 6373)
(3490, 6373)
(3491, 6373)
(3492, 6373)
(3493, 6373)
(3494, 6373)
(3495, 6373)
(3496, 6373)
(3497, 6373)
(3498, 6373)
(3499, 6373)
(3500, 6373)
(3501, 6373)
(3502, 6373)
(3503, 6373)
(3504, 6373)
(3505, 6373)
(3506, 6373)
(3507, 6373)
(3508, 6373)
(3509, 6373)
(3510, 6373)
(3511, 6373)
(3512, 6373)
(3513, 6373)
(3514, 6373)
(3515, 6373)
(3516, 6373)
(3517, 6373)
(3518, 6373)
(3519, 6373)
(3520, 6373)
(3521, 6373)
(3522, 6373)
(3523, 6373)
(3524, 6373)
(3525, 6373)
(3526, 6373)
(3527, 6373)
(3528, 6373)
(3529, 6373)
(3530, 6373)
(3531, 6373)
(3532, 6373)
(3533, 6373)
(3534, 6373)
(3535, 6373)
(3536, 6373)
(3537, 6373)
(3538, 6373)
(3539, 6373)
(3540, 6373)
(3541, 6373)
(3542, 6373)
(3543, 6373)
(3544, 6373)
(3545, 6373)
(3546, 6373)
(3547, 6373)
(3548, 6373)
(3549, 6373)
(3550, 6373)
(3551, 6373)
(3552, 6373)
(3553, 6373)
(3554, 6373)
(3555, 6373)
(3556, 6373)
(3557, 6373)
(3558, 6373)
(3559, 6373)
(3560, 6373)
(3561, 6373)
(3562, 6373)
(3563, 6373)
(3564, 6373)
(3565, 6373)
(3566, 6373)
(3567, 6373)
(3568, 6373)
(3569, 6373)
(3570, 6373)
(3571, 6373)
(3572, 6373)
(3573, 6373)
(3574, 6373)
(3575, 6373)
(3576, 6373)
(3577, 6373)
(3578, 6373)
(3579, 6373)
(3580, 6373)
(3581, 6373)
(3582, 6373)
(3583, 6373)
(3584, 6373)
(3585, 6373)
(3586, 6373)
(3587, 6373)
(3588, 6373)
(3589, 6373)
(3590, 6373)
(3591, 6373)
(3592, 6373)
(3593, 6373)
(3594, 6373)
(3595, 6373)
(3596, 6373)
(3597, 6373)
(3598, 6373)
(3599, 6373)
(3600, 6373)
(3601, 6373)
(3602, 6373)
(3603, 6373)
(3604, 6373)
(3605, 6373)
(3606, 6373)
(3607, 6373)
(3608, 6373)
(3609, 6373)
(3610, 6373)
(3611, 6373)
(3612, 6373)
(3613, 6373)
(3614, 6373)
(3615, 6373)
(3616, 6373)
(3617, 6373)
(3618, 6373)
(3619, 6373)
(3620, 6373)
(3621, 6373)
(3622, 6373)
(3623, 6373)
(3624, 6373)
(3625, 6373)
(3626, 6373)
(3627, 6373)
(3628, 6373)
(3629, 6373)
(3630, 6373)
(3631, 6373)
(3632, 6373)
(3633, 6373)
(3634, 6373)
(3635, 6373)
(3636, 6373)
(3637, 6373)
(3638, 6373)
(3639, 6373)
(3640, 6373)
(3641, 6373)
(3642, 6373)
(3643, 6373)
(3644, 6373)
(3645, 6373)
(3646, 6373)
(3647, 6373)
(3648, 6373)
(3649, 6373)
(3650, 6373)
(3651, 6373)
(3652, 6373)
(3653, 6373)
(3654, 6373)
(3655, 6373)
(3656, 6373)
(3657, 6373)
(3658, 6373)
(3659, 6373)
(3660, 6373)
(3661, 6373)
(3662, 6373)
(3663, 6373)
(3664, 6373)
(3665, 6373)
(3666, 6373)
(3667, 6373)
(3668, 6373)
(3669, 6373)
(3670, 6373)
(3671, 6373)
(3672, 6373)
(3673, 6373)
(3674, 6373)
(3675, 6373)
(3676, 6373)
(3677, 6373)
(3678, 6373)
(3679, 6373)
(3680, 6373)
(3681, 6373)
(3682, 6373)
(3683, 6373)
(3684, 6373)
(3685, 6373)
(3686, 6373)
(3687, 6373)
(3688, 6373)
(3689, 6373)
(3690, 6373)
(3691, 6373)
(3692, 6373)
(3693, 6373)
(3694, 6373)
(3695, 6373)
(3696, 6373)
(3697, 6373)
(3698, 6373)
(3699, 6373)
(3700, 6373)
(3701, 6373)
(3702, 6373)
(3703, 6373)
(3704, 6373)
(3705, 6373)
(3706, 6373)
(3707, 6373)
(3708, 6373)
(3709, 6373)
(3710, 6373)
(3711, 6373)
(3712, 6373)
(3713, 6373)
(3714, 6373)
(3715, 6373)
(3716, 6373)
(3717, 6373)
(3718, 6373)
(3719, 6373)
(3720, 6373)
(3721, 6373)
(3722, 6373)
(3723, 6373)
(3724, 6373)
(3725, 6373)
(3726, 6373)
(3727, 6373)
(3728, 6373)
(3729, 6373)
(3730, 6373)
(3731, 6373)
(3732, 6373)
(3733, 6373)
(3734, 6373)
(3735, 6373)
(3736, 6373)
(3737, 6373)
(3738, 6373)
(3739, 6373)
(3740, 6373)
(3741, 6373)
(3742, 6373)
(3743, 6373)
(3744, 6373)
(3745, 6373)
(3746, 6373)
(3747, 6373)
(3748, 6373)
(3749, 6373)
(3750, 6373)
(3751, 6373)
(3752, 6373)
(3753, 6373)
(3754, 6373)
(3755, 6373)
(3756, 6373)
(3757, 6373)
(3758, 6373)
(3759, 6373)
(3760, 6373)
(3761, 6373)
(3762, 6373)
(3763, 6373)
(3764, 6373)
(3765, 6373)
(3766, 6373)
(3767, 6373)
(3768, 6373)
(3769, 6373)
(3770, 6373)
(3771, 6373)
(3772, 6373)
(3773, 6373)
(3774, 6373)
(3775, 6373)
(3776, 6373)
(3777, 6373)
(3778, 6373)
(3779, 6373)
(3780, 6373)
(3781, 6373)
(3782, 6373)
(3783, 6373)
(3784, 6373)
(3785, 6373)
(3786, 6373)
(3787, 6373)
(3788, 6373)
(3789, 6373)
(3790, 6373)
(3791, 6373)
(3792, 6373)
(3793, 6373)
(3794, 6373)
(3795, 6373)
(3796, 6373)
(3797, 6373)
(3798, 6373)
(3799, 6373)
(3800, 6373)
(3801, 6373)
(3802, 6373)
(3803, 6373)
(3804, 6373)
(3805, 6373)
(3806, 6373)
(3807, 6373)
(3808, 6373)
(3809, 6373)
(3810, 6373)
(3811, 6373)
(3812, 6373)
(3813, 6373)
(3814, 6373)
(3815, 6373)
(3816, 6373)
(3817, 6373)
(3818, 6373)
(3819, 6373)
(3820, 6373)
(3821, 6373)
(3822, 6373)
(3823, 6373)
(3824, 6373)
(3825, 6373)
(3826, 6373)
(3827, 6373)
(3828, 6373)
(3829, 6373)
(3830, 6373)
(3831, 6373)
(3832, 6373)
(3833, 6373)
(3834, 6373)
(3835, 6373)
(3836, 6373)
(3837, 6373)
(3838, 6373)
(3839, 6373)
(3840, 6373)
(3841, 6373)
(3842, 6373)
(3843, 6373)
(3844, 6373)
(3845, 6373)
(3846, 6373)
(3847, 6373)
(3848, 6373)
(3849, 6373)
(3850, 6373)
(3851, 6373)
(3852, 6373)
(3853, 6373)
(3854, 6373)
(3855, 6373)
(3856, 6373)
(3857, 6373)
(3858, 6373)
(3859, 6373)
(3860, 6373)
(3861, 6373)
(3862, 6373)
(3863, 6373)
(3864, 6373)
(3865, 6373)
(3866, 6373)
(3867, 6373)
(3868, 6373)
(3869, 6373)
(3870, 6373)
(3871, 6373)
(3872, 6373)
(3873, 6373)
(3874, 6373)
(3875, 6373)
(3876, 6373)
(3877, 6373)
(3878, 6373)
(3879, 6373)
(3880, 6373)
(3881, 6373)
(3882, 6373)
(3883, 6373)
(3884, 6373)
(3885, 6373)
(3886, 6373)
(3887, 6373)
(3888, 6373)
(3889, 6373)
(3890, 6373)
(3891, 6373)
(3892, 6373)
(3893, 6373)
(3894, 6373)
(3895, 6373)
(3896, 6373)
(3897, 6373)
(3898, 6373)
(3899, 6373)
(3900, 6373)
(3901, 6373)
(3902, 6373)
(3903, 6373)
(3904, 6373)
(3905, 6373)
(3906, 6373)
(3907, 6373)
(3908, 6373)
(3909, 6373)
(3910, 6373)
(3911, 6373)
(3912, 6373)
(3913, 6373)
(3914, 6373)
(3915, 6373)
(3916, 6373)
(3917, 6373)
(3918, 6373)
(3919, 6373)
(3920, 6373)
(3921, 6373)
(3922, 6373)
(3923, 6373)
(3924, 6373)
(3925, 6373)
(3926, 6373)
(3927, 6373)
(3928, 6373)
(3929, 6373)
(3930, 6373)
(3931, 6373)
(3932, 6373)
(3933, 6373)
(3934, 6373)
(3935, 6373)
(3936, 6373)
(3937, 6373)
(3938, 6373)
(3939, 6373)
(3940, 6373)
(3941, 6373)
(3942, 6373)
(3943, 6373)
(3944, 6373)
(3945, 6373)
(3946, 6373)
(3947, 6373)
(3948, 6373)
(3949, 6373)
(3950, 6373)
(3951, 6373)
(3952, 6373)
(3953, 6373)
(3954, 6373)
(3955, 6373)
(3956, 6373)
(3957, 6373)
(3958, 6373)
(3959, 6373)
(3960, 6373)
(3961, 6373)
(3962, 6373)
(3963, 6373)
(3964, 6373)
(3965, 6373)
(3966, 6373)
(3967, 6373)
(3968, 6373)
(3969, 6373)
(3970, 6373)
(3971, 6373)
(3972, 6373)
(3973, 6373)
(3974, 6373)
(3975, 6373)
(3976, 6373)
(3977, 6373)
(3978, 6373)
(3979, 6373)
(3980, 6373)
(3981, 6373)
(3982, 6373)
(3983, 6373)
(3984, 6373)
(3985, 6373)
(3986, 6373)
(3987, 6373)
(3988, 6373)
(3989, 6373)
(3990, 6373)
(3991, 6373)
(3992, 6373)
(3993, 6373)
(3994, 6373)
(3995, 6373)
(3996, 6373)
(3997, 6373)
(3998, 6373)
(3999, 6373)
(4000, 6373)
(4001, 6373)
(4002, 6373)
(4003, 6373)
(4004, 6373)
(4005, 6373)
(4006, 6373)
(4007, 6373)
(4008, 6373)
(4009, 6373)
(4010, 6373)
(4011, 6373)
(4012, 6373)
(4013, 6373)
(4014, 6373)
(4015, 6373)
(4016, 6373)
(4017, 6373)
(4018, 6373)
(4019, 6373)
(4020, 6373)
(4021, 6373)
(4022, 6373)
(4023, 6373)
(4024, 6373)
(4025, 6373)
(4026, 6373)
(4027, 6373)
(4028, 6373)
(4029, 6373)
(4030, 6373)
(4031, 6373)
(4032, 6373)
(4033, 6373)
(4034, 6373)
(4035, 6373)
(4036, 6373)
(4037, 6373)
(4038, 6373)
(4039, 6373)
(4040, 6373)
(4041, 6373)
(4042, 6373)
(4043, 6373)
(4044, 6373)
(4045, 6373)
(4046, 6373)
(4047, 6373)
(4048, 6373)
(4049, 6373)
(4050, 6373)
(4051, 6373)
(4052, 6373)
(4053, 6373)
(4054, 6373)
(4055, 6373)
(4056, 6373)
(4057, 6373)
(4058, 6373)
(4059, 6373)
(4060, 6373)
(4061, 6373)
(4062, 6373)
(4063, 6373)
(4064, 6373)
(4065, 6373)
(4066, 6373)
(4067, 6373)
(4068, 6373)
(4069, 6373)
(4070, 6373)
(4071, 6373)
(4072, 6373)
(4073, 6373)
(4074, 6373)
(4075, 6373)
(4076, 6373)
(4077, 6373)
(4078, 6373)
(4079, 6373)
(4080, 6373)
(4081, 6373)
(4082, 6373)
(4083, 6373)
(4084, 6373)
(4085, 6373)
(4086, 6373)
(4087, 6373)
(4088, 6373)
(4089, 6373)
(4090, 6373)
(4091, 6373)
(4092, 6373)
(4093, 6373)
(4094, 6373)
(4095, 6373)
(4096, 6373)
(4097, 6373)
(4098, 6373)
(4099, 6373)
(4100, 6373)
(4101, 6373)
(4102, 6373)
(4103, 6373)
(4104, 6373)
(4105, 6373)
(4106, 6373)
(4107, 6373)
(4108, 6373)
(4109, 6373)
(4110, 6373)
(4111, 6373)
(4112, 6373)
(4113, 6373)
(4114, 6373)
(4115, 6373)
(4116, 6373)
(4117, 6373)
(4118, 6373)
(4119, 6373)
(4120, 6373)
(4121, 6373)
(4122, 6373)
(4123, 6373)
(4124, 6373)
(4125, 6373)
(4126, 6373)
(4127, 6373)
(4128, 6373)
(4129, 6373)
(4130, 6373)
(4131, 6373)
(4132, 6373)
(4133, 6373)
(4134, 6373)
(4135, 6373)
(4136, 6373)
(4137, 6373)
(4138, 6373)
(4139, 6373)
(4140, 6373)
(4141, 6373)
(4142, 6373)
(4143, 6373)
(4144, 6373)
(4145, 6373)
(4146, 6373)
(4147, 6373)
(4148, 6373)
(4149, 6373)
(4150, 6373)
(4151, 6373)
(4152, 6373)
(4153, 6373)
(4154, 6373)
(4155, 6373)
(4156, 6373)
(4157, 6373)
(4158, 6373)
(4159, 6373)
(4160, 6373)
(4161, 6373)
(4162, 6373)
(4163, 6373)
(4164, 6373)
(4165, 6373)
(4166, 6373)
(4167, 6373)
(4168, 6373)
(4169, 6373)
(4170, 6373)
(4171, 6373)
(4172, 6373)
(4173, 6373)
(4174, 6373)
(4175, 6373)
(4176, 6373)
(4177, 6373)
(4178, 6373)
(4179, 6373)
(4180, 6373)
(4181, 6373)
(4182, 6373)
(4183, 6373)
(4184, 6373)
(4185, 6373)
(4186, 6373)
(4187, 6373)
(4188, 6373)
(4189, 6373)
(4190, 6373)
(4191, 6373)
(4192, 6373)
(4193, 6373)
(4194, 6373)
(4195, 6373)
(4196, 6373)
(4197, 6373)
(4198, 6373)
(4199, 6373)
(4200, 6373)
(4201, 6373)
(4202, 6373)
(4203, 6373)
(4204, 6373)
(4205, 6373)
(4206, 6373)
(4207, 6373)
(4208, 6373)
(4209, 6373)
(4210, 6373)
(4211, 6373)
(4212, 6373)
(4213, 6373)
(4214, 6373)
(4215, 6373)
(4216, 6373)
(4217, 6373)
(4218, 6373)
(4219, 6373)
(4220, 6373)
(4221, 6373)
(4222, 6373)
(4223, 6373)
(4224, 6373)
(4225, 6373)
(4226, 6373)
(4227, 6373)
(4228, 6373)
(4229, 6373)
(4230, 6373)
(4231, 6373)
(4232, 6373)
(4233, 6373)
(4234, 6373)
(4235, 6373)
(4236, 6373)
(4237, 6373)
(4238, 6373)
(4239, 6373)
(4240, 6373)
(4241, 6373)
(4242, 6373)
(4243, 6373)
(4244, 6373)
(4245, 6373)
(4246, 6373)
(4247, 6373)
(4248, 6373)
(4249, 6373)
(4250, 6373)
(4251, 6373)
(4252, 6373)
(4253, 6373)
(4254, 6373)
(4255, 6373)
(4256, 6373)
(4257, 6373)
(4258, 6373)
(4259, 6373)
(4260, 6373)
(4261, 6373)
(4262, 6373)
(4263, 6373)
(4264, 6373)
(4265, 6373)
(4266, 6373)
(4267, 6373)
(4268, 6373)
(4269, 6373)
(4270, 6373)
(4271, 6373)
(4272, 6373)
(4273, 6373)
(4274, 6373)
(4275, 6373)
(4276, 6373)
(4277, 6373)
(4278, 6373)
(4279, 6373)
(4280, 6373)
(4281, 6373)
(4282, 6373)
(4283, 6373)
(4284, 6373)
(4285, 6373)
(4286, 6373)
(4287, 6373)
(4288, 6373)
(4289, 6373)
(4290, 6373)
(4291, 6373)
(4292, 6373)
(4293, 6373)
(4294, 6373)
(4295, 6373)
(4296, 6373)
(4297, 6373)
(4298, 6373)
(4299, 6373)
(4300, 6373)
(4301, 6373)
(4302, 6373)
(4303, 6373)
(4304, 6373)
(4305, 6373)
(4306, 6373)
(4307, 6373)
(4308, 6373)
(4309, 6373)
(4310, 6373)
(4311, 6373)
(4312, 6373)
(4313, 6373)
(4314, 6373)
(4315, 6373)
(4316, 6373)
(4317, 6373)
(4318, 6373)
(4319, 6373)
(4320, 6373)
(4321, 6373)
(4322, 6373)
(4323, 6373)
(4324, 6373)
(4325, 6373)
(4326, 6373)
(4327, 6373)
(4328, 6373)
(4329, 6373)
(4330, 6373)
(4331, 6373)
(4332, 6373)
(4333, 6373)
(4334, 6373)
(4335, 6373)
(4336, 6373)
(4337, 6373)
(4338, 6373)
(4339, 6373)
(4340, 6373)
(4341, 6373)
(4342, 6373)
(4343, 6373)
(4344, 6373)
(4345, 6373)
(4346, 6373)
(4347, 6373)
(4348, 6373)
(4349, 6373)
(4350, 6373)
(4351, 6373)
(4352, 6373)
(4353, 6373)
(4354, 6373)
(4355, 6373)
(4356, 6373)
(4357, 6373)
(4358, 6373)
(4359, 6373)
(4360, 6373)
(4361, 6373)
(4362, 6373)
(4363, 6373)
(4364, 6373)
(4365, 6373)
(4366, 6373)
(4367, 6373)
(4368, 6373)
(4369, 6373)
(4370, 6373)
(4371, 6373)
(4372, 6373)
(4373, 6373)
(4374, 6373)
(4375, 6373)
(4376, 6373)
(4377, 6373)
(4378, 6373)
(4379, 6373)
(4380, 6373)
(4381, 6373)
(4382, 6373)
(4383, 6373)
(4384, 6373)
(4385, 6373)
(4386, 6373)
(4387, 6373)
(4388, 6373)
(4389, 6373)
(4390, 6373)
(4391, 6373)
(4392, 6373)
(4393, 6373)
(4394, 6373)
(4395, 6373)
(4396, 6373)
(4397, 6373)
(4398, 6373)
(4399, 6373)
(4400, 6373)
(4401, 6373)
(4402, 6373)
(4403, 6373)
(4404, 6373)
(4405, 6373)
(4406, 6373)
(4407, 6373)
(4408, 6373)
(4409, 6373)
(4410, 6373)
(4411, 6373)
(4412, 6373)
(4413, 6373)
(4414, 6373)
(4415, 6373)
(4416, 6373)
(4417, 6373)
(4418, 6373)
(4419, 6373)
(4420, 6373)
(4421, 6373)
(4422, 6373)
(4423, 6373)
(4424, 6373)
(4425, 6373)
(4426, 6373)
(4427, 6373)
(4428, 6373)
(4429, 6373)
(4430, 6373)
(4431, 6373)
(4432, 6373)
(4433, 6373)
(4434, 6373)
(4435, 6373)
(4436, 6373)
(4437, 6373)
(4438, 6373)
(4439, 6373)
(4440, 6373)
(4441, 6373)
(4442, 6373)
(4443, 6373)
(4444, 6373)
(4445, 6373)
(4446, 6373)
(4447, 6373)
(4448, 6373)
(4449, 6373)
(4450, 6373)
(4451, 6373)
(4452, 6373)
(4453, 6373)
(4454, 6373)
(4455, 6373)
(4456, 6373)
(4457, 6373)
(4458, 6373)
(4459, 6373)
(4460, 6373)
(4461, 6373)
(4462, 6373)
(4463, 6373)
(4464, 6373)
(4465, 6373)
(4466, 6373)
(4467, 6373)
(4468, 6373)
(4469, 6373)
(4470, 6373)
(4471, 6373)
(4472, 6373)
(4473, 6373)
(4474, 6373)
(4475, 6373)
(4476, 6373)
(4477, 6373)
(4478, 6373)
(4479, 6373)
(4480, 6373)
(4481, 6373)
(4482, 6373)
(4483, 6373)
(4484, 6373)
(4485, 6373)
(4486, 6373)
(4487, 6373)
(4488, 6373)
(4489, 6373)
(4490, 6373)
(4491, 6373)
(4492, 6373)
(4493, 6373)
(4494, 6373)
(4495, 6373)
(4496, 6373)
(4497, 6373)
(4498, 6373)
(4499, 6373)
(4500, 6373)
(4501, 6373)
(4502, 6373)
(4503, 6373)
(4504, 6373)
(4505, 6373)
(4506, 6373)
(4507, 6373)
(4508, 6373)
(4509, 6373)
(4510, 6373)
(4511, 6373)
(4512, 6373)
(4513, 6373)
(4514, 6373)
(4515, 6373)
(4516, 6373)
(4517, 6373)
(4518, 6373)
(4519, 6373)
(4520, 6373)
(4521, 6373)
(4522, 6373)
(4523, 6373)
(4524, 6373)
(4525, 6373)
(4526, 6373)
(4527, 6373)
(4528, 6373)
(4529, 6373)
(4530, 6373)
(4531, 6373)
(4532, 6373)
(4533, 6373)
(4534, 6373)
(4535, 6373)
(4536, 6373)
(4537, 6373)
(4538, 6373)
(4539, 6373)
(4540, 6373)
(4541, 6373)
(4542, 6373)
(4543, 6373)
(4544, 6373)
(4545, 6373)
(4546, 6373)
(4547, 6373)
(4548, 6373)
(4549, 6373)
(4550, 6373)
(4551, 6373)
(4552, 6373)
(4553, 6373)
(4554, 6373)
(4555, 6373)
(4556, 6373)
(4557, 6373)
(4558, 6373)
(4559, 6373)
(4560, 6373)
(4561, 6373)
(4562, 6373)
(4563, 6373)
(4564, 6373)
(4565, 6373)
(4566, 6373)
(4567, 6373)
(4568, 6373)
(4569, 6373)
(4570, 6373)
(4571, 6373)
(4572, 6373)
(4573, 6373)
(4574, 6373)
(4575, 6373)
(4576, 6373)
(4577, 6373)
(4578, 6373)
(4579, 6373)
(4580, 6373)
(4581, 6373)
(4582, 6373)
(4583, 6373)
(4584, 6373)
(4585, 6373)
(4586, 6373)
(4587, 6373)
(4588, 6373)
(4589, 6373)
(4590, 6373)
(4591, 6373)
(4592, 6373)
(4593, 6373)
(4594, 6373)
(4595, 6373)
(4596, 6373)
(4597, 6373)
(4598, 6373)
(4599, 6373)
(4600, 6373)
(4601, 6373)
(4602, 6373)
(4603, 6373)
(4604, 6373)
(4605, 6373)
(4606, 6373)
(4607, 6373)
(4608, 6373)
(4609, 6373)
(4610, 6373)
(4611, 6373)
(4612, 6373)
(4613, 6373)
(4614, 6373)
(4615, 6373)
(4616, 6373)
(4617, 6373)
(4618, 6373)
(4619, 6373)
(4620, 6373)
(4621, 6373)
(4622, 6373)
(4623, 6373)
(4624, 6373)
(4625, 6373)
(4626, 6373)
(4627, 6373)
(4628, 6373)
(4629, 6373)
(4630, 6373)
(4631, 6373)
(4632, 6373)
(4633, 6373)
(4634, 6373)
(4635, 6373)
(4636, 6373)
(4637, 6373)
(4638, 6373)
(4639, 6373)
(4640, 6373)
(4641, 6373)
(4642, 6373)
(4643, 6373)
(4644, 6373)
(4645, 6373)
(4646, 6373)
(4647, 6373)
(4648, 6373)
(4649, 6373)
(4650, 6373)
(4651, 6373)
(4652, 6373)
(4653, 6373)
(4654, 6373)
(4655, 6373)
(4656, 6373)
(4657, 6373)
(4658, 6373)
(4659, 6373)
(4660, 6373)
(4661, 6373)
(4662, 6373)
(4663, 6373)
(4664, 6373)
(4665, 6373)
(4666, 6373)
(4667, 6373)
(4668, 6373)
(4669, 6373)
(4670, 6373)
(4671, 6373)
(4672, 6373)
(4673, 6373)
(4674, 6373)
(4675, 6373)
(4676, 6373)
(4677, 6373)
(4678, 6373)
(4679, 6373)
(4680, 6373)
(4681, 6373)
(4682, 6373)
(4683, 6373)
(4684, 6373)
(4685, 6373)
(4686, 6373)
(4687, 6373)
(4688, 6373)
(4689, 6373)
(4690, 6373)
(4691, 6373)
(4692, 6373)
(4693, 6373)
(4694, 6373)
(4695, 6373)
(4696, 6373)
(4697, 6373)
(4698, 6373)
(4699, 6373)
(4700, 6373)
(4701, 6373)
(4702, 6373)
(4703, 6373)
(4704, 6373)
(4705, 6373)
(4706, 6373)
(4707, 6373)
(4708, 6373)
(4709, 6373)
(4710, 6373)
(4711, 6373)
(4712, 6373)
(4713, 6373)
(4714, 6373)
(4715, 6373)
(4716, 6373)
(4717, 6373)
(4718, 6373)
(4719, 6373)
(4720, 6373)
(4721, 6373)
(4722, 6373)
(4723, 6373)
(4724, 6373)
(4725, 6373)
(4726, 6373)
(4727, 6373)
(4728, 6373)
(4729, 6373)
(4730, 6373)
(4731, 6373)
(4732, 6373)
(4733, 6373)
(4734, 6373)
(4735, 6373)
(4736, 6373)
(4737, 6373)
(4738, 6373)
(4739, 6373)
(4740, 6373)
(4741, 6373)
(4742, 6373)
(4743, 6373)
(4744, 6373)
(4745, 6373)
(4746, 6373)
(4747, 6373)
(4748, 6373)
(4749, 6373)
(4750, 6373)
(4751, 6373)
(4752, 6373)
(4753, 6373)
(4754, 6373)
(4755, 6373)
(4756, 6373)
(4757, 6373)
(4758, 6373)
(4759, 6373)
(4760, 6373)
(4761, 6373)
(4762, 6373)
(4763, 6373)
(4764, 6373)
(4765, 6373)
(4766, 6373)
(4767, 6373)
(4768, 6373)
(4769, 6373)
(4770, 6373)
(4771, 6373)
(4772, 6373)
(4773, 6373)
(4774, 6373)
(4775, 6373)
(4776, 6373)
(4777, 6373)
(4778, 6373)
(4779, 6373)
(4780, 6373)
(4781, 6373)
(4782, 6373)
(4783, 6373)
(4784, 6373)
(4785, 6373)
(4786, 6373)
(4787, 6373)
(4788, 6373)
(4789, 6373)
(4790, 6373)
(4791, 6373)
(4792, 6373)
(4793, 6373)
(4794, 6373)
(4795, 6373)
(4796, 6373)
(4797, 6373)
(4798, 6373)
(4799, 6373)
(4800, 6373)
(4801, 6373)
(4802, 6373)
(4803, 6373)
(4804, 6373)
(4805, 6373)
(4806, 6373)
(4807, 6373)
(4808, 6373)
(4809, 6373)
(4810, 6373)
(4811, 6373)
(4812, 6373)
(4813, 6373)
(4814, 6373)
(4815, 6373)
(4816, 6373)
(4817, 6373)
(4818, 6373)
(4819, 6373)
(4820, 6373)
(4821, 6373)
(4822, 6373)
(4823, 6373)
(4824, 6373)
(4825, 6373)
(4826, 6373)
(4827, 6373)
(4828, 6373)
(4829, 6373)
(4830, 6373)
(4831, 6373)
(4832, 6373)
(4833, 6373)
(4834, 6373)
(4835, 6373)
(4836, 6373)
(4837, 6373)
(4838, 6373)
(4839, 6373)
(4840, 6373)
(4841, 6373)
(4842, 6373)
(4843, 6373)
(4844, 6373)
(4845, 6373)
(4846, 6373)
(4847, 6373)
(4848, 6373)
(4849, 6373)
(4850, 6373)
(4851, 6373)
(4852, 6373)
(4853, 6373)
(4854, 6373)
(4855, 6373)
(4856, 6373)
(4857, 6373)
(4858, 6373)
(4859, 6373)
(4860, 6373)
(4861, 6373)
(4862, 6373)
(4863, 6373)
(4864, 6373)
(4865, 6373)
(4866, 6373)
(4867, 6373)
(4868, 6373)
(4869, 6373)
(4870, 6373)
(4871, 6373)
(4872, 6373)
(4873, 6373)
(4874, 6373)
(4875, 6373)
(4876, 6373)
(4877, 6373)
(4878, 6373)
(4879, 6373)
(4880, 6373)
(4881, 6373)
(4882, 6373)
(4883, 6373)
(4884, 6373)
(4885, 6373)
(4886, 6373)
(4887, 6373)
(4888, 6373)
(4889, 6373)
(4890, 6373)
(4891, 6373)
(4892, 6373)
(4893, 6373)
(4894, 6373)
(4895, 6373)
(4896, 6373)
(4897, 6373)
(4898, 6373)
(4899, 6373)
(4900, 6373)
(4901, 6373)
(4902, 6373)
(4903, 6373)
(4904, 6373)
(4905, 6373)
(4906, 6373)
(4907, 6373)
(4908, 6373)
(4909, 6373)
(4910, 6373)
(4911, 6373)
(4912, 6373)
(4913, 6373)
(4914, 6373)
(4915, 6373)
(4916, 6373)
(4917, 6373)
(4918, 6373)
(4919, 6373)
(4920, 6373)
(4921, 6373)
(4922, 6373)
(4923, 6373)
(4924, 6373)
(4925, 6373)
(4926, 6373)
(4927, 6373)
(4928, 6373)
(4929, 6373)
(4930, 6373)
(4931, 6373)
(4932, 6373)
(4933, 6373)
(4934, 6373)
(4935, 6373)
(4936, 6373)
(4937, 6373)
(4938, 6373)
(4939, 6373)
(4940, 6373)
(4941, 6373)
(4942, 6373)
(4943, 6373)
(4944, 6373)
(4945, 6373)
(4946, 6373)
(4947, 6373)
(4948, 6373)
(4949, 6373)
(4950, 6373)
(4951, 6373)
(4952, 6373)
(4953, 6373)
(4954, 6373)
(4955, 6373)
(4956, 6373)
(4957, 6373)
(4958, 6373)
(4959, 6373)
(4960, 6373)
(4961, 6373)
(4962, 6373)
(4963, 6373)
(4964, 6373)
(4965, 6373)
(4966, 6373)
(4967, 6373)
(4968, 6373)
(4969, 6373)
(4970, 6373)
(4971, 6373)
(4972, 6373)
(4973, 6373)
(4974, 6373)
(4975, 6373)
(4976, 6373)
(4977, 6373)
(4978, 6373)
(4979, 6373)
(4980, 6373)
(4981, 6373)
(4982, 6373)
(4983, 6373)
(4984, 6373)
(4985, 6373)
(4986, 6373)
(4987, 6373)
(4988, 6373)
(4989, 6373)
(4990, 6373)
(4991, 6373)
(4992, 6373)
(4993, 6373)
(4994, 6373)
(4995, 6373)
(4996, 6373)
(4997, 6373)
(4998, 6373)
(4999, 6373)
(5000, 6373)
(5001, 6373)
(5002, 6373)
(5003, 6373)
(5004, 6373)
(5005, 6373)
(5006, 6373)
(5007, 6373)
(5008, 6373)
(5009, 6373)
(5010, 6373)
(5011, 6373)
(5012, 6373)
(5013, 6373)
(5014, 6373)
(5015, 6373)
(5016, 6373)
(5017, 6373)
(5018, 6373)
(5019, 6373)
(5020, 6373)
(5021, 6373)
(5022, 6373)
(5023, 6373)
(5024, 6373)
(5025, 6373)
(5026, 6373)
(5027, 6373)
(5028, 6373)
(5029, 6373)
(5030, 6373)
(5031, 6373)
(5032, 6373)
(5033, 6373)
(5034, 6373)
(5035, 6373)
(5036, 6373)
(5037, 6373)
(5038, 6373)
(5039, 6373)
(5040, 6373)
(5041, 6373)
(5042, 6373)
(5043, 6373)
(5044, 6373)
(5045, 6373)
(5046, 6373)
(5047, 6373)
(5048, 6373)
(5049, 6373)
(5050, 6373)
(5051, 6373)
(5052, 6373)
(5053, 6373)
(5054, 6373)
(5055, 6373)
(5056, 6373)
(5057, 6373)
(5058, 6373)
(5059, 6373)
(5060, 6373)
(5061, 6373)
(5062, 6373)
(5063, 6373)
(5064, 6373)
(5065, 6373)
(5066, 6373)
(5067, 6373)
(5068, 6373)
(5069, 6373)
(5070, 6373)
(5071, 6373)
(5072, 6373)
(5073, 6373)
(5074, 6373)
(5075, 6373)
(5076, 6373)
(5077, 6373)
(5078, 6373)
(5079, 6373)
(5080, 6373)
(5081, 6373)
(5082, 6373)
(5083, 6373)
(5084, 6373)
(5085, 6373)
(5086, 6373)
(5087, 6373)
(5088, 6373)
(5089, 6373)
(5090, 6373)
(5091, 6373)
(5092, 6373)
(5093, 6373)
(5094, 6373)
(5095, 6373)
(5096, 6373)
(5097, 6373)
(5098, 6373)
(5099, 6373)
(5100, 6373)
(5101, 6373)
(5102, 6373)
(5103, 6373)
(5104, 6373)
(5105, 6373)
(5106, 6373)
(5107, 6373)
(5108, 6373)
(5109, 6373)
(5110, 6373)
(5111, 6373)
(5112, 6373)
(5113, 6373)
(5114, 6373)
(5115, 6373)
(5116, 6373)
(5117, 6373)
(5118, 6373)
(5119, 6373)
(5120, 6373)
(5121, 6373)
(5122, 6373)
(5123, 6373)
(5124, 6373)
(5125, 6373)
(5126, 6373)
(5127, 6373)
(5128, 6373)
(5129, 6373)
(5130, 6373)
(5131, 6373)
(5132, 6373)
(5133, 6373)
(5134, 6373)
(5135, 6373)
(5136, 6373)
(5137, 6373)
(5138, 6373)
(5139, 6373)
(5140, 6373)
(5141, 6373)
(5142, 6373)
(5143, 6373)
(5144, 6373)
(5145, 6373)
(5146, 6373)
(5147, 6373)
(5148, 6373)
(5149, 6373)
(5150, 6373)
(5151, 6373)
(5152, 6373)
(5153, 6373)
(5154, 6373)
(5155, 6373)
(5156, 6373)
(5157, 6373)
(5158, 6373)
(5159, 6373)
(5160, 6373)
(5161, 6373)
(5162, 6373)
(5163, 6373)
(5164, 6373)
(5165, 6373)
(5166, 6373)
(5167, 6373)
(5168, 6373)
(5169, 6373)
(5170, 6373)
(5171, 6373)
(5172, 6373)
(5173, 6373)
(5174, 6373)
(5175, 6373)
(5176, 6373)
(5177, 6373)
(5178, 6373)
(5179, 6373)
(5180, 6373)
(5181, 6373)
(5182, 6373)
(5183, 6373)
(5184, 6373)
(5185, 6373)
(5186, 6373)
(5187, 6373)
(5188, 6373)
(5189, 6373)
(5190, 6373)
(5191, 6373)
(5192, 6373)
(5193, 6373)
(5194, 6373)
(5195, 6373)
(5196, 6373)
(5197, 6373)
(5198, 6373)
(5199, 6373)
(5200, 6373)
(5201, 6373)
(5202, 6373)
(5203, 6373)
(5204, 6373)
(5205, 6373)
(5206, 6373)
(5207, 6373)
(5208, 6373)
(5209, 6373)
(5210, 6373)
(5211, 6373)
(5212, 6373)
(5213, 6373)
(5214, 6373)
(5215, 6373)
(5216, 6373)
(5217, 6373)
(5218, 6373)
(5219, 6373)
(5220, 6373)
(5221, 6373)
(5222, 6373)
(5223, 6373)
(5224, 6373)
(5225, 6373)
(5226, 6373)
(5227, 6373)
(5228, 6373)
(5229, 6373)
(5230, 6373)
(5231, 6373)
(5232, 6373)
(5233, 6373)
(5234, 6373)
(5235, 6373)
(5236, 6373)
(5237, 6373)
(5238, 6373)
(5239, 6373)
(5240, 6373)
(5241, 6373)
(5242, 6373)
(5243, 6373)
(5244, 6373)
(5245, 6373)
(5246, 6373)
(5247, 6373)
(5248, 6373)
(5249, 6373)
(5250, 6373)
(5251, 6373)
(5252, 6373)
(5253, 6373)
(5254, 6373)
(5255, 6373)
(5256, 6373)
(5257, 6373)
(5258, 6373)
(5259, 6373)
(5260, 6373)
(5261, 6373)
(5262, 6373)
(5263, 6373)
(5264, 6373)
(5265, 6373)
(5266, 6373)
(5267, 6373)
(5268, 6373)
(5269, 6373)
(5270, 6373)
(5271, 6373)
(5272, 6373)
(5273, 6373)
(5274, 6373)
(5275, 6373)
(5276, 6373)
(5277, 6373)
(5278, 6373)
(5279, 6373)
(5280, 6373)
(5281, 6373)
(5282, 6373)
(5283, 6373)
(5284, 6373)
(5285, 6373)
(5286, 6373)
(5287, 6373)
(5288, 6373)
(5289, 6373)
(5290, 6373)
(5291, 6373)
(5292, 6373)
(5293, 6373)
(5294, 6373)
(5295, 6373)
(5296, 6373)
(5297, 6373)
(5298, 6373)
(5299, 6373)
(5300, 6373)
(5301, 6373)
(5302, 6373)
(5303, 6373)
(5304, 6373)
(5305, 6373)
(5306, 6373)
(5307, 6373)
(5308, 6373)
(5309, 6373)
(5310, 6373)
(5311, 6373)
(5312, 6373)
(5313, 6373)
(5314, 6373)
(5315, 6373)
(5316, 6373)
(5317, 6373)
(5318, 6373)
(5319, 6373)
(5320, 6373)
(5321, 6373)
(5322, 6373)
(5323, 6373)
(5324, 6373)
(5325, 6373)
(5326, 6373)
(5327, 6373)
(5328, 6373)
(5329, 6373)
(5330, 6373)
(5331, 6373)
(5332, 6373)
(5333, 6373)
(5334, 6373)
(5335, 6373)
(5336, 6373)
(5337, 6373)
(5338, 6373)
(5339, 6373)
(5340, 6373)
(5341, 6373)
(5342, 6373)
(5343, 6373)
(5344, 6373)
(5345, 6373)
(5346, 6373)
(5347, 6373)
(5348, 6373)
(5349, 6373)
(5350, 6373)
(5351, 6373)
(5352, 6373)
(5353, 6373)
(5354, 6373)
(5355, 6373)
(5356, 6373)
(5357, 6373)
(5358, 6373)
(5359, 6373)
(5360, 6373)
(5361, 6373)
(5362, 6373)
(5363, 6373)
(5364, 6373)
(5365, 6373)
(5366, 6373)
(5367, 6373)
(5368, 6373)
(5369, 6373)
(5370, 6373)
(5371, 6373)
(5372, 6373)
(5373, 6373)
(5374, 6373)
(5375, 6373)
(5376, 6373)
(5377, 6373)
(5378, 6373)
(5379, 6373)
(5380, 6373)
(5381, 6373)
(5382, 6373)
(5383, 6373)
(5384, 6373)
(5385, 6373)
(5386, 6373)
(5387, 6373)
(5388, 6373)
(5389, 6373)
(5390, 6373)
(5391, 6373)
(5392, 6373)
(5393, 6373)
(5394, 6373)
(5395, 6373)
(5396, 6373)
(5397, 6373)
(5398, 6373)
(5399, 6373)
(5400, 6373)
(5401, 6373)
(5402, 6373)
(5403, 6373)
(5404, 6373)
(5405, 6373)
(5406, 6373)
(5407, 6373)
(5408, 6373)
(5409, 6373)
(5410, 6373)
(5411, 6373)
(5412, 6373)
(5413, 6373)
(5414, 6373)
(5415, 6373)
(5416, 6373)
(5417, 6373)
(5418, 6373)
(5419, 6373)
(5420, 6373)
(5421, 6373)
(5422, 6373)
(5423, 6373)
(5424, 6373)
(5425, 6373)
(5426, 6373)
(5427, 6373)
(5428, 6373)
(5429, 6373)
(5430, 6373)
(5431, 6373)
(5432, 6373)
(5433, 6373)
(5434, 6373)
(5435, 6373)
(5436, 6373)
(5437, 6373)
(5438, 6373)
(5439, 6373)
(5440, 6373)
(5441, 6373)
(5442, 6373)
(5443, 6373)
(5444, 6373)
(5445, 6373)
(5446, 6373)
(5447, 6373)
(5448, 6373)
(5449, 6373)
(5450, 6373)
(5451, 6373)
(5452, 6373)
(5453, 6373)
(5454, 6373)
(5455, 6373)
(5456, 6373)
(5457, 6373)
(5458, 6373)
(5459, 6373)
(5460, 6373)
(5461, 6373)
(5462, 6373)
(5463, 6373)
(5464, 6373)
(5465, 6373)
(5466, 6373)
(5467, 6373)
(5468, 6373)
(5469, 6373)
(5470, 6373)
(5471, 6373)
(5472, 6373)
(5473, 6373)
(5474, 6373)
(5475, 6373)
(5476, 6373)
(5477, 6373)
(5478, 6373)
(5479, 6373)
(5480, 6373)
(5481, 6373)
(5482, 6373)
(5483, 6373)
(5484, 6373)
(5485, 6373)
(5486, 6373)
(5487, 6373)
(5488, 6373)
(5489, 6373)
(5490, 6373)
(5491, 6373)
(5492, 6373)
(5493, 6373)
(5494, 6373)
(5495, 6373)
(5496, 6373)
(5497, 6373)
(5498, 6373)
(5499, 6373)
(5500, 6373)
(5501, 6373)
(5502, 6373)
(5503, 6373)
(5504, 6373)
(5505, 6373)
(5506, 6373)
(5507, 6373)
(5508, 6373)
(5509, 6373)
(5510, 6373)
(5511, 6373)
(5512, 6373)
(5513, 6373)
(5514, 6373)
(5515, 6373)
(5516, 6373)
(5517, 6373)
(5518, 6373)
(5519, 6373)
(5520, 6373)
(5521, 6373)
(5522, 6373)
(5523, 6373)
(5524, 6373)
(5525, 6373)
(5526, 6373)
(5527, 6373)
(5528, 6373)
(5529, 6373)
(5530, 6373)
(5531, 6373)
(5532, 6373)
(5533, 6373)
(5534, 6373)
(5535, 6373)
(5536, 6373)
(5537, 6373)
(5538, 6373)
(5539, 6373)
(5540, 6373)
(5541, 6373)
(5542, 6373)
(5543, 6373)
(5544, 6373)
(5545, 6373)
(5546, 6373)
(5547, 6373)
(5548, 6373)
(5549, 6373)
(5550, 6373)
(5551, 6373)
(5552, 6373)
(5553, 6373)
(5554, 6373)
(5555, 6373)
(5556, 6373)
(5557, 6373)
(5558, 6373)
(5559, 6373)
(5560, 6373)
(5561, 6373)
(5562, 6373)
(5563, 6373)
(5564, 6373)
(5565, 6373)
(5566, 6373)
(5567, 6373)
(5568, 6373)
(5569, 6373)
(5570, 6373)
(5571, 6373)
(5572, 6373)
(5573, 6373)
(5574, 6373)
(5575, 6373)
(5576, 6373)
(5577, 6373)
(5578, 6373)
(5579, 6373)
(5580, 6373)
(5581, 6373)
(5582, 6373)
(5583, 6373)
(5584, 6373)
(5585, 6373)
(5586, 6373)
(5587, 6373)
(5588, 6373)
(5589, 6373)
(5590, 6373)
(5591, 6373)
(5592, 6373)
(5593, 6373)
(5594, 6373)
(5595, 6373)
(5596, 6373)
(5597, 6373)
(5598, 6373)
(5599, 6373)
(5600, 6373)
(5601, 6373)
(5602, 6373)
(5603, 6373)
(5604, 6373)
(5605, 6373)
(5606, 6373)
(5607, 6373)
(5608, 6373)
(5609, 6373)
(5610, 6373)
(5611, 6373)
(5612, 6373)
(5613, 6373)
(5614, 6373)
(5615, 6373)
(5616, 6373)
(5617, 6373)
(5618, 6373)
(5619, 6373)
(5620, 6373)
(5621, 6373)
(5622, 6373)
(5623, 6373)
(5624, 6373)
(5625, 6373)
(5626, 6373)
(5627, 6373)
(5628, 6373)
(5629, 6373)
(5630, 6373)
(5631, 6373)
(5632, 6373)
(5633, 6373)
(5634, 6373)
(5635, 6373)
(5636, 6373)
(5637, 6373)
(5638, 6373)
(5639, 6373)
(5640, 6373)
(5641, 6373)
(5642, 6373)
(5643, 6373)
(5644, 6373)
(5645, 6373)
(5646, 6373)
(5647, 6373)
(5648, 6373)
(5649, 6373)
(5650, 6373)
(5651, 6373)
(5652, 6373)
(5653, 6373)
(5654, 6373)
(5655, 6373)
(5656, 6373)
(5657, 6373)
(5658, 6373)
(5659, 6373)
(5660, 6373)
(5661, 6373)
(5662, 6373)
(5663, 6373)
(5664, 6373)
(5665, 6373)
(5666, 6373)
(5667, 6373)
(5668, 6373)
(5669, 6373)
(5670, 6373)
(5671, 6373)
(5672, 6373)
(5673, 6373)
(5674, 6373)
(5675, 6373)
(5676, 6373)
(5677, 6373)
(5678, 6373)
(5679, 6373)
(5680, 6373)
(5681, 6373)
(5682, 6373)
(5683, 6373)
(5684, 6373)
(5685, 6373)
(5686, 6373)
(5687, 6373)
(5688, 6373)
(5689, 6373)
(5690, 6373)
(5691, 6373)
(5692, 6373)
(5693, 6373)
(5694, 6373)
(5695, 6373)
(5696, 6373)
(5697, 6373)
(5698, 6373)
(5699, 6373)
(5700, 6373)
(5701, 6373)
(5702, 6373)
(5703, 6373)
(5704, 6373)
(5705, 6373)
(5706, 6373)
(5707, 6373)
(5708, 6373)
(5709, 6373)
(5710, 6373)
(5711, 6373)
(5712, 6373)
(5713, 6373)
(5714, 6373)
(5715, 6373)
(5716, 6373)
(5717, 6373)
(5718, 6373)
(5719, 6373)
(5720, 6373)
(5721, 6373)
(5722, 6373)
(5723, 6373)
(5724, 6373)
(5725, 6373)
(5726, 6373)
(5727, 6373)
(5728, 6373)
(5729, 6373)
(5730, 6373)
(5731, 6373)
(5732, 6373)
(5733, 6373)
(5734, 6373)
(5735, 6373)
(5736, 6373)
(5737, 6373)
(5738, 6373)
(5739, 6373)
(5740, 6373)
(5741, 6373)
(5742, 6373)
(5743, 6373)
(5744, 6373)
(5745, 6373)
(5746, 6373)
(5747, 6373)
(5748, 6373)
(5749, 6373)
(5750, 6373)
(5751, 6373)
(5752, 6373)
(5753, 6373)
(5754, 6373)
(5755, 6373)
(5756, 6373)
(5757, 6373)
(5758, 6373)
(5759, 6373)
(5760, 6373)
(5761, 6373)
(5762, 6373)
(5763, 6373)
(5764, 6373)
(5765, 6373)
(5766, 6373)
(5767, 6373)
(5768, 6373)
(5769, 6373)
(5770, 6373)
(5771, 6373)
(5772, 6373)
(5773, 6373)
(5774, 6373)
(5775, 6373)
(5776, 6373)
(5777, 6373)
(5778, 6373)
(5779, 6373)
(5780, 6373)
(5781, 6373)
(5782, 6373)
(5783, 6373)
(5784, 6373)
(5785, 6373)
(5786, 6373)
(5787, 6373)
(5788, 6373)
(5789, 6373)
(5790, 6373)
(5791, 6373)
(5792, 6373)
(5793, 6373)
(5794, 6373)
(5795, 6373)
(5796, 6373)
(5797, 6373)
(5798, 6373)
(5799, 6373)
(5800, 6373)
(5801, 6373)
(5802, 6373)
(5803, 6373)
(5804, 6373)
(5805, 6373)
(5806, 6373)
(5807, 6373)
(5808, 6373)
(5809, 6373)
(5810, 6373)
(5811, 6373)
(5812, 6373)
(5812, 6376)
      audspec_lengthL1norm_sma_range  ...  label
0                           1.444153  ...      I
1                           1.514675  ...      I
2                           1.283183  ...      I
3                           1.254922  ...      I
4                           1.445640  ...      I
...                              ...  ...    ...
5807                        1.209464  ...      N
5808                        1.603325  ...      I
5809                        1.176776  ...      N
5810                        1.633887  ...      N
5811                        1.745605  ...      N

[5812 rows x 6376 columns]
